#Software: Microsoft Internet Information Services 10.0
#Version: 1.0
#Date: 2019-11-27 17:29:15
#Fields: date time s-ip cs-method cs-uri-stem cs-uri-query s-port cs-username c-ip cs(User-Agent) cs(Referer) sc-status sc-substatus sc-win32-status time-taken
2019-11-27 17:29:15 127.0.0.1 GET / - 8085 - 127.0.0.1 Mozilla/5.0+(Windows+NT+6.1;+WOW64)+AppleWebKit/536.6+(KHTML,+like+Gecko)+Chrome/20.0.1092.0+Safari/536.6 - 200 0 0 13735
2019-11-27 17:29:15 ::1 GET / - 8085 - ::1 Mozilla/5.0+(Windows+NT+10.0;+Win64;+x64;+rv:70.0)+Gecko/20100101+Firefox/70.0 - 200 0 0 4174
2019-11-27 17:29:15 ::1 GET /styles/pages/.global_login.css - 8085 - ::1 Mozilla/5.0+(Windows+NT+10.0;+Win64;+x64;+rv:70.0)+Gecko/20100101+Firefox/70.0 http://localhost:8085/ 200 0 0 4
2019-11-27 17:29:15 ::1 GET /styles/default.css - 8085 - ::1 Mozilla/5.0+(Windows+NT+10.0;+Win64;+x64;+rv:70.0)+Gecko/20100101+Firefox/70.0 http://localhost:8085/ 200 0 0 185
2019-11-27 17:29:15 ::1 GET /include/lang/English.js - 8085 - ::1 Mozilla/5.0+(Windows+NT+10.0;+Win64;+x64;+rv:70.0)+Gecko/20100101+Firefox/70.0 http://localhost:8085/ 200 0 0 79
2019-11-27 17:29:15 ::1 GET /include/jquery-ui/smoothness/jquery-ui.min.css - 8085 - ::1 Mozilla/5.0+(Windows+NT+10.0;+Win64;+x64;+rv:70.0)+Gecko/20100101+Firefox/70.0 http://localhost:8085/ 200 0 0 263
2019-11-27 17:29:15 ::1 GET /styles/font-awesome/css/font-awesome.min.css - 8085 - ::1 Mozilla/5.0+(Windows+NT+10.0;+Win64;+x64;+rv:70.0)+Gecko/20100101+Firefox/70.0 http://localhost:8085/ 200 0 0 265
2019-11-27 17:29:15 ::1 GET /styles/bootstrap/default/small/style.css - 8085 - ::1 Mozilla/5.0+(Windows+NT+10.0;+Win64;+x64;+rv:70.0)+Gecko/20100101+Firefox/70.0 http://localhost:8085/ 200 0 0 273
2019-11-27 17:29:15 ::1 GET /include/bootstrap/css/jquery.mCustomScrollbar.css - 8085 - ::1 Mozilla/5.0+(Windows+NT+10.0;+Win64;+x64;+rv:70.0)+Gecko/20100101+Firefox/70.0 http://localhost:8085/ 200 0 0 276
2019-11-27 17:29:15 ::1 GET /include/loadfirst.js - 8085 - ::1 Mozilla/5.0+(Windows+NT+10.0;+Win64;+x64;+rv:70.0)+Gecko/20100101+Firefox/70.0 http://localhost:8085/ 200 0 0 659
2019-11-27 17:29:15 ::1 GET /include/runnerJS/RunnerAll.js - 8085 - ::1 Mozilla/5.0+(Windows+NT+10.0;+Win64;+x64;+rv:70.0)+Gecko/20100101+Firefox/70.0 http://localhost:8085/ 200 0 0 507
2019-11-27 17:29:15 ::1 GET /include/runnerJS/events/globalevents.js - 8085 - ::1 Mozilla/5.0+(Windows+NT+10.0;+Win64;+x64;+rv:70.0)+Gecko/20100101+Firefox/70.0 http://localhost:8085/ 200 0 0 4
2019-11-27 17:29:15 ::1 GET /include/ajaxsuggest.js - 8085 - ::1 Mozilla/5.0+(Windows+NT+10.0;+Win64;+x64;+rv:70.0)+Gecko/20100101+Firefox/70.0 http://localhost:8085/ 200 0 0 22
2019-11-27 17:29:15 ::1 GET /favicon.ico - 8085 - ::1 Mozilla/5.0+(Windows+NT+10.0;+Win64;+x64;+rv:70.0)+Gecko/20100101+Firefox/70.0 - 404 0 2 7
2019-11-27 17:29:35 ::1 POST /login - 8085 - ::1 Mozilla/5.0+(Windows+NT+10.0;+Win64;+x64;+rv:70.0)+Gecko/20100101+Firefox/70.0 http://localhost:8085/ 200 0 0 679
2019-11-27 17:29:35 ::1 GET /include/lang/English.js - 8085 - ::1 Mozilla/5.0+(Windows+NT+10.0;+Win64;+x64;+rv:70.0)+Gecko/20100101+Firefox/70.0 http://localhost:8085/login 304 0 0 2
2019-11-27 17:29:35 ::1 GET /include/loadfirst.js - 8085 - ::1 Mozilla/5.0+(Windows+NT+10.0;+Win64;+x64;+rv:70.0)+Gecko/20100101+Firefox/70.0 http://localhost:8085/login 304 0 0 3
2019-11-27 17:29:35 ::1 GET /include/runnerJS/RunnerAll.js - 8085 - ::1 Mozilla/5.0+(Windows+NT+10.0;+Win64;+x64;+rv:70.0)+Gecko/20100101+Firefox/70.0 http://localhost:8085/login 304 0 0 3
2019-11-27 17:29:35 ::1 GET /styles/pages/.global_login.css - 8085 - ::1 Mozilla/5.0+(Windows+NT+10.0;+Win64;+x64;+rv:70.0)+Gecko/20100101+Firefox/70.0 http://localhost:8085/login 200 0 0 1
2019-11-27 17:29:35 ::1 GET /styles/font-awesome/css/font-awesome.min.css - 8085 - ::1 Mozilla/5.0+(Windows+NT+10.0;+Win64;+x64;+rv:70.0)+Gecko/20100101+Firefox/70.0 http://localhost:8085/login 200 0 64 6
2019-11-27 17:29:35 ::1 GET /styles/default.css - 8085 - ::1 Mozilla/5.0+(Windows+NT+10.0;+Win64;+x64;+rv:70.0)+Gecko/20100101+Firefox/70.0 http://localhost:8085/login 200 0 64 8
2019-11-27 17:29:35 ::1 GET /include/jquery-ui/smoothness/jquery-ui.min.css - 8085 - ::1 Mozilla/5.0+(Windows+NT+10.0;+Win64;+x64;+rv:70.0)+Gecko/20100101+Firefox/70.0 http://localhost:8085/login 200 0 64 4
2019-11-27 17:29:35 ::1 GET /include/bootstrap/css/jquery.mCustomScrollbar.css - 8085 - ::1 Mozilla/5.0+(Windows+NT+10.0;+Win64;+x64;+rv:70.0)+Gecko/20100101+Firefox/70.0 http://localhost:8085/login 200 0 64 44
2019-11-27 17:29:35 ::1 GET /styles/bootstrap/default/small/style.css - 8085 - ::1 Mozilla/5.0+(Windows+NT+10.0;+Win64;+x64;+rv:70.0)+Gecko/20100101+Firefox/70.0 http://localhost:8085/login 200 0 0 106
2019-11-27 17:29:35 ::1 GET /include/runnerJS/events/globalevents.js - 8085 - ::1 Mozilla/5.0+(Windows+NT+10.0;+Win64;+x64;+rv:70.0)+Gecko/20100101+Firefox/70.0 http://localhost:8085/login 304 0 0 3
2019-11-27 17:29:35 ::1 GET /include/ajaxsuggest.js - 8085 - ::1 Mozilla/5.0+(Windows+NT+10.0;+Win64;+x64;+rv:70.0)+Gecko/20100101+Firefox/70.0 http://localhost:8085/login 304 0 0 3
2019-11-27 17:29:35 ::1 GET /favicon.ico - 8085 - ::1 Mozilla/5.0+(Windows+NT+10.0;+Win64;+x64;+rv:70.0)+Gecko/20100101+Firefox/70.0 - 404 0 64 4
2019-11-27 17:29:40 ::1 POST /login - 8085 - ::1 Mozilla/5.0+(Windows+NT+10.0;+Win64;+x64;+rv:70.0)+Gecko/20100101+Firefox/70.0 http://localhost:8085/login 302 0 0 170
2019-11-27 17:29:42 ::1 GET /menu - 8085 - ::1 Mozilla/5.0+(Windows+NT+10.0;+Win64;+x64;+rv:70.0)+Gecko/20100101+Firefox/70.0 http://localhost:8085/login 200 0 0 2392
2019-11-27 17:29:42 ::1 GET /styles/pages/.global_menu.css - 8085 - ::1 Mozilla/5.0+(Windows+NT+10.0;+Win64;+x64;+rv:70.0)+Gecko/20100101+Firefox/70.0 http://localhost:8085/menu 200 0 0 3
2019-11-27 17:29:42 ::1 GET /include/lang/English.js - 8085 - ::1 Mozilla/5.0+(Windows+NT+10.0;+Win64;+x64;+rv:70.0)+Gecko/20100101+Firefox/70.0 http://localhost:8085/menu 200 0 0 264
2019-11-27 17:29:42 ::1 GET /styles/bootstrap/default/small/style.css - 8085 - ::1 Mozilla/5.0+(Windows+NT+10.0;+Win64;+x64;+rv:70.0)+Gecko/20100101+Firefox/70.0 http://localhost:8085/menu 200 0 0 350
2019-11-27 17:29:42 ::1 GET /include/loadfirst.js - 8085 - ::1 Mozilla/5.0+(Windows+NT+10.0;+Win64;+x64;+rv:70.0)+Gecko/20100101+Firefox/70.0 http://localhost:8085/menu 200 0 0 760
2019-11-27 17:29:43 ::1 GET /include/runnerJS/RunnerAll.js - 8085 - ::1 Mozilla/5.0+(Windows+NT+10.0;+Win64;+x64;+rv:70.0)+Gecko/20100101+Firefox/70.0 http://localhost:8085/menu 200 0 0 926
2019-11-27 17:29:43 ::1 GET /styles/bootstrap/fonts/glyphicons-halflings-regular.woff2 - 8085 - ::1 Mozilla/5.0+(Windows+NT+10.0;+Win64;+x64;+rv:70.0)+Gecko/20100101+Firefox/70.0 http://localhost:8085/styles/bootstrap/default/small/style.css 404 3 50 26
2019-11-27 17:29:43 ::1 GET /styles/bootstrap/fonts/glyphicons-halflings-regular.woff - 8085 - ::1 Mozilla/5.0+(Windows+NT+10.0;+Win64;+x64;+rv:70.0)+Gecko/20100101+Firefox/70.0 http://localhost:8085/styles/bootstrap/default/small/style.css 200 0 0 27
2019-11-27 17:29:43 ::1 GET /include/runnerJS/events/globalevents.js - 8085 - ::1 Mozilla/5.0+(Windows+NT+10.0;+Win64;+x64;+rv:70.0)+Gecko/20100101+Firefox/70.0 http://localhost:8085/menu 304 0 0 1
2019-11-27 17:29:43 ::1 GET /favicon.ico - 8085 - ::1 Mozilla/5.0+(Windows+NT+10.0;+Win64;+x64;+rv:70.0)+Gecko/20100101+Firefox/70.0 - 404 0 64 3
2019-11-27 17:29:53 ::1 GET /dbo_Permisos2/list - 8085 - ::1 Mozilla/5.0+(Windows+NT+10.0;+Win64;+x64;+rv:70.0)+Gecko/20100101+Firefox/70.0 http://localhost:8085/menu 200 0 0 4413
2019-11-27 17:29:53 ::1 GET /include/lang/English.js - 8085 - ::1 Mozilla/5.0+(Windows+NT+10.0;+Win64;+x64;+rv:70.0)+Gecko/20100101+Firefox/70.0 http://localhost:8085/dbo_Permisos2/list 304 0 0 1
2019-11-27 17:29:53 ::1 GET /include/loadfirst.js - 8085 - ::1 Mozilla/5.0+(Windows+NT+10.0;+Win64;+x64;+rv:70.0)+Gecko/20100101+Firefox/70.0 http://localhost:8085/dbo_Permisos2/list 304 0 0 2
2019-11-27 17:29:53 ::1 GET /include/runnerJS/RunnerAll.js - 8085 - ::1 Mozilla/5.0+(Windows+NT+10.0;+Win64;+x64;+rv:70.0)+Gecko/20100101+Firefox/70.0 http://localhost:8085/dbo_Permisos2/list 304 0 0 1
2019-11-27 17:29:53 ::1 GET /styles/bootstrap/default/small/style.css - 8085 - ::1 Mozilla/5.0+(Windows+NT+10.0;+Win64;+x64;+rv:70.0)+Gecko/20100101+Firefox/70.0 http://localhost:8085/dbo_Permisos2/list 304 0 0 1
2019-11-27 17:29:53 ::1 GET /styles/pages/dbo_Permisos2_list.css - 8085 - ::1 Mozilla/5.0+(Windows+NT+10.0;+Win64;+x64;+rv:70.0)+Gecko/20100101+Firefox/70.0 http://localhost:8085/dbo_Permisos2/list 200 0 0 15
2019-11-27 17:29:53 ::1 GET /include/bootstrap/css/bootstrap-datetimepicker.min.css - 8085 - ::1 Mozilla/5.0+(Windows+NT+10.0;+Win64;+x64;+rv:70.0)+Gecko/20100101+Firefox/70.0 http://localhost:8085/dbo_Permisos2/list 200 0 0 36
2019-11-27 17:29:53 ::1 GET /include/jquery-ui/smoothness/jquery-ui.theme.min.css - 8085 - ::1 Mozilla/5.0+(Windows+NT+10.0;+Win64;+x64;+rv:70.0)+Gecko/20100101+Firefox/70.0 http://localhost:8085/dbo_Permisos2/list 200 0 0 37
2019-11-27 17:29:53 ::1 GET /include/ajaxsuggest.js - 8085 - ::1 Mozilla/5.0+(Windows+NT+10.0;+Win64;+x64;+rv:70.0)+Gecko/20100101+Firefox/70.0 http://localhost:8085/dbo_Permisos2/list 304 0 0 2
2019-11-27 17:29:53 ::1 GET /styles/bootstrap/fonts/glyphicons-halflings-regular.woff2 - 8085 - ::1 Mozilla/5.0+(Windows+NT+10.0;+Win64;+x64;+rv:70.0)+Gecko/20100101+Firefox/70.0 http://localhost:8085/styles/bootstrap/default/small/style.css 404 3 50 3
2019-11-27 17:29:53 ::1 GET /favicon.ico - 8085 - ::1 Mozilla/5.0+(Windows+NT+10.0;+Win64;+x64;+rv:70.0)+Gecko/20100101+Firefox/70.0 - 404 0 64 2
2019-11-27 17:30:08 ::1 GET /dbo_Permisos2/add - 8085 - ::1 Mozilla/5.0+(Windows+NT+10.0;+Win64;+x64;+rv:70.0)+Gecko/20100101+Firefox/70.0 http://localhost:8085/dbo_Permisos2/list 500 0 0 1527
2019-11-27 17:33:47 127.0.0.1 GET / - 8085 - 127.0.0.1 Mozilla/5.0+(Windows+NT+6.1;+WOW64)+AppleWebKit/536.6+(KHTML,+like+Gecko)+Chrome/20.0.1092.0+Safari/536.6 - 200 0 0 9554
2019-11-27 17:33:54 ::1 GET /dbo_Permisos2/add - 8085 - ::1 Mozilla/5.0+(Windows+NT+10.0;+Win64;+x64;+rv:70.0)+Gecko/20100101+Firefox/70.0 http://localhost:8085/dbo_Permisos2/list 302 0 0 464
2019-11-27 17:33:54 ::1 GET /login return=true&message=expired 8085 - ::1 Mozilla/5.0+(Windows+NT+10.0;+Win64;+x64;+rv:70.0)+Gecko/20100101+Firefox/70.0 http://localhost:8085/dbo_Permisos2/list 200 0 0 85
2019-11-27 17:33:54 ::1 GET /styles/font-awesome/css/font-awesome.min.css - 8085 - ::1 Mozilla/5.0+(Windows+NT+10.0;+Win64;+x64;+rv:70.0)+Gecko/20100101+Firefox/70.0 http://localhost:8085/login?return=true&message=expired 304 0 0 105
2019-11-27 17:33:54 ::1 GET /styles/pages/.global_login.css - 8085 - ::1 Mozilla/5.0+(Windows+NT+10.0;+Win64;+x64;+rv:70.0)+Gecko/20100101+Firefox/70.0 http://localhost:8085/login?return=true&message=expired 200 0 0 5
2019-11-27 17:33:54 ::1 GET /include/lang/English.js - 8085 - ::1 Mozilla/5.0+(Windows+NT+10.0;+Win64;+x64;+rv:70.0)+Gecko/20100101+Firefox/70.0 http://localhost:8085/login?return=true&message=expired 200 0 0 116
2019-11-27 17:33:54 ::1 GET /include/jquery-ui/smoothness/jquery-ui.min.css - 8085 - ::1 Mozilla/5.0+(Windows+NT+10.0;+Win64;+x64;+rv:70.0)+Gecko/20100101+Firefox/70.0 http://localhost:8085/login?return=true&message=expired 304 0 0 25
2019-11-27 17:33:54 ::1 GET /styles/default.css - 8085 - ::1 Mozilla/5.0+(Windows+NT+10.0;+Win64;+x64;+rv:70.0)+Gecko/20100101+Firefox/70.0 http://localhost:8085/login?return=true&message=expired 200 0 0 144
2019-11-27 17:33:54 ::1 GET /styles/bootstrap/default/small/style.css - 8085 - ::1 Mozilla/5.0+(Windows+NT+10.0;+Win64;+x64;+rv:70.0)+Gecko/20100101+Firefox/70.0 http://localhost:8085/login?return=true&message=expired 200 0 0 144
2019-11-27 17:33:54 ::1 GET /include/bootstrap/css/jquery.mCustomScrollbar.css - 8085 - ::1 Mozilla/5.0+(Windows+NT+10.0;+Win64;+x64;+rv:70.0)+Gecko/20100101+Firefox/70.0 http://localhost:8085/login?return=true&message=expired 304 0 0 37
2019-11-27 17:33:54 ::1 GET /include/loadfirst.js - 8085 - ::1 Mozilla/5.0+(Windows+NT+10.0;+Win64;+x64;+rv:70.0)+Gecko/20100101+Firefox/70.0 http://localhost:8085/login?return=true&message=expired 200 0 0 267
2019-11-27 17:33:54 ::1 GET /include/runnerJS/RunnerAll.js - 8085 - ::1 Mozilla/5.0+(Windows+NT+10.0;+Win64;+x64;+rv:70.0)+Gecko/20100101+Firefox/70.0 http://localhost:8085/login?return=true&message=expired 200 0 0 338
2019-11-27 17:33:54 ::1 GET /include/runnerJS/events/globalevents.js - 8085 - ::1 Mozilla/5.0+(Windows+NT+10.0;+Win64;+x64;+rv:70.0)+Gecko/20100101+Firefox/70.0 http://localhost:8085/login?return=true&message=expired 200 0 0 4
2019-11-27 17:33:54 ::1 GET /include/ajaxsuggest.js - 8085 - ::1 Mozilla/5.0+(Windows+NT+10.0;+Win64;+x64;+rv:70.0)+Gecko/20100101+Firefox/70.0 http://localhost:8085/login?return=true&message=expired 200 0 0 23
2019-11-27 17:33:54 ::1 GET /favicon.ico - 8085 - ::1 Mozilla/5.0+(Windows+NT+10.0;+Win64;+x64;+rv:70.0)+Gecko/20100101+Firefox/70.0 - 404 0 64 5
2019-11-27 17:34:02 ::1 POST /login - 8085 - ::1 Mozilla/5.0+(Windows+NT+10.0;+Win64;+x64;+rv:70.0)+Gecko/20100101+Firefox/70.0 http://localhost:8085/login?return=true&message=expired 200 0 0 459
2019-11-27 17:34:02 ::1 GET /styles/pages/.global_login.css - 8085 - ::1 Mozilla/5.0+(Windows+NT+10.0;+Win64;+x64;+rv:70.0)+Gecko/20100101+Firefox/70.0 http://localhost:8085/login 304 0 0 2
2019-11-27 17:34:02 ::1 GET /styles/font-awesome/css/font-awesome.min.css - 8085 - ::1 Mozilla/5.0+(Windows+NT+10.0;+Win64;+x64;+rv:70.0)+Gecko/20100101+Firefox/70.0 http://localhost:8085/login 200 0 64 28
2019-11-27 17:34:02 ::1 GET /include/lang/English.js - 8085 - ::1 Mozilla/5.0+(Windows+NT+10.0;+Win64;+x64;+rv:70.0)+Gecko/20100101+Firefox/70.0 http://localhost:8085/login 200 0 0 31
2019-11-27 17:34:02 ::1 GET /styles/default.css - 8085 - ::1 Mozilla/5.0+(Windows+NT+10.0;+Win64;+x64;+rv:70.0)+Gecko/20100101+Firefox/70.0 http://localhost:8085/login 200 0 64 43
2019-11-27 17:34:02 ::1 GET /styles/bootstrap/default/small/style.css - 8085 - ::1 Mozilla/5.0+(Windows+NT+10.0;+Win64;+x64;+rv:70.0)+Gecko/20100101+Firefox/70.0 http://localhost:8085/login 200 0 0 99
2019-11-27 17:34:02 ::1 GET /include/loadfirst.js - 8085 - ::1 Mozilla/5.0+(Windows+NT+10.0;+Win64;+x64;+rv:70.0)+Gecko/20100101+Firefox/70.0 http://localhost:8085/login 200 0 0 164
2019-11-27 17:34:02 ::1 GET /include/runnerJS/RunnerAll.js - 8085 - ::1 Mozilla/5.0+(Windows+NT+10.0;+Win64;+x64;+rv:70.0)+Gecko/20100101+Firefox/70.0 http://localhost:8085/login 200 0 0 204
2019-11-27 17:34:02 ::1 GET /include/runnerJS/events/globalevents.js - 8085 - ::1 Mozilla/5.0+(Windows+NT+10.0;+Win64;+x64;+rv:70.0)+Gecko/20100101+Firefox/70.0 http://localhost:8085/login 304 0 0 3
2019-11-27 17:34:02 ::1 GET /include/ajaxsuggest.js - 8085 - ::1 Mozilla/5.0+(Windows+NT+10.0;+Win64;+x64;+rv:70.0)+Gecko/20100101+Firefox/70.0 http://localhost:8085/login 200 0 0 28
2019-11-27 17:34:06 ::1 POST /login - 8085 - ::1 Mozilla/5.0+(Windows+NT+10.0;+Win64;+x64;+rv:70.0)+Gecko/20100101+Firefox/70.0 http://localhost:8085/login 302 0 0 186
2019-11-27 17:34:09 ::1 GET /dbo_Permisos2/add - 8085 - ::1 Mozilla/5.0+(Windows+NT+10.0;+Win64;+x64;+rv:70.0)+Gecko/20100101+Firefox/70.0 http://localhost:8085/login 500 0 0 3233
2019-11-27 17:34:09 ::1 GET /favicon.ico - 8085 - ::1 Mozilla/5.0+(Windows+NT+10.0;+Win64;+x64;+rv:70.0)+Gecko/20100101+Firefox/70.0 - 404 0 64 2
2019-11-27 17:35:12 127.0.0.1 GET / - 8085 - 127.0.0.1 Mozilla/5.0+(Windows+NT+6.1;+WOW64)+AppleWebKit/536.6+(KHTML,+like+Gecko)+Chrome/20.0.1092.0+Safari/536.6 - 200 0 0 10061
2019-11-27 17:35:12 ::1 GET /dbo_Permisos2/add - 8085 - ::1 Mozilla/5.0+(Windows+NT+10.0;+Win64;+x64;+rv:70.0)+Gecko/20100101+Firefox/70.0 http://localhost:8085/login 302 0 0 433
2019-11-27 17:35:13 ::1 GET /login return=true& 8085 - ::1 Mozilla/5.0+(Windows+NT+10.0;+Win64;+x64;+rv:70.0)+Gecko/20100101+Firefox/70.0 http://localhost:8085/login 200 0 0 59
2019-11-27 17:35:13 ::1 GET /include/lang/English.js - 8085 - ::1 Mozilla/5.0+(Windows+NT+10.0;+Win64;+x64;+rv:70.0)+Gecko/20100101+Firefox/70.0 http://localhost:8085/login?return=true& 200 0 0 22
2019-11-27 17:35:13 ::1 GET /styles/pages/.global_login.css - 8085 - ::1 Mozilla/5.0+(Windows+NT+10.0;+Win64;+x64;+rv:70.0)+Gecko/20100101+Firefox/70.0 http://localhost:8085/login?return=true& 200 0 0 5
2019-11-27 17:35:13 ::1 GET /styles/font-awesome/css/font-awesome.min.css - 8085 - ::1 Mozilla/5.0+(Windows+NT+10.0;+Win64;+x64;+rv:70.0)+Gecko/20100101+Firefox/70.0 http://localhost:8085/login?return=true& 200 0 0 70
2019-11-27 17:35:13 ::1 GET /styles/default.css - 8085 - ::1 Mozilla/5.0+(Windows+NT+10.0;+Win64;+x64;+rv:70.0)+Gecko/20100101+Firefox/70.0 http://localhost:8085/login?return=true& 200 0 0 86
2019-11-27 17:35:13 ::1 GET /include/jquery-ui/smoothness/jquery-ui.min.css - 8085 - ::1 Mozilla/5.0+(Windows+NT+10.0;+Win64;+x64;+rv:70.0)+Gecko/20100101+Firefox/70.0 http://localhost:8085/login?return=true& 200 0 0 59
2019-11-27 17:35:13 ::1 GET /styles/bootstrap/default/small/style.css - 8085 - ::1 Mozilla/5.0+(Windows+NT+10.0;+Win64;+x64;+rv:70.0)+Gecko/20100101+Firefox/70.0 http://localhost:8085/login?return=true& 200 0 0 116
2019-11-27 17:35:13 ::1 GET /include/bootstrap/css/jquery.mCustomScrollbar.css - 8085 - ::1 Mozilla/5.0+(Windows+NT+10.0;+Win64;+x64;+rv:70.0)+Gecko/20100101+Firefox/70.0 http://localhost:8085/login?return=true& 200 0 0 108
2019-11-27 17:35:13 ::1 GET /include/loadfirst.js - 8085 - ::1 Mozilla/5.0+(Windows+NT+10.0;+Win64;+x64;+rv:70.0)+Gecko/20100101+Firefox/70.0 http://localhost:8085/login?return=true& 200 0 0 238
2019-11-27 17:35:13 ::1 GET /include/runnerJS/RunnerAll.js - 8085 - ::1 Mozilla/5.0+(Windows+NT+10.0;+Win64;+x64;+rv:70.0)+Gecko/20100101+Firefox/70.0 http://localhost:8085/login?return=true& 200 0 0 258
2019-11-27 17:35:13 ::1 GET /include/runnerJS/events/globalevents.js - 8085 - ::1 Mozilla/5.0+(Windows+NT+10.0;+Win64;+x64;+rv:70.0)+Gecko/20100101+Firefox/70.0 http://localhost:8085/login?return=true& 304 0 0 5
2019-11-27 17:35:13 ::1 GET /include/ajaxsuggest.js - 8085 - ::1 Mozilla/5.0+(Windows+NT+10.0;+Win64;+x64;+rv:70.0)+Gecko/20100101+Firefox/70.0 http://localhost:8085/login?return=true& 200 0 0 16
2019-11-27 17:35:13 ::1 GET /favicon.ico - 8085 - ::1 Mozilla/5.0+(Windows+NT+10.0;+Win64;+x64;+rv:70.0)+Gecko/20100101+Firefox/70.0 - 404 0 64 5
2019-11-27 17:35:18 ::1 POST /login - 8085 - ::1 Mozilla/5.0+(Windows+NT+10.0;+Win64;+x64;+rv:70.0)+Gecko/20100101+Firefox/70.0 http://localhost:8085/login?return=true& 302 0 0 425
2019-11-27 17:35:22 ::1 GET /dbo_Permisos2/add - 8085 - ::1 Mozilla/5.0+(Windows+NT+10.0;+Win64;+x64;+rv:70.0)+Gecko/20100101+Firefox/70.0 http://localhost:8085/login?return=true& 500 0 0 3465
2019-11-27 17:35:22 ::1 GET /favicon.ico - 8085 - ::1 Mozilla/5.0+(Windows+NT+10.0;+Win64;+x64;+rv:70.0)+Gecko/20100101+Firefox/70.0 - 404 0 2 2
2019-11-27 17:38:27 ::1 GET /dbo_Permisos2/add - 8085 - ::1 Mozilla/5.0+(Windows+NT+10.0;+Win64;+x64;+rv:70.0)+Gecko/20100101+Firefox/70.0 http://localhost:8085/login?return=true& 302 0 0 1121
2019-11-27 17:38:27 127.0.0.1 GET / - 8085 - 127.0.0.1 Mozilla/5.0+(Windows+NT+6.1;+WOW64)+AppleWebKit/536.6+(KHTML,+like+Gecko)+Chrome/20.0.1092.0+Safari/536.6 - 200 0 0 9900
2019-11-27 17:38:27 ::1 GET /login return=true& 8085 - ::1 Mozilla/5.0+(Windows+NT+10.0;+Win64;+x64;+rv:70.0)+Gecko/20100101+Firefox/70.0 http://localhost:8085/login?return=true& 200 0 0 76
2019-11-27 17:38:27 ::1 GET /styles/default.css - 8085 - ::1 Mozilla/5.0+(Windows+NT+10.0;+Win64;+x64;+rv:70.0)+Gecko/20100101+Firefox/70.0 http://localhost:8085/login?return=true& 304 0 0 6
2019-11-27 17:38:27 ::1 GET /styles/pages/.global_login.css - 8085 - ::1 Mozilla/5.0+(Windows+NT+10.0;+Win64;+x64;+rv:70.0)+Gecko/20100101+Firefox/70.0 http://localhost:8085/login?return=true& 200 0 0 3
2019-11-27 17:38:27 ::1 GET /styles/bootstrap/default/small/style.css - 8085 - ::1 Mozilla/5.0+(Windows+NT+10.0;+Win64;+x64;+rv:70.0)+Gecko/20100101+Firefox/70.0 http://localhost:8085/login?return=true& 200 0 0 193
2019-11-27 17:38:27 ::1 GET /include/bootstrap/css/jquery.mCustomScrollbar.css - 8085 - ::1 Mozilla/5.0+(Windows+NT+10.0;+Win64;+x64;+rv:70.0)+Gecko/20100101+Firefox/70.0 http://localhost:8085/login?return=true& 304 0 0 33
2019-11-27 17:38:27 ::1 GET /include/lang/English.js - 8085 - ::1 Mozilla/5.0+(Windows+NT+10.0;+Win64;+x64;+rv:70.0)+Gecko/20100101+Firefox/70.0 http://localhost:8085/login?return=true& 200 0 0 231
2019-11-27 17:38:27 ::1 GET /styles/font-awesome/css/font-awesome.min.css - 8085 - ::1 Mozilla/5.0+(Windows+NT+10.0;+Win64;+x64;+rv:70.0)+Gecko/20100101+Firefox/70.0 http://localhost:8085/login?return=true& 304 0 0 381
2019-11-27 17:38:27 ::1 GET /include/jquery-ui/smoothness/jquery-ui.min.css - 8085 - ::1 Mozilla/5.0+(Windows+NT+10.0;+Win64;+x64;+rv:70.0)+Gecko/20100101+Firefox/70.0 http://localhost:8085/login?return=true& 304 0 0 371
2019-11-27 17:38:27 ::1 GET /include/loadfirst.js - 8085 - ::1 Mozilla/5.0+(Windows+NT+10.0;+Win64;+x64;+rv:70.0)+Gecko/20100101+Firefox/70.0 http://localhost:8085/login?return=true& 200 0 0 470
2019-11-27 17:38:27 ::1 GET /include/runnerJS/RunnerAll.js - 8085 - ::1 Mozilla/5.0+(Windows+NT+10.0;+Win64;+x64;+rv:70.0)+Gecko/20100101+Firefox/70.0 http://localhost:8085/login?return=true& 200 0 0 691
2019-11-27 17:38:27 ::1 GET /include/runnerJS/events/globalevents.js - 8085 - ::1 Mozilla/5.0+(Windows+NT+10.0;+Win64;+x64;+rv:70.0)+Gecko/20100101+Firefox/70.0 http://localhost:8085/login?return=true& 200 0 0 5
2019-11-27 17:38:27 ::1 GET /include/ajaxsuggest.js - 8085 - ::1 Mozilla/5.0+(Windows+NT+10.0;+Win64;+x64;+rv:70.0)+Gecko/20100101+Firefox/70.0 http://localhost:8085/login?return=true& 200 0 0 14
2019-11-27 17:38:27 ::1 GET /favicon.ico - 8085 - ::1 Mozilla/5.0+(Windows+NT+10.0;+Win64;+x64;+rv:70.0)+Gecko/20100101+Firefox/70.0 - 404 0 64 3
2019-11-27 17:38:37 ::1 POST /login - 8085 - ::1 Mozilla/5.0+(Windows+NT+10.0;+Win64;+x64;+rv:70.0)+Gecko/20100101+Firefox/70.0 http://localhost:8085/login?return=true& 302 0 0 497
2019-11-27 17:38:40 ::1 GET /dbo_Permisos2/add - 8085 - ::1 Mozilla/5.0+(Windows+NT+10.0;+Win64;+x64;+rv:70.0)+Gecko/20100101+Firefox/70.0 http://localhost:8085/login?return=true& 200 0 0 3124
2019-11-27 17:38:40 ::1 GET /include/lang/English.js - 8085 - ::1 Mozilla/5.0+(Windows+NT+10.0;+Win64;+x64;+rv:70.0)+Gecko/20100101+Firefox/70.0 http://localhost:8085/dbo_Permisos2/add 304 0 0 2
2019-11-27 17:38:40 ::1 GET /styles/pages/dbo_Permisos2_add.css - 8085 - ::1 Mozilla/5.0+(Windows+NT+10.0;+Win64;+x64;+rv:70.0)+Gecko/20100101+Firefox/70.0 http://localhost:8085/dbo_Permisos2/add 200 0 0 3
2019-11-27 17:38:40 ::1 GET /include/loadfirst.js - 8085 - ::1 Mozilla/5.0+(Windows+NT+10.0;+Win64;+x64;+rv:70.0)+Gecko/20100101+Firefox/70.0 http://localhost:8085/dbo_Permisos2/add 304 0 0 2
2019-11-27 17:38:40 ::1 GET /include/runnerJS/RunnerAll.js - 8085 - ::1 Mozilla/5.0+(Windows+NT+10.0;+Win64;+x64;+rv:70.0)+Gecko/20100101+Firefox/70.0 http://localhost:8085/dbo_Permisos2/add 304 0 0 5
2019-11-27 17:38:40 ::1 GET /include/zoombox/zoombox.css - 8085 - ::1 Mozilla/5.0+(Windows+NT+10.0;+Win64;+x64;+rv:70.0)+Gecko/20100101+Firefox/70.0 http://localhost:8085/dbo_Permisos2/add 200 0 0 14
2019-11-27 17:38:40 ::1 GET /include/bootstrap/css/bootstrap-datetimepicker.min.css - 8085 - ::1 Mozilla/5.0+(Windows+NT+10.0;+Win64;+x64;+rv:70.0)+Gecko/20100101+Firefox/70.0 http://localhost:8085/dbo_Permisos2/add 200 0 64 29
2019-11-27 17:38:40 ::1 GET /include/jquery-ui/smoothness/jquery-ui.theme.min.css - 8085 - ::1 Mozilla/5.0+(Windows+NT+10.0;+Win64;+x64;+rv:70.0)+Gecko/20100101+Firefox/70.0 http://localhost:8085/dbo_Permisos2/add 200 0 64 52
2019-11-27 17:38:40 ::1 GET /include/bootstrap/css/jquery.mCustomScrollbar.css - 8085 - ::1 Mozilla/5.0+(Windows+NT+10.0;+Win64;+x64;+rv:70.0)+Gecko/20100101+Firefox/70.0 http://localhost:8085/dbo_Permisos2/add 200 0 64 66
2019-11-27 17:38:40 ::1 GET /include/jquery-ui/smoothness/jquery-ui.min.css - 8085 - ::1 Mozilla/5.0+(Windows+NT+10.0;+Win64;+x64;+rv:70.0)+Gecko/20100101+Firefox/70.0 http://localhost:8085/dbo_Permisos2/add 200 0 64 103
2019-11-27 17:38:40 ::1 GET /styles/bootstrap/default/small/style.css - 8085 - ::1 Mozilla/5.0+(Windows+NT+10.0;+Win64;+x64;+rv:70.0)+Gecko/20100101+Firefox/70.0 http://localhost:8085/dbo_Permisos2/add 200 0 0 121
2019-11-27 17:38:40 ::1 GET /include/ajaxsuggest.js - 8085 - ::1 Mozilla/5.0+(Windows+NT+10.0;+Win64;+x64;+rv:70.0)+Gecko/20100101+Firefox/70.0 http://localhost:8085/dbo_Permisos2/add 304 0 0 2
2019-11-27 17:38:40 ::1 GET /include/button_Guia_de_Permisos.js - 8085 - ::1 Mozilla/5.0+(Windows+NT+10.0;+Win64;+x64;+rv:70.0)+Gecko/20100101+Firefox/70.0 http://localhost:8085/dbo_Permisos2/add 200 0 0 44
2019-11-27 17:38:40 ::1 GET /include/button_Ver_Instrutivo.js - 8085 - ::1 Mozilla/5.0+(Windows+NT+10.0;+Win64;+x64;+rv:70.0)+Gecko/20100101+Firefox/70.0 http://localhost:8085/dbo_Permisos2/add 200 0 0 45
2019-11-27 17:38:40 ::1 GET /styles/bootstrap/fonts/glyphicons-halflings-regular.woff2 - 8085 - ::1 Mozilla/5.0+(Windows+NT+10.0;+Win64;+x64;+rv:70.0)+Gecko/20100101+Firefox/70.0 http://localhost:8085/styles/bootstrap/default/small/style.css 404 3 50 68
2019-11-27 17:38:40 ::1 GET /include/zoombox/zoombox.js - 8085 - ::1 Mozilla/5.0+(Windows+NT+10.0;+Win64;+x64;+rv:70.0)+Gecko/20100101+Firefox/70.0 http://localhost:8085/dbo_Permisos2/add 200 0 0 80
2019-11-27 17:38:40 ::1 GET /styles/bootstrap/fonts/glyphicons-halflings-regular.woff - 8085 - ::1 Mozilla/5.0+(Windows+NT+10.0;+Win64;+x64;+rv:70.0)+Gecko/20100101+Firefox/70.0 http://localhost:8085/styles/bootstrap/default/small/style.css 200 0 64 23
2019-11-27 17:38:40 ::1 GET /include/mupload.js - 8085 - ::1 Mozilla/5.0+(Windows+NT+10.0;+Win64;+x64;+rv:70.0)+Gecko/20100101+Firefox/70.0 http://localhost:8085/dbo_Permisos2/add 200 0 0 102
2019-11-27 17:38:40 ::1 GET /favicon.ico - 8085 - ::1 Mozilla/5.0+(Windows+NT+10.0;+Win64;+x64;+rv:70.0)+Gecko/20100101+Firefox/70.0 - 404 0 64 4
2019-11-27 17:38:55 ::1 GET /dbo_Permisos2/list a=return 8085 - ::1 Mozilla/5.0+(Windows+NT+10.0;+Win64;+x64;+rv:70.0)+Gecko/20100101+Firefox/70.0 http://localhost:8085/dbo_Permisos2/add 200 0 0 4195
2019-11-27 17:38:55 ::1 GET /include/loadfirst.js - 8085 - ::1 Mozilla/5.0+(Windows+NT+10.0;+Win64;+x64;+rv:70.0)+Gecko/20100101+Firefox/70.0 http://localhost:8085/dbo_Permisos2/list?a=return 304 0 0 1
2019-11-27 17:38:55 ::1 GET /include/lang/English.js - 8085 - ::1 Mozilla/5.0+(Windows+NT+10.0;+Win64;+x64;+rv:70.0)+Gecko/20100101+Firefox/70.0 http://localhost:8085/dbo_Permisos2/list?a=return 304 0 0 1
2019-11-27 17:38:55 ::1 GET /include/runnerJS/RunnerAll.js - 8085 - ::1 Mozilla/5.0+(Windows+NT+10.0;+Win64;+x64;+rv:70.0)+Gecko/20100101+Firefox/70.0 http://localhost:8085/dbo_Permisos2/list?a=return 304 0 0 1
2019-11-27 17:38:55 ::1 GET /styles/bootstrap/default/small/style.css - 8085 - ::1 Mozilla/5.0+(Windows+NT+10.0;+Win64;+x64;+rv:70.0)+Gecko/20100101+Firefox/70.0 http://localhost:8085/dbo_Permisos2/list?a=return 304 0 0 1
2019-11-27 17:38:55 ::1 GET /styles/pages/dbo_Permisos2_list.css - 8085 - ::1 Mozilla/5.0+(Windows+NT+10.0;+Win64;+x64;+rv:70.0)+Gecko/20100101+Firefox/70.0 http://localhost:8085/dbo_Permisos2/list?a=return 200 0 0 2
2019-11-27 17:38:55 ::1 GET /include/ajaxsuggest.js - 8085 - ::1 Mozilla/5.0+(Windows+NT+10.0;+Win64;+x64;+rv:70.0)+Gecko/20100101+Firefox/70.0 http://localhost:8085/dbo_Permisos2/list?a=return 304 0 0 1
2019-11-27 17:38:55 ::1 GET /styles/bootstrap/fonts/glyphicons-halflings-regular.woff2 - 8085 - ::1 Mozilla/5.0+(Windows+NT+10.0;+Win64;+x64;+rv:70.0)+Gecko/20100101+Firefox/70.0 http://localhost:8085/styles/bootstrap/default/small/style.css 404 3 50 2
2019-11-27 17:38:55 ::1 GET /favicon.ico - 8085 - ::1 Mozilla/5.0+(Windows+NT+10.0;+Win64;+x64;+rv:70.0)+Gecko/20100101+Firefox/70.0 - 404 0 64 1
#Software: Microsoft Internet Information Services 10.0
#Version: 1.0
#Date: 2019-11-27 20:01:51
#Fields: date time s-ip cs-method cs-uri-stem cs-uri-query s-port cs-username c-ip cs(User-Agent) cs(Referer) sc-status sc-substatus sc-win32-status time-taken
2019-11-27 20:01:51 ::1 GET /dbo_Permisos2/add - 8085 - ::1 Mozilla/5.0+(Windows+NT+10.0;+Win64;+x64;+rv:70.0)+Gecko/20100101+Firefox/70.0 http://localhost:8085/dbo_Permisos2/list?a=return 302 0 0 351
2019-11-27 20:01:51 ::1 GET /login return=true&message=expired 8085 - ::1 Mozilla/5.0+(Windows+NT+10.0;+Win64;+x64;+rv:70.0)+Gecko/20100101+Firefox/70.0 http://localhost:8085/dbo_Permisos2/list?a=return 200 0 0 202
2019-11-27 20:01:51 ::1 GET /styles/pages/.global_login.css - 8085 - ::1 Mozilla/5.0+(Windows+NT+10.0;+Win64;+x64;+rv:70.0)+Gecko/20100101+Firefox/70.0 http://localhost:8085/login?return=true&message=expired 304 0 0 8
2019-11-27 20:01:51 ::1 GET /include/lang/English.js - 8085 - ::1 Mozilla/5.0+(Windows+NT+10.0;+Win64;+x64;+rv:70.0)+Gecko/20100101+Firefox/70.0 http://localhost:8085/login?return=true&message=expired 304 0 0 48
2019-11-27 20:01:51 ::1 GET /styles/bootstrap/default/small/style.css - 8085 - ::1 Mozilla/5.0+(Windows+NT+10.0;+Win64;+x64;+rv:70.0)+Gecko/20100101+Firefox/70.0 http://localhost:8085/login?return=true&message=expired 304 0 0 72
2019-11-27 20:01:51 ::1 GET /include/loadfirst.js - 8085 - ::1 Mozilla/5.0+(Windows+NT+10.0;+Win64;+x64;+rv:70.0)+Gecko/20100101+Firefox/70.0 http://localhost:8085/login?return=true&message=expired 304 0 0 438
2019-11-27 20:01:51 ::1 GET /include/runnerJS/RunnerAll.js - 8085 - ::1 Mozilla/5.0+(Windows+NT+10.0;+Win64;+x64;+rv:70.0)+Gecko/20100101+Firefox/70.0 http://localhost:8085/login?return=true&message=expired 304 0 0 599
2019-11-27 20:01:52 ::1 GET /include/runnerJS/events/globalevents.js - 8085 - ::1 Mozilla/5.0+(Windows+NT+10.0;+Win64;+x64;+rv:70.0)+Gecko/20100101+Firefox/70.0 http://localhost:8085/login?return=true&message=expired 200 0 0 2
2019-11-27 20:01:52 ::1 GET /include/ajaxsuggest.js - 8085 - ::1 Mozilla/5.0+(Windows+NT+10.0;+Win64;+x64;+rv:70.0)+Gecko/20100101+Firefox/70.0 http://localhost:8085/login?return=true&message=expired 200 0 0 56
2019-11-27 20:01:52 ::1 GET /favicon.ico - 8085 - ::1 Mozilla/5.0+(Windows+NT+10.0;+Win64;+x64;+rv:70.0)+Gecko/20100101+Firefox/70.0 - 404 0 64 5
2019-11-27 20:02:14 ::1 POST /login - 8085 - ::1 Mozilla/5.0+(Windows+NT+10.0;+Win64;+x64;+rv:70.0)+Gecko/20100101+Firefox/70.0 http://localhost:8085/login?return=true&message=expired 302 0 0 63
2019-11-27 20:02:14 ::1 GET /dbo_Permisos2/add - 8085 - ::1 Mozilla/5.0+(Windows+NT+10.0;+Win64;+x64;+rv:70.0)+Gecko/20100101+Firefox/70.0 http://localhost:8085/login?return=true&message=expired 200 0 0 169
2019-11-27 20:02:14 ::1 GET /styles/pages/dbo_Permisos2_add.css - 8085 - ::1 Mozilla/5.0+(Windows+NT+10.0;+Win64;+x64;+rv:70.0)+Gecko/20100101+Firefox/70.0 http://localhost:8085/dbo_Permisos2/add 304 0 0 16
2019-11-27 20:02:14 ::1 GET /include/button_Guia_de_Permisos.js - 8085 - ::1 Mozilla/5.0+(Windows+NT+10.0;+Win64;+x64;+rv:70.0)+Gecko/20100101+Firefox/70.0 http://localhost:8085/dbo_Permisos2/add 200 0 0 34
2019-11-27 20:02:14 ::1 GET /include/button_Ver_Instrutivo.js - 8085 - ::1 Mozilla/5.0+(Windows+NT+10.0;+Win64;+x64;+rv:70.0)+Gecko/20100101+Firefox/70.0 http://localhost:8085/dbo_Permisos2/add 200 0 0 34
2019-11-27 20:02:14 ::1 GET /styles/bootstrap/fonts/glyphicons-halflings-regular.woff2 - 8085 - ::1 Mozilla/5.0+(Windows+NT+10.0;+Win64;+x64;+rv:70.0)+Gecko/20100101+Firefox/70.0 http://localhost:8085/styles/bootstrap/default/small/style.css 404 3 50 57
2019-11-27 20:02:14 ::1 GET /include/zoombox/zoombox.js - 8085 - ::1 Mozilla/5.0+(Windows+NT+10.0;+Win64;+x64;+rv:70.0)+Gecko/20100101+Firefox/70.0 http://localhost:8085/dbo_Permisos2/add 200 0 0 60
2019-11-27 20:02:14 ::1 GET /include/mupload.js - 8085 - ::1 Mozilla/5.0+(Windows+NT+10.0;+Win64;+x64;+rv:70.0)+Gecko/20100101+Firefox/70.0 http://localhost:8085/dbo_Permisos2/add 200 0 0 63
2019-11-27 20:02:20 ::1 POST /buttonhandler/ - 8085 - ::1 Mozilla/5.0+(Windows+NT+10.0;+Win64;+x64;+rv:70.0)+Gecko/20100101+Firefox/70.0 http://localhost:8085/dbo_Permisos2/add 200 0 0 232
2019-11-27 20:02:25 ::1 POST /buttonhandler/ - 8085 - ::1 Mozilla/5.0+(Windows+NT+10.0;+Win64;+x64;+rv:70.0)+Gecko/20100101+Firefox/70.0 http://localhost:8085/dbo_Permisos2/add 200 0 0 125
2019-11-27 20:03:01 ::1 GET /dbo_Permisos2/list a=return 8085 - ::1 Mozilla/5.0+(Windows+NT+10.0;+Win64;+x64;+rv:70.0)+Gecko/20100101+Firefox/70.0 http://localhost:8085/dbo_Permisos2/add 200 0 0 274
2019-11-27 20:03:01 ::1 GET /styles/pages/dbo_Permisos2_list.css - 8085 - ::1 Mozilla/5.0+(Windows+NT+10.0;+Win64;+x64;+rv:70.0)+Gecko/20100101+Firefox/70.0 http://localhost:8085/dbo_Permisos2/list?a=return 200 0 0 19
2019-11-27 20:03:01 ::1 GET /styles/bootstrap/fonts/glyphicons-halflings-regular.woff2 - 8085 - ::1 Mozilla/5.0+(Windows+NT+10.0;+Win64;+x64;+rv:70.0)+Gecko/20100101+Firefox/70.0 http://localhost:8085/styles/bootstrap/default/small/style.css 404 3 50 3
#Software: Microsoft Internet Information Services 10.0
#Version: 1.0
#Date: 2019-11-27 21:05:07
#Fields: date time s-ip cs-method cs-uri-stem cs-uri-query s-port cs-username c-ip cs(User-Agent) cs(Referer) sc-status sc-substatus sc-win32-status time-taken
2019-11-27 21:05:07 ::1 GET /dbo_Permisos2/add - 8085 - ::1 Mozilla/5.0+(Windows+NT+10.0;+Win64;+x64;+rv:70.0)+Gecko/20100101+Firefox/70.0 http://localhost:8085/dbo_Permisos2/list?a=return 302 0 0 415
2019-11-27 21:05:07 ::1 GET /login return=true&message=expired 8085 - ::1 Mozilla/5.0+(Windows+NT+10.0;+Win64;+x64;+rv:70.0)+Gecko/20100101+Firefox/70.0 http://localhost:8085/dbo_Permisos2/list?a=return 200 0 0 182
2019-11-27 21:05:07 ::1 GET /styles/pages/.global_login.css - 8085 - ::1 Mozilla/5.0+(Windows+NT+10.0;+Win64;+x64;+rv:70.0)+Gecko/20100101+Firefox/70.0 http://localhost:8085/login?return=true&message=expired 200 0 0 15
2019-11-27 21:05:07 ::1 GET /include/lang/English.js - 8085 - ::1 Mozilla/5.0+(Windows+NT+10.0;+Win64;+x64;+rv:70.0)+Gecko/20100101+Firefox/70.0 http://localhost:8085/login?return=true&message=expired 304 0 0 47
2019-11-27 21:05:07 ::1 GET /styles/bootstrap/default/small/style.css - 8085 - ::1 Mozilla/5.0+(Windows+NT+10.0;+Win64;+x64;+rv:70.0)+Gecko/20100101+Firefox/70.0 http://localhost:8085/login?return=true&message=expired 200 0 0 92
2019-11-27 21:05:07 ::1 GET /include/loadfirst.js - 8085 - ::1 Mozilla/5.0+(Windows+NT+10.0;+Win64;+x64;+rv:70.0)+Gecko/20100101+Firefox/70.0 http://localhost:8085/login?return=true&message=expired 304 0 0 380
2019-11-27 21:05:07 ::1 GET /include/runnerJS/RunnerAll.js - 8085 - ::1 Mozilla/5.0+(Windows+NT+10.0;+Win64;+x64;+rv:70.0)+Gecko/20100101+Firefox/70.0 http://localhost:8085/login?return=true&message=expired 304 0 0 440
2019-11-27 21:05:07 ::1 GET /include/runnerJS/events/globalevents.js - 8085 - ::1 Mozilla/5.0+(Windows+NT+10.0;+Win64;+x64;+rv:70.0)+Gecko/20100101+Firefox/70.0 http://localhost:8085/login?return=true&message=expired 200 0 0 3
2019-11-27 21:05:07 ::1 GET /include/ajaxsuggest.js - 8085 - ::1 Mozilla/5.0+(Windows+NT+10.0;+Win64;+x64;+rv:70.0)+Gecko/20100101+Firefox/70.0 http://localhost:8085/login?return=true&message=expired 200 0 0 42
2019-11-27 21:05:34 ::1 POST /login - 8085 - ::1 Mozilla/5.0+(Windows+NT+10.0;+Win64;+x64;+rv:70.0)+Gecko/20100101+Firefox/70.0 http://localhost:8085/login?return=true&message=expired 302 0 0 95
2019-11-27 21:05:34 ::1 GET /dbo_Permisos2/add - 8085 - ::1 Mozilla/5.0+(Windows+NT+10.0;+Win64;+x64;+rv:70.0)+Gecko/20100101+Firefox/70.0 http://localhost:8085/login?return=true&message=expired 200 0 0 220
2019-11-27 21:05:34 ::1 GET /styles/pages/dbo_Permisos2_add.css - 8085 - ::1 Mozilla/5.0+(Windows+NT+10.0;+Win64;+x64;+rv:70.0)+Gecko/20100101+Firefox/70.0 http://localhost:8085/dbo_Permisos2/add 200 0 0 5
2019-11-27 21:05:34 ::1 GET /include/zoombox/zoombox.css - 8085 - ::1 Mozilla/5.0+(Windows+NT+10.0;+Win64;+x64;+rv:70.0)+Gecko/20100101+Firefox/70.0 http://localhost:8085/dbo_Permisos2/add 200 0 64 19
2019-11-27 21:05:34 ::1 GET /include/button_Guia_de_Permisos.js - 8085 - ::1 Mozilla/5.0+(Windows+NT+10.0;+Win64;+x64;+rv:70.0)+Gecko/20100101+Firefox/70.0 http://localhost:8085/dbo_Permisos2/add 200 0 0 14
2019-11-27 21:05:34 ::1 GET /include/button_Ver_Instrutivo.js - 8085 - ::1 Mozilla/5.0+(Windows+NT+10.0;+Win64;+x64;+rv:70.0)+Gecko/20100101+Firefox/70.0 http://localhost:8085/dbo_Permisos2/add 200 0 0 22
2019-11-27 21:05:34 ::1 GET /styles/bootstrap/fonts/glyphicons-halflings-regular.woff2 - 8085 - ::1 Mozilla/5.0+(Windows+NT+10.0;+Win64;+x64;+rv:70.0)+Gecko/20100101+Firefox/70.0 http://localhost:8085/styles/bootstrap/default/small/style.css 404 3 50 44
2019-11-27 21:05:34 ::1 GET /include/zoombox/zoombox.js - 8085 - ::1 Mozilla/5.0+(Windows+NT+10.0;+Win64;+x64;+rv:70.0)+Gecko/20100101+Firefox/70.0 http://localhost:8085/dbo_Permisos2/add 304 0 0 65
2019-11-27 21:05:34 ::1 GET /include/mupload.js - 8085 - ::1 Mozilla/5.0+(Windows+NT+10.0;+Win64;+x64;+rv:70.0)+Gecko/20100101+Firefox/70.0 http://localhost:8085/dbo_Permisos2/add 304 0 0 66
2019-11-27 21:05:47 ::1 GET /dbo_Permisos2/list a=return 8085 - ::1 Mozilla/5.0+(Windows+NT+10.0;+Win64;+x64;+rv:70.0)+Gecko/20100101+Firefox/70.0 http://localhost:8085/dbo_Permisos2/add 200 0 0 410
2019-11-27 21:05:47 ::1 GET /styles/pages/dbo_Permisos2_list.css - 8085 - ::1 Mozilla/5.0+(Windows+NT+10.0;+Win64;+x64;+rv:70.0)+Gecko/20100101+Firefox/70.0 http://localhost:8085/dbo_Permisos2/list?a=return 200 0 0 15
2019-11-27 21:05:47 ::1 GET /styles/bootstrap/fonts/glyphicons-halflings-regular.woff2 - 8085 - ::1 Mozilla/5.0+(Windows+NT+10.0;+Win64;+x64;+rv:70.0)+Gecko/20100101+Firefox/70.0 http://localhost:8085/styles/bootstrap/default/small/style.css 404 3 50 4
2019-11-27 21:05:51 ::1 GET /dbo_Permisos2/add - 8085 - ::1 Mozilla/5.0+(Windows+NT+10.0;+Win64;+x64;+rv:70.0)+Gecko/20100101+Firefox/70.0 http://localhost:8085/dbo_Permisos2/list?a=return 200 0 0 231
2019-11-27 21:05:51 ::1 GET /styles/pages/dbo_Permisos2_add.css - 8085 - ::1 Mozilla/5.0+(Windows+NT+10.0;+Win64;+x64;+rv:70.0)+Gecko/20100101+Firefox/70.0 http://localhost:8085/dbo_Permisos2/add 304 0 0 2
2019-11-27 21:05:51 ::1 GET /styles/bootstrap/fonts/glyphicons-halflings-regular.woff2 - 8085 - ::1 Mozilla/5.0+(Windows+NT+10.0;+Win64;+x64;+rv:70.0)+Gecko/20100101+Firefox/70.0 http://localhost:8085/styles/bootstrap/default/small/style.css 404 3 50 7
2019-11-27 21:06:29 ::1 GET /dbo_Permisos2/list a=return 8085 - ::1 Mozilla/5.0+(Windows+NT+10.0;+Win64;+x64;+rv:70.0)+Gecko/20100101+Firefox/70.0 http://localhost:8085/dbo_Permisos2/add 200 0 0 309
2019-11-27 21:06:29 ::1 GET /styles/pages/dbo_Permisos2_list.css - 8085 - ::1 Mozilla/5.0+(Windows+NT+10.0;+Win64;+x64;+rv:70.0)+Gecko/20100101+Firefox/70.0 http://localhost:8085/dbo_Permisos2/list?a=return 304 0 0 1
2019-11-27 21:06:29 ::1 GET /styles/bootstrap/fonts/glyphicons-halflings-regular.woff2 - 8085 - ::1 Mozilla/5.0+(Windows+NT+10.0;+Win64;+x64;+rv:70.0)+Gecko/20100101+Firefox/70.0 http://localhost:8085/styles/bootstrap/default/small/style.css 404 3 50 2
2019-11-27 21:06:37 ::1 GET /dbo_DEPARTAMENTO/list - 8085 - ::1 Mozilla/5.0+(Windows+NT+10.0;+Win64;+x64;+rv:70.0)+Gecko/20100101+Firefox/70.0 http://localhost:8085/dbo_Permisos2/list?a=return 200 0 0 4906
2019-11-27 21:06:37 ::1 GET /styles/pages/dbo_DEPARTAMENTO_list.css - 8085 - ::1 Mozilla/5.0+(Windows+NT+10.0;+Win64;+x64;+rv:70.0)+Gecko/20100101+Firefox/70.0 http://localhost:8085/dbo_DEPARTAMENTO/list 200 0 0 109
2019-11-27 21:06:37 ::1 GET /styles/bootstrap/fonts/glyphicons-halflings-regular.woff2 - 8085 - ::1 Mozilla/5.0+(Windows+NT+10.0;+Win64;+x64;+rv:70.0)+Gecko/20100101+Firefox/70.0 http://localhost:8085/styles/bootstrap/default/small/style.css 404 3 50 2
2019-11-27 21:07:07 ::1 GET /dbo_REGISTRO_HORAS_COMPESADAS/list - 8085 - ::1 Mozilla/5.0+(Windows+NT+10.0;+Win64;+x64;+rv:70.0)+Gecko/20100101+Firefox/70.0 http://localhost:8085/dbo_DEPARTAMENTO/list 200 0 0 2093
2019-11-27 21:07:07 ::1 GET /styles/pages/dbo_REGISTRO_HORAS_COMPESADAS_list.css - 8085 - ::1 Mozilla/5.0+(Windows+NT+10.0;+Win64;+x64;+rv:70.0)+Gecko/20100101+Firefox/70.0 http://localhost:8085/dbo_REGISTRO_HORAS_COMPESADAS/list 200 0 0 49
2019-11-27 21:07:07 ::1 GET /styles/bootstrap/fonts/glyphicons-halflings-regular.woff2 - 8085 - ::1 Mozilla/5.0+(Windows+NT+10.0;+Win64;+x64;+rv:70.0)+Gecko/20100101+Firefox/70.0 http://localhost:8085/styles/bootstrap/default/small/style.css 404 3 50 3
2019-11-27 21:07:37 ::1 GET /dbo_Permisos2/list - 8085 - ::1 Mozilla/5.0+(Windows+NT+10.0;+Win64;+x64;+rv:70.0)+Gecko/20100101+Firefox/70.0 http://localhost:8085/dbo_REGISTRO_HORAS_COMPESADAS/list 200 0 0 312
2019-11-27 21:07:37 ::1 GET /styles/bootstrap/fonts/glyphicons-halflings-regular.woff2 - 8085 - ::1 Mozilla/5.0+(Windows+NT+10.0;+Win64;+x64;+rv:70.0)+Gecko/20100101+Firefox/70.0 http://localhost:8085/styles/bootstrap/default/small/style.css 404 3 50 4
2019-11-27 21:07:39 ::1 GET /dbo_Permisos2/add - 8085 - ::1 Mozilla/5.0+(Windows+NT+10.0;+Win64;+x64;+rv:70.0)+Gecko/20100101+Firefox/70.0 http://localhost:8085/dbo_Permisos2/list 200 0 0 70
2019-11-27 21:07:39 ::1 GET /styles/bootstrap/fonts/glyphicons-halflings-regular.woff2 - 8085 - ::1 Mozilla/5.0+(Windows+NT+10.0;+Win64;+x64;+rv:70.0)+Gecko/20100101+Firefox/70.0 http://localhost:8085/styles/bootstrap/default/small/style.css 404 3 50 3
