#Software: Microsoft Internet Information Services 10.0
#Version: 1.0
#Date: 2020-01-21 05:03:44
#Fields: date time s-ip cs-method cs-uri-stem cs-uri-query s-port cs-username c-ip cs(User-Agent) cs(Referer) sc-status sc-substatus sc-win32-status time-taken
2020-01-21 05:03:44 127.0.0.1 GET / - 8087 - 127.0.0.1 Mozilla/5.0+(Windows+NT+6.1;+WOW64)+AppleWebKit/536.6+(KHTML,+like+Gecko)+Chrome/20.0.1092.0+Safari/536.6 - 200 0 0 83767
2020-01-21 05:03:44 ::1 GET / - 8087 - ::1 Mozilla/5.0+(Windows+NT+10.0;+Win64;+x64;+rv:72.0)+Gecko/20100101+Firefox/72.0 - 200 0 0 65410
2020-01-21 05:03:44 ::1 GET /styles/pages/.global_login.css - 8087 - ::1 Mozilla/5.0+(Windows+NT+10.0;+Win64;+x64;+rv:72.0)+Gecko/20100101+Firefox/72.0 http://localhost:8087/ 200 0 0 184
2020-01-21 05:03:44 ::1 GET /styles/font-awesome/css/font-awesome.min.css - 8087 - ::1 Mozilla/5.0+(Windows+NT+10.0;+Win64;+x64;+rv:72.0)+Gecko/20100101+Firefox/72.0 http://localhost:8087/ 200 0 0 325
2020-01-21 05:03:45 ::1 GET /styles/default.css - 8087 - ::1 Mozilla/5.0+(Windows+NT+10.0;+Win64;+x64;+rv:72.0)+Gecko/20100101+Firefox/72.0 http://localhost:8087/ 200 0 0 370
2020-01-21 05:03:45 ::1 GET /include/bootstrap/css/jquery.mCustomScrollbar.css - 8087 - ::1 Mozilla/5.0+(Windows+NT+10.0;+Win64;+x64;+rv:72.0)+Gecko/20100101+Firefox/72.0 http://localhost:8087/ 200 0 0 478
2020-01-21 05:03:45 ::1 GET /styles/bootstrap/default/small/style.css - 8087 - ::1 Mozilla/5.0+(Windows+NT+10.0;+Win64;+x64;+rv:72.0)+Gecko/20100101+Firefox/72.0 http://localhost:8087/ 200 0 0 485
2020-01-21 05:03:45 ::1 GET /include/jquery-ui/smoothness/jquery-ui.min.css - 8087 - ::1 Mozilla/5.0+(Windows+NT+10.0;+Win64;+x64;+rv:72.0)+Gecko/20100101+Firefox/72.0 http://localhost:8087/ 200 0 0 498
2020-01-21 05:03:45 ::1 GET /include/lang/Spanish.js - 8087 - ::1 Mozilla/5.0+(Windows+NT+10.0;+Win64;+x64;+rv:72.0)+Gecko/20100101+Firefox/72.0 http://localhost:8087/ 200 0 0 440
2020-01-21 05:03:45 ::1 GET /include/loadfirst.js - 8087 - ::1 Mozilla/5.0+(Windows+NT+10.0;+Win64;+x64;+rv:72.0)+Gecko/20100101+Firefox/72.0 http://localhost:8087/ 200 0 0 672
2020-01-21 05:03:45 ::1 GET /include/runnerJS/RunnerAll.js - 8087 - ::1 Mozilla/5.0+(Windows+NT+10.0;+Win64;+x64;+rv:72.0)+Gecko/20100101+Firefox/72.0 http://localhost:8087/ 200 0 0 723
2020-01-21 05:03:47 ::1 GET /favicon.ico - 8087 - ::1 Mozilla/5.0+(Windows+NT+10.0;+Win64;+x64;+rv:72.0)+Gecko/20100101+Firefox/72.0 - 404 0 2 87
2020-01-21 05:03:47 ::1 GET /include/runnerJS/events/globalevents.js - 8087 - ::1 Mozilla/5.0+(Windows+NT+10.0;+Win64;+x64;+rv:72.0)+Gecko/20100101+Firefox/72.0 http://localhost:8087/ 200 0 0 6
2020-01-21 05:03:47 ::1 GET /include/ajaxsuggest.js - 8087 - ::1 Mozilla/5.0+(Windows+NT+10.0;+Win64;+x64;+rv:72.0)+Gecko/20100101+Firefox/72.0 http://localhost:8087/ 200 0 0 30
2020-01-21 05:03:58 ::1 POST /login - 8087 - ::1 Mozilla/5.0+(Windows+NT+10.0;+Win64;+x64;+rv:72.0)+Gecko/20100101+Firefox/72.0 http://localhost:8087/ 302 0 0 3356
2020-01-21 05:04:07 ::1 GET /menu - 8087 - ::1 Mozilla/5.0+(Windows+NT+10.0;+Win64;+x64;+rv:72.0)+Gecko/20100101+Firefox/72.0 http://localhost:8087/ 200 0 0 9057
2020-01-21 05:04:07 ::1 GET /styles/bootstrap/default/small/style.css - 8087 - ::1 Mozilla/5.0+(Windows+NT+10.0;+Win64;+x64;+rv:72.0)+Gecko/20100101+Firefox/72.0 http://localhost:8087/menu 304 0 0 16
2020-01-21 05:04:07 ::1 GET /include/loadfirst.js - 8087 - ::1 Mozilla/5.0+(Windows+NT+10.0;+Win64;+x64;+rv:72.0)+Gecko/20100101+Firefox/72.0 http://localhost:8087/menu 304 0 0 13
2020-01-21 05:04:07 ::1 GET /include/lang/Spanish.js - 8087 - ::1 Mozilla/5.0+(Windows+NT+10.0;+Win64;+x64;+rv:72.0)+Gecko/20100101+Firefox/72.0 http://localhost:8087/menu 304 0 0 24
2020-01-21 05:04:07 ::1 GET /include/runnerJS/RunnerAll.js - 8087 - ::1 Mozilla/5.0+(Windows+NT+10.0;+Win64;+x64;+rv:72.0)+Gecko/20100101+Firefox/72.0 http://localhost:8087/menu 304 0 0 24
2020-01-21 05:04:07 ::1 GET /styles/pages/.global_menu.css - 8087 - ::1 Mozilla/5.0+(Windows+NT+10.0;+Win64;+x64;+rv:72.0)+Gecko/20100101+Firefox/72.0 http://localhost:8087/menu 200 0 0 29
2020-01-21 05:04:07 ::1 GET /include/runnerJS/events/globalevents.js - 8087 - ::1 Mozilla/5.0+(Windows+NT+10.0;+Win64;+x64;+rv:72.0)+Gecko/20100101+Firefox/72.0 http://localhost:8087/menu 200 0 0 3
2020-01-21 05:04:08 ::1 GET /styles/bootstrap/fonts/glyphicons-halflings-regular.woff2 - 8087 - ::1 Mozilla/5.0+(Windows+NT+10.0;+Win64;+x64;+rv:72.0)+Gecko/20100101+Firefox/72.0 http://localhost:8087/styles/bootstrap/default/small/style.css 404 3 50 192
2020-01-21 05:04:08 ::1 GET /styles/bootstrap/fonts/glyphicons-halflings-regular.woff - 8087 - ::1 Mozilla/5.0+(Windows+NT+10.0;+Win64;+x64;+rv:72.0)+Gecko/20100101+Firefox/72.0 http://localhost:8087/styles/bootstrap/default/small/style.css 200 0 0 67
#Software: Microsoft Internet Information Services 10.0
#Version: 1.0
#Date: 2020-01-21 05:23:18
#Fields: date time s-ip cs-method cs-uri-stem cs-uri-query s-port cs-username c-ip cs(User-Agent) cs(Referer) sc-status sc-substatus sc-win32-status time-taken
2020-01-21 05:23:18 ::1 GET / - 8087 - ::1 Mozilla/5.0+(Windows+NT+10.0;+Win64;+x64;+rv:72.0)+Gecko/20100101+Firefox/72.0 - 200 0 0 26950
2020-01-21 05:23:18 127.0.0.1 GET / - 8087 - 127.0.0.1 Mozilla/5.0+(Windows+NT+6.1;+WOW64)+AppleWebKit/536.6+(KHTML,+like+Gecko)+Chrome/20.0.1092.0+Safari/536.6 - 200 0 0 37358
2020-01-21 05:23:18 ::1 GET /styles/pages/.global_login.css - 8087 - ::1 Mozilla/5.0+(Windows+NT+10.0;+Win64;+x64;+rv:72.0)+Gecko/20100101+Firefox/72.0 http://localhost:8087/ 200 0 0 40
2020-01-21 05:23:18 ::1 GET /include/lang/Spanish.js - 8087 - ::1 Mozilla/5.0+(Windows+NT+10.0;+Win64;+x64;+rv:72.0)+Gecko/20100101+Firefox/72.0 http://localhost:8087/ 200 0 0 154
2020-01-21 05:23:18 ::1 GET /styles/bootstrap/default/small/style.css - 8087 - ::1 Mozilla/5.0+(Windows+NT+10.0;+Win64;+x64;+rv:72.0)+Gecko/20100101+Firefox/72.0 http://localhost:8087/ 200 0 0 336
2020-01-21 05:23:18 ::1 GET /include/loadfirst.js - 8087 - ::1 Mozilla/5.0+(Windows+NT+10.0;+Win64;+x64;+rv:72.0)+Gecko/20100101+Firefox/72.0 http://localhost:8087/ 200 0 0 380
2020-01-21 05:23:18 ::1 GET /include/runnerJS/RunnerAll.js - 8087 - ::1 Mozilla/5.0+(Windows+NT+10.0;+Win64;+x64;+rv:72.0)+Gecko/20100101+Firefox/72.0 http://localhost:8087/ 200 0 0 424
2020-01-21 05:23:19 ::1 GET /include/runnerJS/events/globalevents.js - 8087 - ::1 Mozilla/5.0+(Windows+NT+10.0;+Win64;+x64;+rv:72.0)+Gecko/20100101+Firefox/72.0 http://localhost:8087/ 200 0 0 9
2020-01-21 05:23:19 ::1 GET /include/ajaxsuggest.js - 8087 - ::1 Mozilla/5.0+(Windows+NT+10.0;+Win64;+x64;+rv:72.0)+Gecko/20100101+Firefox/72.0 http://localhost:8087/ 200 0 0 45
2020-01-21 05:23:25 ::1 POST /login - 8087 - ::1 Mozilla/5.0+(Windows+NT+10.0;+Win64;+x64;+rv:72.0)+Gecko/20100101+Firefox/72.0 http://localhost:8087/ 302 0 0 3061
2020-01-21 05:23:34 ::1 GET /menu - 8087 - ::1 Mozilla/5.0+(Windows+NT+10.0;+Win64;+x64;+rv:72.0)+Gecko/20100101+Firefox/72.0 http://localhost:8087/ 200 0 0 8581
2020-01-21 05:23:34 ::1 GET /styles/bootstrap/default/small/style.css - 8087 - ::1 Mozilla/5.0+(Windows+NT+10.0;+Win64;+x64;+rv:72.0)+Gecko/20100101+Firefox/72.0 http://localhost:8087/menu 304 0 0 38
2020-01-21 05:23:34 ::1 GET /include/runnerJS/RunnerAll.js - 8087 - ::1 Mozilla/5.0+(Windows+NT+10.0;+Win64;+x64;+rv:72.0)+Gecko/20100101+Firefox/72.0 http://localhost:8087/menu 304 0 0 25
2020-01-21 05:23:34 ::1 GET /styles/pages/.global_menu.css - 8087 - ::1 Mozilla/5.0+(Windows+NT+10.0;+Win64;+x64;+rv:72.0)+Gecko/20100101+Firefox/72.0 http://localhost:8087/menu 200 0 0 26
2020-01-21 05:23:34 ::1 GET /include/loadfirst.js - 8087 - ::1 Mozilla/5.0+(Windows+NT+10.0;+Win64;+x64;+rv:72.0)+Gecko/20100101+Firefox/72.0 http://localhost:8087/menu 304 0 0 40
2020-01-21 05:23:34 ::1 GET /include/lang/Spanish.js - 8087 - ::1 Mozilla/5.0+(Windows+NT+10.0;+Win64;+x64;+rv:72.0)+Gecko/20100101+Firefox/72.0 http://localhost:8087/menu 304 0 0 40
2020-01-21 05:23:34 ::1 GET /include/runnerJS/events/globalevents.js - 8087 - ::1 Mozilla/5.0+(Windows+NT+10.0;+Win64;+x64;+rv:72.0)+Gecko/20100101+Firefox/72.0 http://localhost:8087/menu 304 0 0 7
2020-01-21 05:23:34 ::1 GET /styles/bootstrap/fonts/glyphicons-halflings-regular.woff2 - 8087 - ::1 Mozilla/5.0+(Windows+NT+10.0;+Win64;+x64;+rv:72.0)+Gecko/20100101+Firefox/72.0 http://localhost:8087/styles/bootstrap/default/small/style.css 404 3 50 14
2020-01-21 05:24:05 ::1 GET /INGRESAR_PERMISO/list - 8087 - ::1 Mozilla/5.0+(Windows+NT+10.0;+Win64;+x64;+rv:72.0)+Gecko/20100101+Firefox/72.0 http://localhost:8087/menu 200 0 0 16399
2020-01-21 05:24:05 ::1 GET /styles/bootstrap/default/small/style.css - 8087 - ::1 Mozilla/5.0+(Windows+NT+10.0;+Win64;+x64;+rv:72.0)+Gecko/20100101+Firefox/72.0 http://localhost:8087/INGRESAR_PERMISO/list 304 0 0 13
2020-01-21 05:24:05 ::1 GET /include/loadfirst.js - 8087 - ::1 Mozilla/5.0+(Windows+NT+10.0;+Win64;+x64;+rv:72.0)+Gecko/20100101+Firefox/72.0 http://localhost:8087/INGRESAR_PERMISO/list 304 0 0 20
2020-01-21 05:24:05 ::1 GET /include/lang/Spanish.js - 8087 - ::1 Mozilla/5.0+(Windows+NT+10.0;+Win64;+x64;+rv:72.0)+Gecko/20100101+Firefox/72.0 http://localhost:8087/INGRESAR_PERMISO/list 304 0 0 20
2020-01-21 05:24:05 ::1 GET /include/runnerJS/RunnerAll.js - 8087 - ::1 Mozilla/5.0+(Windows+NT+10.0;+Win64;+x64;+rv:72.0)+Gecko/20100101+Firefox/72.0 http://localhost:8087/INGRESAR_PERMISO/list 304 0 0 20
2020-01-21 05:24:05 ::1 GET /styles/pages/INGRESAR_PERMISO_list.css - 8087 - ::1 Mozilla/5.0+(Windows+NT+10.0;+Win64;+x64;+rv:72.0)+Gecko/20100101+Firefox/72.0 http://localhost:8087/INGRESAR_PERMISO/list 200 0 0 89
2020-01-21 05:24:05 ::1 GET /include/jquery-ui/smoothness/jquery-ui.theme.min.css - 8087 - ::1 Mozilla/5.0+(Windows+NT+10.0;+Win64;+x64;+rv:72.0)+Gecko/20100101+Firefox/72.0 http://localhost:8087/INGRESAR_PERMISO/list 200 0 0 106
2020-01-21 05:24:05 ::1 GET /include/bootstrap/css/bootstrap-datetimepicker.min.css - 8087 - ::1 Mozilla/5.0+(Windows+NT+10.0;+Win64;+x64;+rv:72.0)+Gecko/20100101+Firefox/72.0 http://localhost:8087/INGRESAR_PERMISO/list 304 0 0 62
2020-01-21 05:24:05 ::1 GET /include/ajaxsuggest.js - 8087 - ::1 Mozilla/5.0+(Windows+NT+10.0;+Win64;+x64;+rv:72.0)+Gecko/20100101+Firefox/72.0 http://localhost:8087/INGRESAR_PERMISO/list 304 0 0 14
2020-01-21 05:24:05 ::1 GET /styles/bootstrap/fonts/glyphicons-halflings-regular.woff2 - 8087 - ::1 Mozilla/5.0+(Windows+NT+10.0;+Win64;+x64;+rv:72.0)+Gecko/20100101+Firefox/72.0 http://localhost:8087/styles/bootstrap/default/small/style.css 404 3 50 4
2020-01-21 05:24:17 ::1 GET /dbo_DEPARTAMENTO/list - 8087 - ::1 Mozilla/5.0+(Windows+NT+10.0;+Win64;+x64;+rv:72.0)+Gecko/20100101+Firefox/72.0 http://localhost:8087/INGRESAR_PERMISO/list 200 0 0 5970
2020-01-21 05:24:17 ::1 GET /styles/pages/dbo_DEPARTAMENTO_list.css - 8087 - ::1 Mozilla/5.0+(Windows+NT+10.0;+Win64;+x64;+rv:72.0)+Gecko/20100101+Firefox/72.0 http://localhost:8087/dbo_DEPARTAMENTO/list 200 0 0 32
2020-01-21 05:24:18 ::1 GET /styles/bootstrap/fonts/glyphicons-halflings-regular.woff2 - 8087 - ::1 Mozilla/5.0+(Windows+NT+10.0;+Win64;+x64;+rv:72.0)+Gecko/20100101+Firefox/72.0 http://localhost:8087/styles/bootstrap/default/small/style.css 404 3 50 4
2020-01-21 05:24:27 ::1 GET /dbo_Preferencias/list - 8087 - ::1 Mozilla/5.0+(Windows+NT+10.0;+Win64;+x64;+rv:72.0)+Gecko/20100101+Firefox/72.0 http://localhost:8087/dbo_DEPARTAMENTO/list 200 0 0 3297
2020-01-21 05:24:27 ::1 GET /styles/bootstrap/default/small/style.css - 8087 - ::1 Mozilla/5.0+(Windows+NT+10.0;+Win64;+x64;+rv:72.0)+Gecko/20100101+Firefox/72.0 http://localhost:8087/dbo_Preferencias/list 304 0 0 26
2020-01-21 05:24:27 ::1 GET /include/loadfirst.js - 8087 - ::1 Mozilla/5.0+(Windows+NT+10.0;+Win64;+x64;+rv:72.0)+Gecko/20100101+Firefox/72.0 http://localhost:8087/dbo_Preferencias/list 304 0 0 18
2020-01-21 05:24:27 ::1 GET /include/runnerJS/RunnerAll.js - 8087 - ::1 Mozilla/5.0+(Windows+NT+10.0;+Win64;+x64;+rv:72.0)+Gecko/20100101+Firefox/72.0 http://localhost:8087/dbo_Preferencias/list 304 0 0 18
2020-01-21 05:24:27 ::1 GET /styles/pages/dbo_Preferencias_list.css - 8087 - ::1 Mozilla/5.0+(Windows+NT+10.0;+Win64;+x64;+rv:72.0)+Gecko/20100101+Firefox/72.0 http://localhost:8087/dbo_Preferencias/list 200 0 0 43
2020-01-21 05:24:27 ::1 GET /include/lang/Spanish.js - 8087 - ::1 Mozilla/5.0+(Windows+NT+10.0;+Win64;+x64;+rv:72.0)+Gecko/20100101+Firefox/72.0 http://localhost:8087/dbo_Preferencias/list 304 0 0 33
2020-01-21 05:24:27 ::1 GET /styles/bootstrap/fonts/glyphicons-halflings-regular.woff2 - 8087 - ::1 Mozilla/5.0+(Windows+NT+10.0;+Win64;+x64;+rv:72.0)+Gecko/20100101+Firefox/72.0 http://localhost:8087/styles/bootstrap/default/small/style.css 404 3 50 9
2020-01-21 05:24:27 ::1 GET /include/ajaxsuggest.js - 8087 - ::1 Mozilla/5.0+(Windows+NT+10.0;+Win64;+x64;+rv:72.0)+Gecko/20100101+Firefox/72.0 http://localhost:8087/dbo_Preferencias/list 304 0 0 8
2020-01-21 05:24:41 ::1 GET /dbo_EMPLEADO/list - 8087 - ::1 Mozilla/5.0+(Windows+NT+10.0;+Win64;+x64;+rv:72.0)+Gecko/20100101+Firefox/72.0 http://localhost:8087/dbo_Preferencias/list 200 0 0 9762
2020-01-21 05:24:41 ::1 GET /styles/bootstrap/default/small/style.css - 8087 - ::1 Mozilla/5.0+(Windows+NT+10.0;+Win64;+x64;+rv:72.0)+Gecko/20100101+Firefox/72.0 http://localhost:8087/dbo_EMPLEADO/list 304 0 0 13
2020-01-21 05:24:41 ::1 GET /styles/pages/dbo_EMPLEADO_list.css - 8087 - ::1 Mozilla/5.0+(Windows+NT+10.0;+Win64;+x64;+rv:72.0)+Gecko/20100101+Firefox/72.0 http://localhost:8087/dbo_EMPLEADO/list 200 0 0 36
2020-01-21 05:24:41 ::1 GET /include/zoombox/zoombox.css - 8087 - ::1 Mozilla/5.0+(Windows+NT+10.0;+Win64;+x64;+rv:72.0)+Gecko/20100101+Firefox/72.0 http://localhost:8087/dbo_EMPLEADO/list 200 0 0 107
2020-01-21 05:24:41 ::1 GET /include/sudo/style.css - 8087 - ::1 Mozilla/5.0+(Windows+NT+10.0;+Win64;+x64;+rv:72.0)+Gecko/20100101+Firefox/72.0 http://localhost:8087/dbo_EMPLEADO/list 200 0 0 154
2020-01-21 05:24:41 ::1 GET /images/no_image.gif - 8087 - ::1 Mozilla/5.0+(Windows+NT+10.0;+Win64;+x64;+rv:72.0)+Gecko/20100101+Firefox/72.0 http://localhost:8087/dbo_EMPLEADO/list 200 0 0 28
2020-01-21 05:24:41 ::1 GET /styles/bootstrap/fonts/glyphicons-halflings-regular.woff2 - 8087 - ::1 Mozilla/5.0+(Windows+NT+10.0;+Win64;+x64;+rv:72.0)+Gecko/20100101+Firefox/72.0 http://localhost:8087/styles/bootstrap/default/small/style.css 404 3 50 13
2020-01-21 05:24:41 ::1 GET /include/sudo/jquery.sudoSlider.js - 8087 - ::1 Mozilla/5.0+(Windows+NT+10.0;+Win64;+x64;+rv:72.0)+Gecko/20100101+Firefox/72.0 http://localhost:8087/dbo_EMPLEADO/list 200 0 0 210
2020-01-21 05:24:41 ::1 GET /include/zoombox/zoombox.js - 8087 - ::1 Mozilla/5.0+(Windows+NT+10.0;+Win64;+x64;+rv:72.0)+Gecko/20100101+Firefox/72.0 http://localhost:8087/dbo_EMPLEADO/list 200 0 0 256
2020-01-21 05:24:51 ::1 GET /dbo_HORARIOS/list - 8087 - ::1 Mozilla/5.0+(Windows+NT+10.0;+Win64;+x64;+rv:72.0)+Gecko/20100101+Firefox/72.0 http://localhost:8087/dbo_EMPLEADO/list 200 0 0 4920
2020-01-21 05:24:51 ::1 GET /include/loadfirst.js - 8087 - ::1 Mozilla/5.0+(Windows+NT+10.0;+Win64;+x64;+rv:72.0)+Gecko/20100101+Firefox/72.0 http://localhost:8087/dbo_HORARIOS/list 304 0 0 35
2020-01-21 05:24:51 ::1 GET /include/lang/Spanish.js - 8087 - ::1 Mozilla/5.0+(Windows+NT+10.0;+Win64;+x64;+rv:72.0)+Gecko/20100101+Firefox/72.0 http://localhost:8087/dbo_HORARIOS/list 304 0 0 34
2020-01-21 05:24:51 ::1 GET /include/runnerJS/RunnerAll.js - 8087 - ::1 Mozilla/5.0+(Windows+NT+10.0;+Win64;+x64;+rv:72.0)+Gecko/20100101+Firefox/72.0 http://localhost:8087/dbo_HORARIOS/list 304 0 0 41
2020-01-21 05:24:51 ::1 GET /styles/pages/dbo_HORARIOS_list.css - 8087 - ::1 Mozilla/5.0+(Windows+NT+10.0;+Win64;+x64;+rv:72.0)+Gecko/20100101+Firefox/72.0 http://localhost:8087/dbo_HORARIOS/list 200 0 0 80
2020-01-21 05:24:51 ::1 GET /include/bootstrap/css/bootstrap-datetimepicker.min.css - 8087 - ::1 Mozilla/5.0+(Windows+NT+10.0;+Win64;+x64;+rv:72.0)+Gecko/20100101+Firefox/72.0 http://localhost:8087/dbo_HORARIOS/list 200 0 64 63
2020-01-21 05:24:51 ::1 GET /include/ajaxsuggest.js - 8087 - ::1 Mozilla/5.0+(Windows+NT+10.0;+Win64;+x64;+rv:72.0)+Gecko/20100101+Firefox/72.0 http://localhost:8087/dbo_HORARIOS/list 304 0 0 3
2020-01-21 05:24:51 ::1 GET /styles/bootstrap/fonts/glyphicons-halflings-regular.woff2 - 8087 - ::1 Mozilla/5.0+(Windows+NT+10.0;+Win64;+x64;+rv:72.0)+Gecko/20100101+Firefox/72.0 http://localhost:8087/styles/bootstrap/default/small/style.css 404 3 50 4
2020-01-21 05:25:06 ::1 GET /VER_PERMISOS/list - 8087 - ::1 Mozilla/5.0+(Windows+NT+10.0;+Win64;+x64;+rv:72.0)+Gecko/20100101+Firefox/72.0 http://localhost:8087/dbo_HORARIOS/list 200 0 0 6740
2020-01-21 05:25:06 ::1 GET /styles/bootstrap/default/small/style.css - 8087 - ::1 Mozilla/5.0+(Windows+NT+10.0;+Win64;+x64;+rv:72.0)+Gecko/20100101+Firefox/72.0 http://localhost:8087/VER_PERMISOS/list 304 0 0 6
2020-01-21 05:25:06 ::1 GET /styles/pages/VER_PERMISOS_list.css - 8087 - ::1 Mozilla/5.0+(Windows+NT+10.0;+Win64;+x64;+rv:72.0)+Gecko/20100101+Firefox/72.0 http://localhost:8087/VER_PERMISOS/list 200 0 0 63
2020-01-21 05:25:06 ::1 GET /styles/bootstrap/fonts/glyphicons-halflings-regular.woff2 - 8087 - ::1 Mozilla/5.0+(Windows+NT+10.0;+Win64;+x64;+rv:72.0)+Gecko/20100101+Firefox/72.0 http://localhost:8087/styles/bootstrap/default/small/style.css 404 3 50 7
2020-01-21 05:25:21 ::1 GET /VER_COMPESADOS/list - 8087 - ::1 Mozilla/5.0+(Windows+NT+10.0;+Win64;+x64;+rv:72.0)+Gecko/20100101+Firefox/72.0 http://localhost:8087/VER_PERMISOS/list 200 0 0 9945
2020-01-21 05:25:21 ::1 GET /include/loadfirst.js - 8087 - ::1 Mozilla/5.0+(Windows+NT+10.0;+Win64;+x64;+rv:72.0)+Gecko/20100101+Firefox/72.0 http://localhost:8087/VER_COMPESADOS/list 304 0 0 7
2020-01-21 05:25:21 ::1 GET /styles/pages/VER_COMPESADOS_list.css - 8087 - ::1 Mozilla/5.0+(Windows+NT+10.0;+Win64;+x64;+rv:72.0)+Gecko/20100101+Firefox/72.0 http://localhost:8087/VER_COMPESADOS/list 200 0 0 77
2020-01-21 05:25:21 ::1 GET /include/lang/Spanish.js - 8087 - ::1 Mozilla/5.0+(Windows+NT+10.0;+Win64;+x64;+rv:72.0)+Gecko/20100101+Firefox/72.0 http://localhost:8087/VER_COMPESADOS/list 304 0 0 59
2020-01-21 05:25:21 ::1 GET /include/runnerJS/RunnerAll.js - 8087 - ::1 Mozilla/5.0+(Windows+NT+10.0;+Win64;+x64;+rv:72.0)+Gecko/20100101+Firefox/72.0 http://localhost:8087/VER_COMPESADOS/list 304 0 0 59
2020-01-21 05:25:21 ::1 GET /images/icons/pdf.png - 8087 - ::1 Mozilla/5.0+(Windows+NT+10.0;+Win64;+x64;+rv:72.0)+Gecko/20100101+Firefox/72.0 http://localhost:8087/VER_COMPESADOS/list 200 0 0 151
2020-01-21 05:25:21 ::1 GET /include/ajaxsuggest.js - 8087 - ::1 Mozilla/5.0+(Windows+NT+10.0;+Win64;+x64;+rv:72.0)+Gecko/20100101+Firefox/72.0 http://localhost:8087/VER_COMPESADOS/list 304 0 0 73
2020-01-21 05:25:21 ::1 GET /styles/bootstrap/fonts/glyphicons-halflings-regular.woff2 - 8087 - ::1 Mozilla/5.0+(Windows+NT+10.0;+Win64;+x64;+rv:72.0)+Gecko/20100101+Firefox/72.0 http://localhost:8087/styles/bootstrap/default/small/style.css 404 3 50 6
2020-01-21 05:25:32 ::1 GET /Saldo_Horas_Empleado/list - 8087 - ::1 Mozilla/5.0+(Windows+NT+10.0;+Win64;+x64;+rv:72.0)+Gecko/20100101+Firefox/72.0 http://localhost:8087/VER_COMPESADOS/list 200 0 0 6170
2020-01-21 05:25:32 ::1 GET /styles/bootstrap/default/small/style.css - 8087 - ::1 Mozilla/5.0+(Windows+NT+10.0;+Win64;+x64;+rv:72.0)+Gecko/20100101+Firefox/72.0 http://localhost:8087/Saldo_Horas_Empleado/list 304 0 0 19
2020-01-21 05:25:32 ::1 GET /styles/pages/Saldo_Horas_Empleado_list.css - 8087 - ::1 Mozilla/5.0+(Windows+NT+10.0;+Win64;+x64;+rv:72.0)+Gecko/20100101+Firefox/72.0 http://localhost:8087/Saldo_Horas_Empleado/list 200 0 0 52
2020-01-21 05:25:32 ::1 GET /styles/bootstrap/fonts/glyphicons-halflings-regular.woff2 - 8087 - ::1 Mozilla/5.0+(Windows+NT+10.0;+Win64;+x64;+rv:72.0)+Gecko/20100101+Firefox/72.0 http://localhost:8087/styles/bootstrap/default/small/style.css 404 3 50 3
2020-01-21 05:25:43 ::1 GET /dbo_PERMISOSGRUPOS/list - 8087 - ::1 Mozilla/5.0+(Windows+NT+10.0;+Win64;+x64;+rv:72.0)+Gecko/20100101+Firefox/72.0 http://localhost:8087/Saldo_Horas_Empleado/list 200 0 0 4984
2020-01-21 05:25:43 ::1 GET /include/loadfirst.js - 8087 - ::1 Mozilla/5.0+(Windows+NT+10.0;+Win64;+x64;+rv:72.0)+Gecko/20100101+Firefox/72.0 http://localhost:8087/dbo_PERMISOSGRUPOS/list 304 0 0 11
2020-01-21 05:25:43 ::1 GET /include/lang/Spanish.js - 8087 - ::1 Mozilla/5.0+(Windows+NT+10.0;+Win64;+x64;+rv:72.0)+Gecko/20100101+Firefox/72.0 http://localhost:8087/dbo_PERMISOSGRUPOS/list 304 0 0 52
2020-01-21 05:25:43 ::1 GET /styles/pages/dbo_PERMISOSGRUPOS_list.css - 8087 - ::1 Mozilla/5.0+(Windows+NT+10.0;+Win64;+x64;+rv:72.0)+Gecko/20100101+Firefox/72.0 http://localhost:8087/dbo_PERMISOSGRUPOS/list 200 0 0 56
2020-01-21 05:25:43 ::1 GET /include/runnerJS/RunnerAll.js - 8087 - ::1 Mozilla/5.0+(Windows+NT+10.0;+Win64;+x64;+rv:72.0)+Gecko/20100101+Firefox/72.0 http://localhost:8087/dbo_PERMISOSGRUPOS/list 304 0 0 42
2020-01-21 05:25:43 ::1 GET /include/ajaxsuggest.js - 8087 - ::1 Mozilla/5.0+(Windows+NT+10.0;+Win64;+x64;+rv:72.0)+Gecko/20100101+Firefox/72.0 http://localhost:8087/dbo_PERMISOSGRUPOS/list 304 0 0 9
2020-01-21 05:25:43 ::1 GET /styles/bootstrap/fonts/glyphicons-halflings-regular.woff2 - 8087 - ::1 Mozilla/5.0+(Windows+NT+10.0;+Win64;+x64;+rv:72.0)+Gecko/20100101+Firefox/72.0 http://localhost:8087/styles/bootstrap/default/small/style.css 404 3 50 9
2020-01-21 05:25:59 ::1 GET /APROBAR_COMPESADOS/list - 8087 - ::1 Mozilla/5.0+(Windows+NT+10.0;+Win64;+x64;+rv:72.0)+Gecko/20100101+Firefox/72.0 http://localhost:8087/dbo_PERMISOSGRUPOS/list 200 0 0 6364
2020-01-21 05:25:59 ::1 GET /styles/bootstrap/default/small/style.css - 8087 - ::1 Mozilla/5.0+(Windows+NT+10.0;+Win64;+x64;+rv:72.0)+Gecko/20100101+Firefox/72.0 http://localhost:8087/APROBAR_COMPESADOS/list 304 0 0 35
2020-01-21 05:25:59 ::1 GET /styles/pages/APROBAR_COMPESADOS_list.css - 8087 - ::1 Mozilla/5.0+(Windows+NT+10.0;+Win64;+x64;+rv:72.0)+Gecko/20100101+Firefox/72.0 http://localhost:8087/APROBAR_COMPESADOS/list 200 0 0 54
2020-01-21 05:26:00 ::1 GET /styles/bootstrap/fonts/glyphicons-halflings-regular.woff2 - 8087 - ::1 Mozilla/5.0+(Windows+NT+10.0;+Win64;+x64;+rv:72.0)+Gecko/20100101+Firefox/72.0 http://localhost:8087/styles/bootstrap/default/small/style.css 404 3 50 3
2020-01-21 05:26:12 ::1 GET /dbo_Permisos2/list - 8087 - ::1 Mozilla/5.0+(Windows+NT+10.0;+Win64;+x64;+rv:72.0)+Gecko/20100101+Firefox/72.0 http://localhost:8087/APROBAR_COMPESADOS/list 200 0 0 6402
2020-01-21 05:26:12 ::1 GET /include/loadfirst.js - 8087 - ::1 Mozilla/5.0+(Windows+NT+10.0;+Win64;+x64;+rv:72.0)+Gecko/20100101+Firefox/72.0 http://localhost:8087/dbo_Permisos2/list 304 0 0 33
2020-01-21 05:26:12 ::1 GET /include/runnerJS/RunnerAll.js - 8087 - ::1 Mozilla/5.0+(Windows+NT+10.0;+Win64;+x64;+rv:72.0)+Gecko/20100101+Firefox/72.0 http://localhost:8087/dbo_Permisos2/list 304 0 0 33
2020-01-21 05:26:12 ::1 GET /include/lang/Spanish.js - 8087 - ::1 Mozilla/5.0+(Windows+NT+10.0;+Win64;+x64;+rv:72.0)+Gecko/20100101+Firefox/72.0 http://localhost:8087/dbo_Permisos2/list 304 0 0 37
2020-01-21 05:26:12 ::1 GET /styles/pages/dbo_Permisos2_list.css - 8087 - ::1 Mozilla/5.0+(Windows+NT+10.0;+Win64;+x64;+rv:72.0)+Gecko/20100101+Firefox/72.0 http://localhost:8087/dbo_Permisos2/list 200 0 0 56
2020-01-21 05:26:12 ::1 GET /include/ajaxsuggest.js - 8087 - ::1 Mozilla/5.0+(Windows+NT+10.0;+Win64;+x64;+rv:72.0)+Gecko/20100101+Firefox/72.0 http://localhost:8087/dbo_Permisos2/list 304 0 0 12
2020-01-21 05:26:12 ::1 GET /styles/bootstrap/fonts/glyphicons-halflings-regular.woff2 - 8087 - ::1 Mozilla/5.0+(Windows+NT+10.0;+Win64;+x64;+rv:72.0)+Gecko/20100101+Firefox/72.0 http://localhost:8087/styles/bootstrap/default/small/style.css 404 3 50 4
2020-01-21 05:27:34 ::1 GET /dbo_REGISTRO_HORAS_COMPESADAS/list - 8087 - ::1 Mozilla/5.0+(Windows+NT+10.0;+Win64;+x64;+rv:72.0)+Gecko/20100101+Firefox/72.0 http://localhost:8087/dbo_Permisos2/list 200 0 0 7274
2020-01-21 05:27:34 ::1 GET /styles/bootstrap/default/small/style.css - 8087 - ::1 Mozilla/5.0+(Windows+NT+10.0;+Win64;+x64;+rv:72.0)+Gecko/20100101+Firefox/72.0 http://localhost:8087/dbo_REGISTRO_HORAS_COMPESADAS/list 304 0 0 42
2020-01-21 05:27:34 ::1 GET /include/loadfirst.js - 8087 - ::1 Mozilla/5.0+(Windows+NT+10.0;+Win64;+x64;+rv:72.0)+Gecko/20100101+Firefox/72.0 http://localhost:8087/dbo_REGISTRO_HORAS_COMPESADAS/list 304 0 0 31
2020-01-21 05:27:34 ::1 GET /include/lang/Spanish.js - 8087 - ::1 Mozilla/5.0+(Windows+NT+10.0;+Win64;+x64;+rv:72.0)+Gecko/20100101+Firefox/72.0 http://localhost:8087/dbo_REGISTRO_HORAS_COMPESADAS/list 304 0 0 32
2020-01-21 05:27:34 ::1 GET /include/runnerJS/RunnerAll.js - 8087 - ::1 Mozilla/5.0+(Windows+NT+10.0;+Win64;+x64;+rv:72.0)+Gecko/20100101+Firefox/72.0 http://localhost:8087/dbo_REGISTRO_HORAS_COMPESADAS/list 304 0 0 32
2020-01-21 05:27:34 ::1 GET /styles/pages/dbo_REGISTRO_HORAS_COMPESADAS_list.css - 8087 - ::1 Mozilla/5.0+(Windows+NT+10.0;+Win64;+x64;+rv:72.0)+Gecko/20100101+Firefox/72.0 http://localhost:8087/dbo_REGISTRO_HORAS_COMPESADAS/list 200 0 0 32
2020-01-21 05:27:34 ::1 GET /include/ajaxsuggest.js - 8087 - ::1 Mozilla/5.0+(Windows+NT+10.0;+Win64;+x64;+rv:72.0)+Gecko/20100101+Firefox/72.0 http://localhost:8087/dbo_REGISTRO_HORAS_COMPESADAS/list 304 0 0 9
2020-01-21 05:27:34 ::1 GET /styles/bootstrap/fonts/glyphicons-halflings-regular.woff2 - 8087 - ::1 Mozilla/5.0+(Windows+NT+10.0;+Win64;+x64;+rv:72.0)+Gecko/20100101+Firefox/72.0 http://localhost:8087/styles/bootstrap/default/small/style.css 404 3 50 6
2020-01-21 05:28:14 ::1 GET /dbo_Permisos2/list - 8087 - ::1 Mozilla/5.0+(Windows+NT+10.0;+Win64;+x64;+rv:72.0)+Gecko/20100101+Firefox/72.0 http://localhost:8087/dbo_REGISTRO_HORAS_COMPESADAS/list 200 0 0 4250
2020-01-21 05:28:14 ::1 GET /styles/bootstrap/default/small/style.css - 8087 - ::1 Mozilla/5.0+(Windows+NT+10.0;+Win64;+x64;+rv:72.0)+Gecko/20100101+Firefox/72.0 http://localhost:8087/dbo_Permisos2/list 304 0 0 47
2020-01-21 05:28:14 ::1 GET /include/runnerJS/RunnerAll.js - 8087 - ::1 Mozilla/5.0+(Windows+NT+10.0;+Win64;+x64;+rv:72.0)+Gecko/20100101+Firefox/72.0 http://localhost:8087/dbo_Permisos2/list 304 0 0 33
2020-01-21 05:28:14 ::1 GET /styles/pages/dbo_Permisos2_list.css - 8087 - ::1 Mozilla/5.0+(Windows+NT+10.0;+Win64;+x64;+rv:72.0)+Gecko/20100101+Firefox/72.0 http://localhost:8087/dbo_Permisos2/list 200 0 0 33
2020-01-21 05:28:14 ::1 GET /include/loadfirst.js - 8087 - ::1 Mozilla/5.0+(Windows+NT+10.0;+Win64;+x64;+rv:72.0)+Gecko/20100101+Firefox/72.0 http://localhost:8087/dbo_Permisos2/list 304 0 0 33
2020-01-21 05:28:14 ::1 GET /include/lang/Spanish.js - 8087 - ::1 Mozilla/5.0+(Windows+NT+10.0;+Win64;+x64;+rv:72.0)+Gecko/20100101+Firefox/72.0 http://localhost:8087/dbo_Permisos2/list 304 0 0 33
2020-01-21 05:28:14 ::1 GET /include/ajaxsuggest.js - 8087 - ::1 Mozilla/5.0+(Windows+NT+10.0;+Win64;+x64;+rv:72.0)+Gecko/20100101+Firefox/72.0 http://localhost:8087/dbo_Permisos2/list 304 0 0 16
2020-01-21 05:28:14 ::1 GET /styles/bootstrap/fonts/glyphicons-halflings-regular.woff2 - 8087 - ::1 Mozilla/5.0+(Windows+NT+10.0;+Win64;+x64;+rv:72.0)+Gecko/20100101+Firefox/72.0 http://localhost:8087/styles/bootstrap/default/small/style.css 404 3 50 4
2020-01-21 05:34:32 ::1 GET /INGRESAR_PERMISO/list - 8087 - ::1 Mozilla/5.0+(Windows+NT+10.0;+Win64;+x64;+rv:72.0)+Gecko/20100101+Firefox/72.0 http://localhost:8087/dbo_Permisos2/list 200 0 0 3099
2020-01-21 05:34:32 ::1 GET /styles/bootstrap/default/small/style.css - 8087 - ::1 Mozilla/5.0+(Windows+NT+10.0;+Win64;+x64;+rv:72.0)+Gecko/20100101+Firefox/72.0 http://localhost:8087/INGRESAR_PERMISO/list 304 0 0 44
2020-01-21 05:34:32 ::1 GET /include/loadfirst.js - 8087 - ::1 Mozilla/5.0+(Windows+NT+10.0;+Win64;+x64;+rv:72.0)+Gecko/20100101+Firefox/72.0 http://localhost:8087/INGRESAR_PERMISO/list 304 0 0 43
2020-01-21 05:34:32 ::1 GET /include/runnerJS/RunnerAll.js - 8087 - ::1 Mozilla/5.0+(Windows+NT+10.0;+Win64;+x64;+rv:72.0)+Gecko/20100101+Firefox/72.0 http://localhost:8087/INGRESAR_PERMISO/list 304 0 0 49
2020-01-21 05:34:32 ::1 GET /include/lang/Spanish.js - 8087 - ::1 Mozilla/5.0+(Windows+NT+10.0;+Win64;+x64;+rv:72.0)+Gecko/20100101+Firefox/72.0 http://localhost:8087/INGRESAR_PERMISO/list 304 0 0 49
2020-01-21 05:34:32 ::1 GET /styles/pages/INGRESAR_PERMISO_list.css - 8087 - ::1 Mozilla/5.0+(Windows+NT+10.0;+Win64;+x64;+rv:72.0)+Gecko/20100101+Firefox/72.0 http://localhost:8087/INGRESAR_PERMISO/list 200 0 0 63
2020-01-21 05:34:32 ::1 GET /include/ajaxsuggest.js - 8087 - ::1 Mozilla/5.0+(Windows+NT+10.0;+Win64;+x64;+rv:72.0)+Gecko/20100101+Firefox/72.0 http://localhost:8087/INGRESAR_PERMISO/list 304 0 0 9
2020-01-21 05:34:32 ::1 GET /styles/bootstrap/fonts/glyphicons-halflings-regular.woff2 - 8087 - ::1 Mozilla/5.0+(Windows+NT+10.0;+Win64;+x64;+rv:72.0)+Gecko/20100101+Firefox/72.0 http://localhost:8087/styles/bootstrap/default/small/style.css 404 3 50 5
2020-01-21 05:34:38 ::1 GET /dbo_Permisos2/list - 8087 - ::1 Mozilla/5.0+(Windows+NT+10.0;+Win64;+x64;+rv:72.0)+Gecko/20100101+Firefox/72.0 http://localhost:8087/INGRESAR_PERMISO/list 200 0 0 2582
2020-01-21 05:34:38 ::1 GET /styles/pages/dbo_Permisos2_list.css - 8087 - ::1 Mozilla/5.0+(Windows+NT+10.0;+Win64;+x64;+rv:72.0)+Gecko/20100101+Firefox/72.0 http://localhost:8087/dbo_Permisos2/list 304 0 0 42
2020-01-21 05:34:38 ::1 GET /styles/bootstrap/fonts/glyphicons-halflings-regular.woff2 - 8087 - ::1 Mozilla/5.0+(Windows+NT+10.0;+Win64;+x64;+rv:72.0)+Gecko/20100101+Firefox/72.0 http://localhost:8087/styles/bootstrap/default/small/style.css 404 3 50 4
2020-01-21 05:34:44 ::1 GET /INGRESAR_PERMISO/list - 8087 - ::1 Mozilla/5.0+(Windows+NT+10.0;+Win64;+x64;+rv:72.0)+Gecko/20100101+Firefox/72.0 http://localhost:8087/dbo_Permisos2/list 200 0 0 2261
2020-01-21 05:34:44 ::1 GET /styles/pages/INGRESAR_PERMISO_list.css - 8087 - ::1 Mozilla/5.0+(Windows+NT+10.0;+Win64;+x64;+rv:72.0)+Gecko/20100101+Firefox/72.0 http://localhost:8087/INGRESAR_PERMISO/list 304 0 0 24
2020-01-21 05:34:44 ::1 GET /styles/bootstrap/fonts/glyphicons-halflings-regular.woff2 - 8087 - ::1 Mozilla/5.0+(Windows+NT+10.0;+Win64;+x64;+rv:72.0)+Gecko/20100101+Firefox/72.0 http://localhost:8087/styles/bootstrap/default/small/style.css 404 3 50 4
2020-01-21 05:34:52 ::1 GET /dbo_Permisos2/list - 8087 - ::1 Mozilla/5.0+(Windows+NT+10.0;+Win64;+x64;+rv:72.0)+Gecko/20100101+Firefox/72.0 http://localhost:8087/INGRESAR_PERMISO/list 200 0 0 2310
2020-01-21 05:34:52 ::1 GET /styles/bootstrap/fonts/glyphicons-halflings-regular.woff2 - 8087 - ::1 Mozilla/5.0+(Windows+NT+10.0;+Win64;+x64;+rv:72.0)+Gecko/20100101+Firefox/72.0 http://localhost:8087/styles/bootstrap/default/small/style.css 404 3 50 4
2020-01-21 05:35:01 ::1 GET /INGRESAR_PERMISO/list - 8087 - ::1 Mozilla/5.0+(Windows+NT+10.0;+Win64;+x64;+rv:72.0)+Gecko/20100101+Firefox/72.0 http://localhost:8087/dbo_Permisos2/list 200 0 0 2654
2020-01-21 05:35:01 ::1 GET /styles/bootstrap/fonts/glyphicons-halflings-regular.woff2 - 8087 - ::1 Mozilla/5.0+(Windows+NT+10.0;+Win64;+x64;+rv:72.0)+Gecko/20100101+Firefox/72.0 http://localhost:8087/styles/bootstrap/default/small/style.css 404 3 50 4
2020-01-21 05:37:50 ::1 GET /dbo_Permisos2/list - 8087 - ::1 Mozilla/5.0+(Windows+NT+10.0;+Win64;+x64;+rv:72.0)+Gecko/20100101+Firefox/72.0 http://localhost:8087/INGRESAR_PERMISO/list 200 0 0 10049
2020-01-21 05:37:50 ::1 GET /styles/bootstrap/default/small/style.css - 8087 - ::1 Mozilla/5.0+(Windows+NT+10.0;+Win64;+x64;+rv:72.0)+Gecko/20100101+Firefox/72.0 http://localhost:8087/dbo_Permisos2/list 304 0 0 55
2020-01-21 05:37:50 ::1 GET /styles/pages/dbo_Permisos2_list.css - 8087 - ::1 Mozilla/5.0+(Windows+NT+10.0;+Win64;+x64;+rv:72.0)+Gecko/20100101+Firefox/72.0 http://localhost:8087/dbo_Permisos2/list 304 0 0 35
2020-01-21 05:37:50 ::1 GET /include/loadfirst.js - 8087 - ::1 Mozilla/5.0+(Windows+NT+10.0;+Win64;+x64;+rv:72.0)+Gecko/20100101+Firefox/72.0 http://localhost:8087/dbo_Permisos2/list 304 0 0 36
2020-01-21 05:37:50 ::1 GET /include/lang/Spanish.js - 8087 - ::1 Mozilla/5.0+(Windows+NT+10.0;+Win64;+x64;+rv:72.0)+Gecko/20100101+Firefox/72.0 http://localhost:8087/dbo_Permisos2/list 304 0 0 47
2020-01-21 05:37:50 ::1 GET /include/runnerJS/RunnerAll.js - 8087 - ::1 Mozilla/5.0+(Windows+NT+10.0;+Win64;+x64;+rv:72.0)+Gecko/20100101+Firefox/72.0 http://localhost:8087/dbo_Permisos2/list 304 0 0 16
2020-01-21 05:37:50 ::1 GET /include/ajaxsuggest.js - 8087 - ::1 Mozilla/5.0+(Windows+NT+10.0;+Win64;+x64;+rv:72.0)+Gecko/20100101+Firefox/72.0 http://localhost:8087/dbo_Permisos2/list 304 0 0 14
2020-01-21 05:37:50 ::1 GET /styles/bootstrap/fonts/glyphicons-halflings-regular.woff2 - 8087 - ::1 Mozilla/5.0+(Windows+NT+10.0;+Win64;+x64;+rv:72.0)+Gecko/20100101+Firefox/72.0 http://localhost:8087/styles/bootstrap/default/small/style.css 404 3 50 9
2020-01-21 05:38:03 ::1 GET /APROBAR_COMPESADOS/list - 8087 - ::1 Mozilla/5.0+(Windows+NT+10.0;+Win64;+x64;+rv:72.0)+Gecko/20100101+Firefox/72.0 http://localhost:8087/dbo_Permisos2/list 200 0 0 1460
2020-01-21 05:38:03 ::1 GET /styles/pages/APROBAR_COMPESADOS_list.css - 8087 - ::1 Mozilla/5.0+(Windows+NT+10.0;+Win64;+x64;+rv:72.0)+Gecko/20100101+Firefox/72.0 http://localhost:8087/APROBAR_COMPESADOS/list 200 0 0 51
2020-01-21 05:38:03 ::1 GET /styles/bootstrap/fonts/glyphicons-halflings-regular.woff2 - 8087 - ::1 Mozilla/5.0+(Windows+NT+10.0;+Win64;+x64;+rv:72.0)+Gecko/20100101+Firefox/72.0 http://localhost:8087/styles/bootstrap/default/small/style.css 404 3 50 5
2020-01-21 05:39:16 ::1 GET /APROBACION_COMPESADOS_JEFEINMEDIATO/list - 8087 - ::1 Mozilla/5.0+(Windows+NT+10.0;+Win64;+x64;+rv:72.0)+Gecko/20100101+Firefox/72.0 http://localhost:8087/APROBAR_COMPESADOS/list 200 0 0 5045
2020-01-21 05:39:16 ::1 GET /styles/pages/APROBACION_COMPESADOS_JEFEINMEDIATO_list.css - 8087 - ::1 Mozilla/5.0+(Windows+NT+10.0;+Win64;+x64;+rv:72.0)+Gecko/20100101+Firefox/72.0 http://localhost:8087/APROBACION_COMPESADOS_JEFEINMEDIATO/list 200 0 0 52
2020-01-21 05:39:16 ::1 GET /styles/bootstrap/fonts/glyphicons-halflings-regular.woff2 - 8087 - ::1 Mozilla/5.0+(Windows+NT+10.0;+Win64;+x64;+rv:72.0)+Gecko/20100101+Firefox/72.0 http://localhost:8087/styles/bootstrap/default/small/style.css 404 3 50 6
2020-01-21 05:39:54 ::1 GET /dbo_Permisos2/list - 8087 - ::1 Mozilla/5.0+(Windows+NT+10.0;+Win64;+x64;+rv:72.0)+Gecko/20100101+Firefox/72.0 http://localhost:8087/APROBACION_COMPESADOS_JEFEINMEDIATO/list 500 0 0 1667
2020-01-21 05:40:05 ::1 GET /dbo_Permisos2/list - 8087 - ::1 Mozilla/5.0+(Windows+NT+10.0;+Win64;+x64;+rv:72.0)+Gecko/20100101+Firefox/72.0 - 200 0 0 4785
2020-01-21 05:40:05 ::1 GET /styles/bootstrap/default/small/style.css - 8087 - ::1 Mozilla/5.0+(Windows+NT+10.0;+Win64;+x64;+rv:72.0)+Gecko/20100101+Firefox/72.0 http://localhost:8087/dbo_Permisos2/list 304 0 0 16
2020-01-21 05:40:05 ::1 GET /styles/pages/dbo_Permisos2_list.css - 8087 - ::1 Mozilla/5.0+(Windows+NT+10.0;+Win64;+x64;+rv:72.0)+Gecko/20100101+Firefox/72.0 http://localhost:8087/dbo_Permisos2/list 304 0 0 57
2020-01-21 05:40:05 ::1 GET /include/lang/Spanish.js - 8087 - ::1 Mozilla/5.0+(Windows+NT+10.0;+Win64;+x64;+rv:72.0)+Gecko/20100101+Firefox/72.0 http://localhost:8087/dbo_Permisos2/list 304 0 0 24
2020-01-21 05:40:05 ::1 GET /include/loadfirst.js - 8087 - ::1 Mozilla/5.0+(Windows+NT+10.0;+Win64;+x64;+rv:72.0)+Gecko/20100101+Firefox/72.0 http://localhost:8087/dbo_Permisos2/list 304 0 0 44
2020-01-21 05:40:05 ::1 GET /include/runnerJS/RunnerAll.js - 8087 - ::1 Mozilla/5.0+(Windows+NT+10.0;+Win64;+x64;+rv:72.0)+Gecko/20100101+Firefox/72.0 http://localhost:8087/dbo_Permisos2/list 304 0 0 63
2020-01-21 05:40:05 ::1 GET /include/ajaxsuggest.js - 8087 - ::1 Mozilla/5.0+(Windows+NT+10.0;+Win64;+x64;+rv:72.0)+Gecko/20100101+Firefox/72.0 http://localhost:8087/dbo_Permisos2/list 304 0 0 20
2020-01-21 05:40:05 ::1 GET /styles/bootstrap/fonts/glyphicons-halflings-regular.woff2 - 8087 - ::1 Mozilla/5.0+(Windows+NT+10.0;+Win64;+x64;+rv:72.0)+Gecko/20100101+Firefox/72.0 http://localhost:8087/styles/bootstrap/default/small/style.css 404 3 50 4
2020-01-21 05:40:18 ::1 GET /dbo_Permisos2/add - 8087 - ::1 Mozilla/5.0+(Windows+NT+10.0;+Win64;+x64;+rv:72.0)+Gecko/20100101+Firefox/72.0 http://localhost:8087/dbo_Permisos2/list 200 0 0 5311
2020-01-21 05:40:18 ::1 GET /styles/pages/dbo_Permisos2_add.css - 8087 - ::1 Mozilla/5.0+(Windows+NT+10.0;+Win64;+x64;+rv:72.0)+Gecko/20100101+Firefox/72.0 http://localhost:8087/dbo_Permisos2/add 200 0 0 38
2020-01-21 05:40:18 ::1 GET /include/zoombox/zoombox.css - 8087 - ::1 Mozilla/5.0+(Windows+NT+10.0;+Win64;+x64;+rv:72.0)+Gecko/20100101+Firefox/72.0 http://localhost:8087/dbo_Permisos2/add 200 0 64 31
2020-01-21 05:40:18 ::1 GET /styles/bootstrap/fonts/glyphicons-halflings-regular.woff2 - 8087 - ::1 Mozilla/5.0+(Windows+NT+10.0;+Win64;+x64;+rv:72.0)+Gecko/20100101+Firefox/72.0 http://localhost:8087/styles/bootstrap/default/small/style.css 404 3 50 5
2020-01-21 05:40:18 ::1 GET /include/button_Ver_Instrutivo.js - 8087 - ::1 Mozilla/5.0+(Windows+NT+10.0;+Win64;+x64;+rv:72.0)+Gecko/20100101+Firefox/72.0 http://localhost:8087/dbo_Permisos2/add 200 0 0 33
2020-01-21 05:40:18 ::1 GET /include/button_Guia_de_Permisos.js - 8087 - ::1 Mozilla/5.0+(Windows+NT+10.0;+Win64;+x64;+rv:72.0)+Gecko/20100101+Firefox/72.0 http://localhost:8087/dbo_Permisos2/add 200 0 0 59
2020-01-21 05:40:18 ::1 GET /include/mupload.js - 8087 - ::1 Mozilla/5.0+(Windows+NT+10.0;+Win64;+x64;+rv:72.0)+Gecko/20100101+Firefox/72.0 http://localhost:8087/dbo_Permisos2/add 200 0 0 136
2020-01-21 05:43:49 ::1 POST /dbo_Permisos2/add page=add&submit=1& 8087 - ::1 Mozilla/5.0+(Windows+NT+10.0;+Win64;+x64;+rv:72.0)+Gecko/20100101+Firefox/72.0 http://localhost:8087/dbo_Permisos2/add 500 0 0 74569
2020-01-21 05:44:29 ::1 POST /dbo_Permisos2/add page=add&submit=1& 8087 - ::1 Mozilla/5.0+(Windows+NT+10.0;+Win64;+x64;+rv:72.0)+Gecko/20100101+Firefox/72.0 http://localhost:8087/dbo_Permisos2/add 200 0 0 2364
2020-01-21 05:44:29 ::1 GET /styles/default.css - 8087 - ::1 Mozilla/5.0+(Windows+NT+10.0;+Win64;+x64;+rv:72.0)+Gecko/20100101+Firefox/72.0 http://localhost:8087/dbo_Permisos2/add?page=add&submit=1& 304 0 0 96
2020-01-21 05:44:29 ::1 GET /include/bootstrap/css/jquery.mCustomScrollbar.css - 8087 - ::1 Mozilla/5.0+(Windows+NT+10.0;+Win64;+x64;+rv:72.0)+Gecko/20100101+Firefox/72.0 http://localhost:8087/dbo_Permisos2/add?page=add&submit=1& 304 0 0 96
2020-01-21 05:44:29 ::1 GET /styles/pages/dbo_Permisos2_add.css - 8087 - ::1 Mozilla/5.0+(Windows+NT+10.0;+Win64;+x64;+rv:72.0)+Gecko/20100101+Firefox/72.0 http://localhost:8087/dbo_Permisos2/add?page=add&submit=1& 304 0 0 114
2020-01-21 05:44:29 ::1 GET /include/jquery-ui/smoothness/jquery-ui.min.css - 8087 - ::1 Mozilla/5.0+(Windows+NT+10.0;+Win64;+x64;+rv:72.0)+Gecko/20100101+Firefox/72.0 http://localhost:8087/dbo_Permisos2/add?page=add&submit=1& 304 0 0 148
2020-01-21 05:44:29 ::1 GET /styles/bootstrap/default/small/style.css - 8087 - ::1 Mozilla/5.0+(Windows+NT+10.0;+Win64;+x64;+rv:72.0)+Gecko/20100101+Firefox/72.0 http://localhost:8087/dbo_Permisos2/add?page=add&submit=1& 304 0 0 166
2020-01-21 05:44:29 ::1 GET /styles/font-awesome/css/font-awesome.min.css - 8087 - ::1 Mozilla/5.0+(Windows+NT+10.0;+Win64;+x64;+rv:72.0)+Gecko/20100101+Firefox/72.0 http://localhost:8087/dbo_Permisos2/add?page=add&submit=1& 304 0 0 193
2020-01-21 05:44:29 ::1 GET /include/zoombox/zoombox.css - 8087 - ::1 Mozilla/5.0+(Windows+NT+10.0;+Win64;+x64;+rv:72.0)+Gecko/20100101+Firefox/72.0 http://localhost:8087/dbo_Permisos2/add?page=add&submit=1& 304 0 0 112
2020-01-21 05:44:29 ::1 GET /include/jquery-ui/smoothness/jquery-ui.theme.min.css - 8087 - ::1 Mozilla/5.0+(Windows+NT+10.0;+Win64;+x64;+rv:72.0)+Gecko/20100101+Firefox/72.0 http://localhost:8087/dbo_Permisos2/add?page=add&submit=1& 304 0 0 117
2020-01-21 05:44:29 ::1 GET /include/bootstrap/css/bootstrap-datetimepicker.min.css - 8087 - ::1 Mozilla/5.0+(Windows+NT+10.0;+Win64;+x64;+rv:72.0)+Gecko/20100101+Firefox/72.0 http://localhost:8087/dbo_Permisos2/add?page=add&submit=1& 304 0 0 160
2020-01-21 05:44:29 ::1 GET /include/lang/Spanish.js - 8087 - ::1 Mozilla/5.0+(Windows+NT+10.0;+Win64;+x64;+rv:72.0)+Gecko/20100101+Firefox/72.0 http://localhost:8087/dbo_Permisos2/add?page=add&submit=1& 304 0 0 169
2020-01-21 05:44:31 ::1 GET /include/loadfirst.js - 8087 - ::1 Mozilla/5.0+(Windows+NT+10.0;+Win64;+x64;+rv:72.0)+Gecko/20100101+Firefox/72.0 http://localhost:8087/dbo_Permisos2/add?page=add&submit=1& 304 0 0 1615
2020-01-21 05:44:31 ::1 GET /include/runnerJS/RunnerAll.js - 8087 - ::1 Mozilla/5.0+(Windows+NT+10.0;+Win64;+x64;+rv:72.0)+Gecko/20100101+Firefox/72.0 http://localhost:8087/dbo_Permisos2/add?page=add&submit=1& 304 0 0 1773
2020-01-21 05:44:31 ::1 GET /styles/bootstrap/fonts/glyphicons-halflings-regular.woff2 - 8087 - ::1 Mozilla/5.0+(Windows+NT+10.0;+Win64;+x64;+rv:72.0)+Gecko/20100101+Firefox/72.0 http://localhost:8087/styles/bootstrap/default/small/style.css 404 3 50 77
2020-01-21 05:44:31 ::1 GET /include/button_Ver_Instrutivo.js - 8087 - ::1 Mozilla/5.0+(Windows+NT+10.0;+Win64;+x64;+rv:72.0)+Gecko/20100101+Firefox/72.0 http://localhost:8087/dbo_Permisos2/add?page=add&submit=1& 304 0 0 34
2020-01-21 05:44:31 ::1 GET /include/ajaxsuggest.js - 8087 - ::1 Mozilla/5.0+(Windows+NT+10.0;+Win64;+x64;+rv:72.0)+Gecko/20100101+Firefox/72.0 http://localhost:8087/dbo_Permisos2/add?page=add&submit=1& 304 0 0 45
2020-01-21 05:44:31 ::1 GET /include/button_Guia_de_Permisos.js - 8087 - ::1 Mozilla/5.0+(Windows+NT+10.0;+Win64;+x64;+rv:72.0)+Gecko/20100101+Firefox/72.0 http://localhost:8087/dbo_Permisos2/add?page=add&submit=1& 304 0 0 84
2020-01-21 05:44:31 ::1 GET /include/zoombox/zoombox.js - 8087 - ::1 Mozilla/5.0+(Windows+NT+10.0;+Win64;+x64;+rv:72.0)+Gecko/20100101+Firefox/72.0 http://localhost:8087/dbo_Permisos2/add?page=add&submit=1& 304 0 0 119
2020-01-21 05:44:31 ::1 GET /styles/bootstrap/fonts/glyphicons-halflings-regular.woff - 8087 - ::1 Mozilla/5.0+(Windows+NT+10.0;+Win64;+x64;+rv:72.0)+Gecko/20100101+Firefox/72.0 http://localhost:8087/styles/bootstrap/default/small/style.css 304 0 0 124
2020-01-21 05:44:31 ::1 GET /include/mupload.js - 8087 - ::1 Mozilla/5.0+(Windows+NT+10.0;+Win64;+x64;+rv:72.0)+Gecko/20100101+Firefox/72.0 http://localhost:8087/dbo_Permisos2/add?page=add&submit=1& 304 0 0 190
2020-01-21 05:46:27 ::1 GET /dbo_Permisos2/list a=return 8087 - ::1 Mozilla/5.0+(Windows+NT+10.0;+Win64;+x64;+rv:72.0)+Gecko/20100101+Firefox/72.0 http://localhost:8087/dbo_Permisos2/add?page=add&submit=1& 500 0 64 29987
