#Software: Microsoft Internet Information Services 10.0
#Version: 1.0
#Date: 2020-01-23 06:22:46
#Fields: date time s-ip cs-method cs-uri-stem cs-uri-query s-port cs-username c-ip cs(User-Agent) cs(Referer) sc-status sc-substatus sc-win32-status time-taken
2020-01-23 06:22:46 127.0.0.1 GET / - 8087 - 127.0.0.1 Mozilla/5.0+(Windows+NT+6.1;+WOW64)+AppleWebKit/536.6+(KHTML,+like+Gecko)+Chrome/20.0.1092.0+Safari/536.6 - 200 0 0 60712
2020-01-23 06:22:48 127.0.0.1 GET /INGRESAR_COMPESADO/list - 8087 - 127.0.0.1 Mozilla/5.0+(Windows+NT+6.1;+WOW64)+AppleWebKit/536.6+(KHTML,+like+Gecko)+Chrome/20.0.1092.0+Safari/536.6 - 302 0 0 1721
2020-01-23 06:22:48 127.0.0.1 GET /login return=true& 8087 - 127.0.0.1 Mozilla/5.0+(Windows+NT+6.1;+WOW64)+AppleWebKit/536.6+(KHTML,+like+Gecko)+Chrome/20.0.1092.0+Safari/536.6 - 200 0 0 619
2020-01-23 06:25:32 ::1 GET / - 8087 - ::1 Mozilla/5.0+(Windows+NT+10.0;+Win64;+x64;+rv:72.0)+Gecko/20100101+Firefox/72.0 - 200 0 0 1203
2020-01-23 06:25:32 ::1 GET /styles/pages/.global_login.css - 8087 - ::1 Mozilla/5.0+(Windows+NT+10.0;+Win64;+x64;+rv:72.0)+Gecko/20100101+Firefox/72.0 http://localhost:8087/ 200 0 0 23
2020-01-23 06:25:32 ::1 GET /styles/font-awesome/css/font-awesome.min.css - 8087 - ::1 Mozilla/5.0+(Windows+NT+10.0;+Win64;+x64;+rv:72.0)+Gecko/20100101+Firefox/72.0 http://localhost:8087/ 200 0 64 179
2020-01-23 06:25:32 ::1 GET /styles/default.css - 8087 - ::1 Mozilla/5.0+(Windows+NT+10.0;+Win64;+x64;+rv:72.0)+Gecko/20100101+Firefox/72.0 http://localhost:8087/ 200 0 64 193
2020-01-23 06:25:32 ::1 GET /include/bootstrap/css/jquery.mCustomScrollbar.css - 8087 - ::1 Mozilla/5.0+(Windows+NT+10.0;+Win64;+x64;+rv:72.0)+Gecko/20100101+Firefox/72.0 http://localhost:8087/ 200 0 64 211
2020-01-23 06:25:32 ::1 GET /include/lang/Spanish.js - 8087 - ::1 Mozilla/5.0+(Windows+NT+10.0;+Win64;+x64;+rv:72.0)+Gecko/20100101+Firefox/72.0 http://localhost:8087/ 200 0 0 248
2020-01-23 06:25:32 ::1 GET /include/jquery-ui/smoothness/jquery-ui.min.css - 8087 - ::1 Mozilla/5.0+(Windows+NT+10.0;+Win64;+x64;+rv:72.0)+Gecko/20100101+Firefox/72.0 http://localhost:8087/ 200 0 64 271
2020-01-23 06:25:32 ::1 GET /styles/bootstrap/default/small/style.css - 8087 - ::1 Mozilla/5.0+(Windows+NT+10.0;+Win64;+x64;+rv:72.0)+Gecko/20100101+Firefox/72.0 http://localhost:8087/ 200 0 0 726
2020-01-23 06:25:33 ::1 GET /include/loadfirst.js - 8087 - ::1 Mozilla/5.0+(Windows+NT+10.0;+Win64;+x64;+rv:72.0)+Gecko/20100101+Firefox/72.0 http://localhost:8087/ 200 0 0 986
2020-01-23 06:25:33 ::1 GET /include/runnerJS/RunnerAll.js - 8087 - ::1 Mozilla/5.0+(Windows+NT+10.0;+Win64;+x64;+rv:72.0)+Gecko/20100101+Firefox/72.0 http://localhost:8087/ 200 0 0 1185
2020-01-23 06:25:33 ::1 GET /include/runnerJS/events/globalevents.js - 8087 - ::1 Mozilla/5.0+(Windows+NT+10.0;+Win64;+x64;+rv:72.0)+Gecko/20100101+Firefox/72.0 http://localhost:8087/ 200 0 0 9
2020-01-23 06:25:33 ::1 GET /include/ajaxsuggest.js - 8087 - ::1 Mozilla/5.0+(Windows+NT+10.0;+Win64;+x64;+rv:72.0)+Gecko/20100101+Firefox/72.0 http://localhost:8087/ 200 0 0 59
2020-01-23 06:25:34 ::1 GET /favicon.ico - 8087 - ::1 Mozilla/5.0+(Windows+NT+10.0;+Win64;+x64;+rv:72.0)+Gecko/20100101+Firefox/72.0 - 404 0 64 313
2020-01-23 06:25:41 ::1 POST /login - 8087 - ::1 Mozilla/5.0+(Windows+NT+10.0;+Win64;+x64;+rv:72.0)+Gecko/20100101+Firefox/72.0 http://localhost:8087/ 200 0 0 2112
2020-01-23 06:25:41 ::1 GET /styles/pages/.global_login.css - 8087 - ::1 Mozilla/5.0+(Windows+NT+10.0;+Win64;+x64;+rv:72.0)+Gecko/20100101+Firefox/72.0 http://localhost:8087/login 200 0 0 29
2020-01-23 06:25:41 ::1 GET /include/lang/Spanish.js - 8087 - ::1 Mozilla/5.0+(Windows+NT+10.0;+Win64;+x64;+rv:72.0)+Gecko/20100101+Firefox/72.0 http://localhost:8087/login 200 0 0 58
2020-01-23 06:25:41 ::1 GET /styles/bootstrap/default/small/style.css - 8087 - ::1 Mozilla/5.0+(Windows+NT+10.0;+Win64;+x64;+rv:72.0)+Gecko/20100101+Firefox/72.0 http://localhost:8087/login 200 0 64 116
2020-01-23 06:25:41 ::1 GET /include/runnerJS/events/globalevents.js - 8087 - ::1 Mozilla/5.0+(Windows+NT+10.0;+Win64;+x64;+rv:72.0)+Gecko/20100101+Firefox/72.0 http://localhost:8087/login 200 0 0 15
2020-01-23 06:25:59 ::1 POST /login - 8087 - ::1 Mozilla/5.0+(Windows+NT+10.0;+Win64;+x64;+rv:72.0)+Gecko/20100101+Firefox/72.0 http://localhost:8087/login 302 0 0 944
2020-01-23 06:26:08 ::1 GET /menu - 8087 - ::1 Mozilla/5.0+(Windows+NT+10.0;+Win64;+x64;+rv:72.0)+Gecko/20100101+Firefox/72.0 http://localhost:8087/login 200 0 0 9344
2020-01-23 06:26:08 ::1 GET /styles/bootstrap/default/small/style.css - 8087 - ::1 Mozilla/5.0+(Windows+NT+10.0;+Win64;+x64;+rv:72.0)+Gecko/20100101+Firefox/72.0 http://localhost:8087/menu 304 0 0 25
2020-01-23 06:26:08 ::1 GET /include/loadfirst.js - 8087 - ::1 Mozilla/5.0+(Windows+NT+10.0;+Win64;+x64;+rv:72.0)+Gecko/20100101+Firefox/72.0 http://localhost:8087/menu 304 0 0 25
2020-01-23 06:26:08 ::1 GET /include/runnerJS/RunnerAll.js - 8087 - ::1 Mozilla/5.0+(Windows+NT+10.0;+Win64;+x64;+rv:72.0)+Gecko/20100101+Firefox/72.0 http://localhost:8087/menu 304 0 0 21
2020-01-23 06:26:08 ::1 GET /styles/pages/.global_menu.css - 8087 - ::1 Mozilla/5.0+(Windows+NT+10.0;+Win64;+x64;+rv:72.0)+Gecko/20100101+Firefox/72.0 http://localhost:8087/menu 200 0 0 21
2020-01-23 06:26:08 ::1 GET /styles/bootstrap/fonts/glyphicons-halflings-regular.woff2 - 8087 - ::1 Mozilla/5.0+(Windows+NT+10.0;+Win64;+x64;+rv:72.0)+Gecko/20100101+Firefox/72.0 http://localhost:8087/styles/bootstrap/default/small/style.css 404 3 50 50
2020-01-23 06:26:09 ::1 GET /styles/bootstrap/fonts/glyphicons-halflings-regular.woff - 8087 - ::1 Mozilla/5.0+(Windows+NT+10.0;+Win64;+x64;+rv:72.0)+Gecko/20100101+Firefox/72.0 http://localhost:8087/styles/bootstrap/default/small/style.css 200 0 64 27
2020-01-23 06:26:31 ::1 GET /dbo_REGISTRO_HORAS_COMPESADAS/list - 8087 - ::1 Mozilla/5.0+(Windows+NT+10.0;+Win64;+x64;+rv:72.0)+Gecko/20100101+Firefox/72.0 http://localhost:8087/menu 200 0 0 13612
2020-01-23 06:26:31 ::1 GET /include/lang/Spanish.js - 8087 - ::1 Mozilla/5.0+(Windows+NT+10.0;+Win64;+x64;+rv:72.0)+Gecko/20100101+Firefox/72.0 http://localhost:8087/dbo_REGISTRO_HORAS_COMPESADAS/list 304 0 0 15
2020-01-23 06:26:31 ::1 GET /styles/pages/dbo_REGISTRO_HORAS_COMPESADAS_list.css - 8087 - ::1 Mozilla/5.0+(Windows+NT+10.0;+Win64;+x64;+rv:72.0)+Gecko/20100101+Firefox/72.0 http://localhost:8087/dbo_REGISTRO_HORAS_COMPESADAS/list 200 0 0 38
2020-01-23 06:26:31 ::1 GET /include/ajaxsuggest.js - 8087 - ::1 Mozilla/5.0+(Windows+NT+10.0;+Win64;+x64;+rv:72.0)+Gecko/20100101+Firefox/72.0 http://localhost:8087/dbo_REGISTRO_HORAS_COMPESADAS/list 304 0 0 6
2020-01-23 06:26:31 ::1 GET /styles/bootstrap/fonts/glyphicons-halflings-regular.woff2 - 8087 - ::1 Mozilla/5.0+(Windows+NT+10.0;+Win64;+x64;+rv:72.0)+Gecko/20100101+Firefox/72.0 http://localhost:8087/styles/bootstrap/default/small/style.css 404 3 50 3
2020-01-23 06:30:09 ::1 GET /dbo_REGISTRO_HORAS_COMPESADAS/list a=logout 8087 - ::1 Mozilla/5.0+(Windows+NT+10.0;+Win64;+x64;+rv:72.0)+Gecko/20100101+Firefox/72.0 http://localhost:8087/dbo_REGISTRO_HORAS_COMPESADAS/list 302 0 0 477
2020-01-23 06:30:09 ::1 GET /login - 8087 - ::1 Mozilla/5.0+(Windows+NT+10.0;+Win64;+x64;+rv:72.0)+Gecko/20100101+Firefox/72.0 http://localhost:8087/dbo_REGISTRO_HORAS_COMPESADAS/list 200 0 0 707
2020-01-23 06:30:09 ::1 GET /styles/pages/.global_login.css - 8087 - ::1 Mozilla/5.0+(Windows+NT+10.0;+Win64;+x64;+rv:72.0)+Gecko/20100101+Firefox/72.0 http://localhost:8087/login 200 0 0 43
2020-01-23 06:30:09 ::1 GET /styles/bootstrap/default/small/style.css - 8087 - ::1 Mozilla/5.0+(Windows+NT+10.0;+Win64;+x64;+rv:72.0)+Gecko/20100101+Firefox/72.0 http://localhost:8087/login 304 0 0 55
2020-01-23 06:30:09 ::1 GET /include/loadfirst.js - 8087 - ::1 Mozilla/5.0+(Windows+NT+10.0;+Win64;+x64;+rv:72.0)+Gecko/20100101+Firefox/72.0 http://localhost:8087/login 304 0 0 41
2020-01-23 06:30:09 ::1 GET /include/lang/Spanish.js - 8087 - ::1 Mozilla/5.0+(Windows+NT+10.0;+Win64;+x64;+rv:72.0)+Gecko/20100101+Firefox/72.0 http://localhost:8087/login 304 0 0 41
2020-01-23 06:30:09 ::1 GET /include/runnerJS/RunnerAll.js - 8087 - ::1 Mozilla/5.0+(Windows+NT+10.0;+Win64;+x64;+rv:72.0)+Gecko/20100101+Firefox/72.0 http://localhost:8087/login 304 0 0 41
2020-01-23 06:30:11 ::1 GET /include/runnerJS/events/globalevents.js - 8087 - ::1 Mozilla/5.0+(Windows+NT+10.0;+Win64;+x64;+rv:72.0)+Gecko/20100101+Firefox/72.0 http://localhost:8087/login 304 0 0 11
2020-01-23 06:30:11 ::1 GET /include/ajaxsuggest.js - 8087 - ::1 Mozilla/5.0+(Windows+NT+10.0;+Win64;+x64;+rv:72.0)+Gecko/20100101+Firefox/72.0 http://localhost:8087/login 304 0 0 9
2020-01-23 06:30:33 ::1 POST /login - 8087 - ::1 Mozilla/5.0+(Windows+NT+10.0;+Win64;+x64;+rv:72.0)+Gecko/20100101+Firefox/72.0 http://localhost:8087/login 302 0 0 608
2020-01-23 06:30:33 ::1 GET /menu - 8087 - ::1 Mozilla/5.0+(Windows+NT+10.0;+Win64;+x64;+rv:72.0)+Gecko/20100101+Firefox/72.0 http://localhost:8087/login 200 0 0 939
2020-01-23 06:30:34 ::1 GET /styles/pages/.global_menu.css - 8087 - ::1 Mozilla/5.0+(Windows+NT+10.0;+Win64;+x64;+rv:72.0)+Gecko/20100101+Firefox/72.0 http://localhost:8087/menu 304 0 0 47
2020-01-23 06:30:34 ::1 GET /styles/bootstrap/fonts/glyphicons-halflings-regular.woff2 - 8087 - ::1 Mozilla/5.0+(Windows+NT+10.0;+Win64;+x64;+rv:72.0)+Gecko/20100101+Firefox/72.0 http://localhost:8087/styles/bootstrap/default/small/style.css 404 3 50 8
2020-01-23 06:35:02 ::1 GET /menu/ a=logout 8087 - ::1 Mozilla/5.0+(Windows+NT+10.0;+Win64;+x64;+rv:72.0)+Gecko/20100101+Firefox/72.0 http://localhost:8087/menu 302 0 0 387
2020-01-23 06:35:02 ::1 GET /login - 8087 - ::1 Mozilla/5.0+(Windows+NT+10.0;+Win64;+x64;+rv:72.0)+Gecko/20100101+Firefox/72.0 http://localhost:8087/menu 200 0 0 596
2020-01-23 06:35:02 ::1 GET /include/loadfirst.js - 8087 - ::1 Mozilla/5.0+(Windows+NT+10.0;+Win64;+x64;+rv:72.0)+Gecko/20100101+Firefox/72.0 http://localhost:8087/login 304 0 0 39
2020-01-23 06:35:02 ::1 GET /include/lang/Spanish.js - 8087 - ::1 Mozilla/5.0+(Windows+NT+10.0;+Win64;+x64;+rv:72.0)+Gecko/20100101+Firefox/72.0 http://localhost:8087/login 304 0 0 39
2020-01-23 06:35:02 ::1 GET /styles/pages/.global_login.css - 8087 - ::1 Mozilla/5.0+(Windows+NT+10.0;+Win64;+x64;+rv:72.0)+Gecko/20100101+Firefox/72.0 http://localhost:8087/login 304 0 0 38
2020-01-23 06:35:02 ::1 GET /include/runnerJS/RunnerAll.js - 8087 - ::1 Mozilla/5.0+(Windows+NT+10.0;+Win64;+x64;+rv:72.0)+Gecko/20100101+Firefox/72.0 http://localhost:8087/login 304 0 0 68
2020-01-23 06:35:02 ::1 GET /styles/bootstrap/default/small/style.css - 8087 - ::1 Mozilla/5.0+(Windows+NT+10.0;+Win64;+x64;+rv:72.0)+Gecko/20100101+Firefox/72.0 http://localhost:8087/login 200 0 0 160
2020-01-23 06:35:03 ::1 GET /include/ajaxsuggest.js - 8087 - ::1 Mozilla/5.0+(Windows+NT+10.0;+Win64;+x64;+rv:72.0)+Gecko/20100101+Firefox/72.0 http://localhost:8087/login 304 0 0 13
2020-01-23 06:35:03 ::1 GET /include/runnerJS/events/globalevents.js - 8087 - ::1 Mozilla/5.0+(Windows+NT+10.0;+Win64;+x64;+rv:72.0)+Gecko/20100101+Firefox/72.0 http://localhost:8087/login 304 0 0 15
2020-01-23 06:35:07 ::1 POST /login - 8087 - ::1 Mozilla/5.0+(Windows+NT+10.0;+Win64;+x64;+rv:72.0)+Gecko/20100101+Firefox/72.0 http://localhost:8087/login 200 0 0 717
2020-01-23 06:35:07 ::1 GET /styles/bootstrap/default/small/style.css - 8087 - ::1 Mozilla/5.0+(Windows+NT+10.0;+Win64;+x64;+rv:72.0)+Gecko/20100101+Firefox/72.0 http://localhost:8087/login 304 0 0 51
2020-01-23 06:35:19 ::1 POST /login - 8087 - ::1 Mozilla/5.0+(Windows+NT+10.0;+Win64;+x64;+rv:72.0)+Gecko/20100101+Firefox/72.0 http://localhost:8087/login 302 0 0 796
2020-01-23 06:35:20 ::1 GET /menu - 8087 - ::1 Mozilla/5.0+(Windows+NT+10.0;+Win64;+x64;+rv:72.0)+Gecko/20100101+Firefox/72.0 http://localhost:8087/login 200 0 0 1187
2020-01-23 06:35:20 ::1 GET /styles/pages/.global_menu.css - 8087 - ::1 Mozilla/5.0+(Windows+NT+10.0;+Win64;+x64;+rv:72.0)+Gecko/20100101+Firefox/72.0 http://localhost:8087/menu 304 0 0 30
2020-01-23 06:35:20 ::1 GET /styles/bootstrap/fonts/glyphicons-halflings-regular.woff2 - 8087 - ::1 Mozilla/5.0+(Windows+NT+10.0;+Win64;+x64;+rv:72.0)+Gecko/20100101+Firefox/72.0 http://localhost:8087/styles/bootstrap/default/small/style.css 404 3 50 5
2020-01-23 06:35:28 ::1 GET /dbo_REGISTRO_HORAS_COMPESADAS/list - 8087 - ::1 Mozilla/5.0+(Windows+NT+10.0;+Win64;+x64;+rv:72.0)+Gecko/20100101+Firefox/72.0 http://localhost:8087/menu 200 0 0 1933
2020-01-23 06:35:28 ::1 GET /styles/pages/dbo_REGISTRO_HORAS_COMPESADAS_list.css - 8087 - ::1 Mozilla/5.0+(Windows+NT+10.0;+Win64;+x64;+rv:72.0)+Gecko/20100101+Firefox/72.0 http://localhost:8087/dbo_REGISTRO_HORAS_COMPESADAS/list 200 0 0 34
2020-01-23 06:35:28 ::1 GET /styles/bootstrap/fonts/glyphicons-halflings-regular.woff2 - 8087 - ::1 Mozilla/5.0+(Windows+NT+10.0;+Win64;+x64;+rv:72.0)+Gecko/20100101+Firefox/72.0 http://localhost:8087/styles/bootstrap/default/small/style.css 404 3 50 3
2020-01-23 06:36:32 ::1 GET /dbo_Permisos2/list - 8087 - ::1 Mozilla/5.0+(Windows+NT+10.0;+Win64;+x64;+rv:72.0)+Gecko/20100101+Firefox/72.0 http://localhost:8087/dbo_REGISTRO_HORAS_COMPESADAS/list 200 0 0 6212
2020-01-23 06:36:32 ::1 GET /include/loadfirst.js - 8087 - ::1 Mozilla/5.0+(Windows+NT+10.0;+Win64;+x64;+rv:72.0)+Gecko/20100101+Firefox/72.0 http://localhost:8087/dbo_Permisos2/list 304 0 0 20
2020-01-23 06:36:32 ::1 GET /include/lang/Spanish.js - 8087 - ::1 Mozilla/5.0+(Windows+NT+10.0;+Win64;+x64;+rv:72.0)+Gecko/20100101+Firefox/72.0 http://localhost:8087/dbo_Permisos2/list 304 0 0 25
2020-01-23 06:36:32 ::1 GET /include/runnerJS/RunnerAll.js - 8087 - ::1 Mozilla/5.0+(Windows+NT+10.0;+Win64;+x64;+rv:72.0)+Gecko/20100101+Firefox/72.0 http://localhost:8087/dbo_Permisos2/list 304 0 0 13
2020-01-23 06:36:32 ::1 GET /styles/pages/dbo_Permisos2_list.css - 8087 - ::1 Mozilla/5.0+(Windows+NT+10.0;+Win64;+x64;+rv:72.0)+Gecko/20100101+Firefox/72.0 http://localhost:8087/dbo_Permisos2/list 200 0 0 57
2020-01-23 06:36:32 ::1 GET /include/ajaxsuggest.js - 8087 - ::1 Mozilla/5.0+(Windows+NT+10.0;+Win64;+x64;+rv:72.0)+Gecko/20100101+Firefox/72.0 http://localhost:8087/dbo_Permisos2/list 304 0 0 7
2020-01-23 06:36:32 ::1 GET /styles/bootstrap/fonts/glyphicons-halflings-regular.woff2 - 8087 - ::1 Mozilla/5.0+(Windows+NT+10.0;+Win64;+x64;+rv:72.0)+Gecko/20100101+Firefox/72.0 http://localhost:8087/styles/bootstrap/default/small/style.css 404 3 50 4
2020-01-23 06:37:09 ::1 GET /dbo_REGISTRO_HORAS_COMPESADAS/list - 8087 - ::1 Mozilla/5.0+(Windows+NT+10.0;+Win64;+x64;+rv:72.0)+Gecko/20100101+Firefox/72.0 http://localhost:8087/dbo_Permisos2/list 200 0 0 1158
2020-01-23 06:37:09 ::1 GET /styles/pages/dbo_REGISTRO_HORAS_COMPESADAS_list.css - 8087 - ::1 Mozilla/5.0+(Windows+NT+10.0;+Win64;+x64;+rv:72.0)+Gecko/20100101+Firefox/72.0 http://localhost:8087/dbo_REGISTRO_HORAS_COMPESADAS/list 304 0 0 46
2020-01-23 06:37:09 ::1 GET /styles/bootstrap/default/small/style.css - 8087 - ::1 Mozilla/5.0+(Windows+NT+10.0;+Win64;+x64;+rv:72.0)+Gecko/20100101+Firefox/72.0 http://localhost:8087/dbo_REGISTRO_HORAS_COMPESADAS/list 200 0 0 101
2020-01-23 06:37:09 ::1 GET /styles/bootstrap/fonts/glyphicons-halflings-regular.woff2 - 8087 - ::1 Mozilla/5.0+(Windows+NT+10.0;+Win64;+x64;+rv:72.0)+Gecko/20100101+Firefox/72.0 http://localhost:8087/styles/bootstrap/default/small/style.css 404 3 50 3
2020-01-23 06:37:23 ::1 GET /dbo_Permisos2/list - 8087 - ::1 Mozilla/5.0+(Windows+NT+10.0;+Win64;+x64;+rv:72.0)+Gecko/20100101+Firefox/72.0 http://localhost:8087/dbo_REGISTRO_HORAS_COMPESADAS/list 200 0 0 2436
2020-01-23 06:37:23 ::1 GET /styles/bootstrap/default/small/style.css - 8087 - ::1 Mozilla/5.0+(Windows+NT+10.0;+Win64;+x64;+rv:72.0)+Gecko/20100101+Firefox/72.0 http://localhost:8087/dbo_Permisos2/list 304 0 0 41
2020-01-23 06:37:23 ::1 GET /styles/pages/dbo_Permisos2_list.css - 8087 - ::1 Mozilla/5.0+(Windows+NT+10.0;+Win64;+x64;+rv:72.0)+Gecko/20100101+Firefox/72.0 http://localhost:8087/dbo_Permisos2/list 200 0 64 83
2020-01-23 06:37:23 ::1 GET /styles/bootstrap/fonts/glyphicons-halflings-regular.woff2 - 8087 - ::1 Mozilla/5.0+(Windows+NT+10.0;+Win64;+x64;+rv:72.0)+Gecko/20100101+Firefox/72.0 http://localhost:8087/styles/bootstrap/default/small/style.css 404 3 50 3
#Software: Microsoft Internet Information Services 10.0
#Version: 1.0
#Date: 2020-01-23 19:10:06
#Fields: date time s-ip cs-method cs-uri-stem cs-uri-query s-port cs-username c-ip cs(User-Agent) cs(Referer) sc-status sc-substatus sc-win32-status time-taken
2020-01-23 19:10:06 127.0.0.1 GET / - 8087 - 127.0.0.1 Mozilla/5.0+(Windows+NT+6.1;+WOW64)+AppleWebKit/536.6+(KHTML,+like+Gecko)+Chrome/20.0.1092.0+Safari/536.6 - 200 0 0 40735
2020-01-23 19:10:06 ::1 GET / - 8087 - ::1 Mozilla/5.0+(Windows+NT+10.0;+Win64;+x64;+rv:72.0)+Gecko/20100101+Firefox/72.0 - 200 0 0 29079
2020-01-23 19:10:06 ::1 GET /styles/pages/.global_login.css - 8087 - ::1 Mozilla/5.0+(Windows+NT+10.0;+Win64;+x64;+rv:72.0)+Gecko/20100101+Firefox/72.0 http://localhost:8087/ 200 0 0 29
2020-01-23 19:10:06 ::1 GET /include/lang/Spanish.js - 8087 - ::1 Mozilla/5.0+(Windows+NT+10.0;+Win64;+x64;+rv:72.0)+Gecko/20100101+Firefox/72.0 http://localhost:8087/ 200 0 0 68
2020-01-23 19:10:06 ::1 GET /styles/default.css - 8087 - ::1 Mozilla/5.0+(Windows+NT+10.0;+Win64;+x64;+rv:72.0)+Gecko/20100101+Firefox/72.0 http://localhost:8087/ 200 0 64 190
2020-01-23 19:10:06 ::1 GET /styles/bootstrap/default/small/style.css - 8087 - ::1 Mozilla/5.0+(Windows+NT+10.0;+Win64;+x64;+rv:72.0)+Gecko/20100101+Firefox/72.0 http://localhost:8087/ 200 0 0 297
2020-01-23 19:10:06 ::1 GET /include/loadfirst.js - 8087 - ::1 Mozilla/5.0+(Windows+NT+10.0;+Win64;+x64;+rv:72.0)+Gecko/20100101+Firefox/72.0 http://localhost:8087/ 200 0 0 294
2020-01-23 19:10:06 ::1 GET /include/runnerJS/RunnerAll.js - 8087 - ::1 Mozilla/5.0+(Windows+NT+10.0;+Win64;+x64;+rv:72.0)+Gecko/20100101+Firefox/72.0 http://localhost:8087/ 200 0 0 249
2020-01-23 19:10:07 ::1 GET /include/runnerJS/events/globalevents.js - 8087 - ::1 Mozilla/5.0+(Windows+NT+10.0;+Win64;+x64;+rv:72.0)+Gecko/20100101+Firefox/72.0 http://localhost:8087/ 200 0 0 24
2020-01-23 19:10:07 ::1 GET /include/ajaxsuggest.js - 8087 - ::1 Mozilla/5.0+(Windows+NT+10.0;+Win64;+x64;+rv:72.0)+Gecko/20100101+Firefox/72.0 http://localhost:8087/ 200 0 0 53
2020-01-23 19:10:07 ::1 GET /favicon.ico - 8087 - ::1 Mozilla/5.0+(Windows+NT+10.0;+Win64;+x64;+rv:72.0)+Gecko/20100101+Firefox/72.0 - 404 0 64 37
2020-01-23 19:10:07 127.0.0.1 GET /INGRESAR_COMPESADO/list - 8087 - 127.0.0.1 Mozilla/5.0+(Windows+NT+6.1;+WOW64)+AppleWebKit/536.6+(KHTML,+like+Gecko)+Chrome/20.0.1092.0+Safari/536.6 - 302 0 0 1909
2020-01-23 19:10:09 127.0.0.1 GET /login return=true& 8087 - 127.0.0.1 Mozilla/5.0+(Windows+NT+6.1;+WOW64)+AppleWebKit/536.6+(KHTML,+like+Gecko)+Chrome/20.0.1092.0+Safari/536.6 - 200 0 0 540
2020-01-23 19:10:29 ::1 POST /login - 8087 - ::1 Mozilla/5.0+(Windows+NT+10.0;+Win64;+x64;+rv:72.0)+Gecko/20100101+Firefox/72.0 http://localhost:8087/ 200 0 0 1728
2020-01-23 19:10:29 ::1 GET /styles/pages/.global_login.css - 8087 - ::1 Mozilla/5.0+(Windows+NT+10.0;+Win64;+x64;+rv:72.0)+Gecko/20100101+Firefox/72.0 http://localhost:8087/login 304 0 0 17
2020-01-23 19:10:29 ::1 GET /include/loadfirst.js - 8087 - ::1 Mozilla/5.0+(Windows+NT+10.0;+Win64;+x64;+rv:72.0)+Gecko/20100101+Firefox/72.0 http://localhost:8087/login 304 0 0 26
2020-01-23 19:10:29 ::1 GET /styles/bootstrap/default/small/style.css - 8087 - ::1 Mozilla/5.0+(Windows+NT+10.0;+Win64;+x64;+rv:72.0)+Gecko/20100101+Firefox/72.0 http://localhost:8087/login 304 0 0 45
2020-01-23 19:10:29 ::1 GET /include/runnerJS/RunnerAll.js - 8087 - ::1 Mozilla/5.0+(Windows+NT+10.0;+Win64;+x64;+rv:72.0)+Gecko/20100101+Firefox/72.0 http://localhost:8087/login 304 0 0 27
2020-01-23 19:10:29 ::1 GET /include/lang/Spanish.js - 8087 - ::1 Mozilla/5.0+(Windows+NT+10.0;+Win64;+x64;+rv:72.0)+Gecko/20100101+Firefox/72.0 http://localhost:8087/login 304 0 0 28
2020-01-23 19:10:29 ::1 GET /include/runnerJS/events/globalevents.js - 8087 - ::1 Mozilla/5.0+(Windows+NT+10.0;+Win64;+x64;+rv:72.0)+Gecko/20100101+Firefox/72.0 http://localhost:8087/login 200 0 0 6
2020-01-23 19:10:29 ::1 GET /include/ajaxsuggest.js - 8087 - ::1 Mozilla/5.0+(Windows+NT+10.0;+Win64;+x64;+rv:72.0)+Gecko/20100101+Firefox/72.0 http://localhost:8087/login 304 0 0 9
2020-01-23 19:10:45 ::1 POST /login - 8087 - ::1 Mozilla/5.0+(Windows+NT+10.0;+Win64;+x64;+rv:72.0)+Gecko/20100101+Firefox/72.0 http://localhost:8087/login 302 0 0 1901
2020-01-23 19:10:53 ::1 GET /menu - 8087 - ::1 Mozilla/5.0+(Windows+NT+10.0;+Win64;+x64;+rv:72.0)+Gecko/20100101+Firefox/72.0 http://localhost:8087/login 200 0 0 8098
2020-01-23 19:10:53 ::1 GET /styles/bootstrap/default/small/style.css - 8087 - ::1 Mozilla/5.0+(Windows+NT+10.0;+Win64;+x64;+rv:72.0)+Gecko/20100101+Firefox/72.0 http://localhost:8087/menu 304 0 0 12
2020-01-23 19:10:53 ::1 GET /include/loadfirst.js - 8087 - ::1 Mozilla/5.0+(Windows+NT+10.0;+Win64;+x64;+rv:72.0)+Gecko/20100101+Firefox/72.0 http://localhost:8087/menu 304 0 0 18
2020-01-23 19:10:53 ::1 GET /include/lang/Spanish.js - 8087 - ::1 Mozilla/5.0+(Windows+NT+10.0;+Win64;+x64;+rv:72.0)+Gecko/20100101+Firefox/72.0 http://localhost:8087/menu 304 0 0 31
2020-01-23 19:10:53 ::1 GET /include/runnerJS/RunnerAll.js - 8087 - ::1 Mozilla/5.0+(Windows+NT+10.0;+Win64;+x64;+rv:72.0)+Gecko/20100101+Firefox/72.0 http://localhost:8087/menu 304 0 0 31
2020-01-23 19:10:53 ::1 GET /styles/pages/.global_menu.css - 8087 - ::1 Mozilla/5.0+(Windows+NT+10.0;+Win64;+x64;+rv:72.0)+Gecko/20100101+Firefox/72.0 http://localhost:8087/menu 200 0 0 51
2020-01-23 19:10:53 ::1 GET /include/runnerJS/events/globalevents.js - 8087 - ::1 Mozilla/5.0+(Windows+NT+10.0;+Win64;+x64;+rv:72.0)+Gecko/20100101+Firefox/72.0 http://localhost:8087/menu 304 0 0 8
2020-01-23 19:10:53 ::1 GET /styles/bootstrap/fonts/glyphicons-halflings-regular.woff2 - 8087 - ::1 Mozilla/5.0+(Windows+NT+10.0;+Win64;+x64;+rv:72.0)+Gecko/20100101+Firefox/72.0 http://localhost:8087/styles/bootstrap/default/small/style.css 404 3 50 88
2020-01-23 19:10:53 ::1 GET /styles/bootstrap/fonts/glyphicons-halflings-regular.woff - 8087 - ::1 Mozilla/5.0+(Windows+NT+10.0;+Win64;+x64;+rv:72.0)+Gecko/20100101+Firefox/72.0 http://localhost:8087/styles/bootstrap/default/small/style.css 200 0 64 51
2020-01-23 19:11:12 ::1 GET /dbo_Permisos2/list - 8087 - ::1 Mozilla/5.0+(Windows+NT+10.0;+Win64;+x64;+rv:72.0)+Gecko/20100101+Firefox/72.0 http://localhost:8087/menu 200 0 0 13213
2020-01-23 19:11:12 ::1 GET /styles/bootstrap/default/small/style.css - 8087 - ::1 Mozilla/5.0+(Windows+NT+10.0;+Win64;+x64;+rv:72.0)+Gecko/20100101+Firefox/72.0 http://localhost:8087/dbo_Permisos2/list 304 0 0 22
2020-01-23 19:11:12 ::1 GET /include/loadfirst.js - 8087 - ::1 Mozilla/5.0+(Windows+NT+10.0;+Win64;+x64;+rv:72.0)+Gecko/20100101+Firefox/72.0 http://localhost:8087/dbo_Permisos2/list 304 0 0 18
2020-01-23 19:11:12 ::1 GET /include/lang/Spanish.js - 8087 - ::1 Mozilla/5.0+(Windows+NT+10.0;+Win64;+x64;+rv:72.0)+Gecko/20100101+Firefox/72.0 http://localhost:8087/dbo_Permisos2/list 304 0 0 30
2020-01-23 19:11:12 ::1 GET /include/runnerJS/RunnerAll.js - 8087 - ::1 Mozilla/5.0+(Windows+NT+10.0;+Win64;+x64;+rv:72.0)+Gecko/20100101+Firefox/72.0 http://localhost:8087/dbo_Permisos2/list 304 0 0 30
2020-01-23 19:11:12 ::1 GET /styles/pages/dbo_Permisos2_list.css - 8087 - ::1 Mozilla/5.0+(Windows+NT+10.0;+Win64;+x64;+rv:72.0)+Gecko/20100101+Firefox/72.0 http://localhost:8087/dbo_Permisos2/list 200 0 0 78
2020-01-23 19:11:12 ::1 GET /include/jquery-ui/smoothness/jquery-ui.theme.min.css - 8087 - ::1 Mozilla/5.0+(Windows+NT+10.0;+Win64;+x64;+rv:72.0)+Gecko/20100101+Firefox/72.0 http://localhost:8087/dbo_Permisos2/list 200 0 64 80
2020-01-23 19:11:12 ::1 GET /include/bootstrap/css/bootstrap-datetimepicker.min.css - 8087 - ::1 Mozilla/5.0+(Windows+NT+10.0;+Win64;+x64;+rv:72.0)+Gecko/20100101+Firefox/72.0 http://localhost:8087/dbo_Permisos2/list 200 0 64 118
2020-01-23 19:11:12 ::1 GET /styles/bootstrap/fonts/glyphicons-halflings-regular.woff2 - 8087 - ::1 Mozilla/5.0+(Windows+NT+10.0;+Win64;+x64;+rv:72.0)+Gecko/20100101+Firefox/72.0 http://localhost:8087/styles/bootstrap/default/small/style.css 404 3 50 4
2020-01-23 19:11:12 ::1 GET /include/ajaxsuggest.js - 8087 - ::1 Mozilla/5.0+(Windows+NT+10.0;+Win64;+x64;+rv:72.0)+Gecko/20100101+Firefox/72.0 http://localhost:8087/dbo_Permisos2/list 304 0 0 3
2020-01-23 19:11:33 ::1 GET /dbo_REGISTRO_HORAS_COMPESADAS/list - 8087 - ::1 Mozilla/5.0+(Windows+NT+10.0;+Win64;+x64;+rv:72.0)+Gecko/20100101+Firefox/72.0 http://localhost:8087/dbo_Permisos2/list 200 0 0 5416
2020-01-23 19:11:33 ::1 GET /styles/bootstrap/default/small/style.css - 8087 - ::1 Mozilla/5.0+(Windows+NT+10.0;+Win64;+x64;+rv:72.0)+Gecko/20100101+Firefox/72.0 http://localhost:8087/dbo_REGISTRO_HORAS_COMPESADAS/list 304 0 0 17
2020-01-23 19:11:33 ::1 GET /include/loadfirst.js - 8087 - ::1 Mozilla/5.0+(Windows+NT+10.0;+Win64;+x64;+rv:72.0)+Gecko/20100101+Firefox/72.0 http://localhost:8087/dbo_REGISTRO_HORAS_COMPESADAS/list 304 0 0 23
2020-01-23 19:11:33 ::1 GET /include/runnerJS/RunnerAll.js - 8087 - ::1 Mozilla/5.0+(Windows+NT+10.0;+Win64;+x64;+rv:72.0)+Gecko/20100101+Firefox/72.0 http://localhost:8087/dbo_REGISTRO_HORAS_COMPESADAS/list 304 0 0 18
2020-01-23 19:11:33 ::1 GET /include/lang/Spanish.js - 8087 - ::1 Mozilla/5.0+(Windows+NT+10.0;+Win64;+x64;+rv:72.0)+Gecko/20100101+Firefox/72.0 http://localhost:8087/dbo_REGISTRO_HORAS_COMPESADAS/list 304 0 0 18
2020-01-23 19:11:33 ::1 GET /styles/pages/dbo_REGISTRO_HORAS_COMPESADAS_list.css - 8087 - ::1 Mozilla/5.0+(Windows+NT+10.0;+Win64;+x64;+rv:72.0)+Gecko/20100101+Firefox/72.0 http://localhost:8087/dbo_REGISTRO_HORAS_COMPESADAS/list 200 0 0 56
2020-01-23 19:11:33 ::1 GET /styles/bootstrap/fonts/glyphicons-halflings-regular.woff2 - 8087 - ::1 Mozilla/5.0+(Windows+NT+10.0;+Win64;+x64;+rv:72.0)+Gecko/20100101+Firefox/72.0 http://localhost:8087/styles/bootstrap/default/small/style.css 404 3 50 4
2020-01-23 19:11:33 ::1 GET /include/ajaxsuggest.js - 8087 - ::1 Mozilla/5.0+(Windows+NT+10.0;+Win64;+x64;+rv:72.0)+Gecko/20100101+Firefox/72.0 http://localhost:8087/dbo_REGISTRO_HORAS_COMPESADAS/list 304 0 0 5
2020-01-23 19:11:45 ::1 GET /dbo_REGISTRO_HORAS_COMPESADAS/add - 8087 - ::1 Mozilla/5.0+(Windows+NT+10.0;+Win64;+x64;+rv:72.0)+Gecko/20100101+Firefox/72.0 http://localhost:8087/dbo_REGISTRO_HORAS_COMPESADAS/list 200 0 0 2612
2020-01-23 19:11:45 ::1 GET /styles/pages/dbo_REGISTRO_HORAS_COMPESADAS_add.css - 8087 - ::1 Mozilla/5.0+(Windows+NT+10.0;+Win64;+x64;+rv:72.0)+Gecko/20100101+Firefox/72.0 http://localhost:8087/dbo_REGISTRO_HORAS_COMPESADAS/add 200 0 0 25
2020-01-23 19:11:45 ::1 GET /include/zoombox/zoombox.css - 8087 - ::1 Mozilla/5.0+(Windows+NT+10.0;+Win64;+x64;+rv:72.0)+Gecko/20100101+Firefox/72.0 http://localhost:8087/dbo_REGISTRO_HORAS_COMPESADAS/add 200 0 64 76
2020-01-23 19:11:45 ::1 GET /styles/bootstrap/fonts/glyphicons-halflings-regular.woff2 - 8087 - ::1 Mozilla/5.0+(Windows+NT+10.0;+Win64;+x64;+rv:72.0)+Gecko/20100101+Firefox/72.0 http://localhost:8087/styles/bootstrap/default/small/style.css 404 3 50 3
2020-01-23 19:11:45 ::1 GET /include/mupload.js - 8087 - ::1 Mozilla/5.0+(Windows+NT+10.0;+Win64;+x64;+rv:72.0)+Gecko/20100101+Firefox/72.0 http://localhost:8087/dbo_REGISTRO_HORAS_COMPESADAS/add 200 0 0 94
2020-01-23 19:11:45 ::1 GET /include/zoombox/zoombox.js - 8087 - ::1 Mozilla/5.0+(Windows+NT+10.0;+Win64;+x64;+rv:72.0)+Gecko/20100101+Firefox/72.0 http://localhost:8087/dbo_REGISTRO_HORAS_COMPESADAS/add 200 0 0 165
2020-01-23 19:12:09 ::1 GET /dbo_REGISTRO_HORAS_COMPESADAS/list a=return 8087 - ::1 Mozilla/5.0+(Windows+NT+10.0;+Win64;+x64;+rv:72.0)+Gecko/20100101+Firefox/72.0 http://localhost:8087/dbo_REGISTRO_HORAS_COMPESADAS/add 200 0 0 2653
2020-01-23 19:12:09 ::1 GET /include/loadfirst.js - 8087 - ::1 Mozilla/5.0+(Windows+NT+10.0;+Win64;+x64;+rv:72.0)+Gecko/20100101+Firefox/72.0 http://localhost:8087/dbo_REGISTRO_HORAS_COMPESADAS/list?a=return 304 0 0 35
2020-01-23 19:12:09 ::1 GET /styles/bootstrap/default/small/style.css - 8087 - ::1 Mozilla/5.0+(Windows+NT+10.0;+Win64;+x64;+rv:72.0)+Gecko/20100101+Firefox/72.0 http://localhost:8087/dbo_REGISTRO_HORAS_COMPESADAS/list?a=return 304 0 0 47
2020-01-23 19:12:09 ::1 GET /include/lang/Spanish.js - 8087 - ::1 Mozilla/5.0+(Windows+NT+10.0;+Win64;+x64;+rv:72.0)+Gecko/20100101+Firefox/72.0 http://localhost:8087/dbo_REGISTRO_HORAS_COMPESADAS/list?a=return 304 0 0 47
2020-01-23 19:12:09 ::1 GET /include/runnerJS/RunnerAll.js - 8087 - ::1 Mozilla/5.0+(Windows+NT+10.0;+Win64;+x64;+rv:72.0)+Gecko/20100101+Firefox/72.0 http://localhost:8087/dbo_REGISTRO_HORAS_COMPESADAS/list?a=return 304 0 0 37
2020-01-23 19:12:09 ::1 GET /styles/pages/dbo_REGISTRO_HORAS_COMPESADAS_list.css - 8087 - ::1 Mozilla/5.0+(Windows+NT+10.0;+Win64;+x64;+rv:72.0)+Gecko/20100101+Firefox/72.0 http://localhost:8087/dbo_REGISTRO_HORAS_COMPESADAS/list?a=return 200 0 0 62
2020-01-23 19:12:09 ::1 GET /include/ajaxsuggest.js - 8087 - ::1 Mozilla/5.0+(Windows+NT+10.0;+Win64;+x64;+rv:72.0)+Gecko/20100101+Firefox/72.0 http://localhost:8087/dbo_REGISTRO_HORAS_COMPESADAS/list?a=return 304 0 0 10
2020-01-23 19:12:09 ::1 GET /styles/bootstrap/fonts/glyphicons-halflings-regular.woff2 - 8087 - ::1 Mozilla/5.0+(Windows+NT+10.0;+Win64;+x64;+rv:72.0)+Gecko/20100101+Firefox/72.0 http://localhost:8087/styles/bootstrap/default/small/style.css 404 3 50 3
2020-01-23 19:12:22 ::1 GET /dbo_REGISTRO_HORAS_COMPESADAS/list a=logout 8087 - ::1 Mozilla/5.0+(Windows+NT+10.0;+Win64;+x64;+rv:72.0)+Gecko/20100101+Firefox/72.0 http://localhost:8087/dbo_REGISTRO_HORAS_COMPESADAS/list?a=return 302 0 0 272
2020-01-23 19:12:22 ::1 GET /login - 8087 - ::1 Mozilla/5.0+(Windows+NT+10.0;+Win64;+x64;+rv:72.0)+Gecko/20100101+Firefox/72.0 http://localhost:8087/dbo_REGISTRO_HORAS_COMPESADAS/list?a=return 200 0 0 517
2020-01-23 19:12:22 ::1 GET /styles/pages/.global_login.css - 8087 - ::1 Mozilla/5.0+(Windows+NT+10.0;+Win64;+x64;+rv:72.0)+Gecko/20100101+Firefox/72.0 http://localhost:8087/login 200 0 0 18
2020-01-23 19:12:23 ::1 GET /include/runnerJS/events/globalevents.js - 8087 - ::1 Mozilla/5.0+(Windows+NT+10.0;+Win64;+x64;+rv:72.0)+Gecko/20100101+Firefox/72.0 http://localhost:8087/login 304 0 0 9
2020-01-23 19:12:45 ::1 POST /login - 8087 - ::1 Mozilla/5.0+(Windows+NT+10.0;+Win64;+x64;+rv:72.0)+Gecko/20100101+Firefox/72.0 http://localhost:8087/login 302 0 0 434
2020-01-23 19:12:45 ::1 GET /menu - 8087 - ::1 Mozilla/5.0+(Windows+NT+10.0;+Win64;+x64;+rv:72.0)+Gecko/20100101+Firefox/72.0 http://localhost:8087/login 200 0 0 526
2020-01-23 19:12:45 ::1 GET /styles/bootstrap/default/small/style.css - 8087 - ::1 Mozilla/5.0+(Windows+NT+10.0;+Win64;+x64;+rv:72.0)+Gecko/20100101+Firefox/72.0 http://localhost:8087/menu 304 0 0 40
2020-01-23 19:12:45 ::1 GET /include/lang/Spanish.js - 8087 - ::1 Mozilla/5.0+(Windows+NT+10.0;+Win64;+x64;+rv:72.0)+Gecko/20100101+Firefox/72.0 http://localhost:8087/menu 304 0 0 47
2020-01-23 19:12:45 ::1 GET /include/runnerJS/RunnerAll.js - 8087 - ::1 Mozilla/5.0+(Windows+NT+10.0;+Win64;+x64;+rv:72.0)+Gecko/20100101+Firefox/72.0 http://localhost:8087/menu 304 0 0 50
2020-01-23 19:12:45 ::1 GET /include/loadfirst.js - 8087 - ::1 Mozilla/5.0+(Windows+NT+10.0;+Win64;+x64;+rv:72.0)+Gecko/20100101+Firefox/72.0 http://localhost:8087/menu 304 0 0 48
2020-01-23 19:12:45 ::1 GET /styles/pages/.global_menu.css - 8087 - ::1 Mozilla/5.0+(Windows+NT+10.0;+Win64;+x64;+rv:72.0)+Gecko/20100101+Firefox/72.0 http://localhost:8087/menu 304 0 0 73
2020-01-23 19:12:46 ::1 GET /include/runnerJS/events/globalevents.js - 8087 - ::1 Mozilla/5.0+(Windows+NT+10.0;+Win64;+x64;+rv:72.0)+Gecko/20100101+Firefox/72.0 http://localhost:8087/menu 304 0 0 5
2020-01-23 19:12:46 ::1 GET /styles/bootstrap/fonts/glyphicons-halflings-regular.woff2 - 8087 - ::1 Mozilla/5.0+(Windows+NT+10.0;+Win64;+x64;+rv:72.0)+Gecko/20100101+Firefox/72.0 http://localhost:8087/styles/bootstrap/default/small/style.css 404 3 50 6
2020-01-23 19:12:49 ::1 GET /dbo_Permisos2/list - 8087 - ::1 Mozilla/5.0+(Windows+NT+10.0;+Win64;+x64;+rv:72.0)+Gecko/20100101+Firefox/72.0 http://localhost:8087/menu 200 0 0 571
2020-01-23 19:12:49 ::1 GET /styles/pages/dbo_Permisos2_list.css - 8087 - ::1 Mozilla/5.0+(Windows+NT+10.0;+Win64;+x64;+rv:72.0)+Gecko/20100101+Firefox/72.0 http://localhost:8087/dbo_Permisos2/list 200 0 0 28
2020-01-23 19:12:49 ::1 GET /include/ajaxsuggest.js - 8087 - ::1 Mozilla/5.0+(Windows+NT+10.0;+Win64;+x64;+rv:72.0)+Gecko/20100101+Firefox/72.0 http://localhost:8087/dbo_Permisos2/list 304 0 0 3
2020-01-23 19:12:49 ::1 GET /styles/bootstrap/fonts/glyphicons-halflings-regular.woff2 - 8087 - ::1 Mozilla/5.0+(Windows+NT+10.0;+Win64;+x64;+rv:72.0)+Gecko/20100101+Firefox/72.0 http://localhost:8087/styles/bootstrap/default/small/style.css 404 3 50 11
2020-01-23 19:13:05 ::1 GET /dbo_Permisos2/list a=logout 8087 - ::1 Mozilla/5.0+(Windows+NT+10.0;+Win64;+x64;+rv:72.0)+Gecko/20100101+Firefox/72.0 http://localhost:8087/dbo_Permisos2/list 302 0 0 165
2020-01-23 19:13:05 ::1 GET /login - 8087 - ::1 Mozilla/5.0+(Windows+NT+10.0;+Win64;+x64;+rv:72.0)+Gecko/20100101+Firefox/72.0 http://localhost:8087/dbo_Permisos2/list 200 0 0 588
2020-01-23 19:13:05 ::1 GET /styles/pages/.global_login.css - 8087 - ::1 Mozilla/5.0+(Windows+NT+10.0;+Win64;+x64;+rv:72.0)+Gecko/20100101+Firefox/72.0 http://localhost:8087/login 304 0 0 17
2020-01-23 19:14:44 ::1 POST /login - 8087 - ::1 Mozilla/5.0+(Windows+NT+10.0;+Win64;+x64;+rv:72.0)+Gecko/20100101+Firefox/72.0 http://localhost:8087/login 302 0 0 652
2020-01-23 19:14:44 ::1 GET /menu - 8087 - ::1 Mozilla/5.0+(Windows+NT+10.0;+Win64;+x64;+rv:72.0)+Gecko/20100101+Firefox/72.0 http://localhost:8087/login 200 0 0 536
2020-01-23 19:14:44 ::1 GET /styles/bootstrap/default/small/style.css - 8087 - ::1 Mozilla/5.0+(Windows+NT+10.0;+Win64;+x64;+rv:72.0)+Gecko/20100101+Firefox/72.0 http://localhost:8087/menu 304 0 0 44
2020-01-23 19:14:44 ::1 GET /include/loadfirst.js - 8087 - ::1 Mozilla/5.0+(Windows+NT+10.0;+Win64;+x64;+rv:72.0)+Gecko/20100101+Firefox/72.0 http://localhost:8087/menu 304 0 0 43
2020-01-23 19:14:44 ::1 GET /styles/pages/.global_menu.css - 8087 - ::1 Mozilla/5.0+(Windows+NT+10.0;+Win64;+x64;+rv:72.0)+Gecko/20100101+Firefox/72.0 http://localhost:8087/menu 304 0 0 45
2020-01-23 19:14:44 ::1 GET /include/lang/Spanish.js - 8087 - ::1 Mozilla/5.0+(Windows+NT+10.0;+Win64;+x64;+rv:72.0)+Gecko/20100101+Firefox/72.0 http://localhost:8087/menu 304 0 0 43
2020-01-23 19:14:44 ::1 GET /include/runnerJS/RunnerAll.js - 8087 - ::1 Mozilla/5.0+(Windows+NT+10.0;+Win64;+x64;+rv:72.0)+Gecko/20100101+Firefox/72.0 http://localhost:8087/menu 304 0 0 100
2020-01-23 19:14:45 ::1 GET /include/runnerJS/events/globalevents.js - 8087 - ::1 Mozilla/5.0+(Windows+NT+10.0;+Win64;+x64;+rv:72.0)+Gecko/20100101+Firefox/72.0 http://localhost:8087/menu 304 0 0 5
2020-01-23 19:14:45 ::1 GET /styles/bootstrap/fonts/glyphicons-halflings-regular.woff2 - 8087 - ::1 Mozilla/5.0+(Windows+NT+10.0;+Win64;+x64;+rv:72.0)+Gecko/20100101+Firefox/72.0 http://localhost:8087/styles/bootstrap/default/small/style.css 404 3 50 10
2020-01-23 19:29:16 ::1 GET /menu/ a=logout 8087 - ::1 Mozilla/5.0+(Windows+NT+10.0;+Win64;+x64;+rv:72.0)+Gecko/20100101+Firefox/72.0 http://localhost:8087/menu 302 0 0 205
2020-01-23 19:29:16 ::1 GET /login - 8087 - ::1 Mozilla/5.0+(Windows+NT+10.0;+Win64;+x64;+rv:72.0)+Gecko/20100101+Firefox/72.0 http://localhost:8087/menu 200 0 0 513
2020-01-23 19:29:16 ::1 GET /include/loadfirst.js - 8087 - ::1 Mozilla/5.0+(Windows+NT+10.0;+Win64;+x64;+rv:72.0)+Gecko/20100101+Firefox/72.0 http://localhost:8087/login 304 0 0 60
2020-01-23 19:29:16 ::1 GET /include/runnerJS/RunnerAll.js - 8087 - ::1 Mozilla/5.0+(Windows+NT+10.0;+Win64;+x64;+rv:72.0)+Gecko/20100101+Firefox/72.0 http://localhost:8087/login 304 0 0 44
2020-01-23 19:29:16 ::1 GET /include/lang/Spanish.js - 8087 - ::1 Mozilla/5.0+(Windows+NT+10.0;+Win64;+x64;+rv:72.0)+Gecko/20100101+Firefox/72.0 http://localhost:8087/login 304 0 0 59
2020-01-23 19:29:16 ::1 GET /styles/pages/.global_login.css - 8087 - ::1 Mozilla/5.0+(Windows+NT+10.0;+Win64;+x64;+rv:72.0)+Gecko/20100101+Firefox/72.0 http://localhost:8087/login 200 0 0 71
2020-01-23 19:29:16 ::1 GET /styles/bootstrap/default/small/style.css - 8087 - ::1 Mozilla/5.0+(Windows+NT+10.0;+Win64;+x64;+rv:72.0)+Gecko/20100101+Firefox/72.0 http://localhost:8087/login 200 0 0 81
2020-01-23 19:29:17 ::1 GET /include/ajaxsuggest.js - 8087 - ::1 Mozilla/5.0+(Windows+NT+10.0;+Win64;+x64;+rv:72.0)+Gecko/20100101+Firefox/72.0 http://localhost:8087/login 304 0 0 20
2020-01-23 19:29:17 ::1 GET /include/runnerJS/events/globalevents.js - 8087 - ::1 Mozilla/5.0+(Windows+NT+10.0;+Win64;+x64;+rv:72.0)+Gecko/20100101+Firefox/72.0 http://localhost:8087/login 304 0 0 21
2020-01-23 19:29:19 ::1 POST /login - 8087 - ::1 Mozilla/5.0+(Windows+NT+10.0;+Win64;+x64;+rv:72.0)+Gecko/20100101+Firefox/72.0 http://localhost:8087/login 200 0 0 503
2020-01-23 19:29:19 ::1 GET /styles/bootstrap/default/small/style.css - 8087 - ::1 Mozilla/5.0+(Windows+NT+10.0;+Win64;+x64;+rv:72.0)+Gecko/20100101+Firefox/72.0 http://localhost:8087/login 304 0 0 34
2020-01-23 19:29:19 ::1 GET /styles/pages/.global_login.css - 8087 - ::1 Mozilla/5.0+(Windows+NT+10.0;+Win64;+x64;+rv:72.0)+Gecko/20100101+Firefox/72.0 http://localhost:8087/login 304 0 0 51
2020-01-23 19:29:24 ::1 POST /login - 8087 - ::1 Mozilla/5.0+(Windows+NT+10.0;+Win64;+x64;+rv:72.0)+Gecko/20100101+Firefox/72.0 http://localhost:8087/login 302 0 0 460
2020-01-23 19:29:24 ::1 GET /menu - 8087 - ::1 Mozilla/5.0+(Windows+NT+10.0;+Win64;+x64;+rv:72.0)+Gecko/20100101+Firefox/72.0 http://localhost:8087/login 200 0 0 809
2020-01-23 19:29:26 ::1 GET /styles/pages/.global_menu.css - 8087 - ::1 Mozilla/5.0+(Windows+NT+10.0;+Win64;+x64;+rv:72.0)+Gecko/20100101+Firefox/72.0 http://localhost:8087/menu 200 0 0 18
2020-01-23 19:29:26 ::1 GET /styles/bootstrap/fonts/glyphicons-halflings-regular.woff2 - 8087 - ::1 Mozilla/5.0+(Windows+NT+10.0;+Win64;+x64;+rv:72.0)+Gecko/20100101+Firefox/72.0 http://localhost:8087/styles/bootstrap/default/small/style.css 404 3 50 7
2020-01-23 19:29:31 ::1 GET /dbo_Permisos2/list - 8087 - ::1 Mozilla/5.0+(Windows+NT+10.0;+Win64;+x64;+rv:72.0)+Gecko/20100101+Firefox/72.0 http://localhost:8087/menu 200 0 0 1081
2020-01-23 19:29:31 ::1 GET /styles/pages/dbo_Permisos2_list.css - 8087 - ::1 Mozilla/5.0+(Windows+NT+10.0;+Win64;+x64;+rv:72.0)+Gecko/20100101+Firefox/72.0 http://localhost:8087/dbo_Permisos2/list 304 0 0 41
2020-01-23 19:29:31 ::1 GET /styles/bootstrap/fonts/glyphicons-halflings-regular.woff2 - 8087 - ::1 Mozilla/5.0+(Windows+NT+10.0;+Win64;+x64;+rv:72.0)+Gecko/20100101+Firefox/72.0 http://localhost:8087/styles/bootstrap/default/small/style.css 404 3 50 4
2020-01-23 19:40:04 127.0.0.1 GET / - 8087 - 127.0.0.1 Mozilla/5.0+(Windows+NT+6.1;+WOW64)+AppleWebKit/536.6+(KHTML,+like+Gecko)+Chrome/20.0.1092.0+Safari/536.6 - 200 0 0 30558
2020-01-23 19:40:04 ::1 GET / - 8087 - ::1 Mozilla/5.0+(Windows+NT+10.0;+Win64;+x64;+rv:72.0)+Gecko/20100101+Firefox/72.0 - 200 0 0 20433
2020-01-23 19:40:04 ::1 GET /styles/pages/.global_login.css - 8087 - ::1 Mozilla/5.0+(Windows+NT+10.0;+Win64;+x64;+rv:72.0)+Gecko/20100101+Firefox/72.0 http://localhost:8087/ 200 0 0 87
2020-01-23 19:40:04 ::1 GET /include/lang/Spanish.js - 8087 - ::1 Mozilla/5.0+(Windows+NT+10.0;+Win64;+x64;+rv:72.0)+Gecko/20100101+Firefox/72.0 http://localhost:8087/ 200 0 0 90
2020-01-23 19:40:04 ::1 GET /styles/bootstrap/default/small/style.css - 8087 - ::1 Mozilla/5.0+(Windows+NT+10.0;+Win64;+x64;+rv:72.0)+Gecko/20100101+Firefox/72.0 http://localhost:8087/ 200 0 0 123
2020-01-23 19:40:04 ::1 GET /include/loadfirst.js - 8087 - ::1 Mozilla/5.0+(Windows+NT+10.0;+Win64;+x64;+rv:72.0)+Gecko/20100101+Firefox/72.0 http://localhost:8087/ 200 0 0 215
2020-01-23 19:40:04 ::1 GET /include/runnerJS/RunnerAll.js - 8087 - ::1 Mozilla/5.0+(Windows+NT+10.0;+Win64;+x64;+rv:72.0)+Gecko/20100101+Firefox/72.0 http://localhost:8087/ 200 0 0 337
2020-01-23 19:40:05 ::1 GET /include/runnerJS/events/globalevents.js - 8087 - ::1 Mozilla/5.0+(Windows+NT+10.0;+Win64;+x64;+rv:72.0)+Gecko/20100101+Firefox/72.0 http://localhost:8087/ 200 0 0 17
2020-01-23 19:40:05 ::1 GET /include/ajaxsuggest.js - 8087 - ::1 Mozilla/5.0+(Windows+NT+10.0;+Win64;+x64;+rv:72.0)+Gecko/20100101+Firefox/72.0 http://localhost:8087/ 200 0 0 55
2020-01-23 19:40:05 127.0.0.1 GET /INGRESAR_COMPESADO/list - 8087 - 127.0.0.1 Mozilla/5.0+(Windows+NT+6.1;+WOW64)+AppleWebKit/536.6+(KHTML,+like+Gecko)+Chrome/20.0.1092.0+Safari/536.6 - 302 0 0 1869
2020-01-23 19:40:06 127.0.0.1 GET /login return=true& 8087 - 127.0.0.1 Mozilla/5.0+(Windows+NT+6.1;+WOW64)+AppleWebKit/536.6+(KHTML,+like+Gecko)+Chrome/20.0.1092.0+Safari/536.6 - 200 0 0 682
2020-01-23 19:40:12 ::1 POST /login - 8087 - ::1 Mozilla/5.0+(Windows+NT+10.0;+Win64;+x64;+rv:72.0)+Gecko/20100101+Firefox/72.0 http://localhost:8087/ 200 0 0 1540
2020-01-23 19:40:12 ::1 GET /include/loadfirst.js - 8087 - ::1 Mozilla/5.0+(Windows+NT+10.0;+Win64;+x64;+rv:72.0)+Gecko/20100101+Firefox/72.0 http://localhost:8087/login 304 0 0 15
2020-01-23 19:40:12 ::1 GET /include/runnerJS/RunnerAll.js - 8087 - ::1 Mozilla/5.0+(Windows+NT+10.0;+Win64;+x64;+rv:72.0)+Gecko/20100101+Firefox/72.0 http://localhost:8087/login 304 0 0 15
2020-01-23 19:40:12 ::1 GET /include/lang/Spanish.js - 8087 - ::1 Mozilla/5.0+(Windows+NT+10.0;+Win64;+x64;+rv:72.0)+Gecko/20100101+Firefox/72.0 http://localhost:8087/login 304 0 0 22
2020-01-23 19:40:12 ::1 GET /styles/pages/.global_login.css - 8087 - ::1 Mozilla/5.0+(Windows+NT+10.0;+Win64;+x64;+rv:72.0)+Gecko/20100101+Firefox/72.0 http://localhost:8087/login 200 0 0 24
2020-01-23 19:40:12 ::1 GET /styles/bootstrap/default/small/style.css - 8087 - ::1 Mozilla/5.0+(Windows+NT+10.0;+Win64;+x64;+rv:72.0)+Gecko/20100101+Firefox/72.0 http://localhost:8087/login 200 0 0 80
2020-01-23 19:40:12 ::1 GET /include/ajaxsuggest.js - 8087 - ::1 Mozilla/5.0+(Windows+NT+10.0;+Win64;+x64;+rv:72.0)+Gecko/20100101+Firefox/72.0 http://localhost:8087/login 304 0 0 15
2020-01-23 19:40:12 ::1 GET /include/runnerJS/events/globalevents.js - 8087 - ::1 Mozilla/5.0+(Windows+NT+10.0;+Win64;+x64;+rv:72.0)+Gecko/20100101+Firefox/72.0 http://localhost:8087/login 304 0 0 17
2020-01-23 19:40:19 ::1 POST /login - 8087 - ::1 Mozilla/5.0+(Windows+NT+10.0;+Win64;+x64;+rv:72.0)+Gecko/20100101+Firefox/72.0 http://localhost:8087/login 302 0 0 756
2020-01-23 19:40:26 ::1 GET /menu - 8087 - ::1 Mozilla/5.0+(Windows+NT+10.0;+Win64;+x64;+rv:72.0)+Gecko/20100101+Firefox/72.0 http://localhost:8087/login 200 0 0 7242
2020-01-23 19:40:26 ::1 GET /styles/bootstrap/default/small/style.css - 8087 - ::1 Mozilla/5.0+(Windows+NT+10.0;+Win64;+x64;+rv:72.0)+Gecko/20100101+Firefox/72.0 http://localhost:8087/menu 304 0 0 31
2020-01-23 19:40:26 ::1 GET /styles/pages/.global_menu.css - 8087 - ::1 Mozilla/5.0+(Windows+NT+10.0;+Win64;+x64;+rv:72.0)+Gecko/20100101+Firefox/72.0 http://localhost:8087/menu 200 0 0 28
2020-01-23 19:40:26 ::1 GET /include/loadfirst.js - 8087 - ::1 Mozilla/5.0+(Windows+NT+10.0;+Win64;+x64;+rv:72.0)+Gecko/20100101+Firefox/72.0 http://localhost:8087/menu 304 0 0 18
2020-01-23 19:40:26 ::1 GET /include/lang/Spanish.js - 8087 - ::1 Mozilla/5.0+(Windows+NT+10.0;+Win64;+x64;+rv:72.0)+Gecko/20100101+Firefox/72.0 http://localhost:8087/menu 304 0 0 28
2020-01-23 19:40:26 ::1 GET /include/runnerJS/RunnerAll.js - 8087 - ::1 Mozilla/5.0+(Windows+NT+10.0;+Win64;+x64;+rv:72.0)+Gecko/20100101+Firefox/72.0 http://localhost:8087/menu 304 0 0 36
2020-01-23 19:40:26 ::1 GET /include/runnerJS/events/globalevents.js - 8087 - ::1 Mozilla/5.0+(Windows+NT+10.0;+Win64;+x64;+rv:72.0)+Gecko/20100101+Firefox/72.0 http://localhost:8087/menu 304 0 0 3
2020-01-23 19:40:26 ::1 GET /styles/bootstrap/fonts/glyphicons-halflings-regular.woff2 - 8087 - ::1 Mozilla/5.0+(Windows+NT+10.0;+Win64;+x64;+rv:72.0)+Gecko/20100101+Firefox/72.0 http://localhost:8087/styles/bootstrap/default/small/style.css 404 3 50 9
2020-01-23 19:40:44 ::1 GET /dbo_Permisos2/list - 8087 - ::1 Mozilla/5.0+(Windows+NT+10.0;+Win64;+x64;+rv:72.0)+Gecko/20100101+Firefox/72.0 http://localhost:8087/menu 200 0 0 13019
2020-01-23 19:40:44 ::1 GET /styles/bootstrap/default/small/style.css - 8087 - ::1 Mozilla/5.0+(Windows+NT+10.0;+Win64;+x64;+rv:72.0)+Gecko/20100101+Firefox/72.0 http://localhost:8087/dbo_Permisos2/list 304 0 0 33
2020-01-23 19:40:44 ::1 GET /include/loadfirst.js - 8087 - ::1 Mozilla/5.0+(Windows+NT+10.0;+Win64;+x64;+rv:72.0)+Gecko/20100101+Firefox/72.0 http://localhost:8087/dbo_Permisos2/list 304 0 0 19
2020-01-23 19:40:44 ::1 GET /include/lang/Spanish.js - 8087 - ::1 Mozilla/5.0+(Windows+NT+10.0;+Win64;+x64;+rv:72.0)+Gecko/20100101+Firefox/72.0 http://localhost:8087/dbo_Permisos2/list 304 0 0 19
2020-01-23 19:40:44 ::1 GET /include/runnerJS/RunnerAll.js - 8087 - ::1 Mozilla/5.0+(Windows+NT+10.0;+Win64;+x64;+rv:72.0)+Gecko/20100101+Firefox/72.0 http://localhost:8087/dbo_Permisos2/list 304 0 0 16
2020-01-23 19:40:44 ::1 GET /styles/pages/dbo_Permisos2_list.css - 8087 - ::1 Mozilla/5.0+(Windows+NT+10.0;+Win64;+x64;+rv:72.0)+Gecko/20100101+Firefox/72.0 http://localhost:8087/dbo_Permisos2/list 200 0 0 50
2020-01-23 19:40:44 ::1 GET /include/ajaxsuggest.js - 8087 - ::1 Mozilla/5.0+(Windows+NT+10.0;+Win64;+x64;+rv:72.0)+Gecko/20100101+Firefox/72.0 http://localhost:8087/dbo_Permisos2/list 304 0 0 15
2020-01-23 19:40:44 ::1 GET /styles/bootstrap/fonts/glyphicons-halflings-regular.woff2 - 8087 - ::1 Mozilla/5.0+(Windows+NT+10.0;+Win64;+x64;+rv:72.0)+Gecko/20100101+Firefox/72.0 http://localhost:8087/styles/bootstrap/default/small/style.css 404 3 50 5
2020-01-23 19:42:21 ::1 GET /dbo_REGISTRO_HORAS_COMPESADAS/list - 8087 - ::1 Mozilla/5.0+(Windows+NT+10.0;+Win64;+x64;+rv:72.0)+Gecko/20100101+Firefox/72.0 http://localhost:8087/dbo_Permisos2/list 200 0 0 4449
2020-01-23 19:42:21 ::1 GET /styles/bootstrap/default/small/style.css - 8087 - ::1 Mozilla/5.0+(Windows+NT+10.0;+Win64;+x64;+rv:72.0)+Gecko/20100101+Firefox/72.0 http://localhost:8087/dbo_REGISTRO_HORAS_COMPESADAS/list 304 0 0 25
2020-01-23 19:42:21 ::1 GET /include/loadfirst.js - 8087 - ::1 Mozilla/5.0+(Windows+NT+10.0;+Win64;+x64;+rv:72.0)+Gecko/20100101+Firefox/72.0 http://localhost:8087/dbo_REGISTRO_HORAS_COMPESADAS/list 304 0 0 25
2020-01-23 19:42:21 ::1 GET /include/lang/Spanish.js - 8087 - ::1 Mozilla/5.0+(Windows+NT+10.0;+Win64;+x64;+rv:72.0)+Gecko/20100101+Firefox/72.0 http://localhost:8087/dbo_REGISTRO_HORAS_COMPESADAS/list 304 0 0 61
2020-01-23 19:42:21 ::1 GET /include/runnerJS/RunnerAll.js - 8087 - ::1 Mozilla/5.0+(Windows+NT+10.0;+Win64;+x64;+rv:72.0)+Gecko/20100101+Firefox/72.0 http://localhost:8087/dbo_REGISTRO_HORAS_COMPESADAS/list 304 0 0 61
2020-01-23 19:42:21 ::1 GET /styles/pages/dbo_REGISTRO_HORAS_COMPESADAS_list.css - 8087 - ::1 Mozilla/5.0+(Windows+NT+10.0;+Win64;+x64;+rv:72.0)+Gecko/20100101+Firefox/72.0 http://localhost:8087/dbo_REGISTRO_HORAS_COMPESADAS/list 200 0 0 71
2020-01-23 19:42:21 ::1 GET /styles/bootstrap/fonts/glyphicons-halflings-regular.woff2 - 8087 - ::1 Mozilla/5.0+(Windows+NT+10.0;+Win64;+x64;+rv:72.0)+Gecko/20100101+Firefox/72.0 http://localhost:8087/styles/bootstrap/default/small/style.css 404 3 50 5
2020-01-23 19:42:21 ::1 GET /include/ajaxsuggest.js - 8087 - ::1 Mozilla/5.0+(Windows+NT+10.0;+Win64;+x64;+rv:72.0)+Gecko/20100101+Firefox/72.0 http://localhost:8087/dbo_REGISTRO_HORAS_COMPESADAS/list 304 0 0 4
2020-01-23 19:42:29 ::1 GET /dbo_Permisos2/list - 8087 - ::1 Mozilla/5.0+(Windows+NT+10.0;+Win64;+x64;+rv:72.0)+Gecko/20100101+Firefox/72.0 http://localhost:8087/dbo_REGISTRO_HORAS_COMPESADAS/list 200 0 0 1368
2020-01-23 19:42:29 ::1 GET /styles/pages/dbo_Permisos2_list.css - 8087 - ::1 Mozilla/5.0+(Windows+NT+10.0;+Win64;+x64;+rv:72.0)+Gecko/20100101+Firefox/72.0 http://localhost:8087/dbo_Permisos2/list 200 0 0 108
2020-01-23 19:42:29 ::1 GET /styles/bootstrap/fonts/glyphicons-halflings-regular.woff2 - 8087 - ::1 Mozilla/5.0+(Windows+NT+10.0;+Win64;+x64;+rv:72.0)+Gecko/20100101+Firefox/72.0 http://localhost:8087/styles/bootstrap/default/small/style.css 404 3 50 5
2020-01-23 19:44:57 127.0.0.1 GET / - 8087 - 127.0.0.1 Mozilla/5.0+(Windows+NT+6.1;+WOW64)+AppleWebKit/536.6+(KHTML,+like+Gecko)+Chrome/20.0.1092.0+Safari/536.6 - 200 0 0 29466
2020-01-23 19:44:57 ::1 GET / - 8087 - ::1 Mozilla/5.0+(Windows+NT+10.0;+Win64;+x64;+rv:72.0)+Gecko/20100101+Firefox/72.0 - 200 0 0 7732
2020-01-23 19:44:57 ::1 GET /styles/pages/.global_login.css - 8087 - ::1 Mozilla/5.0+(Windows+NT+10.0;+Win64;+x64;+rv:72.0)+Gecko/20100101+Firefox/72.0 http://localhost:8087/ 200 0 0 52
2020-01-23 19:44:57 ::1 GET /include/lang/Spanish.js - 8087 - ::1 Mozilla/5.0+(Windows+NT+10.0;+Win64;+x64;+rv:72.0)+Gecko/20100101+Firefox/72.0 http://localhost:8087/ 200 0 0 107
2020-01-23 19:44:57 ::1 GET /styles/bootstrap/default/small/style.css - 8087 - ::1 Mozilla/5.0+(Windows+NT+10.0;+Win64;+x64;+rv:72.0)+Gecko/20100101+Firefox/72.0 http://localhost:8087/ 200 0 0 257
2020-01-23 19:44:57 ::1 GET /include/loadfirst.js - 8087 - ::1 Mozilla/5.0+(Windows+NT+10.0;+Win64;+x64;+rv:72.0)+Gecko/20100101+Firefox/72.0 http://localhost:8087/ 200 0 0 366
2020-01-23 19:44:57 ::1 GET /include/runnerJS/RunnerAll.js - 8087 - ::1 Mozilla/5.0+(Windows+NT+10.0;+Win64;+x64;+rv:72.0)+Gecko/20100101+Firefox/72.0 http://localhost:8087/ 200 0 0 445
2020-01-23 19:44:58 ::1 GET /include/runnerJS/events/globalevents.js - 8087 - ::1 Mozilla/5.0+(Windows+NT+10.0;+Win64;+x64;+rv:72.0)+Gecko/20100101+Firefox/72.0 http://localhost:8087/ 200 0 0 20
2020-01-23 19:44:58 ::1 GET /include/ajaxsuggest.js - 8087 - ::1 Mozilla/5.0+(Windows+NT+10.0;+Win64;+x64;+rv:72.0)+Gecko/20100101+Firefox/72.0 http://localhost:8087/ 200 0 0 73
2020-01-23 19:44:58 127.0.0.1 GET /INGRESAR_COMPESADO/list - 8087 - 127.0.0.1 Mozilla/5.0+(Windows+NT+6.1;+WOW64)+AppleWebKit/536.6+(KHTML,+like+Gecko)+Chrome/20.0.1092.0+Safari/536.6 - 302 0 0 1973
2020-01-23 19:45:00 127.0.0.1 GET /login return=true& 8087 - 127.0.0.1 Mozilla/5.0+(Windows+NT+6.1;+WOW64)+AppleWebKit/536.6+(KHTML,+like+Gecko)+Chrome/20.0.1092.0+Safari/536.6 - 200 0 0 622
2020-01-23 19:45:04 ::1 POST /login - 8087 - ::1 Mozilla/5.0+(Windows+NT+10.0;+Win64;+x64;+rv:72.0)+Gecko/20100101+Firefox/72.0 http://localhost:8087/ 302 0 0 1453
2020-01-23 19:45:14 ::1 GET /menu - 8087 - ::1 Mozilla/5.0+(Windows+NT+10.0;+Win64;+x64;+rv:72.0)+Gecko/20100101+Firefox/72.0 http://localhost:8087/ 200 0 0 10062
2020-01-23 19:45:14 ::1 GET /styles/bootstrap/default/small/style.css - 8087 - ::1 Mozilla/5.0+(Windows+NT+10.0;+Win64;+x64;+rv:72.0)+Gecko/20100101+Firefox/72.0 http://localhost:8087/menu 304 0 0 33
2020-01-23 19:45:14 ::1 GET /include/loadfirst.js - 8087 - ::1 Mozilla/5.0+(Windows+NT+10.0;+Win64;+x64;+rv:72.0)+Gecko/20100101+Firefox/72.0 http://localhost:8087/menu 304 0 0 37
2020-01-23 19:45:14 ::1 GET /include/lang/Spanish.js - 8087 - ::1 Mozilla/5.0+(Windows+NT+10.0;+Win64;+x64;+rv:72.0)+Gecko/20100101+Firefox/72.0 http://localhost:8087/menu 304 0 0 37
2020-01-23 19:45:14 ::1 GET /styles/pages/.global_menu.css - 8087 - ::1 Mozilla/5.0+(Windows+NT+10.0;+Win64;+x64;+rv:72.0)+Gecko/20100101+Firefox/72.0 http://localhost:8087/menu 200 0 0 37
2020-01-23 19:45:14 ::1 GET /include/runnerJS/RunnerAll.js - 8087 - ::1 Mozilla/5.0+(Windows+NT+10.0;+Win64;+x64;+rv:72.0)+Gecko/20100101+Firefox/72.0 http://localhost:8087/menu 304 0 0 36
2020-01-23 19:45:14 ::1 GET /include/runnerJS/events/globalevents.js - 8087 - ::1 Mozilla/5.0+(Windows+NT+10.0;+Win64;+x64;+rv:72.0)+Gecko/20100101+Firefox/72.0 http://localhost:8087/menu 304 0 0 10
2020-01-23 19:45:14 ::1 GET /styles/bootstrap/fonts/glyphicons-halflings-regular.woff2 - 8087 - ::1 Mozilla/5.0+(Windows+NT+10.0;+Win64;+x64;+rv:72.0)+Gecko/20100101+Firefox/72.0 http://localhost:8087/styles/bootstrap/default/small/style.css 404 3 50 7
2020-01-23 19:45:29 ::1 GET /dbo_Permisos2/list - 8087 - ::1 Mozilla/5.0+(Windows+NT+10.0;+Win64;+x64;+rv:72.0)+Gecko/20100101+Firefox/72.0 http://localhost:8087/menu 200 0 0 12126
2020-01-23 19:45:29 ::1 GET /styles/bootstrap/default/small/style.css - 8087 - ::1 Mozilla/5.0+(Windows+NT+10.0;+Win64;+x64;+rv:72.0)+Gecko/20100101+Firefox/72.0 http://localhost:8087/dbo_Permisos2/list 304 0 0 38
2020-01-23 19:45:29 ::1 GET /include/lang/Spanish.js - 8087 - ::1 Mozilla/5.0+(Windows+NT+10.0;+Win64;+x64;+rv:72.0)+Gecko/20100101+Firefox/72.0 http://localhost:8087/dbo_Permisos2/list 304 0 0 24
2020-01-23 19:45:29 ::1 GET /include/loadfirst.js - 8087 - ::1 Mozilla/5.0+(Windows+NT+10.0;+Win64;+x64;+rv:72.0)+Gecko/20100101+Firefox/72.0 http://localhost:8087/dbo_Permisos2/list 304 0 0 24
2020-01-23 19:45:29 ::1 GET /include/runnerJS/RunnerAll.js - 8087 - ::1 Mozilla/5.0+(Windows+NT+10.0;+Win64;+x64;+rv:72.0)+Gecko/20100101+Firefox/72.0 http://localhost:8087/dbo_Permisos2/list 304 0 0 24
2020-01-23 19:45:29 ::1 GET /styles/pages/dbo_Permisos2_list.css - 8087 - ::1 Mozilla/5.0+(Windows+NT+10.0;+Win64;+x64;+rv:72.0)+Gecko/20100101+Firefox/72.0 http://localhost:8087/dbo_Permisos2/list 200 0 0 46
2020-01-23 19:45:29 ::1 GET /include/ajaxsuggest.js - 8087 - ::1 Mozilla/5.0+(Windows+NT+10.0;+Win64;+x64;+rv:72.0)+Gecko/20100101+Firefox/72.0 http://localhost:8087/dbo_Permisos2/list 304 0 0 8
2020-01-23 19:45:29 ::1 GET /styles/bootstrap/fonts/glyphicons-halflings-regular.woff2 - 8087 - ::1 Mozilla/5.0+(Windows+NT+10.0;+Win64;+x64;+rv:72.0)+Gecko/20100101+Firefox/72.0 http://localhost:8087/styles/bootstrap/default/small/style.css 404 3 50 4
2020-01-23 19:46:13 ::1 GET /dbo_Permisos2/list a=logout 8087 - ::1 Mozilla/5.0+(Windows+NT+10.0;+Win64;+x64;+rv:72.0)+Gecko/20100101+Firefox/72.0 http://localhost:8087/dbo_Permisos2/list 302 0 0 579
2020-01-23 19:46:13 ::1 GET /login - 8087 - ::1 Mozilla/5.0+(Windows+NT+10.0;+Win64;+x64;+rv:72.0)+Gecko/20100101+Firefox/72.0 http://localhost:8087/dbo_Permisos2/list 200 0 0 461
2020-01-23 19:46:13 ::1 GET /include/loadfirst.js - 8087 - ::1 Mozilla/5.0+(Windows+NT+10.0;+Win64;+x64;+rv:72.0)+Gecko/20100101+Firefox/72.0 http://localhost:8087/login 304 0 0 38
2020-01-23 19:46:13 ::1 GET /styles/pages/.global_login.css - 8087 - ::1 Mozilla/5.0+(Windows+NT+10.0;+Win64;+x64;+rv:72.0)+Gecko/20100101+Firefox/72.0 http://localhost:8087/login 200 0 0 37
2020-01-23 19:46:13 ::1 GET /styles/bootstrap/default/small/style.css - 8087 - ::1 Mozilla/5.0+(Windows+NT+10.0;+Win64;+x64;+rv:72.0)+Gecko/20100101+Firefox/72.0 http://localhost:8087/login 304 0 0 38
2020-01-23 19:46:13 ::1 GET /include/lang/Spanish.js - 8087 - ::1 Mozilla/5.0+(Windows+NT+10.0;+Win64;+x64;+rv:72.0)+Gecko/20100101+Firefox/72.0 http://localhost:8087/login 304 0 0 46
2020-01-23 19:46:13 ::1 GET /include/runnerJS/RunnerAll.js - 8087 - ::1 Mozilla/5.0+(Windows+NT+10.0;+Win64;+x64;+rv:72.0)+Gecko/20100101+Firefox/72.0 http://localhost:8087/login 304 0 0 48
2020-01-23 19:46:14 ::1 GET /include/runnerJS/events/globalevents.js - 8087 - ::1 Mozilla/5.0+(Windows+NT+10.0;+Win64;+x64;+rv:72.0)+Gecko/20100101+Firefox/72.0 http://localhost:8087/login 304 0 0 7
2020-01-23 19:46:14 ::1 GET /include/ajaxsuggest.js - 8087 - ::1 Mozilla/5.0+(Windows+NT+10.0;+Win64;+x64;+rv:72.0)+Gecko/20100101+Firefox/72.0 http://localhost:8087/login 304 0 0 8
2020-01-23 19:46:46 ::1 POST /login - 8087 - ::1 Mozilla/5.0+(Windows+NT+10.0;+Win64;+x64;+rv:72.0)+Gecko/20100101+Firefox/72.0 http://localhost:8087/login 302 0 0 780
2020-01-23 19:46:46 ::1 GET /menu - 8087 - ::1 Mozilla/5.0+(Windows+NT+10.0;+Win64;+x64;+rv:72.0)+Gecko/20100101+Firefox/72.0 http://localhost:8087/login 200 0 0 538
2020-01-23 19:46:46 ::1 GET /styles/bootstrap/default/small/style.css - 8087 - ::1 Mozilla/5.0+(Windows+NT+10.0;+Win64;+x64;+rv:72.0)+Gecko/20100101+Firefox/72.0 http://localhost:8087/menu 304 0 0 70
2020-01-23 19:46:46 ::1 GET /include/runnerJS/RunnerAll.js - 8087 - ::1 Mozilla/5.0+(Windows+NT+10.0;+Win64;+x64;+rv:72.0)+Gecko/20100101+Firefox/72.0 http://localhost:8087/menu 304 0 0 60
2020-01-23 19:46:46 ::1 GET /include/lang/Spanish.js - 8087 - ::1 Mozilla/5.0+(Windows+NT+10.0;+Win64;+x64;+rv:72.0)+Gecko/20100101+Firefox/72.0 http://localhost:8087/menu 304 0 0 60
2020-01-23 19:46:46 ::1 GET /include/loadfirst.js - 8087 - ::1 Mozilla/5.0+(Windows+NT+10.0;+Win64;+x64;+rv:72.0)+Gecko/20100101+Firefox/72.0 http://localhost:8087/menu 304 0 0 63
2020-01-23 19:46:46 ::1 GET /styles/pages/.global_menu.css - 8087 - ::1 Mozilla/5.0+(Windows+NT+10.0;+Win64;+x64;+rv:72.0)+Gecko/20100101+Firefox/72.0 http://localhost:8087/menu 200 0 0 63
2020-01-23 19:46:47 ::1 GET /include/runnerJS/events/globalevents.js - 8087 - ::1 Mozilla/5.0+(Windows+NT+10.0;+Win64;+x64;+rv:72.0)+Gecko/20100101+Firefox/72.0 http://localhost:8087/menu 304 0 0 6
2020-01-23 19:46:47 ::1 GET /styles/bootstrap/fonts/glyphicons-halflings-regular.woff2 - 8087 - ::1 Mozilla/5.0+(Windows+NT+10.0;+Win64;+x64;+rv:72.0)+Gecko/20100101+Firefox/72.0 http://localhost:8087/styles/bootstrap/default/small/style.css 404 3 50 15
2020-01-23 19:46:58 ::1 GET /menu/ a=logout 8087 - ::1 Mozilla/5.0+(Windows+NT+10.0;+Win64;+x64;+rv:72.0)+Gecko/20100101+Firefox/72.0 http://localhost:8087/menu 302 0 0 123
2020-01-23 19:46:58 ::1 GET /login - 8087 - ::1 Mozilla/5.0+(Windows+NT+10.0;+Win64;+x64;+rv:72.0)+Gecko/20100101+Firefox/72.0 http://localhost:8087/menu 200 0 0 537
2020-01-23 19:46:58 ::1 GET /styles/pages/.global_login.css - 8087 - ::1 Mozilla/5.0+(Windows+NT+10.0;+Win64;+x64;+rv:72.0)+Gecko/20100101+Firefox/72.0 http://localhost:8087/login 304 0 0 41
2020-01-23 19:46:59 ::1 GET /include/ajaxsuggest.js - 8087 - ::1 Mozilla/5.0+(Windows+NT+10.0;+Win64;+x64;+rv:72.0)+Gecko/20100101+Firefox/72.0 http://localhost:8087/login 304 0 0 4
2020-01-23 19:47:25 ::1 POST /login - 8087 - ::1 Mozilla/5.0+(Windows+NT+10.0;+Win64;+x64;+rv:72.0)+Gecko/20100101+Firefox/72.0 http://localhost:8087/login 200 0 0 632
2020-01-23 19:47:25 ::1 GET /styles/bootstrap/default/small/style.css - 8087 - ::1 Mozilla/5.0+(Windows+NT+10.0;+Win64;+x64;+rv:72.0)+Gecko/20100101+Firefox/72.0 http://localhost:8087/login 304 0 0 11
2020-01-23 19:47:25 ::1 GET /styles/pages/.global_login.css - 8087 - ::1 Mozilla/5.0+(Windows+NT+10.0;+Win64;+x64;+rv:72.0)+Gecko/20100101+Firefox/72.0 http://localhost:8087/login 304 0 0 9
2020-01-23 19:47:25 ::1 GET /include/loadfirst.js - 8087 - ::1 Mozilla/5.0+(Windows+NT+10.0;+Win64;+x64;+rv:72.0)+Gecko/20100101+Firefox/72.0 http://localhost:8087/login 304 0 0 46
2020-01-23 19:47:25 ::1 GET /include/lang/Spanish.js - 8087 - ::1 Mozilla/5.0+(Windows+NT+10.0;+Win64;+x64;+rv:72.0)+Gecko/20100101+Firefox/72.0 http://localhost:8087/login 304 0 0 48
2020-01-23 19:47:25 ::1 GET /include/runnerJS/RunnerAll.js - 8087 - ::1 Mozilla/5.0+(Windows+NT+10.0;+Win64;+x64;+rv:72.0)+Gecko/20100101+Firefox/72.0 http://localhost:8087/login 304 0 0 48
2020-01-23 19:47:26 ::1 GET /include/runnerJS/events/globalevents.js - 8087 - ::1 Mozilla/5.0+(Windows+NT+10.0;+Win64;+x64;+rv:72.0)+Gecko/20100101+Firefox/72.0 http://localhost:8087/login 304 0 0 19
2020-01-23 19:47:26 ::1 GET /include/ajaxsuggest.js - 8087 - ::1 Mozilla/5.0+(Windows+NT+10.0;+Win64;+x64;+rv:72.0)+Gecko/20100101+Firefox/72.0 http://localhost:8087/login 304 0 0 17
2020-01-23 19:51:12 ::1 POST /login - 8087 - ::1 Mozilla/5.0+(Windows+NT+10.0;+Win64;+x64;+rv:72.0)+Gecko/20100101+Firefox/72.0 http://localhost:8087/login 302 0 0 1074
2020-01-23 19:51:12 ::1 GET /menu - 8087 - ::1 Mozilla/5.0+(Windows+NT+10.0;+Win64;+x64;+rv:72.0)+Gecko/20100101+Firefox/72.0 http://localhost:8087/login 200 0 0 489
2020-01-23 19:51:12 ::1 GET /styles/bootstrap/default/small/style.css - 8087 - ::1 Mozilla/5.0+(Windows+NT+10.0;+Win64;+x64;+rv:72.0)+Gecko/20100101+Firefox/72.0 http://localhost:8087/menu 304 0 0 46
2020-01-23 19:51:12 ::1 GET /include/loadfirst.js - 8087 - ::1 Mozilla/5.0+(Windows+NT+10.0;+Win64;+x64;+rv:72.0)+Gecko/20100101+Firefox/72.0 http://localhost:8087/menu 304 0 0 30
2020-01-23 19:51:12 ::1 GET /include/lang/Spanish.js - 8087 - ::1 Mozilla/5.0+(Windows+NT+10.0;+Win64;+x64;+rv:72.0)+Gecko/20100101+Firefox/72.0 http://localhost:8087/menu 304 0 0 29
2020-01-23 19:51:12 ::1 GET /styles/pages/.global_menu.css - 8087 - ::1 Mozilla/5.0+(Windows+NT+10.0;+Win64;+x64;+rv:72.0)+Gecko/20100101+Firefox/72.0 http://localhost:8087/menu 304 0 0 30
2020-01-23 19:51:12 ::1 GET /include/runnerJS/RunnerAll.js - 8087 - ::1 Mozilla/5.0+(Windows+NT+10.0;+Win64;+x64;+rv:72.0)+Gecko/20100101+Firefox/72.0 http://localhost:8087/menu 304 0 0 64
2020-01-23 19:51:14 ::1 GET /styles/bootstrap/fonts/glyphicons-halflings-regular.woff2 - 8087 - ::1 Mozilla/5.0+(Windows+NT+10.0;+Win64;+x64;+rv:72.0)+Gecko/20100101+Firefox/72.0 http://localhost:8087/styles/bootstrap/default/small/style.css 404 3 50 9
2020-01-23 19:51:14 ::1 GET /include/runnerJS/events/globalevents.js - 8087 - ::1 Mozilla/5.0+(Windows+NT+10.0;+Win64;+x64;+rv:72.0)+Gecko/20100101+Firefox/72.0 http://localhost:8087/menu 304 0 0 7
2020-01-23 19:51:14 ::1 GET /styles/bootstrap/fonts/glyphicons-halflings-regular.woff2 - 8087 - ::1 Mozilla/5.0+(Windows+NT+10.0;+Win64;+x64;+rv:72.0)+Gecko/20100101+Firefox/72.0 http://localhost:8087/styles/bootstrap/default/small/style.css 404 3 50 3
2020-01-23 19:51:18 ::1 GET /menu/ a=logout 8087 - ::1 Mozilla/5.0+(Windows+NT+10.0;+Win64;+x64;+rv:72.0)+Gecko/20100101+Firefox/72.0 http://localhost:8087/menu 302 0 0 123
2020-01-23 19:51:18 ::1 GET /login - 8087 - ::1 Mozilla/5.0+(Windows+NT+10.0;+Win64;+x64;+rv:72.0)+Gecko/20100101+Firefox/72.0 http://localhost:8087/menu 200 0 0 472
2020-01-23 19:51:18 ::1 GET /styles/pages/.global_login.css - 8087 - ::1 Mozilla/5.0+(Windows+NT+10.0;+Win64;+x64;+rv:72.0)+Gecko/20100101+Firefox/72.0 http://localhost:8087/login 304 0 0 15
2020-01-23 19:51:19 ::1 GET /include/ajaxsuggest.js - 8087 - ::1 Mozilla/5.0+(Windows+NT+10.0;+Win64;+x64;+rv:72.0)+Gecko/20100101+Firefox/72.0 http://localhost:8087/login 304 0 0 7
2020-01-23 19:51:31 ::1 POST /login - 8087 - ::1 Mozilla/5.0+(Windows+NT+10.0;+Win64;+x64;+rv:72.0)+Gecko/20100101+Firefox/72.0 http://localhost:8087/login 302 0 0 569
2020-01-23 19:51:32 ::1 GET /menu - 8087 - ::1 Mozilla/5.0+(Windows+NT+10.0;+Win64;+x64;+rv:72.0)+Gecko/20100101+Firefox/72.0 http://localhost:8087/login 200 0 0 1060
2020-01-23 19:51:32 ::1 GET /styles/bootstrap/fonts/glyphicons-halflings-regular.woff2 - 8087 - ::1 Mozilla/5.0+(Windows+NT+10.0;+Win64;+x64;+rv:72.0)+Gecko/20100101+Firefox/72.0 http://localhost:8087/styles/bootstrap/default/small/style.css 404 3 50 7
2020-01-23 19:51:44 ::1 GET /dbo_EMPLEADO/list - 8087 - ::1 Mozilla/5.0+(Windows+NT+10.0;+Win64;+x64;+rv:72.0)+Gecko/20100101+Firefox/72.0 http://localhost:8087/menu 200 0 0 7114
2020-01-23 19:51:44 ::1 GET /styles/pages/dbo_EMPLEADO_list.css - 8087 - ::1 Mozilla/5.0+(Windows+NT+10.0;+Win64;+x64;+rv:72.0)+Gecko/20100101+Firefox/72.0 http://localhost:8087/dbo_EMPLEADO/list 200 0 0 41
2020-01-23 19:51:44 ::1 GET /include/sudo/style.css - 8087 - ::1 Mozilla/5.0+(Windows+NT+10.0;+Win64;+x64;+rv:72.0)+Gecko/20100101+Firefox/72.0 http://localhost:8087/dbo_EMPLEADO/list 200 0 64 99
2020-01-23 19:51:44 ::1 GET /images/no_image.gif - 8087 - ::1 Mozilla/5.0+(Windows+NT+10.0;+Win64;+x64;+rv:72.0)+Gecko/20100101+Firefox/72.0 http://localhost:8087/dbo_EMPLEADO/list 200 0 64 59
2020-01-23 19:51:45 ::1 GET /styles/bootstrap/fonts/glyphicons-halflings-regular.woff2 - 8087 - ::1 Mozilla/5.0+(Windows+NT+10.0;+Win64;+x64;+rv:72.0)+Gecko/20100101+Firefox/72.0 http://localhost:8087/styles/bootstrap/default/small/style.css 404 3 50 5
2020-01-23 19:51:45 ::1 GET /include/zoombox/zoombox.js - 8087 - ::1 Mozilla/5.0+(Windows+NT+10.0;+Win64;+x64;+rv:72.0)+Gecko/20100101+Firefox/72.0 http://localhost:8087/dbo_EMPLEADO/list 200 0 0 54
2020-01-23 19:51:45 ::1 GET /include/sudo/jquery.sudoSlider.js - 8087 - ::1 Mozilla/5.0+(Windows+NT+10.0;+Win64;+x64;+rv:72.0)+Gecko/20100101+Firefox/72.0 http://localhost:8087/dbo_EMPLEADO/list 200 0 0 185
2020-01-23 19:52:03 ::1 POST /searchsuggest/ table=dbo_EMPLEADO 8087 - ::1 Mozilla/5.0+(Windows+NT+10.0;+Win64;+x64;+rv:72.0)+Gecko/20100101+Firefox/72.0 http://localhost:8087/dbo_EMPLEADO/list 200 0 0 2167
2020-01-23 19:52:03 ::1 POST /searchsuggest/ table=dbo_EMPLEADO 8087 - ::1 Mozilla/5.0+(Windows+NT+10.0;+Win64;+x64;+rv:72.0)+Gecko/20100101+Firefox/72.0 http://localhost:8087/dbo_EMPLEADO/list 200 0 0 328
2020-01-23 19:52:05 ::1 POST /searchsuggest/ table=dbo_EMPLEADO 8087 - ::1 Mozilla/5.0+(Windows+NT+10.0;+Win64;+x64;+rv:72.0)+Gecko/20100101+Firefox/72.0 http://localhost:8087/dbo_EMPLEADO/list 200 0 0 345
2020-01-23 19:52:05 ::1 POST /searchsuggest/ table=dbo_EMPLEADO 8087 - ::1 Mozilla/5.0+(Windows+NT+10.0;+Win64;+x64;+rv:72.0)+Gecko/20100101+Firefox/72.0 http://localhost:8087/dbo_EMPLEADO/list 200 0 0 372
2020-01-23 19:52:08 ::1 GET /dbo_EMPLEADO/list qs=24803 8087 - ::1 Mozilla/5.0+(Windows+NT+10.0;+Win64;+x64;+rv:72.0)+Gecko/20100101+Firefox/72.0 http://localhost:8087/dbo_EMPLEADO/list 200 0 0 2388
2020-01-23 19:52:08 ::1 GET /styles/bootstrap/default/small/style.css - 8087 - ::1 Mozilla/5.0+(Windows+NT+10.0;+Win64;+x64;+rv:72.0)+Gecko/20100101+Firefox/72.0 http://localhost:8087/dbo_EMPLEADO/list?qs=24803 304 0 0 21
2020-01-23 19:52:08 ::1 GET /include/loadfirst.js - 8087 - ::1 Mozilla/5.0+(Windows+NT+10.0;+Win64;+x64;+rv:72.0)+Gecko/20100101+Firefox/72.0 http://localhost:8087/dbo_EMPLEADO/list?qs=24803 304 0 0 30
2020-01-23 19:52:08 ::1 GET /include/runnerJS/RunnerAll.js - 8087 - ::1 Mozilla/5.0+(Windows+NT+10.0;+Win64;+x64;+rv:72.0)+Gecko/20100101+Firefox/72.0 http://localhost:8087/dbo_EMPLEADO/list?qs=24803 304 0 0 30
2020-01-23 19:52:08 ::1 GET /include/lang/Spanish.js - 8087 - ::1 Mozilla/5.0+(Windows+NT+10.0;+Win64;+x64;+rv:72.0)+Gecko/20100101+Firefox/72.0 http://localhost:8087/dbo_EMPLEADO/list?qs=24803 304 0 0 30
2020-01-23 19:52:08 ::1 GET /styles/pages/dbo_EMPLEADO_list.css - 8087 - ::1 Mozilla/5.0+(Windows+NT+10.0;+Win64;+x64;+rv:72.0)+Gecko/20100101+Firefox/72.0 http://localhost:8087/dbo_EMPLEADO/list?qs=24803 200 0 0 67
2020-01-23 19:52:08 ::1 GET /include/ajaxsuggest.js - 8087 - ::1 Mozilla/5.0+(Windows+NT+10.0;+Win64;+x64;+rv:72.0)+Gecko/20100101+Firefox/72.0 http://localhost:8087/dbo_EMPLEADO/list?qs=24803 304 0 0 5
2020-01-23 19:52:08 ::1 GET /styles/bootstrap/fonts/glyphicons-halflings-regular.woff2 - 8087 - ::1 Mozilla/5.0+(Windows+NT+10.0;+Win64;+x64;+rv:72.0)+Gecko/20100101+Firefox/72.0 http://localhost:8087/styles/bootstrap/default/small/style.css 404 3 50 3
2020-01-23 19:52:32 ::1 POST /INGRESAR_PERMISO/list - 8087 - ::1 Mozilla/5.0+(Windows+NT+10.0;+Win64;+x64;+rv:72.0)+Gecko/20100101+Firefox/72.0 http://localhost:8087/dbo_EMPLEADO/list?qs=24803 200 0 64 11136
2020-01-23 19:52:39 ::1 GET /INGRESAR_PERMISO/list masterkey1=24803&mastertable=dbo.EMPLEADO 8087 - ::1 Mozilla/5.0+(Windows+NT+10.0;+Win64;+x64;+rv:72.0)+Gecko/20100101+Firefox/72.0 http://localhost:8087/dbo_EMPLEADO/list?qs=24803 200 0 0 15381
2020-01-23 19:52:39 ::1 GET /styles/pages/dbo_EMPLEADO_masterlist.css - 8087 - ::1 Mozilla/5.0+(Windows+NT+10.0;+Win64;+x64;+rv:72.0)+Gecko/20100101+Firefox/72.0 http://localhost:8087/INGRESAR_PERMISO/list?masterkey1=24803&mastertable=dbo.EMPLEADO 200 0 0 55
2020-01-23 19:52:39 ::1 GET /styles/pages/INGRESAR_PERMISO_list.css - 8087 - ::1 Mozilla/5.0+(Windows+NT+10.0;+Win64;+x64;+rv:72.0)+Gecko/20100101+Firefox/72.0 http://localhost:8087/INGRESAR_PERMISO/list?masterkey1=24803&mastertable=dbo.EMPLEADO 200 0 0 75
2020-01-23 19:52:39 ::1 GET /styles/bootstrap/fonts/glyphicons-halflings-regular.woff2 - 8087 - ::1 Mozilla/5.0+(Windows+NT+10.0;+Win64;+x64;+rv:72.0)+Gecko/20100101+Firefox/72.0 http://localhost:8087/styles/bootstrap/default/small/style.css 404 3 50 5
2020-01-23 19:55:08 ::1 GET /INGRESAR_PERMISO/add - 8087 - ::1 Mozilla/5.0+(Windows+NT+10.0;+Win64;+x64;+rv:72.0)+Gecko/20100101+Firefox/72.0 http://localhost:8087/INGRESAR_PERMISO/list?masterkey1=24803&mastertable=dbo.EMPLEADO 200 0 0 3808
2020-01-23 19:55:08 ::1 GET /styles/pages/INGRESAR_PERMISO_add.css - 8087 - ::1 Mozilla/5.0+(Windows+NT+10.0;+Win64;+x64;+rv:72.0)+Gecko/20100101+Firefox/72.0 http://localhost:8087/INGRESAR_PERMISO/add 200 0 0 16
2020-01-23 19:55:08 ::1 GET /include/lang/Spanish.js - 8087 - ::1 Mozilla/5.0+(Windows+NT+10.0;+Win64;+x64;+rv:72.0)+Gecko/20100101+Firefox/72.0 http://localhost:8087/INGRESAR_PERMISO/add 304 0 0 8
2020-01-23 19:55:08 ::1 GET /include/runnerJS/RunnerAll.js - 8087 - ::1 Mozilla/5.0+(Windows+NT+10.0;+Win64;+x64;+rv:72.0)+Gecko/20100101+Firefox/72.0 http://localhost:8087/INGRESAR_PERMISO/add 304 0 0 22
2020-01-23 19:55:08 ::1 GET /include/loadfirst.js - 8087 - ::1 Mozilla/5.0+(Windows+NT+10.0;+Win64;+x64;+rv:72.0)+Gecko/20100101+Firefox/72.0 http://localhost:8087/INGRESAR_PERMISO/add 304 0 0 23
2020-01-23 19:55:08 ::1 GET /styles/bootstrap/default/small/style.css - 8087 - ::1 Mozilla/5.0+(Windows+NT+10.0;+Win64;+x64;+rv:72.0)+Gecko/20100101+Firefox/72.0 http://localhost:8087/INGRESAR_PERMISO/add 200 0 0 667
2020-01-23 19:55:10 ::1 GET /include/button_Guia_de_Permisos.js - 8087 - ::1 Mozilla/5.0+(Windows+NT+10.0;+Win64;+x64;+rv:72.0)+Gecko/20100101+Firefox/72.0 http://localhost:8087/INGRESAR_PERMISO/add 200 0 0 42
2020-01-23 19:55:10 ::1 GET /include/button_Ver_Instrutivo.js - 8087 - ::1 Mozilla/5.0+(Windows+NT+10.0;+Win64;+x64;+rv:72.0)+Gecko/20100101+Firefox/72.0 http://localhost:8087/INGRESAR_PERMISO/add 200 0 0 42
2020-01-23 19:55:10 ::1 GET /styles/bootstrap/fonts/glyphicons-halflings-regular.woff2 - 8087 - ::1 Mozilla/5.0+(Windows+NT+10.0;+Win64;+x64;+rv:72.0)+Gecko/20100101+Firefox/72.0 http://localhost:8087/styles/bootstrap/default/small/style.css 404 3 50 38
2020-01-23 19:55:10 ::1 GET /include/ajaxsuggest.js - 8087 - ::1 Mozilla/5.0+(Windows+NT+10.0;+Win64;+x64;+rv:72.0)+Gecko/20100101+Firefox/72.0 http://localhost:8087/INGRESAR_PERMISO/add 304 0 0 55
2020-01-23 19:55:10 ::1 GET /include/mupload.js - 8087 - ::1 Mozilla/5.0+(Windows+NT+10.0;+Win64;+x64;+rv:72.0)+Gecko/20100101+Firefox/72.0 http://localhost:8087/INGRESAR_PERMISO/add 200 0 0 80
2020-01-23 19:57:35 127.0.0.1 GET / - 8087 - 127.0.0.1 Mozilla/5.0+(Windows+NT+6.1;+WOW64)+AppleWebKit/536.6+(KHTML,+like+Gecko)+Chrome/20.0.1092.0+Safari/536.6 - 200 0 0 27454
2020-01-23 19:57:36 127.0.0.1 GET /INGRESAR_COMPESADO/list - 8087 - 127.0.0.1 Mozilla/5.0+(Windows+NT+6.1;+WOW64)+AppleWebKit/536.6+(KHTML,+like+Gecko)+Chrome/20.0.1092.0+Safari/536.6 - 302 0 0 1093
2020-01-23 19:57:36 127.0.0.1 GET /login return=true& 8087 - 127.0.0.1 Mozilla/5.0+(Windows+NT+6.1;+WOW64)+AppleWebKit/536.6+(KHTML,+like+Gecko)+Chrome/20.0.1092.0+Safari/536.6 - 200 0 0 461
