#Software: Microsoft Internet Information Services 10.0
#Version: 1.0
#Date: 2020-02-04 05:30:43
#Fields: date time s-ip cs-method cs-uri-stem cs-uri-query s-port cs-username c-ip cs(User-Agent) cs(Referer) sc-status sc-substatus sc-win32-status time-taken
2020-02-04 05:30:43 ::1 GET / - 8086 - ::1 Mozilla/5.0+(Windows+NT+10.0;+Win64;+x64;+rv:72.0)+Gecko/20100101+Firefox/72.0 - 500 0 0 45684
2020-02-04 05:30:53 127.0.0.1 GET / - 8086 - 127.0.0.1 Mozilla/5.0+(Windows+NT+6.1;+WOW64)+AppleWebKit/536.6+(KHTML,+like+Gecko)+Chrome/20.0.1092.0+Safari/536.6 - 500 0 0 81892
2020-02-04 05:31:24 ::1 GET / - 8086 - ::1 Mozilla/5.0+(Windows+NT+10.0;+Win64;+x64;+rv:72.0)+Gecko/20100101+Firefox/72.0 - 200 0 0 18190
2020-02-04 05:31:24 ::1 GET /styles/pages/.global_login.css - 8086 - ::1 Mozilla/5.0+(Windows+NT+10.0;+Win64;+x64;+rv:72.0)+Gecko/20100101+Firefox/72.0 http://localhost:8086/ 200 0 0 41
2020-02-04 05:31:24 ::1 GET /include/lang/Spanish.js - 8086 - ::1 Mozilla/5.0+(Windows+NT+10.0;+Win64;+x64;+rv:72.0)+Gecko/20100101+Firefox/72.0 http://localhost:8086/ 200 0 0 84
2020-02-04 05:31:24 ::1 GET /styles/bootstrap/default/small/style.css - 8086 - ::1 Mozilla/5.0+(Windows+NT+10.0;+Win64;+x64;+rv:72.0)+Gecko/20100101+Firefox/72.0 http://localhost:8086/ 200 0 0 374
2020-02-04 05:31:24 ::1 GET /include/loadfirst.js - 8086 - ::1 Mozilla/5.0+(Windows+NT+10.0;+Win64;+x64;+rv:72.0)+Gecko/20100101+Firefox/72.0 http://localhost:8086/ 200 0 0 235
2020-02-04 05:31:25 ::1 GET /include/runnerJS/RunnerAll.js - 8086 - ::1 Mozilla/5.0+(Windows+NT+10.0;+Win64;+x64;+rv:72.0)+Gecko/20100101+Firefox/72.0 http://localhost:8086/ 200 0 0 179
2020-02-04 05:31:25 ::1 GET /include/runnerJS/events/globalevents.js - 8086 - ::1 Mozilla/5.0+(Windows+NT+10.0;+Win64;+x64;+rv:72.0)+Gecko/20100101+Firefox/72.0 http://localhost:8086/ 200 0 0 8
2020-02-04 05:31:25 ::1 GET /include/ajaxsuggest.js - 8086 - ::1 Mozilla/5.0+(Windows+NT+10.0;+Win64;+x64;+rv:72.0)+Gecko/20100101+Firefox/72.0 http://localhost:8086/ 200 0 0 40
2020-02-04 05:31:48 ::1 POST /login - 8086 - ::1 Mozilla/5.0+(Windows+NT+10.0;+Win64;+x64;+rv:72.0)+Gecko/20100101+Firefox/72.0 http://localhost:8086/ 302 0 0 7807
2020-02-04 05:32:21 ::1 GET /menu - 8086 - ::1 Mozilla/5.0+(Windows+NT+10.0;+Win64;+x64;+rv:72.0)+Gecko/20100101+Firefox/72.0 http://localhost:8086/ 200 0 0 33078
2020-02-04 05:32:23 ::1 GET /include/lang/Spanish.js - 8086 - ::1 Mozilla/5.0+(Windows+NT+10.0;+Win64;+x64;+rv:72.0)+Gecko/20100101+Firefox/72.0 http://localhost:8086/menu 200 0 0 24
2020-02-04 05:32:23 ::1 GET /include/loadfirst.js - 8086 - ::1 Mozilla/5.0+(Windows+NT+10.0;+Win64;+x64;+rv:72.0)+Gecko/20100101+Firefox/72.0 http://localhost:8086/menu 304 0 0 61
2020-02-04 05:32:23 ::1 GET /include/runnerJS/RunnerAll.js - 8086 - ::1 Mozilla/5.0+(Windows+NT+10.0;+Win64;+x64;+rv:72.0)+Gecko/20100101+Firefox/72.0 http://localhost:8086/menu 304 0 0 51
2020-02-04 05:32:23 ::1 GET /styles/bootstrap/default/small/style.css - 8086 - ::1 Mozilla/5.0+(Windows+NT+10.0;+Win64;+x64;+rv:72.0)+Gecko/20100101+Firefox/72.0 http://localhost:8086/menu 304 0 0 69
2020-02-04 05:32:23 ::1 GET /styles/pages/.global_menu.css - 8086 - ::1 Mozilla/5.0+(Windows+NT+10.0;+Win64;+x64;+rv:72.0)+Gecko/20100101+Firefox/72.0 http://localhost:8086/menu 200 0 0 27
2020-02-04 05:32:23 ::1 GET /include/runnerJS/events/globalevents.js - 8086 - ::1 Mozilla/5.0+(Windows+NT+10.0;+Win64;+x64;+rv:72.0)+Gecko/20100101+Firefox/72.0 http://localhost:8086/menu 304 0 0 10
2020-02-04 05:32:24 ::1 GET /styles/bootstrap/fonts/glyphicons-halflings-regular.woff2 - 8086 - ::1 Mozilla/5.0+(Windows+NT+10.0;+Win64;+x64;+rv:72.0)+Gecko/20100101+Firefox/72.0 http://localhost:8086/styles/bootstrap/default/small/style.css 404 3 50 373
2020-02-04 05:33:27 ::1 GET /APROBAR_COMPESADOS/list - 8086 - ::1 Mozilla/5.0+(Windows+NT+10.0;+Win64;+x64;+rv:72.0)+Gecko/20100101+Firefox/72.0 http://localhost:8086/menu 200 0 0 37284
2020-02-04 05:33:27 ::1 GET /styles/bootstrap/default/small/style.css - 8086 - ::1 Mozilla/5.0+(Windows+NT+10.0;+Win64;+x64;+rv:72.0)+Gecko/20100101+Firefox/72.0 http://localhost:8086/APROBAR_COMPESADOS/list 304 0 0 27
2020-02-04 05:33:27 ::1 GET /include/loadfirst.js - 8086 - ::1 Mozilla/5.0+(Windows+NT+10.0;+Win64;+x64;+rv:72.0)+Gecko/20100101+Firefox/72.0 http://localhost:8086/APROBAR_COMPESADOS/list 304 0 0 17
2020-02-04 05:33:27 ::1 GET /include/lang/Spanish.js - 8086 - ::1 Mozilla/5.0+(Windows+NT+10.0;+Win64;+x64;+rv:72.0)+Gecko/20100101+Firefox/72.0 http://localhost:8086/APROBAR_COMPESADOS/list 304 0 0 21
2020-02-04 05:33:27 ::1 GET /include/runnerJS/RunnerAll.js - 8086 - ::1 Mozilla/5.0+(Windows+NT+10.0;+Win64;+x64;+rv:72.0)+Gecko/20100101+Firefox/72.0 http://localhost:8086/APROBAR_COMPESADOS/list 304 0 0 25
2020-02-04 05:33:27 ::1 GET /styles/pages/APROBAR_COMPESADOS_list.css - 8086 - ::1 Mozilla/5.0+(Windows+NT+10.0;+Win64;+x64;+rv:72.0)+Gecko/20100101+Firefox/72.0 http://localhost:8086/APROBAR_COMPESADOS/list 200 0 0 47
2020-02-04 05:33:27 ::1 GET /include/ajaxsuggest.js - 8086 - ::1 Mozilla/5.0+(Windows+NT+10.0;+Win64;+x64;+rv:72.0)+Gecko/20100101+Firefox/72.0 http://localhost:8086/APROBAR_COMPESADOS/list 304 0 0 24
2020-02-04 05:33:27 ::1 GET /styles/bootstrap/fonts/glyphicons-halflings-regular.woff2 - 8086 - ::1 Mozilla/5.0+(Windows+NT+10.0;+Win64;+x64;+rv:72.0)+Gecko/20100101+Firefox/72.0 http://localhost:8086/styles/bootstrap/default/small/style.css 404 3 50 4
2020-02-04 05:34:07 ::1 GET /APROBAR_COMPESADOS/search - 8086 - ::1 Mozilla/5.0+(Windows+NT+10.0;+Win64;+x64;+rv:72.0)+Gecko/20100101+Firefox/72.0 http://localhost:8086/APROBAR_COMPESADOS/list 200 0 0 8823
2020-02-04 05:34:07 ::1 GET /styles/bootstrap/default/small/style.css - 8086 - ::1 Mozilla/5.0+(Windows+NT+10.0;+Win64;+x64;+rv:72.0)+Gecko/20100101+Firefox/72.0 http://localhost:8086/APROBAR_COMPESADOS/search 304 0 0 41
2020-02-04 05:34:07 ::1 GET /include/runnerJS/RunnerAll.js - 8086 - ::1 Mozilla/5.0+(Windows+NT+10.0;+Win64;+x64;+rv:72.0)+Gecko/20100101+Firefox/72.0 http://localhost:8086/APROBAR_COMPESADOS/search 304 0 0 58
2020-02-04 05:34:07 ::1 GET /styles/pages/APROBAR_COMPESADOS_search.css - 8086 - ::1 Mozilla/5.0+(Windows+NT+10.0;+Win64;+x64;+rv:72.0)+Gecko/20100101+Firefox/72.0 http://localhost:8086/APROBAR_COMPESADOS/search 200 0 0 59
2020-02-04 05:34:07 ::1 GET /include/loadfirst.js - 8086 - ::1 Mozilla/5.0+(Windows+NT+10.0;+Win64;+x64;+rv:72.0)+Gecko/20100101+Firefox/72.0 http://localhost:8086/APROBAR_COMPESADOS/search 304 0 0 59
2020-02-04 05:34:07 ::1 GET /include/lang/Spanish.js - 8086 - ::1 Mozilla/5.0+(Windows+NT+10.0;+Win64;+x64;+rv:72.0)+Gecko/20100101+Firefox/72.0 http://localhost:8086/APROBAR_COMPESADOS/search 304 0 0 59
2020-02-04 05:34:07 ::1 GET /styles/bootstrap/fonts/glyphicons-halflings-regular.woff2 - 8086 - ::1 Mozilla/5.0+(Windows+NT+10.0;+Win64;+x64;+rv:72.0)+Gecko/20100101+Firefox/72.0 http://localhost:8086/styles/bootstrap/default/small/style.css 404 3 50 11
2020-02-04 05:34:09 ::1 GET /include/ajaxsuggest.js - 8086 - ::1 Mozilla/5.0+(Windows+NT+10.0;+Win64;+x64;+rv:72.0)+Gecko/20100101+Firefox/72.0 http://localhost:8086/APROBAR_COMPESADOS/search 304 0 0 7
2020-02-04 05:35:27 ::1 GET /APROBAR_COMPESADOS/list a=return 8086 - ::1 Mozilla/5.0+(Windows+NT+10.0;+Win64;+x64;+rv:72.0)+Gecko/20100101+Firefox/72.0 http://localhost:8086/APROBAR_COMPESADOS/search 200 0 0 13514
2020-02-04 05:35:27 ::1 GET /styles/bootstrap/default/small/style.css - 8086 - ::1 Mozilla/5.0+(Windows+NT+10.0;+Win64;+x64;+rv:72.0)+Gecko/20100101+Firefox/72.0 http://localhost:8086/APROBAR_COMPESADOS/list?a=return 304 0 0 42
2020-02-04 05:35:27 ::1 GET /styles/pages/APROBAR_COMPESADOS_list.css - 8086 - ::1 Mozilla/5.0+(Windows+NT+10.0;+Win64;+x64;+rv:72.0)+Gecko/20100101+Firefox/72.0 http://localhost:8086/APROBAR_COMPESADOS/list?a=return 304 0 0 42
2020-02-04 05:35:27 ::1 GET /include/runnerJS/RunnerAll.js - 8086 - ::1 Mozilla/5.0+(Windows+NT+10.0;+Win64;+x64;+rv:72.0)+Gecko/20100101+Firefox/72.0 http://localhost:8086/APROBAR_COMPESADOS/list?a=return 304 0 0 27
2020-02-04 05:35:27 ::1 GET /include/loadfirst.js - 8086 - ::1 Mozilla/5.0+(Windows+NT+10.0;+Win64;+x64;+rv:72.0)+Gecko/20100101+Firefox/72.0 http://localhost:8086/APROBAR_COMPESADOS/list?a=return 304 0 0 42
2020-02-04 05:35:27 ::1 GET /include/lang/Spanish.js - 8086 - ::1 Mozilla/5.0+(Windows+NT+10.0;+Win64;+x64;+rv:72.0)+Gecko/20100101+Firefox/72.0 http://localhost:8086/APROBAR_COMPESADOS/list?a=return 304 0 0 45
2020-02-04 05:35:28 ::1 GET /styles/bootstrap/fonts/glyphicons-halflings-regular.woff2 - 8086 - ::1 Mozilla/5.0+(Windows+NT+10.0;+Win64;+x64;+rv:72.0)+Gecko/20100101+Firefox/72.0 http://localhost:8086/styles/bootstrap/default/small/style.css 404 3 50 5
2020-02-04 05:35:28 ::1 GET /include/ajaxsuggest.js - 8086 - ::1 Mozilla/5.0+(Windows+NT+10.0;+Win64;+x64;+rv:72.0)+Gecko/20100101+Firefox/72.0 http://localhost:8086/APROBAR_COMPESADOS/list?a=return 304 0 0 4
2020-02-04 05:35:37 ::1 GET /Licencias_sin_goce_sueldo/list - 8086 - ::1 Mozilla/5.0+(Windows+NT+10.0;+Win64;+x64;+rv:72.0)+Gecko/20100101+Firefox/72.0 http://localhost:8086/APROBAR_COMPESADOS/list?a=return 200 0 0 4691
2020-02-04 05:35:37 ::1 GET /styles/pages/Licencias_sin_goce_sueldo_list.css - 8086 - ::1 Mozilla/5.0+(Windows+NT+10.0;+Win64;+x64;+rv:72.0)+Gecko/20100101+Firefox/72.0 http://localhost:8086/Licencias_sin_goce_sueldo/list 200 0 0 35
2020-02-04 05:35:37 ::1 GET /images/icons/jpg.png - 8086 - ::1 Mozilla/5.0+(Windows+NT+10.0;+Win64;+x64;+rv:72.0)+Gecko/20100101+Firefox/72.0 http://localhost:8086/Licencias_sin_goce_sueldo/list 200 0 0 100
2020-02-04 05:35:37 ::1 GET /styles/bootstrap/fonts/glyphicons-halflings-regular.woff2 - 8086 - ::1 Mozilla/5.0+(Windows+NT+10.0;+Win64;+x64;+rv:72.0)+Gecko/20100101+Firefox/72.0 http://localhost:8086/styles/bootstrap/default/small/style.css 404 3 50 4
#Software: Microsoft Internet Information Services 10.0
#Version: 1.0
#Date: 2020-02-04 14:34:51
#Fields: date time s-ip cs-method cs-uri-stem cs-uri-query s-port cs-username c-ip cs(User-Agent) cs(Referer) sc-status sc-substatus sc-win32-status time-taken
2020-02-04 14:34:51 127.0.0.1 GET / - 8086 - 127.0.0.1 Mozilla/5.0+(Windows+NT+6.1;+WOW64)+AppleWebKit/536.6+(KHTML,+like+Gecko)+Chrome/20.0.1092.0+Safari/536.6 - 200 0 0 36387
