#Software: Microsoft Internet Information Services 10.0
#Version: 1.0
#Date: 2020-01-30 01:59:08
#Fields: date time s-ip cs-method cs-uri-stem cs-uri-query s-port cs-username c-ip cs(User-Agent) cs(Referer) sc-status sc-substatus sc-win32-status time-taken
2020-01-30 01:59:08 ::1 GET / - 8088 - ::1 Mozilla/5.0+(Windows+NT+10.0;+Win64;+x64;+rv:72.0)+Gecko/20100101+Firefox/72.0 - 200 0 0 32298
2020-01-30 01:59:08 ::1 GET /styles/default.css - 8088 - ::1 Mozilla/5.0+(Windows+NT+10.0;+Win64;+x64;+rv:72.0)+Gecko/20100101+Firefox/72.0 http://localhost:8088/ 304 0 0 115
2020-01-30 01:59:08 ::1 GET /styles/font-awesome/css/font-awesome.min.css - 8088 - ::1 Mozilla/5.0+(Windows+NT+10.0;+Win64;+x64;+rv:72.0)+Gecko/20100101+Firefox/72.0 http://localhost:8088/ 304 0 0 97
2020-01-30 01:59:08 ::1 GET /include/jquery-ui/smoothness/jquery-ui.min.css - 8088 - ::1 Mozilla/5.0+(Windows+NT+10.0;+Win64;+x64;+rv:72.0)+Gecko/20100101+Firefox/72.0 http://localhost:8088/ 304 0 0 126
2020-01-30 01:59:08 ::1 GET /include/lang/Spanish.js - 8088 - ::1 Mozilla/5.0+(Windows+NT+10.0;+Win64;+x64;+rv:72.0)+Gecko/20100101+Firefox/72.0 http://localhost:8088/ 200 0 0 80
2020-01-30 01:59:08 ::1 GET /styles/pages/.global_login.css - 8088 - ::1 Mozilla/5.0+(Windows+NT+10.0;+Win64;+x64;+rv:72.0)+Gecko/20100101+Firefox/72.0 http://localhost:8088/ 200 0 0 317
2020-01-30 01:59:08 ::1 GET /include/bootstrap/css/jquery.mCustomScrollbar.css - 8088 - ::1 Mozilla/5.0+(Windows+NT+10.0;+Win64;+x64;+rv:72.0)+Gecko/20100101+Firefox/72.0 http://localhost:8088/ 200 0 0 165
2020-01-30 01:59:08 ::1 GET /styles/bootstrap/default/small/style.css - 8088 - ::1 Mozilla/5.0+(Windows+NT+10.0;+Win64;+x64;+rv:72.0)+Gecko/20100101+Firefox/72.0 http://localhost:8088/ 200 0 0 476
2020-01-30 01:59:09 ::1 GET /include/loadfirst.js - 8088 - ::1 Mozilla/5.0+(Windows+NT+10.0;+Win64;+x64;+rv:72.0)+Gecko/20100101+Firefox/72.0 http://localhost:8088/ 200 0 0 1058
2020-01-30 01:59:09 ::1 GET /include/runnerJS/RunnerAll.js - 8088 - ::1 Mozilla/5.0+(Windows+NT+10.0;+Win64;+x64;+rv:72.0)+Gecko/20100101+Firefox/72.0 http://localhost:8088/ 200 0 0 1160
2020-01-30 01:59:09 ::1 GET /include/runnerJS/events/globalevents.js - 8088 - ::1 Mozilla/5.0+(Windows+NT+10.0;+Win64;+x64;+rv:72.0)+Gecko/20100101+Firefox/72.0 http://localhost:8088/ 200 0 0 35
2020-01-30 01:59:09 ::1 GET /include/ajaxsuggest.js - 8088 - ::1 Mozilla/5.0+(Windows+NT+10.0;+Win64;+x64;+rv:72.0)+Gecko/20100101+Firefox/72.0 http://localhost:8088/ 200 0 0 68
2020-01-30 01:59:15 ::1 POST /login - 8088 - ::1 Mozilla/5.0+(Windows+NT+10.0;+Win64;+x64;+rv:72.0)+Gecko/20100101+Firefox/72.0 http://localhost:8088/ 302 0 0 2571
2020-01-30 01:59:26 ::1 GET /menu - 8088 - ::1 Mozilla/5.0+(Windows+NT+10.0;+Win64;+x64;+rv:72.0)+Gecko/20100101+Firefox/72.0 http://localhost:8088/ 200 0 0 11467
2020-01-30 01:59:26 ::1 GET /include/lang/Spanish.js - 8088 - ::1 Mozilla/5.0+(Windows+NT+10.0;+Win64;+x64;+rv:72.0)+Gecko/20100101+Firefox/72.0 http://localhost:8088/menu 200 0 0 144
2020-01-30 01:59:26 ::1 GET /styles/pages/.global_menu.css - 8088 - ::1 Mozilla/5.0+(Windows+NT+10.0;+Win64;+x64;+rv:72.0)+Gecko/20100101+Firefox/72.0 http://localhost:8088/menu 200 0 0 49
2020-01-30 01:59:27 ::1 GET /styles/bootstrap/fonts/glyphicons-halflings-regular.woff2 - 8088 - ::1 Mozilla/5.0+(Windows+NT+10.0;+Win64;+x64;+rv:72.0)+Gecko/20100101+Firefox/72.0 http://localhost:8088/styles/bootstrap/default/small/style.css 404 3 50 438
2020-01-30 01:59:27 ::1 GET /styles/bootstrap/fonts/glyphicons-halflings-regular.woff - 8088 - ::1 Mozilla/5.0+(Windows+NT+10.0;+Win64;+x64;+rv:72.0)+Gecko/20100101+Firefox/72.0 http://localhost:8088/styles/bootstrap/default/small/style.css 304 0 0 52
2020-01-30 02:00:21 ::1 GET /dbo_Permisos2/list - 8088 - ::1 Mozilla/5.0+(Windows+NT+10.0;+Win64;+x64;+rv:72.0)+Gecko/20100101+Firefox/72.0 http://localhost:8088/menu 200 0 0 21638
2020-01-30 02:00:21 ::1 GET /styles/pages/dbo_Permisos2_list.css - 8088 - ::1 Mozilla/5.0+(Windows+NT+10.0;+Win64;+x64;+rv:72.0)+Gecko/20100101+Firefox/72.0 http://localhost:8088/dbo_Permisos2/list 200 0 0 73
2020-01-30 02:00:21 ::1 GET /include/jquery-ui/smoothness/jquery-ui.theme.min.css - 8088 - ::1 Mozilla/5.0+(Windows+NT+10.0;+Win64;+x64;+rv:72.0)+Gecko/20100101+Firefox/72.0 http://localhost:8088/dbo_Permisos2/list 304 0 0 97
2020-01-30 02:00:21 ::1 GET /include/bootstrap/css/bootstrap-datetimepicker.min.css - 8088 - ::1 Mozilla/5.0+(Windows+NT+10.0;+Win64;+x64;+rv:72.0)+Gecko/20100101+Firefox/72.0 http://localhost:8088/dbo_Permisos2/list 304 0 0 85
2020-01-30 02:00:22 ::1 GET /styles/bootstrap/fonts/glyphicons-halflings-regular.woff2 - 8088 - ::1 Mozilla/5.0+(Windows+NT+10.0;+Win64;+x64;+rv:72.0)+Gecko/20100101+Firefox/72.0 http://localhost:8088/styles/bootstrap/default/small/style.css 404 3 50 4
2020-01-30 02:11:05 127.0.0.1 GET / - 8088 - 127.0.0.1 Mozilla/5.0+(Windows+NT+6.1;+WOW64)+AppleWebKit/536.6+(KHTML,+like+Gecko)+Chrome/20.0.1092.0+Safari/536.6 - 200 0 0 29844
#Software: Microsoft Internet Information Services 10.0
#Version: 1.0
#Date: 2020-01-30 16:05:04
#Fields: date time s-ip cs-method cs-uri-stem cs-uri-query s-port cs-username c-ip cs(User-Agent) cs(Referer) sc-status sc-substatus sc-win32-status time-taken
2020-01-30 16:05:04 127.0.0.1 GET / - 8086 - 127.0.0.1 Mozilla/5.0+(Windows+NT+6.1;+WOW64)+AppleWebKit/536.6+(KHTML,+like+Gecko)+Chrome/20.0.1092.0+Safari/536.6 - 200 0 0 57333
2020-01-30 16:05:06 127.0.0.1 GET /dbo_acceso_uggroups/list - 8086 - 127.0.0.1 Mozilla/5.0+(Windows+NT+6.1;+WOW64)+AppleWebKit/536.6+(KHTML,+like+Gecko)+Chrome/20.0.1092.0+Safari/536.6 - 302 0 0 1538
2020-01-30 16:05:06 127.0.0.1 GET /login return=true& 8086 - 127.0.0.1 Mozilla/5.0+(Windows+NT+6.1;+WOW64)+AppleWebKit/536.6+(KHTML,+like+Gecko)+Chrome/20.0.1092.0+Safari/536.6 - 200 0 0 763
#Software: Microsoft Internet Information Services 10.0
#Version: 1.0
#Date: 2020-01-30 16:37:44
#Fields: date time s-ip cs-method cs-uri-stem cs-uri-query s-port cs-username c-ip cs(User-Agent) cs(Referer) sc-status sc-substatus sc-win32-status time-taken
2020-01-30 16:37:44 127.0.0.1 GET / - 8086 - 127.0.0.1 Mozilla/5.0+(Windows+NT+6.1;+WOW64)+AppleWebKit/536.6+(KHTML,+like+Gecko)+Chrome/20.0.1092.0+Safari/536.6 - 200 0 0 31651
2020-01-30 16:37:45 127.0.0.1 GET /dbo_acceso_uggroups/list - 8086 - 127.0.0.1 Mozilla/5.0+(Windows+NT+6.1;+WOW64)+AppleWebKit/536.6+(KHTML,+like+Gecko)+Chrome/20.0.1092.0+Safari/536.6 - 302 0 0 1358
2020-01-30 16:37:45 127.0.0.1 GET /login return=true& 8086 - 127.0.0.1 Mozilla/5.0+(Windows+NT+6.1;+WOW64)+AppleWebKit/536.6+(KHTML,+like+Gecko)+Chrome/20.0.1092.0+Safari/536.6 - 200 0 0 768
2020-01-30 16:49:14 ::1 GET / - 8086 - ::1 Mozilla/5.0+(Windows+NT+10.0;+Win64;+x64;+rv:72.0)+Gecko/20100101+Firefox/72.0 - 200 0 0 26689
2020-01-30 16:49:14 ::1 GET /include/jquery-ui/smoothness/jquery-ui.min.css - 8086 - ::1 Mozilla/5.0+(Windows+NT+10.0;+Win64;+x64;+rv:72.0)+Gecko/20100101+Firefox/72.0 http://localhost:8086/ 200 0 0 143
2020-01-30 16:49:14 ::1 GET /styles/pages/.global_login.css - 8086 - ::1 Mozilla/5.0+(Windows+NT+10.0;+Win64;+x64;+rv:72.0)+Gecko/20100101+Firefox/72.0 http://localhost:8086/ 200 0 0 157
2020-01-30 16:49:14 ::1 GET /styles/default.css - 8086 - ::1 Mozilla/5.0+(Windows+NT+10.0;+Win64;+x64;+rv:72.0)+Gecko/20100101+Firefox/72.0 http://localhost:8086/ 200 0 0 207
2020-01-30 16:49:14 ::1 GET /styles/font-awesome/css/font-awesome.min.css - 8086 - ::1 Mozilla/5.0+(Windows+NT+10.0;+Win64;+x64;+rv:72.0)+Gecko/20100101+Firefox/72.0 http://localhost:8086/ 200 0 0 241
2020-01-30 16:49:14 ::1 GET /include/lang/Spanish.js - 8086 - ::1 Mozilla/5.0+(Windows+NT+10.0;+Win64;+x64;+rv:72.0)+Gecko/20100101+Firefox/72.0 http://localhost:8086/ 200 0 0 147
2020-01-30 16:49:14 ::1 GET /include/bootstrap/css/jquery.mCustomScrollbar.css - 8086 - ::1 Mozilla/5.0+(Windows+NT+10.0;+Win64;+x64;+rv:72.0)+Gecko/20100101+Firefox/72.0 http://localhost:8086/ 200 0 0 347
2020-01-30 16:49:14 ::1 GET /styles/bootstrap/default/small/style.css - 8086 - ::1 Mozilla/5.0+(Windows+NT+10.0;+Win64;+x64;+rv:72.0)+Gecko/20100101+Firefox/72.0 http://localhost:8086/ 200 0 0 621
2020-01-30 16:49:15 ::1 GET /include/loadfirst.js - 8086 - ::1 Mozilla/5.0+(Windows+NT+10.0;+Win64;+x64;+rv:72.0)+Gecko/20100101+Firefox/72.0 http://localhost:8086/ 200 0 0 607
2020-01-30 16:49:15 ::1 GET /include/runnerJS/RunnerAll.js - 8086 - ::1 Mozilla/5.0+(Windows+NT+10.0;+Win64;+x64;+rv:72.0)+Gecko/20100101+Firefox/72.0 http://localhost:8086/ 200 0 0 260
2020-01-30 16:49:15 ::1 GET /include/runnerJS/events/globalevents.js - 8086 - ::1 Mozilla/5.0+(Windows+NT+10.0;+Win64;+x64;+rv:72.0)+Gecko/20100101+Firefox/72.0 http://localhost:8086/ 200 0 0 14
2020-01-30 16:49:15 ::1 GET /include/ajaxsuggest.js - 8086 - ::1 Mozilla/5.0+(Windows+NT+10.0;+Win64;+x64;+rv:72.0)+Gecko/20100101+Firefox/72.0 http://localhost:8086/ 200 0 0 35
2020-01-30 16:49:15 ::1 GET /favicon.ico - 8086 - ::1 Mozilla/5.0+(Windows+NT+10.0;+Win64;+x64;+rv:72.0)+Gecko/20100101+Firefox/72.0 - 404 0 64 35
2020-01-30 16:50:00 ::1 POST /login - 8086 - ::1 Mozilla/5.0+(Windows+NT+10.0;+Win64;+x64;+rv:72.0)+Gecko/20100101+Firefox/72.0 http://localhost:8086/ 200 0 0 2355
2020-01-30 16:50:00 ::1 GET /include/bootstrap/css/jquery.mCustomScrollbar.css - 8086 - ::1 Mozilla/5.0+(Windows+NT+10.0;+Win64;+x64;+rv:72.0)+Gecko/20100101+Firefox/72.0 http://localhost:8086/login 304 0 0 26
2020-01-30 16:50:00 ::1 GET /styles/pages/.global_login.css - 8086 - ::1 Mozilla/5.0+(Windows+NT+10.0;+Win64;+x64;+rv:72.0)+Gecko/20100101+Firefox/72.0 http://localhost:8086/login 200 0 0 144
2020-01-30 16:50:00 ::1 GET /include/lang/Spanish.js - 8086 - ::1 Mozilla/5.0+(Windows+NT+10.0;+Win64;+x64;+rv:72.0)+Gecko/20100101+Firefox/72.0 http://localhost:8086/login 200 0 0 148
2020-01-30 16:50:00 ::1 GET /include/jquery-ui/smoothness/jquery-ui.min.css - 8086 - ::1 Mozilla/5.0+(Windows+NT+10.0;+Win64;+x64;+rv:72.0)+Gecko/20100101+Firefox/72.0 http://localhost:8086/login 200 0 0 224
2020-01-30 16:50:01 ::1 GET /include/runnerJS/events/globalevents.js - 8086 - ::1 Mozilla/5.0+(Windows+NT+10.0;+Win64;+x64;+rv:72.0)+Gecko/20100101+Firefox/72.0 http://localhost:8086/login 200 0 0 13
2020-01-30 16:50:01 ::1 GET /include/ajaxsuggest.js - 8086 - ::1 Mozilla/5.0+(Windows+NT+10.0;+Win64;+x64;+rv:72.0)+Gecko/20100101+Firefox/72.0 http://localhost:8086/login 200 0 0 113
2020-01-30 16:50:09 ::1 POST /login - 8086 - ::1 Mozilla/5.0+(Windows+NT+10.0;+Win64;+x64;+rv:72.0)+Gecko/20100101+Firefox/72.0 http://localhost:8086/login 302 0 0 705
2020-01-30 16:50:20 ::1 GET /menu - 8086 - ::1 Mozilla/5.0+(Windows+NT+10.0;+Win64;+x64;+rv:72.0)+Gecko/20100101+Firefox/72.0 http://localhost:8086/login 200 0 0 10892
2020-01-30 16:50:20 ::1 GET /include/jquery-ui/smoothness/jquery-ui.min.css - 8086 - ::1 Mozilla/5.0+(Windows+NT+10.0;+Win64;+x64;+rv:72.0)+Gecko/20100101+Firefox/72.0 http://localhost:8086/menu 304 0 0 17
2020-01-30 16:50:20 ::1 GET /styles/pages/.global_menu.css - 8086 - ::1 Mozilla/5.0+(Windows+NT+10.0;+Win64;+x64;+rv:72.0)+Gecko/20100101+Firefox/72.0 http://localhost:8086/menu 200 0 0 19
2020-01-30 16:50:21 ::1 GET /styles/bootstrap/fonts/glyphicons-halflings-regular.woff2 - 8086 - ::1 Mozilla/5.0+(Windows+NT+10.0;+Win64;+x64;+rv:72.0)+Gecko/20100101+Firefox/72.0 http://localhost:8086/styles/bootstrap/default/small/style.css 404 3 50 9
2020-01-30 16:50:21 ::1 GET /styles/bootstrap/fonts/glyphicons-halflings-regular.woff - 8086 - ::1 Mozilla/5.0+(Windows+NT+10.0;+Win64;+x64;+rv:72.0)+Gecko/20100101+Firefox/72.0 http://localhost:8086/styles/bootstrap/default/small/style.css 200 0 0 46
2020-01-30 16:51:01 ::1 GET /dbo_REGISTRO_HORAS_COMPESADAS/list - 8086 - ::1 Mozilla/5.0+(Windows+NT+10.0;+Win64;+x64;+rv:72.0)+Gecko/20100101+Firefox/72.0 http://localhost:8086/menu 200 0 0 10080
2020-01-30 16:51:01 ::1 GET /styles/bootstrap/default/small/style.css - 8086 - ::1 Mozilla/5.0+(Windows+NT+10.0;+Win64;+x64;+rv:72.0)+Gecko/20100101+Firefox/72.0 http://localhost:8086/dbo_REGISTRO_HORAS_COMPESADAS/list 304 0 0 89
2020-01-30 16:51:01 ::1 GET /styles/pages/dbo_REGISTRO_HORAS_COMPESADAS_list.css - 8086 - ::1 Mozilla/5.0+(Windows+NT+10.0;+Win64;+x64;+rv:72.0)+Gecko/20100101+Firefox/72.0 http://localhost:8086/dbo_REGISTRO_HORAS_COMPESADAS/list 200 0 0 145
2020-01-30 16:51:01 ::1 GET /include/bootstrap/css/bootstrap-datetimepicker.min.css - 8086 - ::1 Mozilla/5.0+(Windows+NT+10.0;+Win64;+x64;+rv:72.0)+Gecko/20100101+Firefox/72.0 http://localhost:8086/dbo_REGISTRO_HORAS_COMPESADAS/list 200 0 0 165
2020-01-30 16:51:01 ::1 GET /include/jquery-ui/smoothness/jquery-ui.theme.min.css - 8086 - ::1 Mozilla/5.0+(Windows+NT+10.0;+Win64;+x64;+rv:72.0)+Gecko/20100101+Firefox/72.0 http://localhost:8086/dbo_REGISTRO_HORAS_COMPESADAS/list 200 0 0 205
2020-01-30 16:51:02 ::1 GET /include/loadfirst.js - 8086 - ::1 Mozilla/5.0+(Windows+NT+10.0;+Win64;+x64;+rv:72.0)+Gecko/20100101+Firefox/72.0 http://localhost:8086/dbo_REGISTRO_HORAS_COMPESADAS/list 304 0 0 958
2020-01-30 16:51:02 ::1 GET /include/runnerJS/RunnerAll.js - 8086 - ::1 Mozilla/5.0+(Windows+NT+10.0;+Win64;+x64;+rv:72.0)+Gecko/20100101+Firefox/72.0 http://localhost:8086/dbo_REGISTRO_HORAS_COMPESADAS/list 304 0 0 1174
2020-01-30 16:51:02 ::1 GET /styles/bootstrap/fonts/glyphicons-halflings-regular.woff2 - 8086 - ::1 Mozilla/5.0+(Windows+NT+10.0;+Win64;+x64;+rv:72.0)+Gecko/20100101+Firefox/72.0 http://localhost:8086/styles/bootstrap/default/small/style.css 404 3 50 5
2020-01-30 16:51:16 ::1 GET /dbo_Permisos2/list - 8086 - ::1 Mozilla/5.0+(Windows+NT+10.0;+Win64;+x64;+rv:72.0)+Gecko/20100101+Firefox/72.0 http://localhost:8086/dbo_REGISTRO_HORAS_COMPESADAS/list 200 0 0 5998
2020-01-30 16:51:16 ::1 GET /include/bootstrap/css/bootstrap-datetimepicker.min.css - 8086 - ::1 Mozilla/5.0+(Windows+NT+10.0;+Win64;+x64;+rv:72.0)+Gecko/20100101+Firefox/72.0 http://localhost:8086/dbo_Permisos2/list 304 0 0 18
2020-01-30 16:51:16 ::1 GET /styles/pages/dbo_Permisos2_list.css - 8086 - ::1 Mozilla/5.0+(Windows+NT+10.0;+Win64;+x64;+rv:72.0)+Gecko/20100101+Firefox/72.0 http://localhost:8086/dbo_Permisos2/list 200 0 0 47
2020-01-30 16:51:16 ::1 GET /styles/bootstrap/fonts/glyphicons-halflings-regular.woff2 - 8086 - ::1 Mozilla/5.0+(Windows+NT+10.0;+Win64;+x64;+rv:72.0)+Gecko/20100101+Firefox/72.0 http://localhost:8086/styles/bootstrap/default/small/style.css 404 3 50 3
2020-01-30 16:54:36 ::1 GET /VER_COMPESADOS/list - 8086 - ::1 Mozilla/5.0+(Windows+NT+10.0;+Win64;+x64;+rv:72.0)+Gecko/20100101+Firefox/72.0 http://localhost:8086/dbo_Permisos2/list 200 0 0 6186
2020-01-30 16:54:36 ::1 GET /include/lang/Spanish.js - 8086 - ::1 Mozilla/5.0+(Windows+NT+10.0;+Win64;+x64;+rv:72.0)+Gecko/20100101+Firefox/72.0 http://localhost:8086/VER_COMPESADOS/list 304 0 0 35
2020-01-30 16:54:36 ::1 GET /styles/pages/VER_COMPESADOS_list.css - 8086 - ::1 Mozilla/5.0+(Windows+NT+10.0;+Win64;+x64;+rv:72.0)+Gecko/20100101+Firefox/72.0 http://localhost:8086/VER_COMPESADOS/list 200 0 0 61
2020-01-30 16:54:36 ::1 GET /styles/bootstrap/default/small/style.css - 8086 - ::1 Mozilla/5.0+(Windows+NT+10.0;+Win64;+x64;+rv:72.0)+Gecko/20100101+Firefox/72.0 http://localhost:8086/VER_COMPESADOS/list 304 0 0 110
2020-01-30 16:54:36 ::1 GET /images/icons/pdf.png - 8086 - ::1 Mozilla/5.0+(Windows+NT+10.0;+Win64;+x64;+rv:72.0)+Gecko/20100101+Firefox/72.0 http://localhost:8086/VER_COMPESADOS/list 200 0 0 84
2020-01-30 16:54:37 ::1 GET /include/loadfirst.js - 8086 - ::1 Mozilla/5.0+(Windows+NT+10.0;+Win64;+x64;+rv:72.0)+Gecko/20100101+Firefox/72.0 http://localhost:8086/VER_COMPESADOS/list 304 0 0 856
2020-01-30 16:54:37 ::1 GET /styles/bootstrap/fonts/glyphicons-halflings-regular.woff2 - 8086 - ::1 Mozilla/5.0+(Windows+NT+10.0;+Win64;+x64;+rv:72.0)+Gecko/20100101+Firefox/72.0 http://localhost:8086/styles/bootstrap/default/small/style.css 404 3 50 5
2020-01-30 16:54:37 ::1 GET /include/runnerJS/RunnerAll.js - 8086 - ::1 Mozilla/5.0+(Windows+NT+10.0;+Win64;+x64;+rv:72.0)+Gecko/20100101+Firefox/72.0 http://localhost:8086/VER_COMPESADOS/list 304 0 0 1135
2020-01-30 16:54:37 ::1 GET /include/ajaxsuggest.js - 8086 - ::1 Mozilla/5.0+(Windows+NT+10.0;+Win64;+x64;+rv:72.0)+Gecko/20100101+Firefox/72.0 http://localhost:8086/VER_COMPESADOS/list 304 0 0 17
#Software: Microsoft Internet Information Services 10.0
#Version: 1.0
#Date: 2020-01-30 21:44:36
#Fields: date time s-ip cs-method cs-uri-stem cs-uri-query s-port cs-username c-ip cs(User-Agent) cs(Referer) sc-status sc-substatus sc-win32-status time-taken
2020-01-30 21:44:36 127.0.0.1 GET / - 8087 - 127.0.0.1 Mozilla/5.0+(Windows+NT+6.1;+WOW64)+AppleWebKit/536.6+(KHTML,+like+Gecko)+Chrome/20.0.1092.0+Safari/536.6 - 200 0 0 41946
2020-01-30 21:44:36 ::1 GET / - 8087 - ::1 Mozilla/5.0+(Windows+NT+10.0;+Win64;+x64;+rv:72.0)+Gecko/20100101+Firefox/72.0 - 200 0 0 22500
2020-01-30 21:44:36 ::1 GET /styles/pages/.global_login.css - 8087 - ::1 Mozilla/5.0+(Windows+NT+10.0;+Win64;+x64;+rv:72.0)+Gecko/20100101+Firefox/72.0 http://localhost:8087/ 200 0 0 39
2020-01-30 21:44:36 ::1 GET /styles/font-awesome/css/font-awesome.min.css - 8087 - ::1 Mozilla/5.0+(Windows+NT+10.0;+Win64;+x64;+rv:72.0)+Gecko/20100101+Firefox/72.0 http://localhost:8087/ 200 0 0 126
2020-01-30 21:44:36 ::1 GET /include/jquery-ui/smoothness/jquery-ui.min.css - 8087 - ::1 Mozilla/5.0+(Windows+NT+10.0;+Win64;+x64;+rv:72.0)+Gecko/20100101+Firefox/72.0 http://localhost:8087/ 200 0 0 131
2020-01-30 21:44:36 ::1 GET /styles/default.css - 8087 - ::1 Mozilla/5.0+(Windows+NT+10.0;+Win64;+x64;+rv:72.0)+Gecko/20100101+Firefox/72.0 http://localhost:8087/ 200 0 64 161
2020-01-30 21:44:36 ::1 GET /include/bootstrap/css/jquery.mCustomScrollbar.css - 8087 - ::1 Mozilla/5.0+(Windows+NT+10.0;+Win64;+x64;+rv:72.0)+Gecko/20100101+Firefox/72.0 http://localhost:8087/ 200 0 0 191
2020-01-30 21:44:36 ::1 GET /styles/bootstrap/default/small/style.css - 8087 - ::1 Mozilla/5.0+(Windows+NT+10.0;+Win64;+x64;+rv:72.0)+Gecko/20100101+Firefox/72.0 http://localhost:8087/ 200 0 0 354
2020-01-30 21:44:36 ::1 GET /include/lang/Spanish.js - 8087 - ::1 Mozilla/5.0+(Windows+NT+10.0;+Win64;+x64;+rv:72.0)+Gecko/20100101+Firefox/72.0 http://localhost:8087/ 200 0 0 33
2020-01-30 21:44:37 ::1 GET /include/loadfirst.js - 8087 - ::1 Mozilla/5.0+(Windows+NT+10.0;+Win64;+x64;+rv:72.0)+Gecko/20100101+Firefox/72.0 http://localhost:8087/ 200 0 0 256
2020-01-30 21:44:37 ::1 GET /include/runnerJS/RunnerAll.js - 8087 - ::1 Mozilla/5.0+(Windows+NT+10.0;+Win64;+x64;+rv:72.0)+Gecko/20100101+Firefox/72.0 http://localhost:8087/ 200 0 0 337
2020-01-30 21:44:37 ::1 GET /include/runnerJS/events/globalevents.js - 8087 - ::1 Mozilla/5.0+(Windows+NT+10.0;+Win64;+x64;+rv:72.0)+Gecko/20100101+Firefox/72.0 http://localhost:8087/ 200 0 0 6
2020-01-30 21:44:37 ::1 GET /include/ajaxsuggest.js - 8087 - ::1 Mozilla/5.0+(Windows+NT+10.0;+Win64;+x64;+rv:72.0)+Gecko/20100101+Firefox/72.0 http://localhost:8087/ 200 0 0 29
2020-01-30 21:44:37 ::1 GET /favicon.ico - 8087 - ::1 Mozilla/5.0+(Windows+NT+10.0;+Win64;+x64;+rv:72.0)+Gecko/20100101+Firefox/72.0 - 404 0 64 62
2020-01-30 21:44:42 ::1 POST /login - 8087 - ::1 Mozilla/5.0+(Windows+NT+10.0;+Win64;+x64;+rv:72.0)+Gecko/20100101+Firefox/72.0 http://localhost:8087/ 302 0 0 2032
2020-01-30 21:44:51 ::1 GET /menu - 8087 - ::1 Mozilla/5.0+(Windows+NT+10.0;+Win64;+x64;+rv:72.0)+Gecko/20100101+Firefox/72.0 http://localhost:8087/ 200 0 0 8825
2020-01-30 21:44:51 ::1 GET /styles/bootstrap/default/small/style.css - 8087 - ::1 Mozilla/5.0+(Windows+NT+10.0;+Win64;+x64;+rv:72.0)+Gecko/20100101+Firefox/72.0 http://localhost:8087/menu 304 0 0 4
2020-01-30 21:44:51 ::1 GET /include/loadfirst.js - 8087 - ::1 Mozilla/5.0+(Windows+NT+10.0;+Win64;+x64;+rv:72.0)+Gecko/20100101+Firefox/72.0 http://localhost:8087/menu 304 0 0 40
2020-01-30 21:44:51 ::1 GET /include/lang/Spanish.js - 8087 - ::1 Mozilla/5.0+(Windows+NT+10.0;+Win64;+x64;+rv:72.0)+Gecko/20100101+Firefox/72.0 http://localhost:8087/menu 304 0 0 44
2020-01-30 21:44:51 ::1 GET /include/runnerJS/RunnerAll.js - 8087 - ::1 Mozilla/5.0+(Windows+NT+10.0;+Win64;+x64;+rv:72.0)+Gecko/20100101+Firefox/72.0 http://localhost:8087/menu 304 0 0 44
2020-01-30 21:44:51 ::1 GET /styles/pages/.global_menu.css - 8087 - ::1 Mozilla/5.0+(Windows+NT+10.0;+Win64;+x64;+rv:72.0)+Gecko/20100101+Firefox/72.0 http://localhost:8087/menu 200 0 0 45
2020-01-30 21:44:51 ::1 GET /include/runnerJS/events/globalevents.js - 8087 - ::1 Mozilla/5.0+(Windows+NT+10.0;+Win64;+x64;+rv:72.0)+Gecko/20100101+Firefox/72.0 http://localhost:8087/menu 200 0 0 2
2020-01-30 21:44:51 ::1 GET /styles/bootstrap/fonts/glyphicons-halflings-regular.woff2 - 8087 - ::1 Mozilla/5.0+(Windows+NT+10.0;+Win64;+x64;+rv:72.0)+Gecko/20100101+Firefox/72.0 http://localhost:8087/styles/bootstrap/default/small/style.css 404 3 50 58
2020-01-30 21:44:51 ::1 GET /styles/bootstrap/fonts/glyphicons-halflings-regular.woff - 8087 - ::1 Mozilla/5.0+(Windows+NT+10.0;+Win64;+x64;+rv:72.0)+Gecko/20100101+Firefox/72.0 http://localhost:8087/styles/bootstrap/default/small/style.css 200 0 64 56
2020-01-30 21:45:10 ::1 GET /APROBAR_COMPESADOS/list - 8087 - ::1 Mozilla/5.0+(Windows+NT+10.0;+Win64;+x64;+rv:72.0)+Gecko/20100101+Firefox/72.0 http://localhost:8087/menu 200 0 0 12328
2020-01-30 21:45:10 ::1 GET /styles/bootstrap/default/small/style.css - 8087 - ::1 Mozilla/5.0+(Windows+NT+10.0;+Win64;+x64;+rv:72.0)+Gecko/20100101+Firefox/72.0 http://localhost:8087/APROBAR_COMPESADOS/list 304 0 0 5
2020-01-30 21:45:10 ::1 GET /include/loadfirst.js - 8087 - ::1 Mozilla/5.0+(Windows+NT+10.0;+Win64;+x64;+rv:72.0)+Gecko/20100101+Firefox/72.0 http://localhost:8087/APROBAR_COMPESADOS/list 304 0 0 16
2020-01-30 21:45:10 ::1 GET /include/lang/Spanish.js - 8087 - ::1 Mozilla/5.0+(Windows+NT+10.0;+Win64;+x64;+rv:72.0)+Gecko/20100101+Firefox/72.0 http://localhost:8087/APROBAR_COMPESADOS/list 304 0 0 12
2020-01-30 21:45:10 ::1 GET /include/runnerJS/RunnerAll.js - 8087 - ::1 Mozilla/5.0+(Windows+NT+10.0;+Win64;+x64;+rv:72.0)+Gecko/20100101+Firefox/72.0 http://localhost:8087/APROBAR_COMPESADOS/list 304 0 0 12
2020-01-30 21:45:10 ::1 GET /styles/pages/APROBAR_COMPESADOS_list.css - 8087 - ::1 Mozilla/5.0+(Windows+NT+10.0;+Win64;+x64;+rv:72.0)+Gecko/20100101+Firefox/72.0 http://localhost:8087/APROBAR_COMPESADOS/list 200 0 0 28
2020-01-30 21:45:10 ::1 GET /include/bootstrap/css/bootstrap-datetimepicker.min.css - 8087 - ::1 Mozilla/5.0+(Windows+NT+10.0;+Win64;+x64;+rv:72.0)+Gecko/20100101+Firefox/72.0 http://localhost:8087/APROBAR_COMPESADOS/list 200 0 64 108
2020-01-30 21:45:10 ::1 GET /images/icons/pdf.png - 8087 - ::1 Mozilla/5.0+(Windows+NT+10.0;+Win64;+x64;+rv:72.0)+Gecko/20100101+Firefox/72.0 http://localhost:8087/APROBAR_COMPESADOS/list 200 0 0 59
2020-01-30 21:45:10 ::1 GET /include/ajaxsuggest.js - 8087 - ::1 Mozilla/5.0+(Windows+NT+10.0;+Win64;+x64;+rv:72.0)+Gecko/20100101+Firefox/72.0 http://localhost:8087/APROBAR_COMPESADOS/list 304 0 0 19
2020-01-30 21:45:10 ::1 GET /styles/bootstrap/fonts/glyphicons-halflings-regular.woff2 - 8087 - ::1 Mozilla/5.0+(Windows+NT+10.0;+Win64;+x64;+rv:72.0)+Gecko/20100101+Firefox/72.0 http://localhost:8087/styles/bootstrap/default/small/style.css 404 3 50 4
2020-01-30 21:45:42 ::1 POST /APROBAR_COMPESADOS/edit - 8087 - ::1 Mozilla/5.0+(Windows+NT+10.0;+Win64;+x64;+rv:72.0)+Gecko/20100101+Firefox/72.0 http://localhost:8087/APROBAR_COMPESADOS/list 200 0 0 3563
2020-01-30 21:48:48 ::1 GET /images/loading.gif - 8087 - ::1 Mozilla/5.0+(Windows+NT+10.0;+Win64;+x64;+rv:72.0)+Gecko/20100101+Firefox/72.0 http://localhost:8087/APROBAR_COMPESADOS/list 200 0 0 26
2020-01-30 21:48:50 ::1 GET /APROBAR_COMPESADOS/list goto=10 8087 - ::1 Mozilla/5.0+(Windows+NT+10.0;+Win64;+x64;+rv:72.0)+Gecko/20100101+Firefox/72.0 http://localhost:8087/APROBAR_COMPESADOS/list 200 0 0 1980
2020-01-30 21:48:50 ::1 GET /styles/bootstrap/default/small/style.css - 8087 - ::1 Mozilla/5.0+(Windows+NT+10.0;+Win64;+x64;+rv:72.0)+Gecko/20100101+Firefox/72.0 http://localhost:8087/APROBAR_COMPESADOS/list?goto=10 304 0 0 9
2020-01-30 21:48:50 ::1 GET /include/loadfirst.js - 8087 - ::1 Mozilla/5.0+(Windows+NT+10.0;+Win64;+x64;+rv:72.0)+Gecko/20100101+Firefox/72.0 http://localhost:8087/APROBAR_COMPESADOS/list?goto=10 304 0 0 39
2020-01-30 21:48:50 ::1 GET /include/lang/Spanish.js - 8087 - ::1 Mozilla/5.0+(Windows+NT+10.0;+Win64;+x64;+rv:72.0)+Gecko/20100101+Firefox/72.0 http://localhost:8087/APROBAR_COMPESADOS/list?goto=10 304 0 0 39
2020-01-30 21:48:50 ::1 GET /styles/pages/APROBAR_COMPESADOS_list.css - 8087 - ::1 Mozilla/5.0+(Windows+NT+10.0;+Win64;+x64;+rv:72.0)+Gecko/20100101+Firefox/72.0 http://localhost:8087/APROBAR_COMPESADOS/list?goto=10 200 0 0 39
2020-01-30 21:48:50 ::1 GET /include/runnerJS/RunnerAll.js - 8087 - ::1 Mozilla/5.0+(Windows+NT+10.0;+Win64;+x64;+rv:72.0)+Gecko/20100101+Firefox/72.0 http://localhost:8087/APROBAR_COMPESADOS/list?goto=10 304 0 0 40
2020-01-30 21:48:50 ::1 GET /images/icons/jpg.png - 8087 - ::1 Mozilla/5.0+(Windows+NT+10.0;+Win64;+x64;+rv:72.0)+Gecko/20100101+Firefox/72.0 http://localhost:8087/APROBAR_COMPESADOS/list?goto=10 200 0 0 45
2020-01-30 21:48:50 ::1 GET /include/ajaxsuggest.js - 8087 - ::1 Mozilla/5.0+(Windows+NT+10.0;+Win64;+x64;+rv:72.0)+Gecko/20100101+Firefox/72.0 http://localhost:8087/APROBAR_COMPESADOS/list?goto=10 304 0 0 14
2020-01-30 21:48:50 ::1 GET /styles/bootstrap/fonts/glyphicons-halflings-regular.woff2 - 8087 - ::1 Mozilla/5.0+(Windows+NT+10.0;+Win64;+x64;+rv:72.0)+Gecko/20100101+Firefox/72.0 http://localhost:8087/styles/bootstrap/default/small/style.css 404 3 50 7
2020-01-30 21:51:20 127.0.0.1 GET / - 8087 - 127.0.0.1 Mozilla/5.0+(Windows+NT+6.1;+WOW64)+AppleWebKit/536.6+(KHTML,+like+Gecko)+Chrome/20.0.1092.0+Safari/536.6 - 200 0 0 27552
2020-01-30 21:51:20 ::1 GET / - 8087 - ::1 Mozilla/5.0+(Windows+NT+10.0;+Win64;+x64;+rv:72.0)+Gecko/20100101+Firefox/72.0 - 200 0 0 1223
2020-01-30 21:51:20 ::1 GET /styles/pages/.global_login.css - 8087 - ::1 Mozilla/5.0+(Windows+NT+10.0;+Win64;+x64;+rv:72.0)+Gecko/20100101+Firefox/72.0 http://localhost:8087/ 200 0 0 85
2020-01-30 21:51:20 ::1 GET /include/lang/Spanish.js - 8087 - ::1 Mozilla/5.0+(Windows+NT+10.0;+Win64;+x64;+rv:72.0)+Gecko/20100101+Firefox/72.0 http://localhost:8087/ 200 0 0 99
2020-01-30 21:51:21 ::1 GET /styles/bootstrap/default/small/style.css - 8087 - ::1 Mozilla/5.0+(Windows+NT+10.0;+Win64;+x64;+rv:72.0)+Gecko/20100101+Firefox/72.0 http://localhost:8087/ 200 0 0 320
2020-01-30 21:51:21 ::1 GET /include/loadfirst.js - 8087 - ::1 Mozilla/5.0+(Windows+NT+10.0;+Win64;+x64;+rv:72.0)+Gecko/20100101+Firefox/72.0 http://localhost:8087/ 200 0 0 370
2020-01-30 21:51:21 ::1 GET /include/runnerJS/RunnerAll.js - 8087 - ::1 Mozilla/5.0+(Windows+NT+10.0;+Win64;+x64;+rv:72.0)+Gecko/20100101+Firefox/72.0 http://localhost:8087/ 200 0 0 362
2020-01-30 21:51:21 ::1 GET /include/runnerJS/events/globalevents.js - 8087 - ::1 Mozilla/5.0+(Windows+NT+10.0;+Win64;+x64;+rv:72.0)+Gecko/20100101+Firefox/72.0 http://localhost:8087/ 200 0 0 5
2020-01-30 21:51:21 ::1 GET /include/ajaxsuggest.js - 8087 - ::1 Mozilla/5.0+(Windows+NT+10.0;+Win64;+x64;+rv:72.0)+Gecko/20100101+Firefox/72.0 http://localhost:8087/ 200 0 0 24
2020-01-30 21:51:26 ::1 POST /login - 8087 - ::1 Mozilla/5.0+(Windows+NT+10.0;+Win64;+x64;+rv:72.0)+Gecko/20100101+Firefox/72.0 http://localhost:8087/ 302 0 0 1898
2020-01-30 21:51:34 ::1 GET /menu - 8087 - ::1 Mozilla/5.0+(Windows+NT+10.0;+Win64;+x64;+rv:72.0)+Gecko/20100101+Firefox/72.0 http://localhost:8087/ 200 0 0 7293
2020-01-30 21:51:34 ::1 GET /styles/bootstrap/default/small/style.css - 8087 - ::1 Mozilla/5.0+(Windows+NT+10.0;+Win64;+x64;+rv:72.0)+Gecko/20100101+Firefox/72.0 http://localhost:8087/menu 304 0 0 36
2020-01-30 21:51:34 ::1 GET /include/loadfirst.js - 8087 - ::1 Mozilla/5.0+(Windows+NT+10.0;+Win64;+x64;+rv:72.0)+Gecko/20100101+Firefox/72.0 http://localhost:8087/menu 304 0 0 34
2020-01-30 21:51:34 ::1 GET /include/lang/Spanish.js - 8087 - ::1 Mozilla/5.0+(Windows+NT+10.0;+Win64;+x64;+rv:72.0)+Gecko/20100101+Firefox/72.0 http://localhost:8087/menu 304 0 0 36
2020-01-30 21:51:34 ::1 GET /styles/pages/.global_menu.css - 8087 - ::1 Mozilla/5.0+(Windows+NT+10.0;+Win64;+x64;+rv:72.0)+Gecko/20100101+Firefox/72.0 http://localhost:8087/menu 200 0 0 42
2020-01-30 21:51:34 ::1 GET /include/runnerJS/RunnerAll.js - 8087 - ::1 Mozilla/5.0+(Windows+NT+10.0;+Win64;+x64;+rv:72.0)+Gecko/20100101+Firefox/72.0 http://localhost:8087/menu 304 0 0 61
2020-01-30 21:51:34 ::1 GET /include/runnerJS/events/globalevents.js - 8087 - ::1 Mozilla/5.0+(Windows+NT+10.0;+Win64;+x64;+rv:72.0)+Gecko/20100101+Firefox/72.0 http://localhost:8087/menu 304 0 0 3
2020-01-30 21:51:34 ::1 GET /styles/bootstrap/fonts/glyphicons-halflings-regular.woff2 - 8087 - ::1 Mozilla/5.0+(Windows+NT+10.0;+Win64;+x64;+rv:72.0)+Gecko/20100101+Firefox/72.0 http://localhost:8087/styles/bootstrap/default/small/style.css 404 3 50 9
2020-01-30 21:51:53 ::1 GET /APROBAR_COMPESADOS/list - 8087 - ::1 Mozilla/5.0+(Windows+NT+10.0;+Win64;+x64;+rv:72.0)+Gecko/20100101+Firefox/72.0 http://localhost:8087/menu 200 0 0 12799
2020-01-30 21:51:53 ::1 GET /styles/bootstrap/default/small/style.css - 8087 - ::1 Mozilla/5.0+(Windows+NT+10.0;+Win64;+x64;+rv:72.0)+Gecko/20100101+Firefox/72.0 http://localhost:8087/APROBAR_COMPESADOS/list 304 0 0 23
2020-01-30 21:51:53 ::1 GET /include/lang/Spanish.js - 8087 - ::1 Mozilla/5.0+(Windows+NT+10.0;+Win64;+x64;+rv:72.0)+Gecko/20100101+Firefox/72.0 http://localhost:8087/APROBAR_COMPESADOS/list 304 0 0 14
2020-01-30 21:51:53 ::1 GET /include/loadfirst.js - 8087 - ::1 Mozilla/5.0+(Windows+NT+10.0;+Win64;+x64;+rv:72.0)+Gecko/20100101+Firefox/72.0 http://localhost:8087/APROBAR_COMPESADOS/list 304 0 0 15
2020-01-30 21:51:53 ::1 GET /styles/pages/APROBAR_COMPESADOS_list.css - 8087 - ::1 Mozilla/5.0+(Windows+NT+10.0;+Win64;+x64;+rv:72.0)+Gecko/20100101+Firefox/72.0 http://localhost:8087/APROBAR_COMPESADOS/list 200 0 0 57
2020-01-30 21:51:53 ::1 GET /include/runnerJS/RunnerAll.js - 8087 - ::1 Mozilla/5.0+(Windows+NT+10.0;+Win64;+x64;+rv:72.0)+Gecko/20100101+Firefox/72.0 http://localhost:8087/APROBAR_COMPESADOS/list 304 0 0 34
2020-01-30 21:51:53 ::1 GET /images/icons/pdf.png - 8087 - ::1 Mozilla/5.0+(Windows+NT+10.0;+Win64;+x64;+rv:72.0)+Gecko/20100101+Firefox/72.0 http://localhost:8087/APROBAR_COMPESADOS/list 304 0 0 10
2020-01-30 21:51:53 ::1 GET /include/ajaxsuggest.js - 8087 - ::1 Mozilla/5.0+(Windows+NT+10.0;+Win64;+x64;+rv:72.0)+Gecko/20100101+Firefox/72.0 http://localhost:8087/APROBAR_COMPESADOS/list 304 0 0 13
2020-01-30 21:51:53 ::1 GET /styles/bootstrap/fonts/glyphicons-halflings-regular.woff2 - 8087 - ::1 Mozilla/5.0+(Windows+NT+10.0;+Win64;+x64;+rv:72.0)+Gecko/20100101+Firefox/72.0 http://localhost:8087/styles/bootstrap/default/small/style.css 404 3 50 4
2020-01-30 21:52:04 ::1 GET /APROBAR_COMPESADOS/list goto=10 8087 - ::1 Mozilla/5.0+(Windows+NT+10.0;+Win64;+x64;+rv:72.0)+Gecko/20100101+Firefox/72.0 http://localhost:8087/APROBAR_COMPESADOS/list 200 0 0 1792
2020-01-30 21:52:04 ::1 GET /styles/bootstrap/default/small/style.css - 8087 - ::1 Mozilla/5.0+(Windows+NT+10.0;+Win64;+x64;+rv:72.0)+Gecko/20100101+Firefox/72.0 http://localhost:8087/APROBAR_COMPESADOS/list?goto=10 304 0 0 34
2020-01-30 21:52:04 ::1 GET /include/runnerJS/RunnerAll.js - 8087 - ::1 Mozilla/5.0+(Windows+NT+10.0;+Win64;+x64;+rv:72.0)+Gecko/20100101+Firefox/72.0 http://localhost:8087/APROBAR_COMPESADOS/list?goto=10 304 0 0 19
2020-01-30 21:52:04 ::1 GET /styles/pages/APROBAR_COMPESADOS_list.css - 8087 - ::1 Mozilla/5.0+(Windows+NT+10.0;+Win64;+x64;+rv:72.0)+Gecko/20100101+Firefox/72.0 http://localhost:8087/APROBAR_COMPESADOS/list?goto=10 304 0 0 19
2020-01-30 21:52:04 ::1 GET /include/loadfirst.js - 8087 - ::1 Mozilla/5.0+(Windows+NT+10.0;+Win64;+x64;+rv:72.0)+Gecko/20100101+Firefox/72.0 http://localhost:8087/APROBAR_COMPESADOS/list?goto=10 304 0 0 39
2020-01-30 21:52:04 ::1 GET /include/lang/Spanish.js - 8087 - ::1 Mozilla/5.0+(Windows+NT+10.0;+Win64;+x64;+rv:72.0)+Gecko/20100101+Firefox/72.0 http://localhost:8087/APROBAR_COMPESADOS/list?goto=10 304 0 0 39
2020-01-30 21:52:04 ::1 GET /include/ajaxsuggest.js - 8087 - ::1 Mozilla/5.0+(Windows+NT+10.0;+Win64;+x64;+rv:72.0)+Gecko/20100101+Firefox/72.0 http://localhost:8087/APROBAR_COMPESADOS/list?goto=10 304 0 0 21
2020-01-30 21:52:04 ::1 GET /styles/bootstrap/fonts/glyphicons-halflings-regular.woff2 - 8087 - ::1 Mozilla/5.0+(Windows+NT+10.0;+Win64;+x64;+rv:72.0)+Gecko/20100101+Firefox/72.0 http://localhost:8087/styles/bootstrap/default/small/style.css 404 3 50 3
2020-01-30 21:52:23 ::1 GET /APROBAR_COMPESADOS/list goto=4 8087 - ::1 Mozilla/5.0+(Windows+NT+10.0;+Win64;+x64;+rv:72.0)+Gecko/20100101+Firefox/72.0 http://localhost:8087/APROBAR_COMPESADOS/list?goto=10 200 0 0 1460
2020-01-30 21:52:23 ::1 GET /styles/pages/APROBAR_COMPESADOS_list.css - 8087 - ::1 Mozilla/5.0+(Windows+NT+10.0;+Win64;+x64;+rv:72.0)+Gecko/20100101+Firefox/72.0 http://localhost:8087/APROBAR_COMPESADOS/list?goto=4 304 0 0 25
2020-01-30 21:52:23 ::1 GET /styles/bootstrap/default/small/style.css - 8087 - ::1 Mozilla/5.0+(Windows+NT+10.0;+Win64;+x64;+rv:72.0)+Gecko/20100101+Firefox/72.0 http://localhost:8087/APROBAR_COMPESADOS/list?goto=4 304 0 0 25
2020-01-30 21:52:23 ::1 GET /include/runnerJS/RunnerAll.js - 8087 - ::1 Mozilla/5.0+(Windows+NT+10.0;+Win64;+x64;+rv:72.0)+Gecko/20100101+Firefox/72.0 http://localhost:8087/APROBAR_COMPESADOS/list?goto=4 304 0 0 20
2020-01-30 21:52:23 ::1 GET /include/loadfirst.js - 8087 - ::1 Mozilla/5.0+(Windows+NT+10.0;+Win64;+x64;+rv:72.0)+Gecko/20100101+Firefox/72.0 http://localhost:8087/APROBAR_COMPESADOS/list?goto=4 304 0 0 20
2020-01-30 21:52:23 ::1 GET /include/lang/Spanish.js - 8087 - ::1 Mozilla/5.0+(Windows+NT+10.0;+Win64;+x64;+rv:72.0)+Gecko/20100101+Firefox/72.0 http://localhost:8087/APROBAR_COMPESADOS/list?goto=4 304 0 0 20
2020-01-30 21:52:23 ::1 GET /include/ajaxsuggest.js - 8087 - ::1 Mozilla/5.0+(Windows+NT+10.0;+Win64;+x64;+rv:72.0)+Gecko/20100101+Firefox/72.0 http://localhost:8087/APROBAR_COMPESADOS/list?goto=4 304 0 0 10
2020-01-30 21:52:23 ::1 GET /styles/bootstrap/fonts/glyphicons-halflings-regular.woff2 - 8087 - ::1 Mozilla/5.0+(Windows+NT+10.0;+Win64;+x64;+rv:72.0)+Gecko/20100101+Firefox/72.0 http://localhost:8087/styles/bootstrap/default/small/style.css 404 3 50 3
2020-01-30 21:52:47 ::1 GET /APROBAR_COMPESADOS/list goto=7 8087 - ::1 Mozilla/5.0+(Windows+NT+10.0;+Win64;+x64;+rv:72.0)+Gecko/20100101+Firefox/72.0 http://localhost:8087/APROBAR_COMPESADOS/list?goto=4 200 0 0 1391
2020-01-30 21:52:47 ::1 GET /styles/bootstrap/default/small/style.css - 8087 - ::1 Mozilla/5.0+(Windows+NT+10.0;+Win64;+x64;+rv:72.0)+Gecko/20100101+Firefox/72.0 http://localhost:8087/APROBAR_COMPESADOS/list?goto=7 304 0 0 25
2020-01-30 21:52:47 ::1 GET /include/runnerJS/RunnerAll.js - 8087 - ::1 Mozilla/5.0+(Windows+NT+10.0;+Win64;+x64;+rv:72.0)+Gecko/20100101+Firefox/72.0 http://localhost:8087/APROBAR_COMPESADOS/list?goto=7 304 0 0 24
2020-01-30 21:52:47 ::1 GET /styles/pages/APROBAR_COMPESADOS_list.css - 8087 - ::1 Mozilla/5.0+(Windows+NT+10.0;+Win64;+x64;+rv:72.0)+Gecko/20100101+Firefox/72.0 http://localhost:8087/APROBAR_COMPESADOS/list?goto=7 304 0 0 47
2020-01-30 21:52:47 ::1 GET /include/lang/Spanish.js - 8087 - ::1 Mozilla/5.0+(Windows+NT+10.0;+Win64;+x64;+rv:72.0)+Gecko/20100101+Firefox/72.0 http://localhost:8087/APROBAR_COMPESADOS/list?goto=7 304 0 0 47
2020-01-30 21:52:47 ::1 GET /include/loadfirst.js - 8087 - ::1 Mozilla/5.0+(Windows+NT+10.0;+Win64;+x64;+rv:72.0)+Gecko/20100101+Firefox/72.0 http://localhost:8087/APROBAR_COMPESADOS/list?goto=7 304 0 0 48
2020-01-30 21:52:47 ::1 GET /include/ajaxsuggest.js - 8087 - ::1 Mozilla/5.0+(Windows+NT+10.0;+Win64;+x64;+rv:72.0)+Gecko/20100101+Firefox/72.0 http://localhost:8087/APROBAR_COMPESADOS/list?goto=7 304 0 0 24
2020-01-30 21:52:47 ::1 GET /styles/bootstrap/fonts/glyphicons-halflings-regular.woff2 - 8087 - ::1 Mozilla/5.0+(Windows+NT+10.0;+Win64;+x64;+rv:72.0)+Gecko/20100101+Firefox/72.0 http://localhost:8087/styles/bootstrap/default/small/style.css 404 3 50 3
2020-01-30 21:53:08 ::1 GET /APROBAR_COMPESADOS/list goto=9 8087 - ::1 Mozilla/5.0+(Windows+NT+10.0;+Win64;+x64;+rv:72.0)+Gecko/20100101+Firefox/72.0 http://localhost:8087/APROBAR_COMPESADOS/list?goto=7 200 0 0 2036
2020-01-30 21:53:08 ::1 GET /styles/bootstrap/default/small/style.css - 8087 - ::1 Mozilla/5.0+(Windows+NT+10.0;+Win64;+x64;+rv:72.0)+Gecko/20100101+Firefox/72.0 http://localhost:8087/APROBAR_COMPESADOS/list?goto=9 304 0 0 23
2020-01-30 21:53:08 ::1 GET /styles/pages/APROBAR_COMPESADOS_list.css - 8087 - ::1 Mozilla/5.0+(Windows+NT+10.0;+Win64;+x64;+rv:72.0)+Gecko/20100101+Firefox/72.0 http://localhost:8087/APROBAR_COMPESADOS/list?goto=9 304 0 0 17
2020-01-30 21:53:08 ::1 GET /include/loadfirst.js - 8087 - ::1 Mozilla/5.0+(Windows+NT+10.0;+Win64;+x64;+rv:72.0)+Gecko/20100101+Firefox/72.0 http://localhost:8087/APROBAR_COMPESADOS/list?goto=9 304 0 0 29
2020-01-30 21:53:08 ::1 GET /include/lang/Spanish.js - 8087 - ::1 Mozilla/5.0+(Windows+NT+10.0;+Win64;+x64;+rv:72.0)+Gecko/20100101+Firefox/72.0 http://localhost:8087/APROBAR_COMPESADOS/list?goto=9 304 0 0 38
2020-01-30 21:53:08 ::1 GET /include/runnerJS/RunnerAll.js - 8087 - ::1 Mozilla/5.0+(Windows+NT+10.0;+Win64;+x64;+rv:72.0)+Gecko/20100101+Firefox/72.0 http://localhost:8087/APROBAR_COMPESADOS/list?goto=9 304 0 0 38
2020-01-30 21:53:08 ::1 GET /include/ajaxsuggest.js - 8087 - ::1 Mozilla/5.0+(Windows+NT+10.0;+Win64;+x64;+rv:72.0)+Gecko/20100101+Firefox/72.0 http://localhost:8087/APROBAR_COMPESADOS/list?goto=9 304 0 0 32
2020-01-30 21:53:08 ::1 GET /styles/bootstrap/fonts/glyphicons-halflings-regular.woff2 - 8087 - ::1 Mozilla/5.0+(Windows+NT+10.0;+Win64;+x64;+rv:72.0)+Gecko/20100101+Firefox/72.0 http://localhost:8087/styles/bootstrap/default/small/style.css 404 3 50 16
2020-01-30 21:53:36 ::1 POST /APROBAR_COMPESADOS/edit - 8087 - ::1 Mozilla/5.0+(Windows+NT+10.0;+Win64;+x64;+rv:72.0)+Gecko/20100101+Firefox/72.0 http://localhost:8087/APROBAR_COMPESADOS/list?goto=9 200 0 0 3037
2020-01-30 21:53:43 ::1 POST /APROBAR_COMPESADOS/edit submit=1 8087 - ::1 Mozilla/5.0+(Windows+NT+10.0;+Win64;+x64;+rv:72.0)+Gecko/20100101+Firefox/72.0 http://localhost:8087/APROBAR_COMPESADOS/list?goto=9 200 0 0 1175
2020-01-30 21:53:43 ::1 GET /images/icons/jpg.png rndVal=0.780811586632419 8087 - ::1 Mozilla/5.0+(Windows+NT+10.0;+Win64;+x64;+rv:72.0)+Gecko/20100101+Firefox/72.0 http://localhost:8087/APROBAR_COMPESADOS/list?goto=9 200 0 0 53
2020-01-30 21:53:54 ::1 GET /APROBAR_PERMISOS/list - 8087 - ::1 Mozilla/5.0+(Windows+NT+10.0;+Win64;+x64;+rv:72.0)+Gecko/20100101+Firefox/72.0 http://localhost:8087/APROBAR_COMPESADOS/list?goto=9 200 0 0 4486
2020-01-30 21:53:54 ::1 GET /styles/bootstrap/default/small/style.css - 8087 - ::1 Mozilla/5.0+(Windows+NT+10.0;+Win64;+x64;+rv:72.0)+Gecko/20100101+Firefox/72.0 http://localhost:8087/APROBAR_PERMISOS/list 304 0 0 31
2020-01-30 21:53:54 ::1 GET /include/loadfirst.js - 8087 - ::1 Mozilla/5.0+(Windows+NT+10.0;+Win64;+x64;+rv:72.0)+Gecko/20100101+Firefox/72.0 http://localhost:8087/APROBAR_PERMISOS/list 304 0 0 20
2020-01-30 21:53:54 ::1 GET /include/lang/Spanish.js - 8087 - ::1 Mozilla/5.0+(Windows+NT+10.0;+Win64;+x64;+rv:72.0)+Gecko/20100101+Firefox/72.0 http://localhost:8087/APROBAR_PERMISOS/list 304 0 0 27
2020-01-30 21:53:54 ::1 GET /styles/pages/APROBAR_PERMISOS_list.css - 8087 - ::1 Mozilla/5.0+(Windows+NT+10.0;+Win64;+x64;+rv:72.0)+Gecko/20100101+Firefox/72.0 http://localhost:8087/APROBAR_PERMISOS/list 200 0 0 51
2020-01-30 21:53:54 ::1 GET /include/runnerJS/RunnerAll.js - 8087 - ::1 Mozilla/5.0+(Windows+NT+10.0;+Win64;+x64;+rv:72.0)+Gecko/20100101+Firefox/72.0 http://localhost:8087/APROBAR_PERMISOS/list 304 0 0 36
2020-01-30 21:53:54 ::1 GET /include/ajaxsuggest.js - 8087 - ::1 Mozilla/5.0+(Windows+NT+10.0;+Win64;+x64;+rv:72.0)+Gecko/20100101+Firefox/72.0 http://localhost:8087/APROBAR_PERMISOS/list 304 0 0 20
2020-01-30 21:53:54 ::1 GET /styles/bootstrap/fonts/glyphicons-halflings-regular.woff2 - 8087 - ::1 Mozilla/5.0+(Windows+NT+10.0;+Win64;+x64;+rv:72.0)+Gecko/20100101+Firefox/72.0 http://localhost:8087/styles/bootstrap/default/small/style.css 404 3 50 3
2020-01-30 21:54:20 ::1 GET /APROBAR_PERMISOS/list goto=10 8087 - ::1 Mozilla/5.0+(Windows+NT+10.0;+Win64;+x64;+rv:72.0)+Gecko/20100101+Firefox/72.0 http://localhost:8087/APROBAR_PERMISOS/list 200 0 0 1599
2020-01-30 21:54:20 ::1 GET /styles/bootstrap/default/small/style.css - 8087 - ::1 Mozilla/5.0+(Windows+NT+10.0;+Win64;+x64;+rv:72.0)+Gecko/20100101+Firefox/72.0 http://localhost:8087/APROBAR_PERMISOS/list?goto=10 304 0 0 26
2020-01-30 21:54:20 ::1 GET /styles/pages/APROBAR_PERMISOS_list.css - 8087 - ::1 Mozilla/5.0+(Windows+NT+10.0;+Win64;+x64;+rv:72.0)+Gecko/20100101+Firefox/72.0 http://localhost:8087/APROBAR_PERMISOS/list?goto=10 304 0 0 30
2020-01-30 21:54:20 ::1 GET /include/lang/Spanish.js - 8087 - ::1 Mozilla/5.0+(Windows+NT+10.0;+Win64;+x64;+rv:72.0)+Gecko/20100101+Firefox/72.0 http://localhost:8087/APROBAR_PERMISOS/list?goto=10 304 0 0 48
2020-01-30 21:54:20 ::1 GET /include/loadfirst.js - 8087 - ::1 Mozilla/5.0+(Windows+NT+10.0;+Win64;+x64;+rv:72.0)+Gecko/20100101+Firefox/72.0 http://localhost:8087/APROBAR_PERMISOS/list?goto=10 304 0 0 48
2020-01-30 21:54:20 ::1 GET /include/runnerJS/RunnerAll.js - 8087 - ::1 Mozilla/5.0+(Windows+NT+10.0;+Win64;+x64;+rv:72.0)+Gecko/20100101+Firefox/72.0 http://localhost:8087/APROBAR_PERMISOS/list?goto=10 304 0 0 38
2020-01-30 21:54:20 ::1 GET /include/ajaxsuggest.js - 8087 - ::1 Mozilla/5.0+(Windows+NT+10.0;+Win64;+x64;+rv:72.0)+Gecko/20100101+Firefox/72.0 http://localhost:8087/APROBAR_PERMISOS/list?goto=10 304 0 0 26
2020-01-30 21:54:20 ::1 GET /styles/bootstrap/fonts/glyphicons-halflings-regular.woff2 - 8087 - ::1 Mozilla/5.0+(Windows+NT+10.0;+Win64;+x64;+rv:72.0)+Gecko/20100101+Firefox/72.0 http://localhost:8087/styles/bootstrap/default/small/style.css 404 3 50 3
2020-01-30 21:56:55 ::1 GET / - 8087 - ::1 Mozilla/5.0+(Windows+NT+10.0;+Win64;+x64;+rv:72.0)+Gecko/20100101+Firefox/72.0 - 200 0 0 1059
2020-01-30 21:56:57 ::1 GET /include/lang/Spanish.js - 8087 - ::1 Mozilla/5.0+(Windows+NT+10.0;+Win64;+x64;+rv:72.0)+Gecko/20100101+Firefox/72.0 http://localhost:8087/ 304 0 0 67
2020-01-30 21:56:57 ::1 GET /include/loadfirst.js - 8087 - ::1 Mozilla/5.0+(Windows+NT+10.0;+Win64;+x64;+rv:72.0)+Gecko/20100101+Firefox/72.0 http://localhost:8087/ 304 0 0 67
2020-01-30 21:56:57 ::1 GET /include/runnerJS/RunnerAll.js - 8087 - ::1 Mozilla/5.0+(Windows+NT+10.0;+Win64;+x64;+rv:72.0)+Gecko/20100101+Firefox/72.0 http://localhost:8087/ 304 0 0 115
2020-01-30 21:56:57 ::1 GET /styles/bootstrap/default/small/style.css - 8087 - ::1 Mozilla/5.0+(Windows+NT+10.0;+Win64;+x64;+rv:72.0)+Gecko/20100101+Firefox/72.0 http://localhost:8087/ 304 0 0 123
2020-01-30 21:56:57 ::1 GET /styles/pages/.global_login.css - 8087 - ::1 Mozilla/5.0+(Windows+NT+10.0;+Win64;+x64;+rv:72.0)+Gecko/20100101+Firefox/72.0 http://localhost:8087/ 304 0 0 128
2020-01-30 21:56:57 ::1 GET /include/runnerJS/events/globalevents.js - 8087 - ::1 Mozilla/5.0+(Windows+NT+10.0;+Win64;+x64;+rv:72.0)+Gecko/20100101+Firefox/72.0 http://localhost:8087/ 200 0 0 24
2020-01-30 21:56:57 ::1 GET /include/ajaxsuggest.js - 8087 - ::1 Mozilla/5.0+(Windows+NT+10.0;+Win64;+x64;+rv:72.0)+Gecko/20100101+Firefox/72.0 http://localhost:8087/ 304 0 0 24
2020-01-30 21:56:57 ::1 GET /favicon.ico - 8087 - ::1 Mozilla/5.0+(Windows+NT+10.0;+Win64;+x64;+rv:72.0)+Gecko/20100101+Firefox/72.0 - 404 0 64 28
