#Software: Microsoft Internet Information Services 10.0
#Version: 1.0
#Date: 2020-01-17 03:51:17
#Fields: date time s-ip cs-method cs-uri-stem cs-uri-query s-port cs-username c-ip cs(User-Agent) cs(Referer) sc-status sc-substatus sc-win32-status time-taken
2020-01-17 03:51:17 127.0.0.1 GET / - 8086 - 127.0.0.1 Mozilla/5.0+(Windows+NT+6.1;+WOW64)+AppleWebKit/536.6+(KHTML,+like+Gecko)+Chrome/20.0.1092.0+Safari/536.6 - 200 0 0 35865
2020-01-17 03:51:19 127.0.0.1 GET /INGRESAR_PERMISO/list - 8086 - 127.0.0.1 Mozilla/5.0+(Windows+NT+6.1;+WOW64)+AppleWebKit/536.6+(KHTML,+like+Gecko)+Chrome/20.0.1092.0+Safari/536.6 - 302 0 0 1260
2020-01-17 03:51:19 127.0.0.1 GET /login return=true& 8086 - 127.0.0.1 Mozilla/5.0+(Windows+NT+6.1;+WOW64)+AppleWebKit/536.6+(KHTML,+like+Gecko)+Chrome/20.0.1092.0+Safari/536.6 - 200 0 0 573
2020-01-17 03:54:50 ::1 GET / - 8086 - ::1 Mozilla/5.0+(Windows+NT+10.0;+Win64;+x64;+rv:72.0)+Gecko/20100101+Firefox/72.0 - 200 0 0 952
2020-01-17 03:54:51 ::1 GET /styles/pages/.global_login.css - 8086 - ::1 Mozilla/5.0+(Windows+NT+10.0;+Win64;+x64;+rv:72.0)+Gecko/20100101+Firefox/72.0 http://localhost:8086/ 200 0 0 76
2020-01-17 03:54:51 ::1 GET /styles/font-awesome/css/font-awesome.min.css - 8086 - ::1 Mozilla/5.0+(Windows+NT+10.0;+Win64;+x64;+rv:72.0)+Gecko/20100101+Firefox/72.0 http://localhost:8086/ 200 0 0 133
2020-01-17 03:54:51 ::1 GET /include/jquery-ui/smoothness/jquery-ui.min.css - 8086 - ::1 Mozilla/5.0+(Windows+NT+10.0;+Win64;+x64;+rv:72.0)+Gecko/20100101+Firefox/72.0 http://localhost:8086/ 200 0 0 201
2020-01-17 03:54:51 ::1 GET /styles/default.css - 8086 - ::1 Mozilla/5.0+(Windows+NT+10.0;+Win64;+x64;+rv:72.0)+Gecko/20100101+Firefox/72.0 http://localhost:8086/ 200 0 0 246
2020-01-17 03:54:51 ::1 GET /include/bootstrap/css/jquery.mCustomScrollbar.css - 8086 - ::1 Mozilla/5.0+(Windows+NT+10.0;+Win64;+x64;+rv:72.0)+Gecko/20100101+Firefox/72.0 http://localhost:8086/ 200 0 0 349
2020-01-17 03:54:51 ::1 GET /styles/bootstrap/default/small/style.css - 8086 - ::1 Mozilla/5.0+(Windows+NT+10.0;+Win64;+x64;+rv:72.0)+Gecko/20100101+Firefox/72.0 http://localhost:8086/ 200 0 0 613
2020-01-17 03:54:51 ::1 GET /include/lang/Spanish.js - 8086 - ::1 Mozilla/5.0+(Windows+NT+10.0;+Win64;+x64;+rv:72.0)+Gecko/20100101+Firefox/72.0 http://localhost:8086/ 200 0 0 46
2020-01-17 03:54:52 ::1 GET /include/loadfirst.js - 8086 - ::1 Mozilla/5.0+(Windows+NT+10.0;+Win64;+x64;+rv:72.0)+Gecko/20100101+Firefox/72.0 http://localhost:8086/ 200 0 0 359
2020-01-17 03:54:52 ::1 GET /include/runnerJS/RunnerAll.js - 8086 - ::1 Mozilla/5.0+(Windows+NT+10.0;+Win64;+x64;+rv:72.0)+Gecko/20100101+Firefox/72.0 http://localhost:8086/ 200 0 0 454
2020-01-17 03:54:52 ::1 GET /include/runnerJS/events/globalevents.js - 8086 - ::1 Mozilla/5.0+(Windows+NT+10.0;+Win64;+x64;+rv:72.0)+Gecko/20100101+Firefox/72.0 http://localhost:8086/ 200 0 0 8
2020-01-17 03:54:52 ::1 GET /include/ajaxsuggest.js - 8086 - ::1 Mozilla/5.0+(Windows+NT+10.0;+Win64;+x64;+rv:72.0)+Gecko/20100101+Firefox/72.0 http://localhost:8086/ 200 0 0 36
2020-01-17 03:54:52 ::1 GET /favicon.ico - 8086 - ::1 Mozilla/5.0+(Windows+NT+10.0;+Win64;+x64;+rv:72.0)+Gecko/20100101+Firefox/72.0 - 404 0 64 39
2020-01-17 03:55:02 ::1 POST /login - 8086 - ::1 Mozilla/5.0+(Windows+NT+10.0;+Win64;+x64;+rv:72.0)+Gecko/20100101+Firefox/72.0 http://localhost:8086/ 200 0 0 1960
2020-01-17 03:55:02 ::1 GET /styles/pages/.global_login.css - 8086 - ::1 Mozilla/5.0+(Windows+NT+10.0;+Win64;+x64;+rv:72.0)+Gecko/20100101+Firefox/72.0 http://localhost:8086/login 200 0 0 18
2020-01-17 03:55:02 ::1 GET /include/runnerJS/events/globalevents.js - 8086 - ::1 Mozilla/5.0+(Windows+NT+10.0;+Win64;+x64;+rv:72.0)+Gecko/20100101+Firefox/72.0 http://localhost:8086/login 200 0 0 5
2020-01-17 03:55:14 ::1 POST /login - 8086 - ::1 Mozilla/5.0+(Windows+NT+10.0;+Win64;+x64;+rv:72.0)+Gecko/20100101+Firefox/72.0 http://localhost:8086/login 302 0 0 794
2020-01-17 03:55:23 ::1 GET /menu - 8086 - ::1 Mozilla/5.0+(Windows+NT+10.0;+Win64;+x64;+rv:72.0)+Gecko/20100101+Firefox/72.0 http://localhost:8086/login 200 0 0 8809
2020-01-17 03:55:23 ::1 GET /styles/bootstrap/default/small/style.css - 8086 - ::1 Mozilla/5.0+(Windows+NT+10.0;+Win64;+x64;+rv:72.0)+Gecko/20100101+Firefox/72.0 http://localhost:8086/menu 304 0 0 22
2020-01-17 03:55:23 ::1 GET /include/lang/Spanish.js - 8086 - ::1 Mozilla/5.0+(Windows+NT+10.0;+Win64;+x64;+rv:72.0)+Gecko/20100101+Firefox/72.0 http://localhost:8086/menu 304 0 0 25
2020-01-17 03:55:23 ::1 GET /include/runnerJS/RunnerAll.js - 8086 - ::1 Mozilla/5.0+(Windows+NT+10.0;+Win64;+x64;+rv:72.0)+Gecko/20100101+Firefox/72.0 http://localhost:8086/menu 304 0 0 25
2020-01-17 03:55:23 ::1 GET /include/loadfirst.js - 8086 - ::1 Mozilla/5.0+(Windows+NT+10.0;+Win64;+x64;+rv:72.0)+Gecko/20100101+Firefox/72.0 http://localhost:8086/menu 304 0 0 25
2020-01-17 03:55:23 ::1 GET /styles/pages/.global_menu.css - 8086 - ::1 Mozilla/5.0+(Windows+NT+10.0;+Win64;+x64;+rv:72.0)+Gecko/20100101+Firefox/72.0 http://localhost:8086/menu 200 0 0 15
2020-01-17 03:55:23 ::1 GET /styles/bootstrap/fonts/glyphicons-halflings-regular.woff2 - 8086 - ::1 Mozilla/5.0+(Windows+NT+10.0;+Win64;+x64;+rv:72.0)+Gecko/20100101+Firefox/72.0 http://localhost:8086/styles/bootstrap/default/small/style.css 404 3 50 27
2020-01-17 03:55:23 ::1 GET /styles/bootstrap/fonts/glyphicons-halflings-regular.woff - 8086 - ::1 Mozilla/5.0+(Windows+NT+10.0;+Win64;+x64;+rv:72.0)+Gecko/20100101+Firefox/72.0 http://localhost:8086/styles/bootstrap/default/small/style.css 200 0 0 21
2020-01-17 03:55:46 ::1 GET /APROBAR_PERMISOS/list - 8086 - ::1 Mozilla/5.0+(Windows+NT+10.0;+Win64;+x64;+rv:72.0)+Gecko/20100101+Firefox/72.0 http://localhost:8086/menu 200 0 0 12253
2020-01-17 03:55:46 ::1 GET /styles/pages/APROBAR_PERMISOS_list.css - 8086 - ::1 Mozilla/5.0+(Windows+NT+10.0;+Win64;+x64;+rv:72.0)+Gecko/20100101+Firefox/72.0 http://localhost:8086/APROBAR_PERMISOS/list 200 0 0 37
2020-01-17 03:55:46 ::1 GET /include/ajaxsuggest.js - 8086 - ::1 Mozilla/5.0+(Windows+NT+10.0;+Win64;+x64;+rv:72.0)+Gecko/20100101+Firefox/72.0 http://localhost:8086/APROBAR_PERMISOS/list 304 0 0 19
2020-01-17 03:55:46 ::1 GET /styles/bootstrap/fonts/glyphicons-halflings-regular.woff2 - 8086 - ::1 Mozilla/5.0+(Windows+NT+10.0;+Win64;+x64;+rv:72.0)+Gecko/20100101+Firefox/72.0 http://localhost:8086/styles/bootstrap/default/small/style.css 404 3 50 3
2020-01-17 03:56:14 ::1 GET /APROBAR_PERMISOS/list pagesize=-1 8086 - ::1 Mozilla/5.0+(Windows+NT+10.0;+Win64;+x64;+rv:72.0)+Gecko/20100101+Firefox/72.0 http://localhost:8086/APROBAR_PERMISOS/list 200 0 0 4445
2020-01-17 03:56:14 ::1 GET /styles/bootstrap/default/small/style.css - 8086 - ::1 Mozilla/5.0+(Windows+NT+10.0;+Win64;+x64;+rv:72.0)+Gecko/20100101+Firefox/72.0 http://localhost:8086/APROBAR_PERMISOS/list?pagesize=-1 304 0 0 30
2020-01-17 03:56:14 ::1 GET /include/loadfirst.js - 8086 - ::1 Mozilla/5.0+(Windows+NT+10.0;+Win64;+x64;+rv:72.0)+Gecko/20100101+Firefox/72.0 http://localhost:8086/APROBAR_PERMISOS/list?pagesize=-1 304 0 0 31
2020-01-17 03:56:14 ::1 GET /styles/pages/APROBAR_PERMISOS_list.css - 8086 - ::1 Mozilla/5.0+(Windows+NT+10.0;+Win64;+x64;+rv:72.0)+Gecko/20100101+Firefox/72.0 http://localhost:8086/APROBAR_PERMISOS/list?pagesize=-1 200 0 0 33
2020-01-17 03:56:14 ::1 GET /include/lang/Spanish.js - 8086 - ::1 Mozilla/5.0+(Windows+NT+10.0;+Win64;+x64;+rv:72.0)+Gecko/20100101+Firefox/72.0 http://localhost:8086/APROBAR_PERMISOS/list?pagesize=-1 304 0 0 33
2020-01-17 03:56:14 ::1 GET /include/runnerJS/RunnerAll.js - 8086 - ::1 Mozilla/5.0+(Windows+NT+10.0;+Win64;+x64;+rv:72.0)+Gecko/20100101+Firefox/72.0 http://localhost:8086/APROBAR_PERMISOS/list?pagesize=-1 304 0 0 46
2020-01-17 03:56:15 ::1 GET /styles/bootstrap/fonts/glyphicons-halflings-regular.woff2 - 8086 - ::1 Mozilla/5.0+(Windows+NT+10.0;+Win64;+x64;+rv:72.0)+Gecko/20100101+Firefox/72.0 http://localhost:8086/styles/bootstrap/default/small/style.css 404 3 50 15
#Software: Microsoft Internet Information Services 10.0
#Version: 1.0
#Date: 2020-01-17 04:14:20
#Fields: date time s-ip cs-method cs-uri-stem cs-uri-query s-port cs-username c-ip cs(User-Agent) cs(Referer) sc-status sc-substatus sc-win32-status time-taken
2020-01-17 04:14:20 127.0.0.1 GET / - 8086 - 127.0.0.1 Mozilla/5.0+(Windows+NT+6.1;+WOW64)+AppleWebKit/536.6+(KHTML,+like+Gecko)+Chrome/20.0.1092.0+Safari/536.6 - 200 0 0 19032
2020-01-17 04:14:21 127.0.0.1 GET /INGRESAR_PERMISO/list - 8086 - 127.0.0.1 Mozilla/5.0+(Windows+NT+6.1;+WOW64)+AppleWebKit/536.6+(KHTML,+like+Gecko)+Chrome/20.0.1092.0+Safari/536.6 - 302 0 0 1145
2020-01-17 04:14:21 127.0.0.1 GET /login return=true& 8086 - 127.0.0.1 Mozilla/5.0+(Windows+NT+6.1;+WOW64)+AppleWebKit/536.6+(KHTML,+like+Gecko)+Chrome/20.0.1092.0+Safari/536.6 - 200 0 0 476
2020-01-17 04:14:40 ::1 GET / - 8086 - ::1 Mozilla/5.0+(Windows+NT+10.0;+Win64;+x64;+rv:72.0)+Gecko/20100101+Firefox/72.0 - 200 0 0 988
2020-01-17 04:14:40 ::1 GET /styles/pages/.global_login.css - 8086 - ::1 Mozilla/5.0+(Windows+NT+10.0;+Win64;+x64;+rv:72.0)+Gecko/20100101+Firefox/72.0 http://localhost:8086/ 200 0 0 49
2020-01-17 04:14:40 ::1 GET /include/lang/Spanish.js - 8086 - ::1 Mozilla/5.0+(Windows+NT+10.0;+Win64;+x64;+rv:72.0)+Gecko/20100101+Firefox/72.0 http://localhost:8086/ 200 0 0 109
2020-01-17 04:14:40 ::1 GET /styles/bootstrap/default/small/style.css - 8086 - ::1 Mozilla/5.0+(Windows+NT+10.0;+Win64;+x64;+rv:72.0)+Gecko/20100101+Firefox/72.0 http://localhost:8086/ 200 0 0 286
2020-01-17 04:14:40 ::1 GET /include/loadfirst.js - 8086 - ::1 Mozilla/5.0+(Windows+NT+10.0;+Win64;+x64;+rv:72.0)+Gecko/20100101+Firefox/72.0 http://localhost:8086/ 200 0 0 345
2020-01-17 04:14:40 ::1 GET /include/runnerJS/RunnerAll.js - 8086 - ::1 Mozilla/5.0+(Windows+NT+10.0;+Win64;+x64;+rv:72.0)+Gecko/20100101+Firefox/72.0 http://localhost:8086/ 200 0 0 378
2020-01-17 04:14:41 ::1 GET /include/runnerJS/events/globalevents.js - 8086 - ::1 Mozilla/5.0+(Windows+NT+10.0;+Win64;+x64;+rv:72.0)+Gecko/20100101+Firefox/72.0 http://localhost:8086/ 200 0 0 13
2020-01-17 04:14:41 ::1 GET /include/ajaxsuggest.js - 8086 - ::1 Mozilla/5.0+(Windows+NT+10.0;+Win64;+x64;+rv:72.0)+Gecko/20100101+Firefox/72.0 http://localhost:8086/ 200 0 0 27
2020-01-17 04:14:45 ::1 POST /login - 8086 - ::1 Mozilla/5.0+(Windows+NT+10.0;+Win64;+x64;+rv:72.0)+Gecko/20100101+Firefox/72.0 http://localhost:8086/ 302 0 0 1600
2020-01-17 04:14:53 ::1 GET /menu - 8086 - ::1 Mozilla/5.0+(Windows+NT+10.0;+Win64;+x64;+rv:72.0)+Gecko/20100101+Firefox/72.0 http://localhost:8086/ 200 0 0 7953
2020-01-17 04:14:53 ::1 GET /styles/bootstrap/default/small/style.css - 8086 - ::1 Mozilla/5.0+(Windows+NT+10.0;+Win64;+x64;+rv:72.0)+Gecko/20100101+Firefox/72.0 http://localhost:8086/menu 304 0 0 37
2020-01-17 04:14:53 ::1 GET /include/loadfirst.js - 8086 - ::1 Mozilla/5.0+(Windows+NT+10.0;+Win64;+x64;+rv:72.0)+Gecko/20100101+Firefox/72.0 http://localhost:8086/menu 304 0 0 25
2020-01-17 04:14:53 ::1 GET /styles/pages/.global_menu.css - 8086 - ::1 Mozilla/5.0+(Windows+NT+10.0;+Win64;+x64;+rv:72.0)+Gecko/20100101+Firefox/72.0 http://localhost:8086/menu 200 0 0 25
2020-01-17 04:14:53 ::1 GET /include/runnerJS/RunnerAll.js - 8086 - ::1 Mozilla/5.0+(Windows+NT+10.0;+Win64;+x64;+rv:72.0)+Gecko/20100101+Firefox/72.0 http://localhost:8086/menu 304 0 0 34
2020-01-17 04:14:53 ::1 GET /include/lang/Spanish.js - 8086 - ::1 Mozilla/5.0+(Windows+NT+10.0;+Win64;+x64;+rv:72.0)+Gecko/20100101+Firefox/72.0 http://localhost:8086/menu 304 0 0 34
2020-01-17 04:14:53 ::1 GET /include/runnerJS/events/globalevents.js - 8086 - ::1 Mozilla/5.0+(Windows+NT+10.0;+Win64;+x64;+rv:72.0)+Gecko/20100101+Firefox/72.0 http://localhost:8086/menu 304 0 0 18
2020-01-17 04:14:53 ::1 GET /styles/bootstrap/fonts/glyphicons-halflings-regular.woff2 - 8086 - ::1 Mozilla/5.0+(Windows+NT+10.0;+Win64;+x64;+rv:72.0)+Gecko/20100101+Firefox/72.0 http://localhost:8086/styles/bootstrap/default/small/style.css 404 3 50 11
2020-01-17 04:15:45 ::1 GET /APROBAR_PERMISOS/list - 8086 - ::1 Mozilla/5.0+(Windows+NT+10.0;+Win64;+x64;+rv:72.0)+Gecko/20100101+Firefox/72.0 http://localhost:8086/menu 200 0 0 11971
2020-01-17 04:15:45 ::1 GET /styles/bootstrap/default/small/style.css - 8086 - ::1 Mozilla/5.0+(Windows+NT+10.0;+Win64;+x64;+rv:72.0)+Gecko/20100101+Firefox/72.0 http://localhost:8086/APROBAR_PERMISOS/list 304 0 0 26
2020-01-17 04:15:45 ::1 GET /include/loadfirst.js - 8086 - ::1 Mozilla/5.0+(Windows+NT+10.0;+Win64;+x64;+rv:72.0)+Gecko/20100101+Firefox/72.0 http://localhost:8086/APROBAR_PERMISOS/list 304 0 0 17
2020-01-17 04:15:45 ::1 GET /include/lang/Spanish.js - 8086 - ::1 Mozilla/5.0+(Windows+NT+10.0;+Win64;+x64;+rv:72.0)+Gecko/20100101+Firefox/72.0 http://localhost:8086/APROBAR_PERMISOS/list 304 0 0 18
2020-01-17 04:15:45 ::1 GET /include/runnerJS/RunnerAll.js - 8086 - ::1 Mozilla/5.0+(Windows+NT+10.0;+Win64;+x64;+rv:72.0)+Gecko/20100101+Firefox/72.0 http://localhost:8086/APROBAR_PERMISOS/list 304 0 0 20
2020-01-17 04:15:45 ::1 GET /styles/pages/APROBAR_PERMISOS_list.css - 8086 - ::1 Mozilla/5.0+(Windows+NT+10.0;+Win64;+x64;+rv:72.0)+Gecko/20100101+Firefox/72.0 http://localhost:8086/APROBAR_PERMISOS/list 200 0 0 48
2020-01-17 04:15:45 ::1 GET /include/ajaxsuggest.js - 8086 - ::1 Mozilla/5.0+(Windows+NT+10.0;+Win64;+x64;+rv:72.0)+Gecko/20100101+Firefox/72.0 http://localhost:8086/APROBAR_PERMISOS/list 304 0 0 31
2020-01-17 04:15:45 ::1 GET /styles/bootstrap/fonts/glyphicons-halflings-regular.woff2 - 8086 - ::1 Mozilla/5.0+(Windows+NT+10.0;+Win64;+x64;+rv:72.0)+Gecko/20100101+Firefox/72.0 http://localhost:8086/styles/bootstrap/default/small/style.css 404 3 50 3
2020-01-17 04:16:11 ::1 GET /APROBAR_PERMISOS/list pagesize=-1 8086 - ::1 Mozilla/5.0+(Windows+NT+10.0;+Win64;+x64;+rv:72.0)+Gecko/20100101+Firefox/72.0 http://localhost:8086/APROBAR_PERMISOS/list 200 0 0 3657
2020-01-17 04:16:11 ::1 GET /styles/bootstrap/default/small/style.css - 8086 - ::1 Mozilla/5.0+(Windows+NT+10.0;+Win64;+x64;+rv:72.0)+Gecko/20100101+Firefox/72.0 http://localhost:8086/APROBAR_PERMISOS/list?pagesize=-1 304 0 0 29
2020-01-17 04:16:11 ::1 GET /styles/pages/APROBAR_PERMISOS_list.css - 8086 - ::1 Mozilla/5.0+(Windows+NT+10.0;+Win64;+x64;+rv:72.0)+Gecko/20100101+Firefox/72.0 http://localhost:8086/APROBAR_PERMISOS/list?pagesize=-1 304 0 0 29
2020-01-17 04:16:11 ::1 GET /include/loadfirst.js - 8086 - ::1 Mozilla/5.0+(Windows+NT+10.0;+Win64;+x64;+rv:72.0)+Gecko/20100101+Firefox/72.0 http://localhost:8086/APROBAR_PERMISOS/list?pagesize=-1 304 0 0 18
2020-01-17 04:16:11 ::1 GET /include/lang/Spanish.js - 8086 - ::1 Mozilla/5.0+(Windows+NT+10.0;+Win64;+x64;+rv:72.0)+Gecko/20100101+Firefox/72.0 http://localhost:8086/APROBAR_PERMISOS/list?pagesize=-1 304 0 0 30
2020-01-17 04:16:11 ::1 GET /include/runnerJS/RunnerAll.js - 8086 - ::1 Mozilla/5.0+(Windows+NT+10.0;+Win64;+x64;+rv:72.0)+Gecko/20100101+Firefox/72.0 http://localhost:8086/APROBAR_PERMISOS/list?pagesize=-1 304 0 0 33
2020-01-17 04:16:11 ::1 GET /include/ajaxsuggest.js - 8086 - ::1 Mozilla/5.0+(Windows+NT+10.0;+Win64;+x64;+rv:72.0)+Gecko/20100101+Firefox/72.0 http://localhost:8086/APROBAR_PERMISOS/list?pagesize=-1 304 0 0 19
2020-01-17 04:16:11 ::1 GET /styles/bootstrap/fonts/glyphicons-halflings-regular.woff2 - 8086 - ::1 Mozilla/5.0+(Windows+NT+10.0;+Win64;+x64;+rv:72.0)+Gecko/20100101+Firefox/72.0 http://localhost:8086/styles/bootstrap/default/small/style.css 404 3 50 3
2020-01-17 04:16:44 ::1 GET /APROBAR_PERMISOS/list orderby=avistobueno1 8086 - ::1 Mozilla/5.0+(Windows+NT+10.0;+Win64;+x64;+rv:72.0)+Gecko/20100101+Firefox/72.0 http://localhost:8086/APROBAR_PERMISOS/list?pagesize=-1 200 0 0 3604
2020-01-17 04:16:44 ::1 GET /styles/pages/APROBAR_PERMISOS_list.css - 8086 - ::1 Mozilla/5.0+(Windows+NT+10.0;+Win64;+x64;+rv:72.0)+Gecko/20100101+Firefox/72.0 http://localhost:8086/APROBAR_PERMISOS/list?orderby=avistobueno1 304 0 0 45
2020-01-17 04:16:44 ::1 GET /styles/bootstrap/default/small/style.css - 8086 - ::1 Mozilla/5.0+(Windows+NT+10.0;+Win64;+x64;+rv:72.0)+Gecko/20100101+Firefox/72.0 http://localhost:8086/APROBAR_PERMISOS/list?orderby=avistobueno1 304 0 0 50
2020-01-17 04:16:44 ::1 GET /include/loadfirst.js - 8086 - ::1 Mozilla/5.0+(Windows+NT+10.0;+Win64;+x64;+rv:72.0)+Gecko/20100101+Firefox/72.0 http://localhost:8086/APROBAR_PERMISOS/list?orderby=avistobueno1 304 0 0 36
2020-01-17 04:16:44 ::1 GET /include/lang/Spanish.js - 8086 - ::1 Mozilla/5.0+(Windows+NT+10.0;+Win64;+x64;+rv:72.0)+Gecko/20100101+Firefox/72.0 http://localhost:8086/APROBAR_PERMISOS/list?orderby=avistobueno1 304 0 0 43
2020-01-17 04:16:44 ::1 GET /include/runnerJS/RunnerAll.js - 8086 - ::1 Mozilla/5.0+(Windows+NT+10.0;+Win64;+x64;+rv:72.0)+Gecko/20100101+Firefox/72.0 http://localhost:8086/APROBAR_PERMISOS/list?orderby=avistobueno1 304 0 0 43
2020-01-17 04:16:44 ::1 GET /styles/bootstrap/fonts/glyphicons-halflings-regular.woff2 - 8086 - ::1 Mozilla/5.0+(Windows+NT+10.0;+Win64;+x64;+rv:72.0)+Gecko/20100101+Firefox/72.0 http://localhost:8086/styles/bootstrap/default/small/style.css 404 3 50 3
2020-01-17 04:16:45 ::1 GET /include/ajaxsuggest.js - 8086 - ::1 Mozilla/5.0+(Windows+NT+10.0;+Win64;+x64;+rv:72.0)+Gecko/20100101+Firefox/72.0 http://localhost:8086/APROBAR_PERMISOS/list?orderby=avistobueno1 304 0 0 3
2020-01-17 04:16:45 ::1 GET /fonts/runner2woff.ttf - 8086 - ::1 Mozilla/5.0+(Windows+NT+10.0;+Win64;+x64;+rv:72.0)+Gecko/20100101+Firefox/72.0 http://localhost:8086/styles/default.css 200 0 0 125
2020-01-17 04:17:15 ::1 GET /APROBAR_PERMISOS/list orderby=dvistobueno1 8086 - ::1 Mozilla/5.0+(Windows+NT+10.0;+Win64;+x64;+rv:72.0)+Gecko/20100101+Firefox/72.0 http://localhost:8086/APROBAR_PERMISOS/list?orderby=avistobueno1 200 0 0 3287
2020-01-17 04:17:15 ::1 GET /styles/bootstrap/default/small/style.css - 8086 - ::1 Mozilla/5.0+(Windows+NT+10.0;+Win64;+x64;+rv:72.0)+Gecko/20100101+Firefox/72.0 http://localhost:8086/APROBAR_PERMISOS/list?orderby=dvistobueno1 304 0 0 27
2020-01-17 04:17:15 ::1 GET /include/loadfirst.js - 8086 - ::1 Mozilla/5.0+(Windows+NT+10.0;+Win64;+x64;+rv:72.0)+Gecko/20100101+Firefox/72.0 http://localhost:8086/APROBAR_PERMISOS/list?orderby=dvistobueno1 304 0 0 26
2020-01-17 04:17:15 ::1 GET /styles/pages/APROBAR_PERMISOS_list.css - 8086 - ::1 Mozilla/5.0+(Windows+NT+10.0;+Win64;+x64;+rv:72.0)+Gecko/20100101+Firefox/72.0 http://localhost:8086/APROBAR_PERMISOS/list?orderby=dvistobueno1 304 0 0 48
2020-01-17 04:17:15 ::1 GET /include/runnerJS/RunnerAll.js - 8086 - ::1 Mozilla/5.0+(Windows+NT+10.0;+Win64;+x64;+rv:72.0)+Gecko/20100101+Firefox/72.0 http://localhost:8086/APROBAR_PERMISOS/list?orderby=dvistobueno1 304 0 0 29
2020-01-17 04:17:15 ::1 GET /include/lang/Spanish.js - 8086 - ::1 Mozilla/5.0+(Windows+NT+10.0;+Win64;+x64;+rv:72.0)+Gecko/20100101+Firefox/72.0 http://localhost:8086/APROBAR_PERMISOS/list?orderby=dvistobueno1 304 0 0 34
2020-01-17 04:17:15 ::1 GET /include/ajaxsuggest.js - 8086 - ::1 Mozilla/5.0+(Windows+NT+10.0;+Win64;+x64;+rv:72.0)+Gecko/20100101+Firefox/72.0 http://localhost:8086/APROBAR_PERMISOS/list?orderby=dvistobueno1 304 0 0 16
2020-01-17 04:17:15 ::1 GET /styles/bootstrap/fonts/glyphicons-halflings-regular.woff2 - 8086 - ::1 Mozilla/5.0+(Windows+NT+10.0;+Win64;+x64;+rv:72.0)+Gecko/20100101+Firefox/72.0 http://localhost:8086/styles/bootstrap/default/small/style.css 404 3 50 3
2020-01-17 04:17:47 ::1 GET /APROBAR_PERMISOS/list orderby=aid_estado_personal 8086 - ::1 Mozilla/5.0+(Windows+NT+10.0;+Win64;+x64;+rv:72.0)+Gecko/20100101+Firefox/72.0 http://localhost:8086/APROBAR_PERMISOS/list?orderby=dvistobueno1 200 0 0 3521
2020-01-17 04:17:47 ::1 GET /styles/bootstrap/default/small/style.css - 8086 - ::1 Mozilla/5.0+(Windows+NT+10.0;+Win64;+x64;+rv:72.0)+Gecko/20100101+Firefox/72.0 http://localhost:8086/APROBAR_PERMISOS/list?orderby=aid_estado_personal 304 0 0 22
2020-01-17 04:17:47 ::1 GET /styles/pages/APROBAR_PERMISOS_list.css - 8086 - ::1 Mozilla/5.0+(Windows+NT+10.0;+Win64;+x64;+rv:72.0)+Gecko/20100101+Firefox/72.0 http://localhost:8086/APROBAR_PERMISOS/list?orderby=aid_estado_personal 304 0 0 22
2020-01-17 04:17:47 ::1 GET /include/loadfirst.js - 8086 - ::1 Mozilla/5.0+(Windows+NT+10.0;+Win64;+x64;+rv:72.0)+Gecko/20100101+Firefox/72.0 http://localhost:8086/APROBAR_PERMISOS/list?orderby=aid_estado_personal 304 0 0 29
2020-01-17 04:17:47 ::1 GET /include/runnerJS/RunnerAll.js - 8086 - ::1 Mozilla/5.0+(Windows+NT+10.0;+Win64;+x64;+rv:72.0)+Gecko/20100101+Firefox/72.0 http://localhost:8086/APROBAR_PERMISOS/list?orderby=aid_estado_personal 304 0 0 24
2020-01-17 04:17:47 ::1 GET /include/lang/Spanish.js - 8086 - ::1 Mozilla/5.0+(Windows+NT+10.0;+Win64;+x64;+rv:72.0)+Gecko/20100101+Firefox/72.0 http://localhost:8086/APROBAR_PERMISOS/list?orderby=aid_estado_personal 304 0 0 24
2020-01-17 04:17:47 ::1 GET /include/ajaxsuggest.js - 8086 - ::1 Mozilla/5.0+(Windows+NT+10.0;+Win64;+x64;+rv:72.0)+Gecko/20100101+Firefox/72.0 http://localhost:8086/APROBAR_PERMISOS/list?orderby=aid_estado_personal 304 0 0 16
2020-01-17 04:17:47 ::1 GET /styles/bootstrap/fonts/glyphicons-halflings-regular.woff2 - 8086 - ::1 Mozilla/5.0+(Windows+NT+10.0;+Win64;+x64;+rv:72.0)+Gecko/20100101+Firefox/72.0 http://localhost:8086/styles/bootstrap/default/small/style.css 404 3 50 3
2020-01-17 04:18:16 ::1 GET /APROBAR_PERMISOS/list pagesize=20 8086 - ::1 Mozilla/5.0+(Windows+NT+10.0;+Win64;+x64;+rv:72.0)+Gecko/20100101+Firefox/72.0 http://localhost:8086/APROBAR_PERMISOS/list?orderby=aid_estado_personal 200 0 0 1748
2020-01-17 04:18:16 ::1 GET /styles/pages/APROBAR_PERMISOS_list.css - 8086 - ::1 Mozilla/5.0+(Windows+NT+10.0;+Win64;+x64;+rv:72.0)+Gecko/20100101+Firefox/72.0 http://localhost:8086/APROBAR_PERMISOS/list?pagesize=20 304 0 0 43
2020-01-17 04:18:16 ::1 GET /styles/bootstrap/default/small/style.css - 8086 - ::1 Mozilla/5.0+(Windows+NT+10.0;+Win64;+x64;+rv:72.0)+Gecko/20100101+Firefox/72.0 http://localhost:8086/APROBAR_PERMISOS/list?pagesize=20 304 0 0 44
2020-01-17 04:18:16 ::1 GET /include/loadfirst.js - 8086 - ::1 Mozilla/5.0+(Windows+NT+10.0;+Win64;+x64;+rv:72.0)+Gecko/20100101+Firefox/72.0 http://localhost:8086/APROBAR_PERMISOS/list?pagesize=20 304 0 0 43
2020-01-17 04:18:16 ::1 GET /include/lang/Spanish.js - 8086 - ::1 Mozilla/5.0+(Windows+NT+10.0;+Win64;+x64;+rv:72.0)+Gecko/20100101+Firefox/72.0 http://localhost:8086/APROBAR_PERMISOS/list?pagesize=20 304 0 0 42
2020-01-17 04:18:16 ::1 GET /include/runnerJS/RunnerAll.js - 8086 - ::1 Mozilla/5.0+(Windows+NT+10.0;+Win64;+x64;+rv:72.0)+Gecko/20100101+Firefox/72.0 http://localhost:8086/APROBAR_PERMISOS/list?pagesize=20 304 0 0 21
2020-01-17 04:18:16 ::1 GET /include/ajaxsuggest.js - 8086 - ::1 Mozilla/5.0+(Windows+NT+10.0;+Win64;+x64;+rv:72.0)+Gecko/20100101+Firefox/72.0 http://localhost:8086/APROBAR_PERMISOS/list?pagesize=20 304 0 0 23
2020-01-17 04:18:16 ::1 GET /styles/bootstrap/fonts/glyphicons-halflings-regular.woff2 - 8086 - ::1 Mozilla/5.0+(Windows+NT+10.0;+Win64;+x64;+rv:72.0)+Gecko/20100101+Firefox/72.0 http://localhost:8086/styles/bootstrap/default/small/style.css 404 3 50 4
2020-01-17 04:24:36 ::1 GET /APROBAR_PERMISOS/list pagesize=-1 8086 - ::1 Mozilla/5.0+(Windows+NT+10.0;+Win64;+x64;+rv:72.0)+Gecko/20100101+Firefox/72.0 http://localhost:8086/APROBAR_PERMISOS/list?pagesize=20 200 0 0 5115
2020-01-17 04:24:36 ::1 GET /styles/bootstrap/default/small/style.css - 8086 - ::1 Mozilla/5.0+(Windows+NT+10.0;+Win64;+x64;+rv:72.0)+Gecko/20100101+Firefox/72.0 http://localhost:8086/APROBAR_PERMISOS/list?pagesize=-1 304 0 0 70
2020-01-17 04:24:36 ::1 GET /styles/pages/APROBAR_PERMISOS_list.css - 8086 - ::1 Mozilla/5.0+(Windows+NT+10.0;+Win64;+x64;+rv:72.0)+Gecko/20100101+Firefox/72.0 http://localhost:8086/APROBAR_PERMISOS/list?pagesize=-1 304 0 0 69
2020-01-17 04:24:36 ::1 GET /include/lang/Spanish.js - 8086 - ::1 Mozilla/5.0+(Windows+NT+10.0;+Win64;+x64;+rv:72.0)+Gecko/20100101+Firefox/72.0 http://localhost:8086/APROBAR_PERMISOS/list?pagesize=-1 304 0 0 75
2020-01-17 04:24:36 ::1 GET /include/loadfirst.js - 8086 - ::1 Mozilla/5.0+(Windows+NT+10.0;+Win64;+x64;+rv:72.0)+Gecko/20100101+Firefox/72.0 http://localhost:8086/APROBAR_PERMISOS/list?pagesize=-1 304 0 0 115
2020-01-17 04:24:36 ::1 GET /include/runnerJS/RunnerAll.js - 8086 - ::1 Mozilla/5.0+(Windows+NT+10.0;+Win64;+x64;+rv:72.0)+Gecko/20100101+Firefox/72.0 http://localhost:8086/APROBAR_PERMISOS/list?pagesize=-1 304 0 0 84
2020-01-17 04:24:36 ::1 GET /include/ajaxsuggest.js - 8086 - ::1 Mozilla/5.0+(Windows+NT+10.0;+Win64;+x64;+rv:72.0)+Gecko/20100101+Firefox/72.0 http://localhost:8086/APROBAR_PERMISOS/list?pagesize=-1 304 0 0 40
2020-01-17 04:24:36 ::1 GET /styles/bootstrap/fonts/glyphicons-halflings-regular.woff2 - 8086 - ::1 Mozilla/5.0+(Windows+NT+10.0;+Win64;+x64;+rv:72.0)+Gecko/20100101+Firefox/72.0 http://localhost:8086/styles/bootstrap/default/small/style.css 404 3 50 6
2020-01-17 04:32:30 127.0.0.1 GET / - 8086 - 127.0.0.1 Mozilla/5.0+(Windows+NT+6.1;+WOW64)+AppleWebKit/536.6+(KHTML,+like+Gecko)+Chrome/20.0.1092.0+Safari/536.6 - 200 0 0 20999
2020-01-17 04:33:01 ::1 GET /APROBAR_PERMISOS/list pagesize=-1 8086 - ::1 Mozilla/5.0+(Windows+NT+10.0;+Win64;+x64;+rv:72.0)+Gecko/20100101+Firefox/72.0 http://localhost:8086/APROBAR_PERMISOS/list?pagesize=20 200 0 0 23246
2020-01-17 04:33:01 ::1 GET /styles/default.css - 8086 - ::1 Mozilla/5.0+(Windows+NT+10.0;+Win64;+x64;+rv:72.0)+Gecko/20100101+Firefox/72.0 http://localhost:8086/APROBAR_PERMISOS/list?pagesize=-1 304 0 0 41
2020-01-17 04:33:01 ::1 GET /styles/font-awesome/css/font-awesome.min.css - 8086 - ::1 Mozilla/5.0+(Windows+NT+10.0;+Win64;+x64;+rv:72.0)+Gecko/20100101+Firefox/72.0 http://localhost:8086/APROBAR_PERMISOS/list?pagesize=-1 304 0 0 39
2020-01-17 04:33:01 ::1 GET /include/jquery-ui/smoothness/jquery-ui.min.css - 8086 - ::1 Mozilla/5.0+(Windows+NT+10.0;+Win64;+x64;+rv:72.0)+Gecko/20100101+Firefox/72.0 http://localhost:8086/APROBAR_PERMISOS/list?pagesize=-1 304 0 0 43
2020-01-17 04:33:01 ::1 GET /include/bootstrap/css/jquery.mCustomScrollbar.css - 8086 - ::1 Mozilla/5.0+(Windows+NT+10.0;+Win64;+x64;+rv:72.0)+Gecko/20100101+Firefox/72.0 http://localhost:8086/APROBAR_PERMISOS/list?pagesize=-1 304 0 0 43
2020-01-17 04:33:01 ::1 GET /styles/pages/APROBAR_PERMISOS_list.css - 8086 - ::1 Mozilla/5.0+(Windows+NT+10.0;+Win64;+x64;+rv:72.0)+Gecko/20100101+Firefox/72.0 http://localhost:8086/APROBAR_PERMISOS/list?pagesize=-1 200 0 0 63
2020-01-17 04:33:01 ::1 GET /include/lang/Spanish.js - 8086 - ::1 Mozilla/5.0+(Windows+NT+10.0;+Win64;+x64;+rv:72.0)+Gecko/20100101+Firefox/72.0 http://localhost:8086/APROBAR_PERMISOS/list?pagesize=-1 200 0 0 57
2020-01-17 04:33:01 ::1 GET /styles/bootstrap/default/small/style.css - 8086 - ::1 Mozilla/5.0+(Windows+NT+10.0;+Win64;+x64;+rv:72.0)+Gecko/20100101+Firefox/72.0 http://localhost:8086/APROBAR_PERMISOS/list?pagesize=-1 200 0 0 160
2020-01-17 04:33:01 ::1 GET /images/icons/pdf.png - 8086 - ::1 Mozilla/5.0+(Windows+NT+10.0;+Win64;+x64;+rv:72.0)+Gecko/20100101+Firefox/72.0 http://localhost:8086/APROBAR_PERMISOS/list?pagesize=-1 200 0 0 120
2020-01-17 04:33:01 ::1 GET /include/loadfirst.js - 8086 - ::1 Mozilla/5.0+(Windows+NT+10.0;+Win64;+x64;+rv:72.0)+Gecko/20100101+Firefox/72.0 http://localhost:8086/APROBAR_PERMISOS/list?pagesize=-1 200 0 0 266
2020-01-17 04:33:01 ::1 GET /include/runnerJS/RunnerAll.js - 8086 - ::1 Mozilla/5.0+(Windows+NT+10.0;+Win64;+x64;+rv:72.0)+Gecko/20100101+Firefox/72.0 http://localhost:8086/APROBAR_PERMISOS/list?pagesize=-1 200 0 0 303
2020-01-17 04:33:01 ::1 GET /include/ajaxsuggest.js - 8086 - ::1 Mozilla/5.0+(Windows+NT+10.0;+Win64;+x64;+rv:72.0)+Gecko/20100101+Firefox/72.0 http://localhost:8086/APROBAR_PERMISOS/list?pagesize=-1 200 0 0 33
2020-01-17 04:33:02 ::1 GET /styles/bootstrap/fonts/glyphicons-halflings-regular.woff2 - 8086 - ::1 Mozilla/5.0+(Windows+NT+10.0;+Win64;+x64;+rv:72.0)+Gecko/20100101+Firefox/72.0 http://localhost:8086/styles/bootstrap/default/small/style.css 404 3 50 9
2020-01-17 04:44:42 ::1 POST /APROBAR_PERMISOS/edit - 8086 - ::1 Mozilla/5.0+(Windows+NT+10.0;+Win64;+x64;+rv:72.0)+Gecko/20100101+Firefox/72.0 http://localhost:8086/APROBAR_PERMISOS/list?pagesize=-1 200 0 0 2414
2020-01-17 04:44:45 ::1 POST /APROBAR_PERMISOS/edit - 8086 - ::1 Mozilla/5.0+(Windows+NT+10.0;+Win64;+x64;+rv:72.0)+Gecko/20100101+Firefox/72.0 http://localhost:8086/APROBAR_PERMISOS/list?pagesize=-1 200 0 0 5086
2020-01-17 04:44:45 ::1 POST /APROBAR_PERMISOS/edit - 8086 - ::1 Mozilla/5.0+(Windows+NT+10.0;+Win64;+x64;+rv:72.0)+Gecko/20100101+Firefox/72.0 http://localhost:8086/APROBAR_PERMISOS/list?pagesize=-1 200 0 0 5573
2020-01-17 04:45:28 ::1 POST /fulltext pagetype=list&table=APROBAR_PERMISOS&field=motivo&&key1=66&page=list 8086 - ::1 Mozilla/5.0+(Windows+NT+10.0;+Win64;+x64;+rv:72.0)+Gecko/20100101+Firefox/72.0 http://localhost:8086/APROBAR_PERMISOS/list?pagesize=-1 200 0 0 749
2020-01-17 04:45:28 ::1 GET /include/jquery-ui/smoothness/images/ui-icons_222222_256x240.png - 8086 - ::1 Mozilla/5.0+(Windows+NT+10.0;+Win64;+x64;+rv:72.0)+Gecko/20100101+Firefox/72.0 http://localhost:8086/include/jquery-ui/smoothness/jquery-ui.min.css 200 0 0 82
2020-01-17 04:46:10 ::1 GET /APROBAR_PERMISOS/view editid1=60 8086 - ::1 Mozilla/5.0+(Windows+NT+10.0;+Win64;+x64;+rv:72.0)+Gecko/20100101+Firefox/72.0 http://localhost:8086/APROBAR_PERMISOS/list?pagesize=-1 200 0 0 1617
2020-01-17 04:46:10 ::1 GET /styles/bootstrap/default/small/style.css - 8086 - ::1 Mozilla/5.0+(Windows+NT+10.0;+Win64;+x64;+rv:72.0)+Gecko/20100101+Firefox/72.0 http://localhost:8086/APROBAR_PERMISOS/view?editid1=60 304 0 0 35
2020-01-17 04:46:10 ::1 GET /styles/pages/APROBAR_PERMISOS_view.css - 8086 - ::1 Mozilla/5.0+(Windows+NT+10.0;+Win64;+x64;+rv:72.0)+Gecko/20100101+Firefox/72.0 http://localhost:8086/APROBAR_PERMISOS/view?editid1=60 200 0 0 34
2020-01-17 04:46:10 ::1 GET /include/loadfirst.js - 8086 - ::1 Mozilla/5.0+(Windows+NT+10.0;+Win64;+x64;+rv:72.0)+Gecko/20100101+Firefox/72.0 http://localhost:8086/APROBAR_PERMISOS/view?editid1=60 304 0 0 25
2020-01-17 04:46:10 ::1 GET /include/lang/Spanish.js - 8086 - ::1 Mozilla/5.0+(Windows+NT+10.0;+Win64;+x64;+rv:72.0)+Gecko/20100101+Firefox/72.0 http://localhost:8086/APROBAR_PERMISOS/view?editid1=60 304 0 0 25
2020-01-17 04:46:10 ::1 GET /include/runnerJS/RunnerAll.js - 8086 - ::1 Mozilla/5.0+(Windows+NT+10.0;+Win64;+x64;+rv:72.0)+Gecko/20100101+Firefox/72.0 http://localhost:8086/APROBAR_PERMISOS/view?editid1=60 304 0 0 41
2020-01-17 04:46:10 ::1 GET /include/ajaxsuggest.js - 8086 - ::1 Mozilla/5.0+(Windows+NT+10.0;+Win64;+x64;+rv:72.0)+Gecko/20100101+Firefox/72.0 http://localhost:8086/APROBAR_PERMISOS/view?editid1=60 304 0 0 4
2020-01-17 04:47:22 ::1 GET /APROBAR_PERMISOS/list pagesize=-1 8086 - ::1 Mozilla/5.0+(Windows+NT+10.0;+Win64;+x64;+rv:72.0)+Gecko/20100101+Firefox/72.0 http://localhost:8086/APROBAR_PERMISOS/list?pagesize=20 200 0 0 3832
2020-01-17 04:48:46 ::1 GET /APROBAR_COMPESADOS/list - 8086 - ::1 Mozilla/5.0+(Windows+NT+10.0;+Win64;+x64;+rv:72.0)+Gecko/20100101+Firefox/72.0 http://localhost:8086/APROBAR_PERMISOS/list?pagesize=-1 200 0 0 4595
2020-01-17 04:48:46 ::1 GET /styles/bootstrap/default/small/style.css - 8086 - ::1 Mozilla/5.0+(Windows+NT+10.0;+Win64;+x64;+rv:72.0)+Gecko/20100101+Firefox/72.0 http://localhost:8086/APROBAR_COMPESADOS/list 304 0 0 27
2020-01-17 04:48:46 ::1 GET /include/runnerJS/RunnerAll.js - 8086 - ::1 Mozilla/5.0+(Windows+NT+10.0;+Win64;+x64;+rv:72.0)+Gecko/20100101+Firefox/72.0 http://localhost:8086/APROBAR_COMPESADOS/list 304 0 0 20
2020-01-17 04:48:46 ::1 GET /include/lang/Spanish.js - 8086 - ::1 Mozilla/5.0+(Windows+NT+10.0;+Win64;+x64;+rv:72.0)+Gecko/20100101+Firefox/72.0 http://localhost:8086/APROBAR_COMPESADOS/list 304 0 0 22
2020-01-17 04:48:46 ::1 GET /include/loadfirst.js - 8086 - ::1 Mozilla/5.0+(Windows+NT+10.0;+Win64;+x64;+rv:72.0)+Gecko/20100101+Firefox/72.0 http://localhost:8086/APROBAR_COMPESADOS/list 304 0 0 23
2020-01-17 04:48:46 ::1 GET /styles/pages/APROBAR_COMPESADOS_list.css - 8086 - ::1 Mozilla/5.0+(Windows+NT+10.0;+Win64;+x64;+rv:72.0)+Gecko/20100101+Firefox/72.0 http://localhost:8086/APROBAR_COMPESADOS/list 200 0 0 24
2020-01-17 04:48:46 ::1 GET /include/ajaxsuggest.js - 8086 - ::1 Mozilla/5.0+(Windows+NT+10.0;+Win64;+x64;+rv:72.0)+Gecko/20100101+Firefox/72.0 http://localhost:8086/APROBAR_COMPESADOS/list 304 0 0 19
2020-01-17 04:48:46 ::1 GET /styles/bootstrap/fonts/glyphicons-halflings-regular.woff2 - 8086 - ::1 Mozilla/5.0+(Windows+NT+10.0;+Win64;+x64;+rv:72.0)+Gecko/20100101+Firefox/72.0 http://localhost:8086/styles/bootstrap/default/small/style.css 404 3 50 6
2020-01-17 04:49:31 ::1 GET /images/loading.gif - 8086 - ::1 Mozilla/5.0+(Windows+NT+10.0;+Win64;+x64;+rv:72.0)+Gecko/20100101+Firefox/72.0 http://localhost:8086/APROBAR_COMPESADOS/list 200 0 64 97
2020-01-17 04:49:33 ::1 GET /APROBAR_COMPESADOS/list goto=2 8086 - ::1 Mozilla/5.0+(Windows+NT+10.0;+Win64;+x64;+rv:72.0)+Gecko/20100101+Firefox/72.0 http://localhost:8086/APROBAR_COMPESADOS/list 200 0 0 1529
2020-01-17 04:49:33 ::1 GET /images/icons/jpg.png - 8086 - ::1 Mozilla/5.0+(Windows+NT+10.0;+Win64;+x64;+rv:72.0)+Gecko/20100101+Firefox/72.0 http://localhost:8086/APROBAR_COMPESADOS/list?goto=2 200 0 0 55
2020-01-17 04:49:33 ::1 GET /styles/bootstrap/fonts/glyphicons-halflings-regular.woff2 - 8086 - ::1 Mozilla/5.0+(Windows+NT+10.0;+Win64;+x64;+rv:72.0)+Gecko/20100101+Firefox/72.0 http://localhost:8086/styles/bootstrap/default/small/style.css 404 3 50 4
2020-01-17 04:50:25 ::1 GET /VISTOBUENO_JEFEINMEDIATO/list - 8086 - ::1 Mozilla/5.0+(Windows+NT+10.0;+Win64;+x64;+rv:72.0)+Gecko/20100101+Firefox/72.0 http://localhost:8086/APROBAR_COMPESADOS/list?goto=2 200 0 0 3793
2020-01-17 04:50:25 ::1 GET /styles/pages/VISTOBUENO_JEFEINMEDIATO_list.css - 8086 - ::1 Mozilla/5.0+(Windows+NT+10.0;+Win64;+x64;+rv:72.0)+Gecko/20100101+Firefox/72.0 http://localhost:8086/VISTOBUENO_JEFEINMEDIATO/list 200 0 0 47
2020-01-17 04:50:25 ::1 GET /styles/bootstrap/fonts/glyphicons-halflings-regular.woff2 - 8086 - ::1 Mozilla/5.0+(Windows+NT+10.0;+Win64;+x64;+rv:72.0)+Gecko/20100101+Firefox/72.0 http://localhost:8086/styles/bootstrap/default/small/style.css 404 3 50 3
2020-01-17 04:50:36 ::1 GET /VISTOBUENO_JEFEDEPARTAMENTO/list - 8086 - ::1 Mozilla/5.0+(Windows+NT+10.0;+Win64;+x64;+rv:72.0)+Gecko/20100101+Firefox/72.0 http://localhost:8086/VISTOBUENO_JEFEINMEDIATO/list 200 0 0 3831
2020-01-17 04:50:36 ::1 GET /styles/bootstrap/default/small/style.css - 8086 - ::1 Mozilla/5.0+(Windows+NT+10.0;+Win64;+x64;+rv:72.0)+Gecko/20100101+Firefox/72.0 http://localhost:8086/VISTOBUENO_JEFEDEPARTAMENTO/list 304 0 0 28
2020-01-17 04:50:36 ::1 GET /include/lang/Spanish.js - 8086 - ::1 Mozilla/5.0+(Windows+NT+10.0;+Win64;+x64;+rv:72.0)+Gecko/20100101+Firefox/72.0 http://localhost:8086/VISTOBUENO_JEFEDEPARTAMENTO/list 304 0 0 60
2020-01-17 04:50:36 ::1 GET /include/runnerJS/RunnerAll.js - 8086 - ::1 Mozilla/5.0+(Windows+NT+10.0;+Win64;+x64;+rv:72.0)+Gecko/20100101+Firefox/72.0 http://localhost:8086/VISTOBUENO_JEFEDEPARTAMENTO/list 304 0 0 60
2020-01-17 04:50:36 ::1 GET /include/loadfirst.js - 8086 - ::1 Mozilla/5.0+(Windows+NT+10.0;+Win64;+x64;+rv:72.0)+Gecko/20100101+Firefox/72.0 http://localhost:8086/VISTOBUENO_JEFEDEPARTAMENTO/list 304 0 0 60
2020-01-17 04:50:36 ::1 GET /styles/pages/VISTOBUENO_JEFEDEPARTAMENTO_list.css - 8086 - ::1 Mozilla/5.0+(Windows+NT+10.0;+Win64;+x64;+rv:72.0)+Gecko/20100101+Firefox/72.0 http://localhost:8086/VISTOBUENO_JEFEDEPARTAMENTO/list 200 0 0 90
2020-01-17 04:50:36 ::1 GET /include/ajaxsuggest.js - 8086 - ::1 Mozilla/5.0+(Windows+NT+10.0;+Win64;+x64;+rv:72.0)+Gecko/20100101+Firefox/72.0 http://localhost:8086/VISTOBUENO_JEFEDEPARTAMENTO/list 304 0 0 18
2020-01-17 04:50:36 ::1 GET /styles/bootstrap/fonts/glyphicons-halflings-regular.woff2 - 8086 - ::1 Mozilla/5.0+(Windows+NT+10.0;+Win64;+x64;+rv:72.0)+Gecko/20100101+Firefox/72.0 http://localhost:8086/styles/bootstrap/default/small/style.css 404 3 50 3
2020-01-17 04:50:50 ::1 GET /APROBAR_PERMISOS/list - 8086 - ::1 Mozilla/5.0+(Windows+NT+10.0;+Win64;+x64;+rv:72.0)+Gecko/20100101+Firefox/72.0 http://localhost:8086/VISTOBUENO_JEFEDEPARTAMENTO/list 200 0 0 1654
2020-01-17 04:50:50 ::1 GET /styles/pages/APROBAR_PERMISOS_list.css - 8086 - ::1 Mozilla/5.0+(Windows+NT+10.0;+Win64;+x64;+rv:72.0)+Gecko/20100101+Firefox/72.0 http://localhost:8086/APROBAR_PERMISOS/list 304 0 0 42
2020-01-17 04:50:50 ::1 GET /styles/bootstrap/fonts/glyphicons-halflings-regular.woff2 - 8086 - ::1 Mozilla/5.0+(Windows+NT+10.0;+Win64;+x64;+rv:72.0)+Gecko/20100101+Firefox/72.0 http://localhost:8086/styles/bootstrap/default/small/style.css 404 3 50 4
2020-01-17 04:51:40 ::1 GET /dbo_Permisos2/list - 8086 - ::1 Mozilla/5.0+(Windows+NT+10.0;+Win64;+x64;+rv:72.0)+Gecko/20100101+Firefox/72.0 http://localhost:8086/APROBAR_PERMISOS/list 200 0 0 4383
2020-01-17 04:51:40 ::1 GET /styles/pages/dbo_Permisos2_list.css - 8086 - ::1 Mozilla/5.0+(Windows+NT+10.0;+Win64;+x64;+rv:72.0)+Gecko/20100101+Firefox/72.0 http://localhost:8086/dbo_Permisos2/list 200 0 0 73
2020-01-17 04:51:40 ::1 GET /styles/bootstrap/fonts/glyphicons-halflings-regular.woff2 - 8086 - ::1 Mozilla/5.0+(Windows+NT+10.0;+Win64;+x64;+rv:72.0)+Gecko/20100101+Firefox/72.0 http://localhost:8086/styles/bootstrap/default/small/style.css 404 3 50 5
2020-01-17 04:53:36 127.0.0.1 GET / - 8086 - 127.0.0.1 Mozilla/5.0+(Windows+NT+6.1;+WOW64)+AppleWebKit/536.6+(KHTML,+like+Gecko)+Chrome/20.0.1092.0+Safari/536.6 - 200 0 0 16219
2020-01-17 04:53:43 ::1 GET /APROBAR_PERMISOS/list - 8086 - ::1 Mozilla/5.0+(Windows+NT+10.0;+Win64;+x64;+rv:72.0)+Gecko/20100101+Firefox/72.0 http://localhost:8086/dbo_Permisos2/list 200 0 0 29725
2020-01-17 04:53:43 ::1 GET /styles/pages/APROBAR_PERMISOS_list.css - 8086 - ::1 Mozilla/5.0+(Windows+NT+10.0;+Win64;+x64;+rv:72.0)+Gecko/20100101+Firefox/72.0 http://localhost:8086/APROBAR_PERMISOS/list 200 0 0 44
2020-01-17 04:53:43 ::1 GET /include/lang/Spanish.js - 8086 - ::1 Mozilla/5.0+(Windows+NT+10.0;+Win64;+x64;+rv:72.0)+Gecko/20100101+Firefox/72.0 http://localhost:8086/APROBAR_PERMISOS/list 200 0 0 73
2020-01-17 04:53:43 ::1 GET /styles/bootstrap/default/small/style.css - 8086 - ::1 Mozilla/5.0+(Windows+NT+10.0;+Win64;+x64;+rv:72.0)+Gecko/20100101+Firefox/72.0 http://localhost:8086/APROBAR_PERMISOS/list 200 0 0 205
2020-01-17 04:53:43 ::1 GET /include/loadfirst.js - 8086 - ::1 Mozilla/5.0+(Windows+NT+10.0;+Win64;+x64;+rv:72.0)+Gecko/20100101+Firefox/72.0 http://localhost:8086/APROBAR_PERMISOS/list 200 0 0 242
2020-01-17 04:53:43 ::1 GET /include/runnerJS/RunnerAll.js - 8086 - ::1 Mozilla/5.0+(Windows+NT+10.0;+Win64;+x64;+rv:72.0)+Gecko/20100101+Firefox/72.0 http://localhost:8086/APROBAR_PERMISOS/list 200 0 0 326
2020-01-17 04:53:44 ::1 GET /include/ajaxsuggest.js - 8086 - ::1 Mozilla/5.0+(Windows+NT+10.0;+Win64;+x64;+rv:72.0)+Gecko/20100101+Firefox/72.0 http://localhost:8086/APROBAR_PERMISOS/list 200 0 0 31
2020-01-17 04:53:44 ::1 GET /styles/bootstrap/fonts/glyphicons-halflings-regular.woff2 - 8086 - ::1 Mozilla/5.0+(Windows+NT+10.0;+Win64;+x64;+rv:72.0)+Gecko/20100101+Firefox/72.0 http://localhost:8086/styles/bootstrap/default/small/style.css 404 3 50 6
