#Software: Microsoft Internet Information Services 10.0
#Version: 1.0
#Date: 2020-01-06 14:39:25
#Fields: date time s-ip cs-method cs-uri-stem cs-uri-query s-port cs-username c-ip cs(User-Agent) cs(Referer) sc-status sc-substatus sc-win32-status time-taken
2020-01-06 14:39:25 127.0.0.1 GET / - 8087 - 127.0.0.1 Mozilla/5.0+(Windows+NT+6.1;+WOW64)+AppleWebKit/536.6+(KHTML,+like+Gecko)+Chrome/20.0.1092.0+Safari/536.6 - 200 0 0 24346
2020-01-06 14:39:52 ::1 GET / - 8087 - ::1 Mozilla/5.0+(Windows+NT+10.0;+Win64;+x64;+rv:71.0)+Gecko/20100101+Firefox/71.0 - 200 0 0 452
2020-01-06 14:39:52 ::1 GET /styles/pages/.global_login.css - 8087 - ::1 Mozilla/5.0+(Windows+NT+10.0;+Win64;+x64;+rv:71.0)+Gecko/20100101+Firefox/71.0 http://localhost:8087/ 200 0 0 36
2020-01-06 14:39:52 ::1 GET /styles/font-awesome/css/font-awesome.min.css - 8087 - ::1 Mozilla/5.0+(Windows+NT+10.0;+Win64;+x64;+rv:71.0)+Gecko/20100101+Firefox/71.0 http://localhost:8087/ 200 0 0 143
2020-01-06 14:39:52 ::1 GET /include/jquery-ui/smoothness/jquery-ui.min.css - 8087 - ::1 Mozilla/5.0+(Windows+NT+10.0;+Win64;+x64;+rv:71.0)+Gecko/20100101+Firefox/71.0 http://localhost:8087/ 200 0 0 143
2020-01-06 14:39:52 ::1 GET /styles/default.css - 8087 - ::1 Mozilla/5.0+(Windows+NT+10.0;+Win64;+x64;+rv:71.0)+Gecko/20100101+Firefox/71.0 http://localhost:8087/ 200 0 0 150
2020-01-06 14:39:52 ::1 GET /include/bootstrap/css/jquery.mCustomScrollbar.css - 8087 - ::1 Mozilla/5.0+(Windows+NT+10.0;+Win64;+x64;+rv:71.0)+Gecko/20100101+Firefox/71.0 http://localhost:8087/ 200 0 0 160
2020-01-06 14:39:52 ::1 GET /include/lang/Spanish.js - 8087 - ::1 Mozilla/5.0+(Windows+NT+10.0;+Win64;+x64;+rv:71.0)+Gecko/20100101+Firefox/71.0 http://localhost:8087/ 200 0 0 186
2020-01-06 14:39:52 ::1 GET /styles/bootstrap/default/small/style.css - 8087 - ::1 Mozilla/5.0+(Windows+NT+10.0;+Win64;+x64;+rv:71.0)+Gecko/20100101+Firefox/71.0 http://localhost:8087/ 200 0 0 516
2020-01-06 14:39:52 ::1 GET /include/loadfirst.js - 8087 - ::1 Mozilla/5.0+(Windows+NT+10.0;+Win64;+x64;+rv:71.0)+Gecko/20100101+Firefox/71.0 http://localhost:8087/ 200 0 0 778
2020-01-06 14:39:53 ::1 GET /include/runnerJS/RunnerAll.js - 8087 - ::1 Mozilla/5.0+(Windows+NT+10.0;+Win64;+x64;+rv:71.0)+Gecko/20100101+Firefox/71.0 http://localhost:8087/ 200 0 0 1318
2020-01-06 14:39:53 ::1 GET /include/runnerJS/events/globalevents.js - 8087 - ::1 Mozilla/5.0+(Windows+NT+10.0;+Win64;+x64;+rv:71.0)+Gecko/20100101+Firefox/71.0 http://localhost:8087/ 200 0 0 3
2020-01-06 14:39:53 ::1 GET /include/ajaxsuggest.js - 8087 - ::1 Mozilla/5.0+(Windows+NT+10.0;+Win64;+x64;+rv:71.0)+Gecko/20100101+Firefox/71.0 http://localhost:8087/ 200 0 0 40
2020-01-06 14:39:53 ::1 GET /favicon.ico - 8087 - ::1 Mozilla/5.0+(Windows+NT+10.0;+Win64;+x64;+rv:71.0)+Gecko/20100101+Firefox/71.0 - 404 0 2 77
2020-01-06 14:39:57 ::1 POST /login - 8087 - ::1 Mozilla/5.0+(Windows+NT+10.0;+Win64;+x64;+rv:71.0)+Gecko/20100101+Firefox/71.0 http://localhost:8087/ 302 0 0 853
2020-01-06 14:40:00 ::1 GET /menu - 8087 - ::1 Mozilla/5.0+(Windows+NT+10.0;+Win64;+x64;+rv:71.0)+Gecko/20100101+Firefox/71.0 http://localhost:8087/ 200 0 0 2652
2020-01-06 14:40:00 ::1 GET /styles/pages/.global_menu.css - 8087 - ::1 Mozilla/5.0+(Windows+NT+10.0;+Win64;+x64;+rv:71.0)+Gecko/20100101+Firefox/71.0 http://localhost:8087/menu 200 0 0 4
2020-01-06 14:40:00 ::1 GET /include/lang/Spanish.js - 8087 - ::1 Mozilla/5.0+(Windows+NT+10.0;+Win64;+x64;+rv:71.0)+Gecko/20100101+Firefox/71.0 http://localhost:8087/menu 200 0 0 129
2020-01-06 14:40:00 ::1 GET /styles/bootstrap/default/small/style.css - 8087 - ::1 Mozilla/5.0+(Windows+NT+10.0;+Win64;+x64;+rv:71.0)+Gecko/20100101+Firefox/71.0 http://localhost:8087/menu 200 0 0 292
2020-01-06 14:40:00 ::1 GET /include/loadfirst.js - 8087 - ::1 Mozilla/5.0+(Windows+NT+10.0;+Win64;+x64;+rv:71.0)+Gecko/20100101+Firefox/71.0 http://localhost:8087/menu 200 0 0 537
2020-01-06 14:40:00 ::1 GET /include/runnerJS/RunnerAll.js - 8087 - ::1 Mozilla/5.0+(Windows+NT+10.0;+Win64;+x64;+rv:71.0)+Gecko/20100101+Firefox/71.0 http://localhost:8087/menu 200 0 0 615
2020-01-06 14:40:00 ::1 GET /styles/bootstrap/fonts/glyphicons-halflings-regular.woff2 - 8087 - ::1 Mozilla/5.0+(Windows+NT+10.0;+Win64;+x64;+rv:71.0)+Gecko/20100101+Firefox/71.0 http://localhost:8087/styles/bootstrap/default/small/style.css 404 3 50 168
2020-01-06 14:40:01 ::1 GET /styles/bootstrap/fonts/glyphicons-halflings-regular.woff - 8087 - ::1 Mozilla/5.0+(Windows+NT+10.0;+Win64;+x64;+rv:71.0)+Gecko/20100101+Firefox/71.0 http://localhost:8087/styles/bootstrap/default/small/style.css 200 0 0 38
2020-01-06 14:40:32 ::1 GET /dbo_Permisos2/list - 8087 - ::1 Mozilla/5.0+(Windows+NT+10.0;+Win64;+x64;+rv:71.0)+Gecko/20100101+Firefox/71.0 http://localhost:8087/menu 200 0 0 4966
2020-01-06 14:40:32 ::1 GET /include/lang/Spanish.js - 8087 - ::1 Mozilla/5.0+(Windows+NT+10.0;+Win64;+x64;+rv:71.0)+Gecko/20100101+Firefox/71.0 http://localhost:8087/dbo_Permisos2/list 200 0 0 24
2020-01-06 14:40:32 ::1 GET /styles/pages/dbo_Permisos2_list.css - 8087 - ::1 Mozilla/5.0+(Windows+NT+10.0;+Win64;+x64;+rv:71.0)+Gecko/20100101+Firefox/71.0 http://localhost:8087/dbo_Permisos2/list 200 0 0 45
2020-01-06 14:40:32 ::1 GET /include/jquery-ui/smoothness/jquery-ui.theme.min.css - 8087 - ::1 Mozilla/5.0+(Windows+NT+10.0;+Win64;+x64;+rv:71.0)+Gecko/20100101+Firefox/71.0 http://localhost:8087/dbo_Permisos2/list 200 0 0 239
2020-01-06 14:40:32 ::1 GET /styles/bootstrap/default/small/style.css - 8087 - ::1 Mozilla/5.0+(Windows+NT+10.0;+Win64;+x64;+rv:71.0)+Gecko/20100101+Firefox/71.0 http://localhost:8087/dbo_Permisos2/list 200 0 0 549
2020-01-06 14:40:32 ::1 GET /include/loadfirst.js - 8087 - ::1 Mozilla/5.0+(Windows+NT+10.0;+Win64;+x64;+rv:71.0)+Gecko/20100101+Firefox/71.0 http://localhost:8087/dbo_Permisos2/list 200 0 0 617
2020-01-06 14:40:32 ::1 GET /include/bootstrap/css/bootstrap-datetimepicker.min.css - 8087 - ::1 Mozilla/5.0+(Windows+NT+10.0;+Win64;+x64;+rv:71.0)+Gecko/20100101+Firefox/71.0 http://localhost:8087/dbo_Permisos2/list 200 0 0 682
2020-01-06 14:40:32 ::1 GET /include/runnerJS/RunnerAll.js - 8087 - ::1 Mozilla/5.0+(Windows+NT+10.0;+Win64;+x64;+rv:71.0)+Gecko/20100101+Firefox/71.0 http://localhost:8087/dbo_Permisos2/list 200 0 0 708
2020-01-06 14:40:32 ::1 GET /styles/bootstrap/fonts/glyphicons-halflings-regular.woff2 - 8087 - ::1 Mozilla/5.0+(Windows+NT+10.0;+Win64;+x64;+rv:71.0)+Gecko/20100101+Firefox/71.0 http://localhost:8087/styles/bootstrap/default/small/style.css 404 3 50 3
2020-01-06 14:40:32 ::1 GET /include/ajaxsuggest.js - 8087 - ::1 Mozilla/5.0+(Windows+NT+10.0;+Win64;+x64;+rv:71.0)+Gecko/20100101+Firefox/71.0 http://localhost:8087/dbo_Permisos2/list 304 0 0 24
2020-01-06 14:40:46 ::1 GET /dbo_Permisos2/add - 8087 - ::1 Mozilla/5.0+(Windows+NT+10.0;+Win64;+x64;+rv:71.0)+Gecko/20100101+Firefox/71.0 http://localhost:8087/dbo_Permisos2/list 200 0 0 1276
2020-01-06 14:40:46 ::1 GET /styles/bootstrap/default/small/style.css - 8087 - ::1 Mozilla/5.0+(Windows+NT+10.0;+Win64;+x64;+rv:71.0)+Gecko/20100101+Firefox/71.0 http://localhost:8087/dbo_Permisos2/add 304 0 0 3
2020-01-06 14:40:46 ::1 GET /styles/pages/dbo_Permisos2_add.css - 8087 - ::1 Mozilla/5.0+(Windows+NT+10.0;+Win64;+x64;+rv:71.0)+Gecko/20100101+Firefox/71.0 http://localhost:8087/dbo_Permisos2/add 200 0 0 2
2020-01-06 14:40:46 ::1 GET /include/loadfirst.js - 8087 - ::1 Mozilla/5.0+(Windows+NT+10.0;+Win64;+x64;+rv:71.0)+Gecko/20100101+Firefox/71.0 http://localhost:8087/dbo_Permisos2/add 304 0 0 1
2020-01-06 14:40:46 ::1 GET /include/lang/Spanish.js - 8087 - ::1 Mozilla/5.0+(Windows+NT+10.0;+Win64;+x64;+rv:71.0)+Gecko/20100101+Firefox/71.0 http://localhost:8087/dbo_Permisos2/add 304 0 0 2
2020-01-06 14:40:46 ::1 GET /include/runnerJS/RunnerAll.js - 8087 - ::1 Mozilla/5.0+(Windows+NT+10.0;+Win64;+x64;+rv:71.0)+Gecko/20100101+Firefox/71.0 http://localhost:8087/dbo_Permisos2/add 304 0 0 2
2020-01-06 14:40:46 ::1 GET /include/zoombox/zoombox.css - 8087 - ::1 Mozilla/5.0+(Windows+NT+10.0;+Win64;+x64;+rv:71.0)+Gecko/20100101+Firefox/71.0 http://localhost:8087/dbo_Permisos2/add 200 0 0 15
2020-01-06 14:40:46 ::1 GET /include/ajaxsuggest.js - 8087 - ::1 Mozilla/5.0+(Windows+NT+10.0;+Win64;+x64;+rv:71.0)+Gecko/20100101+Firefox/71.0 http://localhost:8087/dbo_Permisos2/add 304 0 0 1
2020-01-06 14:40:46 ::1 GET /styles/bootstrap/fonts/glyphicons-halflings-regular.woff2 - 8087 - ::1 Mozilla/5.0+(Windows+NT+10.0;+Win64;+x64;+rv:71.0)+Gecko/20100101+Firefox/71.0 http://localhost:8087/styles/bootstrap/default/small/style.css 404 3 50 2
2020-01-06 14:40:46 ::1 GET /include/zoombox/zoombox.js - 8087 - ::1 Mozilla/5.0+(Windows+NT+10.0;+Win64;+x64;+rv:71.0)+Gecko/20100101+Firefox/71.0 http://localhost:8087/dbo_Permisos2/add 200 0 0 28
2020-01-06 14:40:46 ::1 GET /include/button_Ver_Instrutivo.js - 8087 - ::1 Mozilla/5.0+(Windows+NT+10.0;+Win64;+x64;+rv:71.0)+Gecko/20100101+Firefox/71.0 http://localhost:8087/dbo_Permisos2/add 200 0 0 53
2020-01-06 14:40:46 ::1 GET /include/button_Guia_de_Permisos.js - 8087 - ::1 Mozilla/5.0+(Windows+NT+10.0;+Win64;+x64;+rv:71.0)+Gecko/20100101+Firefox/71.0 http://localhost:8087/dbo_Permisos2/add 200 0 0 55
2020-01-06 14:40:46 ::1 GET /include/mupload.js - 8087 - ::1 Mozilla/5.0+(Windows+NT+10.0;+Win64;+x64;+rv:71.0)+Gecko/20100101+Firefox/71.0 http://localhost:8087/dbo_Permisos2/add 200 0 0 72
#Software: Microsoft Internet Information Services 10.0
#Version: 1.0
#Date: 2020-01-06 21:34:18
#Fields: date time s-ip cs-method cs-uri-stem cs-uri-query s-port cs-username c-ip cs(User-Agent) cs(Referer) sc-status sc-substatus sc-win32-status time-taken
2020-01-06 21:34:18 127.0.0.1 GET / - 8087 - 127.0.0.1 Mozilla/5.0+(Windows+NT+6.1;+WOW64)+AppleWebKit/536.6+(KHTML,+like+Gecko)+Chrome/20.0.1092.0+Safari/536.6 - 200 0 0 12752
2020-01-06 21:34:18 127.0.0.1 GET /VISTOBUENO_JEFEINMEDIATO/list - 8087 - 127.0.0.1 Mozilla/5.0+(Windows+NT+6.1;+WOW64)+AppleWebKit/536.6+(KHTML,+like+Gecko)+Chrome/20.0.1092.0+Safari/536.6 - 302 0 0 406
2020-01-06 21:34:18 127.0.0.1 GET /login return=true& 8087 - 127.0.0.1 Mozilla/5.0+(Windows+NT+6.1;+WOW64)+AppleWebKit/536.6+(KHTML,+like+Gecko)+Chrome/20.0.1092.0+Safari/536.6 - 200 0 0 234
2020-01-06 21:34:18 127.0.0.1 GET /VISTOBUENO_JEFEDEPARTAMENTO/list - 8087 - 127.0.0.1 Mozilla/5.0+(Windows+NT+6.1;+WOW64)+AppleWebKit/536.6+(KHTML,+like+Gecko)+Chrome/20.0.1092.0+Safari/536.6 - 302 0 0 92
2020-01-06 21:34:18 127.0.0.1 GET /login return=true& 8087 - 127.0.0.1 Mozilla/5.0+(Windows+NT+6.1;+WOW64)+AppleWebKit/536.6+(KHTML,+like+Gecko)+Chrome/20.0.1092.0+Safari/536.6 - 200 0 0 144
2020-01-06 21:34:19 127.0.0.1 GET /VER_PERMISOS/list - 8087 - 127.0.0.1 Mozilla/5.0+(Windows+NT+6.1;+WOW64)+AppleWebKit/536.6+(KHTML,+like+Gecko)+Chrome/20.0.1092.0+Safari/536.6 - 302 0 0 88
2020-01-06 21:34:19 127.0.0.1 GET /login return=true& 8087 - 127.0.0.1 Mozilla/5.0+(Windows+NT+6.1;+WOW64)+AppleWebKit/536.6+(KHTML,+like+Gecko)+Chrome/20.0.1092.0+Safari/536.6 - 200 0 0 156
2020-01-06 21:34:19 127.0.0.1 GET /Saldo_Horas_Empleado/list - 8087 - 127.0.0.1 Mozilla/5.0+(Windows+NT+6.1;+WOW64)+AppleWebKit/536.6+(KHTML,+like+Gecko)+Chrome/20.0.1092.0+Safari/536.6 - 302 0 0 212
2020-01-06 21:34:19 127.0.0.1 GET /login return=true& 8087 - 127.0.0.1 Mozilla/5.0+(Windows+NT+6.1;+WOW64)+AppleWebKit/536.6+(KHTML,+like+Gecko)+Chrome/20.0.1092.0+Safari/536.6 - 200 0 0 122
2020-01-06 21:43:15 ::1 GET / - 8087 - ::1 Mozilla/5.0+(Windows+NT+10.0;+Win64;+x64;+rv:71.0)+Gecko/20100101+Firefox/71.0 - 200 0 0 245
2020-01-06 21:43:15 ::1 GET /styles/pages/.global_login.css - 8087 - ::1 Mozilla/5.0+(Windows+NT+10.0;+Win64;+x64;+rv:71.0)+Gecko/20100101+Firefox/71.0 http://localhost:8087/ 200 0 0 8
2020-01-06 21:43:15 ::1 GET /include/lang/Spanish.js - 8087 - ::1 Mozilla/5.0+(Windows+NT+10.0;+Win64;+x64;+rv:71.0)+Gecko/20100101+Firefox/71.0 http://localhost:8087/ 200 0 0 12
2020-01-06 21:43:15 ::1 GET /include/jquery-ui/smoothness/jquery-ui.min.css - 8087 - ::1 Mozilla/5.0+(Windows+NT+10.0;+Win64;+x64;+rv:71.0)+Gecko/20100101+Firefox/71.0 http://localhost:8087/ 200 0 64 120
2020-01-06 21:43:15 ::1 GET /styles/bootstrap/default/small/style.css - 8087 - ::1 Mozilla/5.0+(Windows+NT+10.0;+Win64;+x64;+rv:71.0)+Gecko/20100101+Firefox/71.0 http://localhost:8087/ 200 0 0 150
2020-01-06 21:43:15 ::1 GET /include/loadfirst.js - 8087 - ::1 Mozilla/5.0+(Windows+NT+10.0;+Win64;+x64;+rv:71.0)+Gecko/20100101+Firefox/71.0 http://localhost:8087/ 200 0 0 344
2020-01-06 21:43:15 ::1 GET /include/runnerJS/RunnerAll.js - 8087 - ::1 Mozilla/5.0+(Windows+NT+10.0;+Win64;+x64;+rv:71.0)+Gecko/20100101+Firefox/71.0 http://localhost:8087/ 200 0 0 379
2020-01-06 21:43:15 ::1 GET /include/runnerJS/events/globalevents.js - 8087 - ::1 Mozilla/5.0+(Windows+NT+10.0;+Win64;+x64;+rv:71.0)+Gecko/20100101+Firefox/71.0 http://localhost:8087/ 200 0 0 3
2020-01-06 21:43:15 ::1 GET /include/ajaxsuggest.js - 8087 - ::1 Mozilla/5.0+(Windows+NT+10.0;+Win64;+x64;+rv:71.0)+Gecko/20100101+Firefox/71.0 http://localhost:8087/ 200 0 0 14
2020-01-06 21:43:15 ::1 GET /favicon.ico - 8087 - ::1 Mozilla/5.0+(Windows+NT+10.0;+Win64;+x64;+rv:71.0)+Gecko/20100101+Firefox/71.0 - 404 0 64 2
2020-01-06 21:43:21 ::1 POST /login - 8087 - ::1 Mozilla/5.0+(Windows+NT+10.0;+Win64;+x64;+rv:71.0)+Gecko/20100101+Firefox/71.0 http://localhost:8087/ 302 0 0 721
2020-01-06 21:43:24 ::1 GET /menu - 8087 - ::1 Mozilla/5.0+(Windows+NT+10.0;+Win64;+x64;+rv:71.0)+Gecko/20100101+Firefox/71.0 http://localhost:8087/ 200 0 0 3060
2020-01-06 21:43:24 ::1 GET /styles/pages/.global_menu.css - 8087 - ::1 Mozilla/5.0+(Windows+NT+10.0;+Win64;+x64;+rv:71.0)+Gecko/20100101+Firefox/71.0 http://localhost:8087/menu 200 0 0 4
2020-01-06 21:43:24 ::1 GET /styles/bootstrap/fonts/glyphicons-halflings-regular.woff2 - 8087 - ::1 Mozilla/5.0+(Windows+NT+10.0;+Win64;+x64;+rv:71.0)+Gecko/20100101+Firefox/71.0 http://localhost:8087/styles/bootstrap/default/small/style.css 404 3 50 32
2020-01-06 21:43:24 ::1 GET /favicon.ico - 8087 - ::1 Mozilla/5.0+(Windows+NT+10.0;+Win64;+x64;+rv:71.0)+Gecko/20100101+Firefox/71.0 - 404 0 64 4
2020-01-06 21:43:24 ::1 GET /styles/bootstrap/fonts/glyphicons-halflings-regular.woff - 8087 - ::1 Mozilla/5.0+(Windows+NT+10.0;+Win64;+x64;+rv:71.0)+Gecko/20100101+Firefox/71.0 http://localhost:8087/styles/bootstrap/default/small/style.css 200 0 64 30
2020-01-06 21:46:37 ::1 GET /admin_rights/list - 8087 - ::1 Mozilla/5.0+(Windows+NT+10.0;+Win64;+x64;+rv:71.0)+Gecko/20100101+Firefox/71.0 http://localhost:8087/menu 200 0 0 3414
2020-01-06 21:46:37 ::1 GET /styles/bootstrap/default/css/tweaks.css - 8087 - ::1 Mozilla/5.0+(Windows+NT+10.0;+Win64;+x64;+rv:71.0)+Gecko/20100101+Firefox/71.0 http://localhost:8087/admin_rights/list 200 0 0 4
2020-01-06 21:46:37 ::1 GET /include/lang/Spanish.js - 8087 - ::1 Mozilla/5.0+(Windows+NT+10.0;+Win64;+x64;+rv:71.0)+Gecko/20100101+Firefox/71.0 http://localhost:8087/admin_rights/list 304 0 0 29
2020-01-06 21:46:37 ::1 GET /styles/bs.css - 8087 - ::1 Mozilla/5.0+(Windows+NT+10.0;+Win64;+x64;+rv:71.0)+Gecko/20100101+Firefox/71.0 http://localhost:8087/admin_rights/list 200 0 0 76
2020-01-06 21:46:37 ::1 GET /include/bootstrap/css/bootstrap.min.css - 8087 - ::1 Mozilla/5.0+(Windows+NT+10.0;+Win64;+x64;+rv:71.0)+Gecko/20100101+Firefox/71.0 http://localhost:8087/admin_rights/list 200 0 0 147
2020-01-06 21:46:37 ::1 GET /styles/bootstrap/default/css/bootstrap-theme.min.css - 8087 - ::1 Mozilla/5.0+(Windows+NT+10.0;+Win64;+x64;+rv:71.0)+Gecko/20100101+Firefox/71.0 http://localhost:8087/admin_rights/list 200 0 0 150
2020-01-06 21:46:37 ::1 GET /include/loadfirst.js - 8087 - ::1 Mozilla/5.0+(Windows+NT+10.0;+Win64;+x64;+rv:71.0)+Gecko/20100101+Firefox/71.0 http://localhost:8087/admin_rights/list 304 0 0 359
2020-01-06 21:46:37 ::1 GET /include/runnerJS/RunnerAll.js - 8087 - ::1 Mozilla/5.0+(Windows+NT+10.0;+Win64;+x64;+rv:71.0)+Gecko/20100101+Firefox/71.0 http://localhost:8087/admin_rights/list 304 0 0 511
2020-01-06 21:46:37 ::1 GET /styles/bootstrap/fonts/glyphicons-halflings-regular.woff2 - 8087 - ::1 Mozilla/5.0+(Windows+NT+10.0;+Win64;+x64;+rv:71.0)+Gecko/20100101+Firefox/71.0 http://localhost:8087/include/bootstrap/css/bootstrap.min.css 404 3 50 26
2020-01-06 21:46:37 ::1 GET /include/ajaxsuggest.js - 8087 - ::1 Mozilla/5.0+(Windows+NT+10.0;+Win64;+x64;+rv:71.0)+Gecko/20100101+Firefox/71.0 http://localhost:8087/admin_rights/list 304 0 0 21
2020-01-06 21:50:02 ::1 POST /admin_rights/list - 8087 - ::1 Mozilla/5.0+(Windows+NT+10.0;+Win64;+x64;+rv:71.0)+Gecko/20100101+Firefox/71.0 http://localhost:8087/admin_rights/list 200 0 0 842
2020-01-06 21:50:45 ::1 GET /menu/ - 8087 - ::1 Mozilla/5.0+(Windows+NT+10.0;+Win64;+x64;+rv:71.0)+Gecko/20100101+Firefox/71.0 http://localhost:8087/admin_rights/list 200 0 0 305
2020-01-06 21:50:45 ::1 GET /include/loadfirst.js - 8087 - ::1 Mozilla/5.0+(Windows+NT+10.0;+Win64;+x64;+rv:71.0)+Gecko/20100101+Firefox/71.0 http://localhost:8087/menu/ 304 0 0 3
2020-01-06 21:50:45 ::1 GET /include/runnerJS/RunnerAll.js - 8087 - ::1 Mozilla/5.0+(Windows+NT+10.0;+Win64;+x64;+rv:71.0)+Gecko/20100101+Firefox/71.0 http://localhost:8087/menu/ 304 0 0 2
2020-01-06 21:50:45 ::1 GET /include/lang/Spanish.js - 8087 - ::1 Mozilla/5.0+(Windows+NT+10.0;+Win64;+x64;+rv:71.0)+Gecko/20100101+Firefox/71.0 http://localhost:8087/menu/ 304 0 0 5
2020-01-06 21:50:45 ::1 GET /styles/pages/.global_menu.css - 8087 - ::1 Mozilla/5.0+(Windows+NT+10.0;+Win64;+x64;+rv:71.0)+Gecko/20100101+Firefox/71.0 http://localhost:8087/menu/ 304 0 0 4
2020-01-06 21:50:45 ::1 GET /styles/bootstrap/default/small/style.css - 8087 - ::1 Mozilla/5.0+(Windows+NT+10.0;+Win64;+x64;+rv:71.0)+Gecko/20100101+Firefox/71.0 http://localhost:8087/menu/ 304 0 0 25
2020-01-06 21:50:45 ::1 GET /include/runnerJS/events/globalevents.js - 8087 - ::1 Mozilla/5.0+(Windows+NT+10.0;+Win64;+x64;+rv:71.0)+Gecko/20100101+Firefox/71.0 http://localhost:8087/menu/ 304 0 0 4
2020-01-06 21:50:45 ::1 GET /styles/bootstrap/fonts/glyphicons-halflings-regular.woff2 - 8087 - ::1 Mozilla/5.0+(Windows+NT+10.0;+Win64;+x64;+rv:71.0)+Gecko/20100101+Firefox/71.0 http://localhost:8087/styles/bootstrap/default/small/style.css 404 3 50 5
2020-01-06 21:50:45 ::1 GET /favicon.ico - 8087 - ::1 Mozilla/5.0+(Windows+NT+10.0;+Win64;+x64;+rv:71.0)+Gecko/20100101+Firefox/71.0 - 404 0 64 4
2020-01-06 21:51:32 ::1 GET /admin_rights/list - 8087 - ::1 Mozilla/5.0+(Windows+NT+10.0;+Win64;+x64;+rv:71.0)+Gecko/20100101+Firefox/71.0 http://localhost:8087/menu/ 200 0 0 65
2020-01-06 21:51:32 ::1 GET /styles/bootstrap/default/css/tweaks.css - 8087 - ::1 Mozilla/5.0+(Windows+NT+10.0;+Win64;+x64;+rv:71.0)+Gecko/20100101+Firefox/71.0 http://localhost:8087/admin_rights/list 304 0 0 1
2020-01-06 21:51:32 ::1 GET /styles/bs.css - 8087 - ::1 Mozilla/5.0+(Windows+NT+10.0;+Win64;+x64;+rv:71.0)+Gecko/20100101+Firefox/71.0 http://localhost:8087/admin_rights/list 200 0 0 76
2020-01-06 21:51:32 ::1 GET /styles/default.css - 8087 - ::1 Mozilla/5.0+(Windows+NT+10.0;+Win64;+x64;+rv:71.0)+Gecko/20100101+Firefox/71.0 http://localhost:8087/admin_rights/list 200 0 64 92
2020-01-06 21:51:32 ::1 GET /include/bootstrap/css/bootstrap.min.css - 8087 - ::1 Mozilla/5.0+(Windows+NT+10.0;+Win64;+x64;+rv:71.0)+Gecko/20100101+Firefox/71.0 http://localhost:8087/admin_rights/list 200 0 64 125
2020-01-06 21:51:32 ::1 GET /styles/bootstrap/default/css/bootstrap-theme.min.css - 8087 - ::1 Mozilla/5.0+(Windows+NT+10.0;+Win64;+x64;+rv:71.0)+Gecko/20100101+Firefox/71.0 http://localhost:8087/admin_rights/list 200 0 0 133
2020-01-06 21:51:32 ::1 GET /include/ajaxsuggest.js - 8087 - ::1 Mozilla/5.0+(Windows+NT+10.0;+Win64;+x64;+rv:71.0)+Gecko/20100101+Firefox/71.0 http://localhost:8087/admin_rights/list 304 0 0 4
2020-01-06 21:51:32 ::1 GET /styles/bootstrap/fonts/glyphicons-halflings-regular.woff2 - 8087 - ::1 Mozilla/5.0+(Windows+NT+10.0;+Win64;+x64;+rv:71.0)+Gecko/20100101+Firefox/71.0 http://localhost:8087/include/bootstrap/css/bootstrap.min.css 404 3 50 3
2020-01-06 21:51:32 ::1 GET /favicon.ico - 8087 - ::1 Mozilla/5.0+(Windows+NT+10.0;+Win64;+x64;+rv:71.0)+Gecko/20100101+Firefox/71.0 - 404 0 64 2
#Software: Microsoft Internet Information Services 10.0
#Version: 1.0
#Date: 2020-01-06 22:13:01
#Fields: date time s-ip cs-method cs-uri-stem cs-uri-query s-port cs-username c-ip cs(User-Agent) cs(Referer) sc-status sc-substatus sc-win32-status time-taken
2020-01-06 22:13:01 ::1 GET /admin_members/list - 8087 - ::1 Mozilla/5.0+(Windows+NT+10.0;+Win64;+x64;+rv:71.0)+Gecko/20100101+Firefox/71.0 http://localhost:8087/admin_rights/list 302 0 0 205
2020-01-06 22:13:01 ::1 GET /login return=true& 8087 - ::1 Mozilla/5.0+(Windows+NT+10.0;+Win64;+x64;+rv:71.0)+Gecko/20100101+Firefox/71.0 http://localhost:8087/admin_rights/list 200 0 0 178
2020-01-06 22:13:01 ::1 GET /styles/pages/.global_login.css - 8087 - ::1 Mozilla/5.0+(Windows+NT+10.0;+Win64;+x64;+rv:71.0)+Gecko/20100101+Firefox/71.0 http://localhost:8087/login?return=true& 304 0 0 7
2020-01-06 22:13:01 ::1 GET /include/lang/Spanish.js - 8087 - ::1 Mozilla/5.0+(Windows+NT+10.0;+Win64;+x64;+rv:71.0)+Gecko/20100101+Firefox/71.0 http://localhost:8087/login?return=true& 304 0 0 28
2020-01-06 22:13:01 ::1 GET /styles/bootstrap/default/small/style.css - 8087 - ::1 Mozilla/5.0+(Windows+NT+10.0;+Win64;+x64;+rv:71.0)+Gecko/20100101+Firefox/71.0 http://localhost:8087/login?return=true& 304 0 0 75
2020-01-06 22:13:01 ::1 GET /include/loadfirst.js - 8087 - ::1 Mozilla/5.0+(Windows+NT+10.0;+Win64;+x64;+rv:71.0)+Gecko/20100101+Firefox/71.0 http://localhost:8087/login?return=true& 304 0 0 484
2020-01-06 22:13:01 ::1 GET /include/runnerJS/RunnerAll.js - 8087 - ::1 Mozilla/5.0+(Windows+NT+10.0;+Win64;+x64;+rv:71.0)+Gecko/20100101+Firefox/71.0 http://localhost:8087/login?return=true& 304 0 0 555
2020-01-06 22:13:01 ::1 GET /include/runnerJS/events/globalevents.js - 8087 - ::1 Mozilla/5.0+(Windows+NT+10.0;+Win64;+x64;+rv:71.0)+Gecko/20100101+Firefox/71.0 http://localhost:8087/login?return=true& 200 0 0 4
2020-01-06 22:13:01 ::1 GET /include/ajaxsuggest.js - 8087 - ::1 Mozilla/5.0+(Windows+NT+10.0;+Win64;+x64;+rv:71.0)+Gecko/20100101+Firefox/71.0 http://localhost:8087/login?return=true& 200 0 0 19
2020-01-06 22:13:01 ::1 GET /favicon.ico - 8087 - ::1 Mozilla/5.0+(Windows+NT+10.0;+Win64;+x64;+rv:71.0)+Gecko/20100101+Firefox/71.0 - 404 0 64 4
2020-01-06 22:13:03 ::1 POST /login - 8087 - ::1 Mozilla/5.0+(Windows+NT+10.0;+Win64;+x64;+rv:71.0)+Gecko/20100101+Firefox/71.0 http://localhost:8087/login?return=true& 302 0 0 115
2020-01-06 22:13:06 ::1 GET /admin_members/list - 8087 - ::1 Mozilla/5.0+(Windows+NT+10.0;+Win64;+x64;+rv:71.0)+Gecko/20100101+Firefox/71.0 http://localhost:8087/login?return=true& 200 0 0 2775
2020-01-06 22:13:06 ::1 GET /styles/bootstrap/default/css/tweaks.css - 8087 - ::1 Mozilla/5.0+(Windows+NT+10.0;+Win64;+x64;+rv:71.0)+Gecko/20100101+Firefox/71.0 http://localhost:8087/admin_members/list 304 0 0 7
2020-01-06 22:13:06 ::1 GET /styles/bootstrap/default/css/bootstrap-theme.min.css - 8087 - ::1 Mozilla/5.0+(Windows+NT+10.0;+Win64;+x64;+rv:71.0)+Gecko/20100101+Firefox/71.0 http://localhost:8087/admin_members/list 304 0 0 19
2020-01-06 22:13:06 ::1 GET /styles/bs.css - 8087 - ::1 Mozilla/5.0+(Windows+NT+10.0;+Win64;+x64;+rv:71.0)+Gecko/20100101+Firefox/71.0 http://localhost:8087/admin_members/list 304 0 0 35
2020-01-06 22:13:06 ::1 GET /include/ajaxsuggest.js - 8087 - ::1 Mozilla/5.0+(Windows+NT+10.0;+Win64;+x64;+rv:71.0)+Gecko/20100101+Firefox/71.0 http://localhost:8087/admin_members/list 200 0 0 35
2020-01-06 22:13:06 ::1 GET /styles/bootstrap/fonts/glyphicons-halflings-regular.woff2 - 8087 - ::1 Mozilla/5.0+(Windows+NT+10.0;+Win64;+x64;+rv:71.0)+Gecko/20100101+Firefox/71.0 http://localhost:8087/include/bootstrap/css/bootstrap.min.css 404 3 50 53
2020-01-06 22:13:26 ::1 POST /admin_members/list - 8087 - ::1 Mozilla/5.0+(Windows+NT+10.0;+Win64;+x64;+rv:71.0)+Gecko/20100101+Firefox/71.0 http://localhost:8087/admin_members/list 200 0 0 150
2020-01-06 22:13:47 ::1 POST /admin_members/list - 8087 - ::1 Mozilla/5.0+(Windows+NT+10.0;+Win64;+x64;+rv:71.0)+Gecko/20100101+Firefox/71.0 http://localhost:8087/admin_members/list 200 0 0 69
2020-01-06 22:13:59 ::1 GET /menu/ - 8087 - ::1 Mozilla/5.0+(Windows+NT+10.0;+Win64;+x64;+rv:71.0)+Gecko/20100101+Firefox/71.0 http://localhost:8087/admin_members/list 200 0 0 319
2020-01-06 22:13:59 ::1 GET /styles/pages/.global_menu.css - 8087 - ::1 Mozilla/5.0+(Windows+NT+10.0;+Win64;+x64;+rv:71.0)+Gecko/20100101+Firefox/71.0 http://localhost:8087/menu/ 304 0 0 7
2020-01-06 22:13:59 ::1 GET /styles/default.css - 8087 - ::1 Mozilla/5.0+(Windows+NT+10.0;+Win64;+x64;+rv:71.0)+Gecko/20100101+Firefox/71.0 http://localhost:8087/menu/ 200 0 64 54
2020-01-06 22:13:59 ::1 GET /styles/bootstrap/default/small/style.css - 8087 - ::1 Mozilla/5.0+(Windows+NT+10.0;+Win64;+x64;+rv:71.0)+Gecko/20100101+Firefox/71.0 http://localhost:8087/menu/ 200 0 64 60
2020-01-06 22:13:59 ::1 GET /include/runnerJS/events/globalevents.js - 8087 - ::1 Mozilla/5.0+(Windows+NT+10.0;+Win64;+x64;+rv:71.0)+Gecko/20100101+Firefox/71.0 http://localhost:8087/menu/ 200 0 0 2
2020-01-06 22:13:59 ::1 GET /styles/bootstrap/fonts/glyphicons-halflings-regular.woff2 - 8087 - ::1 Mozilla/5.0+(Windows+NT+10.0;+Win64;+x64;+rv:71.0)+Gecko/20100101+Firefox/71.0 http://localhost:8087/styles/bootstrap/default/small/style.css 404 3 50 3
2020-01-06 22:13:59 ::1 GET /favicon.ico - 8087 - ::1 Mozilla/5.0+(Windows+NT+10.0;+Win64;+x64;+rv:71.0)+Gecko/20100101+Firefox/71.0 - 404 0 64 4
2020-01-06 22:14:09 ::1 GET /VISTOBUENO_JEFEINMEDIATO/list - 8087 - ::1 Mozilla/5.0+(Windows+NT+10.0;+Win64;+x64;+rv:71.0)+Gecko/20100101+Firefox/71.0 http://localhost:8087/menu/ 200 0 0 4187
2020-01-06 22:14:09 ::1 GET /styles/pages/VISTOBUENO_JEFEINMEDIATO_list.css - 8087 - ::1 Mozilla/5.0+(Windows+NT+10.0;+Win64;+x64;+rv:71.0)+Gecko/20100101+Firefox/71.0 http://localhost:8087/VISTOBUENO_JEFEINMEDIATO/list 200 0 0 11
2020-01-06 22:14:09 ::1 GET /styles/default.css - 8087 - ::1 Mozilla/5.0+(Windows+NT+10.0;+Win64;+x64;+rv:71.0)+Gecko/20100101+Firefox/71.0 http://localhost:8087/VISTOBUENO_JEFEINMEDIATO/list 200 0 64 26
2020-01-06 22:14:09 ::1 GET /styles/bootstrap/default/small/style.css - 8087 - ::1 Mozilla/5.0+(Windows+NT+10.0;+Win64;+x64;+rv:71.0)+Gecko/20100101+Firefox/71.0 http://localhost:8087/VISTOBUENO_JEFEINMEDIATO/list 200 0 64 60
2020-01-06 22:14:09 ::1 GET /styles/bootstrap/fonts/glyphicons-halflings-regular.woff2 - 8087 - ::1 Mozilla/5.0+(Windows+NT+10.0;+Win64;+x64;+rv:71.0)+Gecko/20100101+Firefox/71.0 http://localhost:8087/styles/bootstrap/default/small/style.css 404 3 50 2
2020-01-06 22:14:09 ::1 GET /favicon.ico - 8087 - ::1 Mozilla/5.0+(Windows+NT+10.0;+Win64;+x64;+rv:71.0)+Gecko/20100101+Firefox/71.0 - 404 0 64 2
2020-01-06 22:14:17 ::1 GET /VISTOBUENO_JEFEDEPARTAMENTO/list - 8087 - ::1 Mozilla/5.0+(Windows+NT+10.0;+Win64;+x64;+rv:71.0)+Gecko/20100101+Firefox/71.0 http://localhost:8087/VISTOBUENO_JEFEINMEDIATO/list 200 0 0 1891
2020-01-06 22:14:17 ::1 GET /styles/default.css - 8087 - ::1 Mozilla/5.0+(Windows+NT+10.0;+Win64;+x64;+rv:71.0)+Gecko/20100101+Firefox/71.0 http://localhost:8087/VISTOBUENO_JEFEDEPARTAMENTO/list 200 0 64 3
2020-01-06 22:14:17 ::1 GET /styles/bootstrap/default/small/style.css - 8087 - ::1 Mozilla/5.0+(Windows+NT+10.0;+Win64;+x64;+rv:71.0)+Gecko/20100101+Firefox/71.0 http://localhost:8087/VISTOBUENO_JEFEDEPARTAMENTO/list 200 0 64 2
2020-01-06 22:14:17 ::1 GET /styles/pages/VISTOBUENO_JEFEDEPARTAMENTO_list.css - 8087 - ::1 Mozilla/5.0+(Windows+NT+10.0;+Win64;+x64;+rv:71.0)+Gecko/20100101+Firefox/71.0 http://localhost:8087/VISTOBUENO_JEFEDEPARTAMENTO/list 200 0 0 59
2020-01-06 22:14:17 ::1 GET /include/jquery-ui/smoothness/jquery-ui.min.css - 8087 - ::1 Mozilla/5.0+(Windows+NT+10.0;+Win64;+x64;+rv:71.0)+Gecko/20100101+Firefox/71.0 http://localhost:8087/VISTOBUENO_JEFEDEPARTAMENTO/list 200 0 64 114
2020-01-06 22:14:17 ::1 GET /styles/font-awesome/css/font-awesome.min.css - 8087 - ::1 Mozilla/5.0+(Windows+NT+10.0;+Win64;+x64;+rv:71.0)+Gecko/20100101+Firefox/71.0 http://localhost:8087/VISTOBUENO_JEFEDEPARTAMENTO/list 200 0 64 114
2020-01-06 22:14:17 ::1 GET /include/bootstrap/css/jquery.mCustomScrollbar.css - 8087 - ::1 Mozilla/5.0+(Windows+NT+10.0;+Win64;+x64;+rv:71.0)+Gecko/20100101+Firefox/71.0 http://localhost:8087/VISTOBUENO_JEFEDEPARTAMENTO/list 200 0 64 131
2020-01-06 22:14:17 ::1 GET /styles/bootstrap/fonts/glyphicons-halflings-regular.woff2 - 8087 - ::1 Mozilla/5.0+(Windows+NT+10.0;+Win64;+x64;+rv:71.0)+Gecko/20100101+Firefox/71.0 http://localhost:8087/styles/bootstrap/default/small/style.css 404 3 50 3
2020-01-06 22:14:17 ::1 GET /favicon.ico - 8087 - ::1 Mozilla/5.0+(Windows+NT+10.0;+Win64;+x64;+rv:71.0)+Gecko/20100101+Firefox/71.0 - 404 0 64 2
2020-01-06 22:14:23 ::1 GET /APROBAR_PERMISOS/list - 8087 - ::1 Mozilla/5.0+(Windows+NT+10.0;+Win64;+x64;+rv:71.0)+Gecko/20100101+Firefox/71.0 http://localhost:8087/VISTOBUENO_JEFEDEPARTAMENTO/list 200 0 0 1754
2020-01-06 22:14:23 ::1 GET /styles/default.css - 8087 - ::1 Mozilla/5.0+(Windows+NT+10.0;+Win64;+x64;+rv:71.0)+Gecko/20100101+Firefox/71.0 http://localhost:8087/APROBAR_PERMISOS/list 200 0 64 2
2020-01-06 22:14:23 ::1 GET /styles/bootstrap/default/small/style.css - 8087 - ::1 Mozilla/5.0+(Windows+NT+10.0;+Win64;+x64;+rv:71.0)+Gecko/20100101+Firefox/71.0 http://localhost:8087/APROBAR_PERMISOS/list 200 0 64 3
2020-01-06 22:14:23 ::1 GET /styles/pages/APROBAR_PERMISOS_list.css - 8087 - ::1 Mozilla/5.0+(Windows+NT+10.0;+Win64;+x64;+rv:71.0)+Gecko/20100101+Firefox/71.0 http://localhost:8087/APROBAR_PERMISOS/list 200 0 0 20
2020-01-06 22:14:23 ::1 GET /styles/font-awesome/css/font-awesome.min.css - 8087 - ::1 Mozilla/5.0+(Windows+NT+10.0;+Win64;+x64;+rv:71.0)+Gecko/20100101+Firefox/71.0 http://localhost:8087/APROBAR_PERMISOS/list 200 0 64 36
2020-01-06 22:14:23 ::1 GET /styles/bootstrap/fonts/glyphicons-halflings-regular.woff2 - 8087 - ::1 Mozilla/5.0+(Windows+NT+10.0;+Win64;+x64;+rv:71.0)+Gecko/20100101+Firefox/71.0 http://localhost:8087/styles/bootstrap/default/small/style.css 404 3 50 3
2020-01-06 22:14:23 ::1 GET /favicon.ico - 8087 - ::1 Mozilla/5.0+(Windows+NT+10.0;+Win64;+x64;+rv:71.0)+Gecko/20100101+Firefox/71.0 - 404 0 64 2
2020-01-06 22:14:26 ::1 GET /VISTOBUENO_JEFEDEPARTAMENTO/list - 8087 - ::1 Mozilla/5.0+(Windows+NT+10.0;+Win64;+x64;+rv:71.0)+Gecko/20100101+Firefox/71.0 http://localhost:8087/APROBAR_PERMISOS/list 200 0 0 259
2020-01-06 22:14:26 ::1 GET /styles/pages/VISTOBUENO_JEFEDEPARTAMENTO_list.css - 8087 - ::1 Mozilla/5.0+(Windows+NT+10.0;+Win64;+x64;+rv:71.0)+Gecko/20100101+Firefox/71.0 http://localhost:8087/VISTOBUENO_JEFEDEPARTAMENTO/list 200 0 64 38
2020-01-06 22:14:26 ::1 GET /styles/bootstrap/fonts/glyphicons-halflings-regular.woff2 - 8087 - ::1 Mozilla/5.0+(Windows+NT+10.0;+Win64;+x64;+rv:71.0)+Gecko/20100101+Firefox/71.0 http://localhost:8087/styles/bootstrap/default/small/style.css 404 3 50 1
2020-01-06 22:14:28 ::1 GET /VISTOBUENO_JEFEINMEDIATO/list - 8087 - ::1 Mozilla/5.0+(Windows+NT+10.0;+Win64;+x64;+rv:71.0)+Gecko/20100101+Firefox/71.0 http://localhost:8087/VISTOBUENO_JEFEDEPARTAMENTO/list 200 0 0 296
2020-01-06 22:14:28 ::1 GET /styles/default.css - 8087 - ::1 Mozilla/5.0+(Windows+NT+10.0;+Win64;+x64;+rv:71.0)+Gecko/20100101+Firefox/71.0 http://localhost:8087/VISTOBUENO_JEFEINMEDIATO/list 200 0 0 2
2020-01-06 22:14:28 ::1 GET /styles/bootstrap/default/small/style.css - 8087 - ::1 Mozilla/5.0+(Windows+NT+10.0;+Win64;+x64;+rv:71.0)+Gecko/20100101+Firefox/71.0 http://localhost:8087/VISTOBUENO_JEFEINMEDIATO/list 200 0 64 3
2020-01-06 22:14:28 ::1 GET /styles/font-awesome/css/font-awesome.min.css - 8087 - ::1 Mozilla/5.0+(Windows+NT+10.0;+Win64;+x64;+rv:71.0)+Gecko/20100101+Firefox/71.0 http://localhost:8087/VISTOBUENO_JEFEINMEDIATO/list 200 0 64 3
2020-01-06 22:14:28 ::1 GET /styles/pages/VISTOBUENO_JEFEINMEDIATO_list.css - 8087 - ::1 Mozilla/5.0+(Windows+NT+10.0;+Win64;+x64;+rv:71.0)+Gecko/20100101+Firefox/71.0 http://localhost:8087/VISTOBUENO_JEFEINMEDIATO/list 200 0 64 17
2020-01-06 22:14:28 ::1 GET /include/jquery-ui/smoothness/jquery-ui.min.css - 8087 - ::1 Mozilla/5.0+(Windows+NT+10.0;+Win64;+x64;+rv:71.0)+Gecko/20100101+Firefox/71.0 http://localhost:8087/VISTOBUENO_JEFEINMEDIATO/list 200 0 64 28
2020-01-06 22:14:28 ::1 GET /styles/bootstrap/fonts/glyphicons-halflings-regular.woff2 - 8087 - ::1 Mozilla/5.0+(Windows+NT+10.0;+Win64;+x64;+rv:71.0)+Gecko/20100101+Firefox/71.0 http://localhost:8087/styles/bootstrap/default/small/style.css 404 3 50 3
2020-01-06 22:14:28 ::1 GET /favicon.ico - 8087 - ::1 Mozilla/5.0+(Windows+NT+10.0;+Win64;+x64;+rv:71.0)+Gecko/20100101+Firefox/71.0 - 404 0 64 2
2020-01-06 22:14:45 ::1 POST /VISTOBUENO_JEFEINMEDIATO/edit - 8087 - ::1 Mozilla/5.0+(Windows+NT+10.0;+Win64;+x64;+rv:71.0)+Gecko/20100101+Firefox/71.0 http://localhost:8087/VISTOBUENO_JEFEINMEDIATO/list 200 0 0 1296
2020-01-06 22:14:45 ::1 GET /include/zoombox/zoombox.css - 8087 - ::1 Mozilla/5.0+(Windows+NT+10.0;+Win64;+x64;+rv:71.0)+Gecko/20100101+Firefox/71.0 http://localhost:8087/VISTOBUENO_JEFEINMEDIATO/list 200 0 64 36
2020-01-06 22:14:45 ::1 GET /include/zoombox/zoombox.js - 8087 - ::1 Mozilla/5.0+(Windows+NT+10.0;+Win64;+x64;+rv:71.0)+Gecko/20100101+Firefox/71.0 http://localhost:8087/VISTOBUENO_JEFEINMEDIATO/list 200 0 0 38
2020-01-06 22:14:45 ::1 GET /include/mupload.js - 8087 - ::1 Mozilla/5.0+(Windows+NT+10.0;+Win64;+x64;+rv:71.0)+Gecko/20100101+Firefox/71.0 http://localhost:8087/VISTOBUENO_JEFEINMEDIATO/list 200 0 0 47
2020-01-06 22:15:15 ::1 GET /dbo_PERMISOSGRUPOS/list - 8087 - ::1 Mozilla/5.0+(Windows+NT+10.0;+Win64;+x64;+rv:71.0)+Gecko/20100101+Firefox/71.0 http://localhost:8087/VISTOBUENO_JEFEINMEDIATO/list 200 0 0 1888
2020-01-06 22:15:15 ::1 GET /styles/pages/dbo_PERMISOSGRUPOS_list.css - 8087 - ::1 Mozilla/5.0+(Windows+NT+10.0;+Win64;+x64;+rv:71.0)+Gecko/20100101+Firefox/71.0 http://localhost:8087/dbo_PERMISOSGRUPOS/list 200 0 0 25
2020-01-06 22:15:15 ::1 GET /styles/default.css - 8087 - ::1 Mozilla/5.0+(Windows+NT+10.0;+Win64;+x64;+rv:71.0)+Gecko/20100101+Firefox/71.0 http://localhost:8087/dbo_PERMISOSGRUPOS/list 200 0 64 35
2020-01-06 22:15:15 ::1 GET /styles/bootstrap/fonts/glyphicons-halflings-regular.woff2 - 8087 - ::1 Mozilla/5.0+(Windows+NT+10.0;+Win64;+x64;+rv:71.0)+Gecko/20100101+Firefox/71.0 http://localhost:8087/styles/bootstrap/default/small/style.css 404 3 50 3
2020-01-06 22:15:15 ::1 GET /favicon.ico - 8087 - ::1 Mozilla/5.0+(Windows+NT+10.0;+Win64;+x64;+rv:71.0)+Gecko/20100101+Firefox/71.0 - 404 0 64 3
2020-01-06 22:15:41 ::1 GET /VER_PERMISOS/list - 8087 - ::1 Mozilla/5.0+(Windows+NT+10.0;+Win64;+x64;+rv:71.0)+Gecko/20100101+Firefox/71.0 http://localhost:8087/dbo_PERMISOSGRUPOS/list 200 0 0 1722
2020-01-06 22:15:41 ::1 GET /styles/pages/VER_PERMISOS_list.css - 8087 - ::1 Mozilla/5.0+(Windows+NT+10.0;+Win64;+x64;+rv:71.0)+Gecko/20100101+Firefox/71.0 http://localhost:8087/VER_PERMISOS/list 200 0 0 8
2020-01-06 22:15:41 ::1 GET /styles/default.css - 8087 - ::1 Mozilla/5.0+(Windows+NT+10.0;+Win64;+x64;+rv:71.0)+Gecko/20100101+Firefox/71.0 http://localhost:8087/VER_PERMISOS/list 200 0 64 11
2020-01-06 22:15:41 ::1 GET /styles/bootstrap/fonts/glyphicons-halflings-regular.woff2 - 8087 - ::1 Mozilla/5.0+(Windows+NT+10.0;+Win64;+x64;+rv:71.0)+Gecko/20100101+Firefox/71.0 http://localhost:8087/styles/bootstrap/default/small/style.css 404 3 50 3
2020-01-06 22:15:41 ::1 GET /favicon.ico - 8087 - ::1 Mozilla/5.0+(Windows+NT+10.0;+Win64;+x64;+rv:71.0)+Gecko/20100101+Firefox/71.0 - 404 0 64 2
2020-01-06 22:16:36 127.0.0.1 GET / - 8087 - 127.0.0.1 Mozilla/5.0+(Windows+NT+6.1;+WOW64)+AppleWebKit/536.6+(KHTML,+like+Gecko)+Chrome/20.0.1092.0+Safari/536.6 - 200 0 0 11535
2020-01-06 22:16:36 127.0.0.1 GET /VISTOBUENO_JEFEINMEDIATO/list - 8087 - 127.0.0.1 Mozilla/5.0+(Windows+NT+6.1;+WOW64)+AppleWebKit/536.6+(KHTML,+like+Gecko)+Chrome/20.0.1092.0+Safari/536.6 - 302 0 0 418
2020-01-06 22:16:36 127.0.0.1 GET /login return=true& 8087 - 127.0.0.1 Mozilla/5.0+(Windows+NT+6.1;+WOW64)+AppleWebKit/536.6+(KHTML,+like+Gecko)+Chrome/20.0.1092.0+Safari/536.6 - 200 0 0 132
2020-01-06 22:16:36 127.0.0.1 GET /VISTOBUENO_JEFEDEPARTAMENTO/list - 8087 - 127.0.0.1 Mozilla/5.0+(Windows+NT+6.1;+WOW64)+AppleWebKit/536.6+(KHTML,+like+Gecko)+Chrome/20.0.1092.0+Safari/536.6 - 302 0 0 89
2020-01-06 22:16:36 127.0.0.1 GET /login return=true& 8087 - 127.0.0.1 Mozilla/5.0+(Windows+NT+6.1;+WOW64)+AppleWebKit/536.6+(KHTML,+like+Gecko)+Chrome/20.0.1092.0+Safari/536.6 - 200 0 0 120
2020-01-06 22:16:36 127.0.0.1 GET /VER_PERMISOS/list - 8087 - 127.0.0.1 Mozilla/5.0+(Windows+NT+6.1;+WOW64)+AppleWebKit/536.6+(KHTML,+like+Gecko)+Chrome/20.0.1092.0+Safari/536.6 - 302 0 0 89
2020-01-06 22:16:37 127.0.0.1 GET /login return=true& 8087 - 127.0.0.1 Mozilla/5.0+(Windows+NT+6.1;+WOW64)+AppleWebKit/536.6+(KHTML,+like+Gecko)+Chrome/20.0.1092.0+Safari/536.6 - 200 0 0 150
2020-01-06 22:16:37 127.0.0.1 GET /Saldo_Horas_Empleado/list - 8087 - 127.0.0.1 Mozilla/5.0+(Windows+NT+6.1;+WOW64)+AppleWebKit/536.6+(KHTML,+like+Gecko)+Chrome/20.0.1092.0+Safari/536.6 - 302 0 0 222
2020-01-06 22:16:37 127.0.0.1 GET /login return=true& 8087 - 127.0.0.1 Mozilla/5.0+(Windows+NT+6.1;+WOW64)+AppleWebKit/536.6+(KHTML,+like+Gecko)+Chrome/20.0.1092.0+Safari/536.6 - 200 0 0 125
2020-01-06 22:17:15 ::1 GET /dbo_REGISTRO_HORAS_COMPESADAS/list - 8087 - ::1 Mozilla/5.0+(Windows+NT+10.0;+Win64;+x64;+rv:71.0)+Gecko/20100101+Firefox/71.0 http://localhost:8087/VER_PERMISOS/list 302 0 0 107
2020-01-06 22:17:15 ::1 GET /login return=true& 8087 - ::1 Mozilla/5.0+(Windows+NT+10.0;+Win64;+x64;+rv:71.0)+Gecko/20100101+Firefox/71.0 http://localhost:8087/VER_PERMISOS/list 200 0 0 114
2020-01-06 22:17:15 ::1 GET /styles/pages/.global_login.css - 8087 - ::1 Mozilla/5.0+(Windows+NT+10.0;+Win64;+x64;+rv:71.0)+Gecko/20100101+Firefox/71.0 http://localhost:8087/login?return=true& 200 0 0 7
2020-01-06 22:17:15 ::1 GET /include/lang/Spanish.js - 8087 - ::1 Mozilla/5.0+(Windows+NT+10.0;+Win64;+x64;+rv:71.0)+Gecko/20100101+Firefox/71.0 http://localhost:8087/login?return=true& 200 0 0 34
2020-01-06 22:17:15 ::1 GET /styles/bootstrap/default/small/style.css - 8087 - ::1 Mozilla/5.0+(Windows+NT+10.0;+Win64;+x64;+rv:71.0)+Gecko/20100101+Firefox/71.0 http://localhost:8087/login?return=true& 200 0 0 107
2020-01-06 22:17:15 ::1 GET /include/loadfirst.js - 8087 - ::1 Mozilla/5.0+(Windows+NT+10.0;+Win64;+x64;+rv:71.0)+Gecko/20100101+Firefox/71.0 http://localhost:8087/login?return=true& 200 0 0 349
2020-01-06 22:17:15 ::1 GET /include/runnerJS/RunnerAll.js - 8087 - ::1 Mozilla/5.0+(Windows+NT+10.0;+Win64;+x64;+rv:71.0)+Gecko/20100101+Firefox/71.0 http://localhost:8087/login?return=true& 200 0 0 388
2020-01-06 22:17:15 ::1 GET /include/ajaxsuggest.js - 8087 - ::1 Mozilla/5.0+(Windows+NT+10.0;+Win64;+x64;+rv:71.0)+Gecko/20100101+Firefox/71.0 http://localhost:8087/login?return=true& 200 0 0 17
2020-01-06 22:17:15 ::1 GET /favicon.ico - 8087 - ::1 Mozilla/5.0+(Windows+NT+10.0;+Win64;+x64;+rv:71.0)+Gecko/20100101+Firefox/71.0 - 404 0 64 5
#Software: Microsoft Internet Information Services 10.0
#Version: 1.0
#Date: 2020-01-06 22:33:33
#Fields: date time s-ip cs-method cs-uri-stem cs-uri-query s-port cs-username c-ip cs(User-Agent) cs(Referer) sc-status sc-substatus sc-win32-status time-taken
2020-01-06 22:33:33 ::1 POST /login - 8087 - ::1 Mozilla/5.0+(Windows+NT+10.0;+Win64;+x64;+rv:71.0)+Gecko/20100101+Firefox/71.0 http://localhost:8087/login?return=true& 302 0 0 493
2020-01-06 22:33:40 ::1 GET /dbo_REGISTRO_HORAS_COMPESADAS/list - 8087 - ::1 Mozilla/5.0+(Windows+NT+10.0;+Win64;+x64;+rv:71.0)+Gecko/20100101+Firefox/71.0 http://localhost:8087/login?return=true& 200 0 0 6446
2020-01-06 22:33:40 ::1 GET /include/lang/Spanish.js - 8087 - ::1 Mozilla/5.0+(Windows+NT+10.0;+Win64;+x64;+rv:71.0)+Gecko/20100101+Firefox/71.0 http://localhost:8087/dbo_REGISTRO_HORAS_COMPESADAS/list 304 0 0 3
2020-01-06 22:33:40 ::1 GET /styles/pages/dbo_REGISTRO_HORAS_COMPESADAS_list.css - 8087 - ::1 Mozilla/5.0+(Windows+NT+10.0;+Win64;+x64;+rv:71.0)+Gecko/20100101+Firefox/71.0 http://localhost:8087/dbo_REGISTRO_HORAS_COMPESADAS/list 200 0 0 13
2020-01-06 22:33:40 ::1 GET /styles/bootstrap/default/small/style.css - 8087 - ::1 Mozilla/5.0+(Windows+NT+10.0;+Win64;+x64;+rv:71.0)+Gecko/20100101+Firefox/71.0 http://localhost:8087/dbo_REGISTRO_HORAS_COMPESADAS/list 304 0 0 55
2020-01-06 22:33:40 ::1 GET /include/loadfirst.js - 8087 - ::1 Mozilla/5.0+(Windows+NT+10.0;+Win64;+x64;+rv:71.0)+Gecko/20100101+Firefox/71.0 http://localhost:8087/dbo_REGISTRO_HORAS_COMPESADAS/list 304 0 0 407
2020-01-06 22:33:40 ::1 GET /include/runnerJS/RunnerAll.js - 8087 - ::1 Mozilla/5.0+(Windows+NT+10.0;+Win64;+x64;+rv:71.0)+Gecko/20100101+Firefox/71.0 http://localhost:8087/dbo_REGISTRO_HORAS_COMPESADAS/list 304 0 0 429
2020-01-06 22:33:40 ::1 GET /include/ajaxsuggest.js - 8087 - ::1 Mozilla/5.0+(Windows+NT+10.0;+Win64;+x64;+rv:71.0)+Gecko/20100101+Firefox/71.0 http://localhost:8087/dbo_REGISTRO_HORAS_COMPESADAS/list 200 0 0 18
2020-01-06 22:33:40 ::1 GET /styles/bootstrap/fonts/glyphicons-halflings-regular.woff2 - 8087 - ::1 Mozilla/5.0+(Windows+NT+10.0;+Win64;+x64;+rv:71.0)+Gecko/20100101+Firefox/71.0 http://localhost:8087/styles/bootstrap/default/small/style.css 404 3 50 33
2020-01-06 22:33:40 ::1 GET /favicon.ico - 8087 - ::1 Mozilla/5.0+(Windows+NT+10.0;+Win64;+x64;+rv:71.0)+Gecko/20100101+Firefox/71.0 - 404 0 64 4
2020-01-06 22:33:40 ::1 GET /styles/bootstrap/fonts/glyphicons-halflings-regular.woff - 8087 - ::1 Mozilla/5.0+(Windows+NT+10.0;+Win64;+x64;+rv:71.0)+Gecko/20100101+Firefox/71.0 http://localhost:8087/styles/bootstrap/default/small/style.css 200 0 64 35
2020-01-06 22:41:50 127.0.0.1 GET / - 8087 - 127.0.0.1 Mozilla/5.0+(Windows+NT+6.1;+WOW64)+AppleWebKit/536.6+(KHTML,+like+Gecko)+Chrome/20.0.1092.0+Safari/536.6 - 200 0 0 11220
2020-01-06 22:43:12 ::1 GET / - 8087 - ::1 Mozilla/5.0+(Windows+NT+10.0;+Win64;+x64;+rv:71.0)+Gecko/20100101+Firefox/71.0 - 200 0 0 229
2020-01-06 22:43:12 ::1 GET /styles/pages/.global_login.css - 8087 - ::1 Mozilla/5.0+(Windows+NT+10.0;+Win64;+x64;+rv:71.0)+Gecko/20100101+Firefox/71.0 http://localhost:8087/ 200 0 0 6
2020-01-06 22:43:12 ::1 GET /include/lang/Spanish.js - 8087 - ::1 Mozilla/5.0+(Windows+NT+10.0;+Win64;+x64;+rv:71.0)+Gecko/20100101+Firefox/71.0 http://localhost:8087/ 200 0 0 208
2020-01-06 22:43:12 ::1 GET /styles/bootstrap/default/small/style.css - 8087 - ::1 Mozilla/5.0+(Windows+NT+10.0;+Win64;+x64;+rv:71.0)+Gecko/20100101+Firefox/71.0 http://localhost:8087/ 200 0 0 227
2020-01-06 22:43:12 ::1 GET /include/loadfirst.js - 8087 - ::1 Mozilla/5.0+(Windows+NT+10.0;+Win64;+x64;+rv:71.0)+Gecko/20100101+Firefox/71.0 http://localhost:8087/ 200 0 0 457
2020-01-06 22:43:12 ::1 GET /include/runnerJS/RunnerAll.js - 8087 - ::1 Mozilla/5.0+(Windows+NT+10.0;+Win64;+x64;+rv:71.0)+Gecko/20100101+Firefox/71.0 http://localhost:8087/ 200 0 0 505
2020-01-06 22:43:12 ::1 GET /include/runnerJS/events/globalevents.js - 8087 - ::1 Mozilla/5.0+(Windows+NT+10.0;+Win64;+x64;+rv:71.0)+Gecko/20100101+Firefox/71.0 http://localhost:8087/ 200 0 0 4
2020-01-06 22:43:12 ::1 GET /include/ajaxsuggest.js - 8087 - ::1 Mozilla/5.0+(Windows+NT+10.0;+Win64;+x64;+rv:71.0)+Gecko/20100101+Firefox/71.0 http://localhost:8087/ 200 0 0 22
2020-01-06 22:43:20 ::1 POST /login - 8087 - ::1 Mozilla/5.0+(Windows+NT+10.0;+Win64;+x64;+rv:71.0)+Gecko/20100101+Firefox/71.0 http://localhost:8087/ 302 0 0 659
2020-01-06 22:43:23 ::1 GET /menu - 8087 - ::1 Mozilla/5.0+(Windows+NT+10.0;+Win64;+x64;+rv:71.0)+Gecko/20100101+Firefox/71.0 http://localhost:8087/ 200 0 0 2348
2020-01-06 22:43:23 ::1 GET /styles/bootstrap/default/small/style.css - 8087 - ::1 Mozilla/5.0+(Windows+NT+10.0;+Win64;+x64;+rv:71.0)+Gecko/20100101+Firefox/71.0 http://localhost:8087/menu 304 0 0 1
2020-01-06 22:43:23 ::1 GET /include/loadfirst.js - 8087 - ::1 Mozilla/5.0+(Windows+NT+10.0;+Win64;+x64;+rv:71.0)+Gecko/20100101+Firefox/71.0 http://localhost:8087/menu 304 0 0 1
2020-01-06 22:43:23 ::1 GET /include/lang/Spanish.js - 8087 - ::1 Mozilla/5.0+(Windows+NT+10.0;+Win64;+x64;+rv:71.0)+Gecko/20100101+Firefox/71.0 http://localhost:8087/menu 304 0 0 1
2020-01-06 22:43:23 ::1 GET /include/runnerJS/RunnerAll.js - 8087 - ::1 Mozilla/5.0+(Windows+NT+10.0;+Win64;+x64;+rv:71.0)+Gecko/20100101+Firefox/71.0 http://localhost:8087/menu 304 0 0 1
2020-01-06 22:43:23 ::1 GET /styles/pages/.global_menu.css - 8087 - ::1 Mozilla/5.0+(Windows+NT+10.0;+Win64;+x64;+rv:71.0)+Gecko/20100101+Firefox/71.0 http://localhost:8087/menu 200 0 0 2
2020-01-06 22:43:23 ::1 GET /include/runnerJS/events/globalevents.js - 8087 - ::1 Mozilla/5.0+(Windows+NT+10.0;+Win64;+x64;+rv:71.0)+Gecko/20100101+Firefox/71.0 http://localhost:8087/menu 200 0 0 1
2020-01-06 22:43:23 ::1 GET /styles/bootstrap/fonts/glyphicons-halflings-regular.woff2 - 8087 - ::1 Mozilla/5.0+(Windows+NT+10.0;+Win64;+x64;+rv:71.0)+Gecko/20100101+Firefox/71.0 http://localhost:8087/styles/bootstrap/default/small/style.css 404 3 50 27
2020-01-06 22:43:42 ::1 GET /dbo_Permisos2/list - 8087 - ::1 Mozilla/5.0+(Windows+NT+10.0;+Win64;+x64;+rv:71.0)+Gecko/20100101+Firefox/71.0 http://localhost:8087/menu 500 0 0 1309
2020-01-06 22:51:09 127.0.0.1 GET / - 8087 - 127.0.0.1 Mozilla/5.0+(Windows+NT+6.1;+WOW64)+AppleWebKit/536.6+(KHTML,+like+Gecko)+Chrome/20.0.1092.0+Safari/536.6 - 200 0 0 11565
2020-01-06 22:51:09 ::1 GET / - 8087 - ::1 Mozilla/5.0+(Windows+NT+10.0;+Win64;+x64;+rv:71.0)+Gecko/20100101+Firefox/71.0 - 200 0 0 1142
2020-01-06 22:51:09 ::1 GET /styles/pages/.global_login.css - 8087 - ::1 Mozilla/5.0+(Windows+NT+10.0;+Win64;+x64;+rv:71.0)+Gecko/20100101+Firefox/71.0 http://localhost:8087/ 200 0 0 6
2020-01-06 22:51:09 ::1 GET /include/lang/Spanish.js - 8087 - ::1 Mozilla/5.0+(Windows+NT+10.0;+Win64;+x64;+rv:71.0)+Gecko/20100101+Firefox/71.0 http://localhost:8087/ 200 0 0 39
2020-01-06 22:51:09 ::1 GET /styles/bootstrap/default/small/style.css - 8087 - ::1 Mozilla/5.0+(Windows+NT+10.0;+Win64;+x64;+rv:71.0)+Gecko/20100101+Firefox/71.0 http://localhost:8087/ 200 0 0 224
2020-01-06 22:51:09 ::1 GET /include/loadfirst.js - 8087 - ::1 Mozilla/5.0+(Windows+NT+10.0;+Win64;+x64;+rv:71.0)+Gecko/20100101+Firefox/71.0 http://localhost:8087/ 200 0 0 610
2020-01-06 22:51:09 ::1 GET /include/runnerJS/RunnerAll.js - 8087 - ::1 Mozilla/5.0+(Windows+NT+10.0;+Win64;+x64;+rv:71.0)+Gecko/20100101+Firefox/71.0 http://localhost:8087/ 200 0 0 688
2020-01-06 22:51:09 ::1 GET /include/runnerJS/events/globalevents.js - 8087 - ::1 Mozilla/5.0+(Windows+NT+10.0;+Win64;+x64;+rv:71.0)+Gecko/20100101+Firefox/71.0 http://localhost:8087/ 200 0 0 3
2020-01-06 22:51:09 ::1 GET /include/ajaxsuggest.js - 8087 - ::1 Mozilla/5.0+(Windows+NT+10.0;+Win64;+x64;+rv:71.0)+Gecko/20100101+Firefox/71.0 http://localhost:8087/ 200 0 0 19
2020-01-06 22:51:13 ::1 POST /login - 8087 - ::1 Mozilla/5.0+(Windows+NT+10.0;+Win64;+x64;+rv:71.0)+Gecko/20100101+Firefox/71.0 http://localhost:8087/ 302 0 0 678
2020-01-06 22:51:15 ::1 GET /menu - 8087 - ::1 Mozilla/5.0+(Windows+NT+10.0;+Win64;+x64;+rv:71.0)+Gecko/20100101+Firefox/71.0 http://localhost:8087/ 200 0 0 2496
2020-01-06 22:51:15 ::1 GET /styles/pages/.global_menu.css - 8087 - ::1 Mozilla/5.0+(Windows+NT+10.0;+Win64;+x64;+rv:71.0)+Gecko/20100101+Firefox/71.0 http://localhost:8087/menu 200 0 0 2
2020-01-06 22:51:15 ::1 GET /include/lang/Spanish.js - 8087 - ::1 Mozilla/5.0+(Windows+NT+10.0;+Win64;+x64;+rv:71.0)+Gecko/20100101+Firefox/71.0 http://localhost:8087/menu 200 0 0 40
2020-01-06 22:51:15 ::1 GET /styles/bootstrap/default/small/style.css - 8087 - ::1 Mozilla/5.0+(Windows+NT+10.0;+Win64;+x64;+rv:71.0)+Gecko/20100101+Firefox/71.0 http://localhost:8087/menu 200 0 0 78
2020-01-06 22:51:15 ::1 GET /include/loadfirst.js - 8087 - ::1 Mozilla/5.0+(Windows+NT+10.0;+Win64;+x64;+rv:71.0)+Gecko/20100101+Firefox/71.0 http://localhost:8087/menu 200 0 0 224
2020-01-06 22:51:15 ::1 GET /include/runnerJS/RunnerAll.js - 8087 - ::1 Mozilla/5.0+(Windows+NT+10.0;+Win64;+x64;+rv:71.0)+Gecko/20100101+Firefox/71.0 http://localhost:8087/menu 200 0 0 241
2020-01-06 22:51:15 ::1 GET /include/runnerJS/events/globalevents.js - 8087 - ::1 Mozilla/5.0+(Windows+NT+10.0;+Win64;+x64;+rv:71.0)+Gecko/20100101+Firefox/71.0 http://localhost:8087/menu 304 0 0 3
2020-01-06 22:51:15 ::1 GET /styles/bootstrap/fonts/glyphicons-halflings-regular.woff2 - 8087 - ::1 Mozilla/5.0+(Windows+NT+10.0;+Win64;+x64;+rv:71.0)+Gecko/20100101+Firefox/71.0 http://localhost:8087/styles/bootstrap/default/small/style.css 404 3 50 40
2020-01-06 22:51:22 ::1 GET /dbo_Permisos2/list - 8087 - ::1 Mozilla/5.0+(Windows+NT+10.0;+Win64;+x64;+rv:71.0)+Gecko/20100101+Firefox/71.0 http://localhost:8087/menu 200 0 0 4549
2020-01-06 22:51:22 ::1 GET /styles/bootstrap/default/small/style.css - 8087 - ::1 Mozilla/5.0+(Windows+NT+10.0;+Win64;+x64;+rv:71.0)+Gecko/20100101+Firefox/71.0 http://localhost:8087/dbo_Permisos2/list 304 0 0 2
2020-01-06 22:51:22 ::1 GET /include/loadfirst.js - 8087 - ::1 Mozilla/5.0+(Windows+NT+10.0;+Win64;+x64;+rv:71.0)+Gecko/20100101+Firefox/71.0 http://localhost:8087/dbo_Permisos2/list 304 0 0 1
2020-01-06 22:51:22 ::1 GET /include/runnerJS/RunnerAll.js - 8087 - ::1 Mozilla/5.0+(Windows+NT+10.0;+Win64;+x64;+rv:71.0)+Gecko/20100101+Firefox/71.0 http://localhost:8087/dbo_Permisos2/list 304 0 0 1
2020-01-06 22:51:22 ::1 GET /include/lang/Spanish.js - 8087 - ::1 Mozilla/5.0+(Windows+NT+10.0;+Win64;+x64;+rv:71.0)+Gecko/20100101+Firefox/71.0 http://localhost:8087/dbo_Permisos2/list 304 0 0 2
2020-01-06 22:51:22 ::1 GET /styles/pages/dbo_Permisos2_list.css - 8087 - ::1 Mozilla/5.0+(Windows+NT+10.0;+Win64;+x64;+rv:71.0)+Gecko/20100101+Firefox/71.0 http://localhost:8087/dbo_Permisos2/list 200 0 0 24
2020-01-06 22:51:22 ::1 GET /include/ajaxsuggest.js - 8087 - ::1 Mozilla/5.0+(Windows+NT+10.0;+Win64;+x64;+rv:71.0)+Gecko/20100101+Firefox/71.0 http://localhost:8087/dbo_Permisos2/list 304 0 0 2
2020-01-06 22:51:22 ::1 GET /styles/bootstrap/fonts/glyphicons-halflings-regular.woff2 - 8087 - ::1 Mozilla/5.0+(Windows+NT+10.0;+Win64;+x64;+rv:71.0)+Gecko/20100101+Firefox/71.0 http://localhost:8087/styles/bootstrap/default/small/style.css 404 3 50 3
2020-01-06 22:51:28 ::1 GET /VISTOBUENO_JEFEINMEDIATO/list - 8087 - ::1 Mozilla/5.0+(Windows+NT+10.0;+Win64;+x64;+rv:71.0)+Gecko/20100101+Firefox/71.0 http://localhost:8087/dbo_Permisos2/list 200 0 0 1747
2020-01-06 22:51:28 ::1 GET /include/loadfirst.js - 8087 - ::1 Mozilla/5.0+(Windows+NT+10.0;+Win64;+x64;+rv:71.0)+Gecko/20100101+Firefox/71.0 http://localhost:8087/VISTOBUENO_JEFEINMEDIATO/list 304 0 0 1
2020-01-06 22:51:28 ::1 GET /include/lang/Spanish.js - 8087 - ::1 Mozilla/5.0+(Windows+NT+10.0;+Win64;+x64;+rv:71.0)+Gecko/20100101+Firefox/71.0 http://localhost:8087/VISTOBUENO_JEFEINMEDIATO/list 304 0 0 1
2020-01-06 22:51:28 ::1 GET /styles/bootstrap/default/small/style.css - 8087 - ::1 Mozilla/5.0+(Windows+NT+10.0;+Win64;+x64;+rv:71.0)+Gecko/20100101+Firefox/71.0 http://localhost:8087/VISTOBUENO_JEFEINMEDIATO/list 304 0 0 2
2020-01-06 22:51:28 ::1 GET /include/runnerJS/RunnerAll.js - 8087 - ::1 Mozilla/5.0+(Windows+NT+10.0;+Win64;+x64;+rv:71.0)+Gecko/20100101+Firefox/71.0 http://localhost:8087/VISTOBUENO_JEFEINMEDIATO/list 304 0 0 2
2020-01-06 22:51:28 ::1 GET /styles/pages/VISTOBUENO_JEFEINMEDIATO_list.css - 8087 - ::1 Mozilla/5.0+(Windows+NT+10.0;+Win64;+x64;+rv:71.0)+Gecko/20100101+Firefox/71.0 http://localhost:8087/VISTOBUENO_JEFEINMEDIATO/list 200 0 0 18
2020-01-06 22:51:28 ::1 GET /styles/bootstrap/fonts/glyphicons-halflings-regular.woff2 - 8087 - ::1 Mozilla/5.0+(Windows+NT+10.0;+Win64;+x64;+rv:71.0)+Gecko/20100101+Firefox/71.0 http://localhost:8087/styles/bootstrap/default/small/style.css 404 3 50 3
2020-01-06 22:51:28 ::1 GET /include/ajaxsuggest.js - 8087 - ::1 Mozilla/5.0+(Windows+NT+10.0;+Win64;+x64;+rv:71.0)+Gecko/20100101+Firefox/71.0 http://localhost:8087/VISTOBUENO_JEFEINMEDIATO/list 200 0 0 20
2020-01-06 22:51:31 ::1 GET /VISTOBUENO_JEFEDEPARTAMENTO/list - 8087 - ::1 Mozilla/5.0+(Windows+NT+10.0;+Win64;+x64;+rv:71.0)+Gecko/20100101+Firefox/71.0 http://localhost:8087/VISTOBUENO_JEFEINMEDIATO/list 200 0 0 1638
2020-01-06 22:51:31 ::1 GET /styles/pages/VISTOBUENO_JEFEDEPARTAMENTO_list.css - 8087 - ::1 Mozilla/5.0+(Windows+NT+10.0;+Win64;+x64;+rv:71.0)+Gecko/20100101+Firefox/71.0 http://localhost:8087/VISTOBUENO_JEFEDEPARTAMENTO/list 200 0 0 56
2020-01-06 22:51:31 ::1 GET /styles/bootstrap/fonts/glyphicons-halflings-regular.woff2 - 8087 - ::1 Mozilla/5.0+(Windows+NT+10.0;+Win64;+x64;+rv:71.0)+Gecko/20100101+Firefox/71.0 http://localhost:8087/styles/bootstrap/default/small/style.css 404 3 50 3
2020-01-06 22:51:35 ::1 GET /APROBAR_PERMISOS/list - 8087 - ::1 Mozilla/5.0+(Windows+NT+10.0;+Win64;+x64;+rv:71.0)+Gecko/20100101+Firefox/71.0 http://localhost:8087/VISTOBUENO_JEFEDEPARTAMENTO/list 200 0 0 1807
2020-01-06 22:51:35 ::1 GET /styles/bootstrap/default/small/style.css - 8087 - ::1 Mozilla/5.0+(Windows+NT+10.0;+Win64;+x64;+rv:71.0)+Gecko/20100101+Firefox/71.0 http://localhost:8087/APROBAR_PERMISOS/list 304 0 0 3
2020-01-06 22:51:35 ::1 GET /include/loadfirst.js - 8087 - ::1 Mozilla/5.0+(Windows+NT+10.0;+Win64;+x64;+rv:71.0)+Gecko/20100101+Firefox/71.0 http://localhost:8087/APROBAR_PERMISOS/list 304 0 0 2
2020-01-06 22:51:35 ::1 GET /include/lang/Spanish.js - 8087 - ::1 Mozilla/5.0+(Windows+NT+10.0;+Win64;+x64;+rv:71.0)+Gecko/20100101+Firefox/71.0 http://localhost:8087/APROBAR_PERMISOS/list 304 0 0 1
2020-01-06 22:51:35 ::1 GET /include/runnerJS/RunnerAll.js - 8087 - ::1 Mozilla/5.0+(Windows+NT+10.0;+Win64;+x64;+rv:71.0)+Gecko/20100101+Firefox/71.0 http://localhost:8087/APROBAR_PERMISOS/list 304 0 0 2
2020-01-06 22:51:35 ::1 GET /styles/pages/APROBAR_PERMISOS_list.css - 8087 - ::1 Mozilla/5.0+(Windows+NT+10.0;+Win64;+x64;+rv:71.0)+Gecko/20100101+Firefox/71.0 http://localhost:8087/APROBAR_PERMISOS/list 200 0 0 18
2020-01-06 22:51:35 ::1 GET /include/ajaxsuggest.js - 8087 - ::1 Mozilla/5.0+(Windows+NT+10.0;+Win64;+x64;+rv:71.0)+Gecko/20100101+Firefox/71.0 http://localhost:8087/APROBAR_PERMISOS/list 304 0 0 2
2020-01-06 22:51:35 ::1 GET /styles/bootstrap/fonts/glyphicons-halflings-regular.woff2 - 8087 - ::1 Mozilla/5.0+(Windows+NT+10.0;+Win64;+x64;+rv:71.0)+Gecko/20100101+Firefox/71.0 http://localhost:8087/styles/bootstrap/default/small/style.css 404 3 50 2
2020-01-06 22:52:49 ::1 GET /APROBAR_PERMISOS/list - 8087 - ::1 Mozilla/5.0+(Windows+NT+10.0;+Win64;+x64;+rv:71.0)+Gecko/20100101+Firefox/71.0 http://localhost:8087/VISTOBUENO_JEFEDEPARTAMENTO/list 302 0 0 916
2020-01-06 22:52:49 127.0.0.1 GET / - 8087 - 127.0.0.1 Mozilla/5.0+(Windows+NT+6.1;+WOW64)+AppleWebKit/536.6+(KHTML,+like+Gecko)+Chrome/20.0.1092.0+Safari/536.6 - 200 0 0 10797
2020-01-06 22:52:49 ::1 GET /login return=true& 8087 - ::1 Mozilla/5.0+(Windows+NT+10.0;+Win64;+x64;+rv:71.0)+Gecko/20100101+Firefox/71.0 http://localhost:8087/VISTOBUENO_JEFEDEPARTAMENTO/list 200 0 0 173
2020-01-06 22:52:49 ::1 GET /styles/default.css - 8087 - ::1 Mozilla/5.0+(Windows+NT+10.0;+Win64;+x64;+rv:71.0)+Gecko/20100101+Firefox/71.0 http://localhost:8087/login?return=true& 304 0 0 3
2020-01-06 22:52:49 ::1 GET /styles/pages/.global_login.css - 8087 - ::1 Mozilla/5.0+(Windows+NT+10.0;+Win64;+x64;+rv:71.0)+Gecko/20100101+Firefox/71.0 http://localhost:8087/login?return=true& 200 0 0 2
2020-01-06 22:52:49 ::1 GET /styles/font-awesome/css/font-awesome.min.css - 8087 - ::1 Mozilla/5.0+(Windows+NT+10.0;+Win64;+x64;+rv:71.0)+Gecko/20100101+Firefox/71.0 http://localhost:8087/login?return=true& 304 0 0 48
2020-01-06 22:52:49 ::1 GET /include/bootstrap/css/jquery.mCustomScrollbar.css - 8087 - ::1 Mozilla/5.0+(Windows+NT+10.0;+Win64;+x64;+rv:71.0)+Gecko/20100101+Firefox/71.0 http://localhost:8087/login?return=true& 304 0 0 61
2020-01-06 22:52:49 ::1 GET /include/jquery-ui/smoothness/jquery-ui.min.css - 8087 - ::1 Mozilla/5.0+(Windows+NT+10.0;+Win64;+x64;+rv:71.0)+Gecko/20100101+Firefox/71.0 http://localhost:8087/login?return=true& 304 0 0 131
2020-01-06 22:52:49 ::1 GET /include/lang/Spanish.js - 8087 - ::1 Mozilla/5.0+(Windows+NT+10.0;+Win64;+x64;+rv:71.0)+Gecko/20100101+Firefox/71.0 http://localhost:8087/login?return=true& 200 0 0 132
2020-01-06 22:52:49 ::1 GET /styles/bootstrap/default/small/style.css - 8087 - ::1 Mozilla/5.0+(Windows+NT+10.0;+Win64;+x64;+rv:71.0)+Gecko/20100101+Firefox/71.0 http://localhost:8087/login?return=true& 200 0 0 154
2020-01-06 22:52:49 ::1 GET /include/loadfirst.js - 8087 - ::1 Mozilla/5.0+(Windows+NT+10.0;+Win64;+x64;+rv:71.0)+Gecko/20100101+Firefox/71.0 http://localhost:8087/login?return=true& 200 0 0 377
2020-01-06 22:52:49 ::1 GET /include/runnerJS/RunnerAll.js - 8087 - ::1 Mozilla/5.0+(Windows+NT+10.0;+Win64;+x64;+rv:71.0)+Gecko/20100101+Firefox/71.0 http://localhost:8087/login?return=true& 200 0 0 418
2020-01-06 22:52:49 ::1 GET /include/runnerJS/events/globalevents.js - 8087 - ::1 Mozilla/5.0+(Windows+NT+10.0;+Win64;+x64;+rv:71.0)+Gecko/20100101+Firefox/71.0 http://localhost:8087/login?return=true& 200 0 0 2
2020-01-06 22:52:49 ::1 GET /include/ajaxsuggest.js - 8087 - ::1 Mozilla/5.0+(Windows+NT+10.0;+Win64;+x64;+rv:71.0)+Gecko/20100101+Firefox/71.0 http://localhost:8087/login?return=true& 200 0 0 18
2020-01-06 22:52:52 ::1 POST /login - 8087 - ::1 Mozilla/5.0+(Windows+NT+10.0;+Win64;+x64;+rv:71.0)+Gecko/20100101+Firefox/71.0 http://localhost:8087/login?return=true& 302 0 0 527
2020-01-06 22:52:58 ::1 GET /APROBAR_PERMISOS/list - 8087 - ::1 Mozilla/5.0+(Windows+NT+10.0;+Win64;+x64;+rv:71.0)+Gecko/20100101+Firefox/71.0 http://localhost:8087/login?return=true& 200 0 0 6182
2020-01-06 22:52:58 ::1 GET /include/lang/Spanish.js - 8087 - ::1 Mozilla/5.0+(Windows+NT+10.0;+Win64;+x64;+rv:71.0)+Gecko/20100101+Firefox/71.0 http://localhost:8087/APROBAR_PERMISOS/list 200 0 0 7
2020-01-06 22:52:58 ::1 GET /styles/pages/APROBAR_PERMISOS_list.css - 8087 - ::1 Mozilla/5.0+(Windows+NT+10.0;+Win64;+x64;+rv:71.0)+Gecko/20100101+Firefox/71.0 http://localhost:8087/APROBAR_PERMISOS/list 200 0 0 10
2020-01-06 22:52:58 ::1 GET /styles/bootstrap/default/small/style.css - 8087 - ::1 Mozilla/5.0+(Windows+NT+10.0;+Win64;+x64;+rv:71.0)+Gecko/20100101+Firefox/71.0 http://localhost:8087/APROBAR_PERMISOS/list 200 0 0 152
2020-01-06 22:52:58 ::1 GET /include/loadfirst.js - 8087 - ::1 Mozilla/5.0+(Windows+NT+10.0;+Win64;+x64;+rv:71.0)+Gecko/20100101+Firefox/71.0 http://localhost:8087/APROBAR_PERMISOS/list 200 0 0 197
2020-01-06 22:52:58 ::1 GET /include/runnerJS/RunnerAll.js - 8087 - ::1 Mozilla/5.0+(Windows+NT+10.0;+Win64;+x64;+rv:71.0)+Gecko/20100101+Firefox/71.0 http://localhost:8087/APROBAR_PERMISOS/list 200 0 0 278
2020-01-06 22:52:58 ::1 GET /styles/bootstrap/fonts/glyphicons-halflings-regular.woff2 - 8087 - ::1 Mozilla/5.0+(Windows+NT+10.0;+Win64;+x64;+rv:71.0)+Gecko/20100101+Firefox/71.0 http://localhost:8087/styles/bootstrap/default/small/style.css 404 3 50 30
2020-01-06 22:52:58 ::1 GET /include/ajaxsuggest.js - 8087 - ::1 Mozilla/5.0+(Windows+NT+10.0;+Win64;+x64;+rv:71.0)+Gecko/20100101+Firefox/71.0 http://localhost:8087/APROBAR_PERMISOS/list 200 0 0 23
2020-01-06 22:57:25 127.0.0.1 GET / - 8087 - 127.0.0.1 Mozilla/5.0+(Windows+NT+6.1;+WOW64)+AppleWebKit/536.6+(KHTML,+like+Gecko)+Chrome/20.0.1092.0+Safari/536.6 - 200 0 0 10346
2020-01-06 22:57:48 ::1 GET / - 8087 - ::1 Mozilla/5.0+(Windows+NT+10.0;+Win64;+x64;+rv:71.0)+Gecko/20100101+Firefox/71.0 - 200 0 0 196
2020-01-06 22:57:48 ::1 GET /styles/pages/.global_login.css - 8087 - ::1 Mozilla/5.0+(Windows+NT+10.0;+Win64;+x64;+rv:71.0)+Gecko/20100101+Firefox/71.0 http://localhost:8087/ 200 0 0 4
2020-01-06 22:57:48 ::1 GET /styles/bootstrap/default/small/style.css - 8087 - ::1 Mozilla/5.0+(Windows+NT+10.0;+Win64;+x64;+rv:71.0)+Gecko/20100101+Firefox/71.0 http://localhost:8087/ 200 0 0 19
2020-01-06 22:57:48 ::1 GET /include/lang/Spanish.js - 8087 - ::1 Mozilla/5.0+(Windows+NT+10.0;+Win64;+x64;+rv:71.0)+Gecko/20100101+Firefox/71.0 http://localhost:8087/ 200 0 0 375
2020-01-06 22:57:48 ::1 GET /include/loadfirst.js - 8087 - ::1 Mozilla/5.0+(Windows+NT+10.0;+Win64;+x64;+rv:71.0)+Gecko/20100101+Firefox/71.0 http://localhost:8087/ 200 0 0 448
2020-01-06 22:57:48 ::1 GET /include/runnerJS/RunnerAll.js - 8087 - ::1 Mozilla/5.0+(Windows+NT+10.0;+Win64;+x64;+rv:71.0)+Gecko/20100101+Firefox/71.0 http://localhost:8087/ 200 0 0 480
2020-01-06 22:57:48 ::1 GET / - 8087 - ::1 Mozilla/5.0+(Windows+NT+10.0;+Win64;+x64;+rv:71.0)+Gecko/20100101+Firefox/71.0 - 200 0 0 735
2020-01-06 22:57:48 ::1 GET /styles/pages/.global_login.css - 8087 - ::1 Mozilla/5.0+(Windows+NT+10.0;+Win64;+x64;+rv:71.0)+Gecko/20100101+Firefox/71.0 http://localhost:8087/ 200 0 0 1
2020-01-06 22:57:48 ::1 GET /include/runnerJS/events/globalevents.js - 8087 - ::1 Mozilla/5.0+(Windows+NT+10.0;+Win64;+x64;+rv:71.0)+Gecko/20100101+Firefox/71.0 http://localhost:8087/ 200 0 0 4
2020-01-06 22:57:48 ::1 GET /include/ajaxsuggest.js - 8087 - ::1 Mozilla/5.0+(Windows+NT+10.0;+Win64;+x64;+rv:71.0)+Gecko/20100101+Firefox/71.0 http://localhost:8087/ 200 0 0 35
2020-01-06 22:57:48 ::1 GET /styles/bootstrap/default/small/style.css - 8087 - ::1 Mozilla/5.0+(Windows+NT+10.0;+Win64;+x64;+rv:71.0)+Gecko/20100101+Firefox/71.0 http://localhost:8087/ 200 0 0 112
2020-01-06 22:57:53 ::1 POST /login - 8087 - ::1 Mozilla/5.0+(Windows+NT+10.0;+Win64;+x64;+rv:71.0)+Gecko/20100101+Firefox/71.0 http://localhost:8087/ 302 0 0 681
2020-01-06 22:57:55 ::1 GET /menu - 8087 - ::1 Mozilla/5.0+(Windows+NT+10.0;+Win64;+x64;+rv:71.0)+Gecko/20100101+Firefox/71.0 http://localhost:8087/ 200 0 0 2356
2020-01-06 22:57:55 ::1 GET /styles/bootstrap/default/small/style.css - 8087 - ::1 Mozilla/5.0+(Windows+NT+10.0;+Win64;+x64;+rv:71.0)+Gecko/20100101+Firefox/71.0 http://localhost:8087/menu 304 0 0 2
2020-01-06 22:57:55 ::1 GET /styles/pages/.global_menu.css - 8087 - ::1 Mozilla/5.0+(Windows+NT+10.0;+Win64;+x64;+rv:71.0)+Gecko/20100101+Firefox/71.0 http://localhost:8087/menu 200 0 0 2
2020-01-06 22:57:55 ::1 GET /include/lang/Spanish.js - 8087 - ::1 Mozilla/5.0+(Windows+NT+10.0;+Win64;+x64;+rv:71.0)+Gecko/20100101+Firefox/71.0 http://localhost:8087/menu 200 0 0 8
2020-01-06 22:57:55 ::1 GET /include/loadfirst.js - 8087 - ::1 Mozilla/5.0+(Windows+NT+10.0;+Win64;+x64;+rv:71.0)+Gecko/20100101+Firefox/71.0 http://localhost:8087/menu 200 0 0 348
2020-01-06 22:57:55 ::1 GET /include/runnerJS/RunnerAll.js - 8087 - ::1 Mozilla/5.0+(Windows+NT+10.0;+Win64;+x64;+rv:71.0)+Gecko/20100101+Firefox/71.0 http://localhost:8087/menu 200 0 0 393
2020-01-06 22:57:55 ::1 GET /include/runnerJS/events/globalevents.js - 8087 - ::1 Mozilla/5.0+(Windows+NT+10.0;+Win64;+x64;+rv:71.0)+Gecko/20100101+Firefox/71.0 http://localhost:8087/menu 304 0 0 1
2020-01-06 22:57:55 ::1 GET /styles/bootstrap/fonts/glyphicons-halflings-regular.woff2 - 8087 - ::1 Mozilla/5.0+(Windows+NT+10.0;+Win64;+x64;+rv:71.0)+Gecko/20100101+Firefox/71.0 http://localhost:8087/styles/bootstrap/default/small/style.css 404 3 50 43
2020-01-06 22:58:01 ::1 GET /APROBAR_PERMISOS/list - 8087 - ::1 Mozilla/5.0+(Windows+NT+10.0;+Win64;+x64;+rv:71.0)+Gecko/20100101+Firefox/71.0 http://localhost:8087/menu 200 0 0 4278
2020-01-06 22:58:01 ::1 GET /styles/bootstrap/default/small/style.css - 8087 - ::1 Mozilla/5.0+(Windows+NT+10.0;+Win64;+x64;+rv:71.0)+Gecko/20100101+Firefox/71.0 http://localhost:8087/APROBAR_PERMISOS/list 304 0 0 1
2020-01-06 22:58:01 ::1 GET /include/runnerJS/RunnerAll.js - 8087 - ::1 Mozilla/5.0+(Windows+NT+10.0;+Win64;+x64;+rv:71.0)+Gecko/20100101+Firefox/71.0 http://localhost:8087/APROBAR_PERMISOS/list 304 0 0 2
2020-01-06 22:58:01 ::1 GET /include/lang/Spanish.js - 8087 - ::1 Mozilla/5.0+(Windows+NT+10.0;+Win64;+x64;+rv:71.0)+Gecko/20100101+Firefox/71.0 http://localhost:8087/APROBAR_PERMISOS/list 304 0 0 2
2020-01-06 22:58:01 ::1 GET /include/loadfirst.js - 8087 - ::1 Mozilla/5.0+(Windows+NT+10.0;+Win64;+x64;+rv:71.0)+Gecko/20100101+Firefox/71.0 http://localhost:8087/APROBAR_PERMISOS/list 304 0 0 3
2020-01-06 22:58:01 ::1 GET /styles/pages/APROBAR_PERMISOS_list.css - 8087 - ::1 Mozilla/5.0+(Windows+NT+10.0;+Win64;+x64;+rv:71.0)+Gecko/20100101+Firefox/71.0 http://localhost:8087/APROBAR_PERMISOS/list 200 0 0 37
2020-01-06 22:58:01 ::1 GET /include/ajaxsuggest.js - 8087 - ::1 Mozilla/5.0+(Windows+NT+10.0;+Win64;+x64;+rv:71.0)+Gecko/20100101+Firefox/71.0 http://localhost:8087/APROBAR_PERMISOS/list 304 0 0 1
2020-01-06 22:58:01 ::1 GET /styles/bootstrap/fonts/glyphicons-halflings-regular.woff2 - 8087 - ::1 Mozilla/5.0+(Windows+NT+10.0;+Win64;+x64;+rv:71.0)+Gecko/20100101+Firefox/71.0 http://localhost:8087/styles/bootstrap/default/small/style.css 404 3 50 3
2020-01-06 22:58:08 ::1 GET /VER_PERMISOS/list - 8087 - ::1 Mozilla/5.0+(Windows+NT+10.0;+Win64;+x64;+rv:71.0)+Gecko/20100101+Firefox/71.0 http://localhost:8087/APROBAR_PERMISOS/list 200 0 0 1848
2020-01-06 22:58:08 ::1 GET /styles/bootstrap/default/small/style.css - 8087 - ::1 Mozilla/5.0+(Windows+NT+10.0;+Win64;+x64;+rv:71.0)+Gecko/20100101+Firefox/71.0 http://localhost:8087/VER_PERMISOS/list 304 0 0 2
2020-01-06 22:58:08 ::1 GET /include/lang/Spanish.js - 8087 - ::1 Mozilla/5.0+(Windows+NT+10.0;+Win64;+x64;+rv:71.0)+Gecko/20100101+Firefox/71.0 http://localhost:8087/VER_PERMISOS/list 304 0 0 1
2020-01-06 22:58:08 ::1 GET /include/runnerJS/RunnerAll.js - 8087 - ::1 Mozilla/5.0+(Windows+NT+10.0;+Win64;+x64;+rv:71.0)+Gecko/20100101+Firefox/71.0 http://localhost:8087/VER_PERMISOS/list 304 0 0 1
2020-01-06 22:58:08 ::1 GET /include/loadfirst.js - 8087 - ::1 Mozilla/5.0+(Windows+NT+10.0;+Win64;+x64;+rv:71.0)+Gecko/20100101+Firefox/71.0 http://localhost:8087/VER_PERMISOS/list 304 0 0 2
2020-01-06 22:58:08 ::1 GET /styles/pages/VER_PERMISOS_list.css - 8087 - ::1 Mozilla/5.0+(Windows+NT+10.0;+Win64;+x64;+rv:71.0)+Gecko/20100101+Firefox/71.0 http://localhost:8087/VER_PERMISOS/list 200 0 0 16
2020-01-06 22:58:08 ::1 GET /styles/bootstrap/fonts/glyphicons-halflings-regular.woff2 - 8087 - ::1 Mozilla/5.0+(Windows+NT+10.0;+Win64;+x64;+rv:71.0)+Gecko/20100101+Firefox/71.0 http://localhost:8087/styles/bootstrap/default/small/style.css 404 3 50 3
2020-01-06 22:58:08 ::1 GET /include/ajaxsuggest.js - 8087 - ::1 Mozilla/5.0+(Windows+NT+10.0;+Win64;+x64;+rv:71.0)+Gecko/20100101+Firefox/71.0 http://localhost:8087/VER_PERMISOS/list 200 0 0 22
2020-01-06 22:58:33 ::1 GET /dbo_REGISTRO_HORAS_COMPESADAS/list - 8087 - ::1 Mozilla/5.0+(Windows+NT+10.0;+Win64;+x64;+rv:71.0)+Gecko/20100101+Firefox/71.0 http://localhost:8087/VER_PERMISOS/list 200 0 0 1868
2020-01-06 22:58:33 ::1 GET /include/loadfirst.js - 8087 - ::1 Mozilla/5.0+(Windows+NT+10.0;+Win64;+x64;+rv:71.0)+Gecko/20100101+Firefox/71.0 http://localhost:8087/dbo_REGISTRO_HORAS_COMPESADAS/list 304 0 0 1
2020-01-06 22:58:33 ::1 GET /styles/bootstrap/default/small/style.css - 8087 - ::1 Mozilla/5.0+(Windows+NT+10.0;+Win64;+x64;+rv:71.0)+Gecko/20100101+Firefox/71.0 http://localhost:8087/dbo_REGISTRO_HORAS_COMPESADAS/list 304 0 0 3
2020-01-06 22:58:33 ::1 GET /include/runnerJS/RunnerAll.js - 8087 - ::1 Mozilla/5.0+(Windows+NT+10.0;+Win64;+x64;+rv:71.0)+Gecko/20100101+Firefox/71.0 http://localhost:8087/dbo_REGISTRO_HORAS_COMPESADAS/list 304 0 0 1
2020-01-06 22:58:33 ::1 GET /include/lang/Spanish.js - 8087 - ::1 Mozilla/5.0+(Windows+NT+10.0;+Win64;+x64;+rv:71.0)+Gecko/20100101+Firefox/71.0 http://localhost:8087/dbo_REGISTRO_HORAS_COMPESADAS/list 304 0 0 2
2020-01-06 22:58:33 ::1 GET /styles/pages/dbo_REGISTRO_HORAS_COMPESADAS_list.css - 8087 - ::1 Mozilla/5.0+(Windows+NT+10.0;+Win64;+x64;+rv:71.0)+Gecko/20100101+Firefox/71.0 http://localhost:8087/dbo_REGISTRO_HORAS_COMPESADAS/list 200 0 0 13
2020-01-06 22:58:33 ::1 GET /include/ajaxsuggest.js - 8087 - ::1 Mozilla/5.0+(Windows+NT+10.0;+Win64;+x64;+rv:71.0)+Gecko/20100101+Firefox/71.0 http://localhost:8087/dbo_REGISTRO_HORAS_COMPESADAS/list 304 0 0 1
2020-01-06 22:58:33 ::1 GET /styles/bootstrap/fonts/glyphicons-halflings-regular.woff2 - 8087 - ::1 Mozilla/5.0+(Windows+NT+10.0;+Win64;+x64;+rv:71.0)+Gecko/20100101+Firefox/71.0 http://localhost:8087/styles/bootstrap/default/small/style.css 404 3 50 1
2020-01-06 22:59:14 ::1 GET /dbo_Permisos2/list - 8087 - ::1 Mozilla/5.0+(Windows+NT+10.0;+Win64;+x64;+rv:71.0)+Gecko/20100101+Firefox/71.0 http://localhost:8087/dbo_REGISTRO_HORAS_COMPESADAS/list 200 0 0 1722
2020-01-06 22:59:14 ::1 GET /styles/bootstrap/default/small/style.css - 8087 - ::1 Mozilla/5.0+(Windows+NT+10.0;+Win64;+x64;+rv:71.0)+Gecko/20100101+Firefox/71.0 http://localhost:8087/dbo_Permisos2/list 304 0 0 1
2020-01-06 22:59:14 ::1 GET /include/lang/Spanish.js - 8087 - ::1 Mozilla/5.0+(Windows+NT+10.0;+Win64;+x64;+rv:71.0)+Gecko/20100101+Firefox/71.0 http://localhost:8087/dbo_Permisos2/list 304 0 0 2
2020-01-06 22:59:14 ::1 GET /include/loadfirst.js - 8087 - ::1 Mozilla/5.0+(Windows+NT+10.0;+Win64;+x64;+rv:71.0)+Gecko/20100101+Firefox/71.0 http://localhost:8087/dbo_Permisos2/list 304 0 0 4
2020-01-06 22:59:14 ::1 GET /include/runnerJS/RunnerAll.js - 8087 - ::1 Mozilla/5.0+(Windows+NT+10.0;+Win64;+x64;+rv:71.0)+Gecko/20100101+Firefox/71.0 http://localhost:8087/dbo_Permisos2/list 304 0 0 4
2020-01-06 22:59:14 ::1 GET /styles/pages/dbo_Permisos2_list.css - 8087 - ::1 Mozilla/5.0+(Windows+NT+10.0;+Win64;+x64;+rv:71.0)+Gecko/20100101+Firefox/71.0 http://localhost:8087/dbo_Permisos2/list 200 0 0 61
2020-01-06 22:59:14 ::1 GET /include/ajaxsuggest.js - 8087 - ::1 Mozilla/5.0+(Windows+NT+10.0;+Win64;+x64;+rv:71.0)+Gecko/20100101+Firefox/71.0 http://localhost:8087/dbo_Permisos2/list 304 0 0 1
2020-01-06 22:59:14 ::1 GET /styles/bootstrap/fonts/glyphicons-halflings-regular.woff2 - 8087 - ::1 Mozilla/5.0+(Windows+NT+10.0;+Win64;+x64;+rv:71.0)+Gecko/20100101+Firefox/71.0 http://localhost:8087/styles/bootstrap/default/small/style.css 404 3 50 3
2020-01-06 22:59:16 ::1 GET /APROBAR_PERMISOS/list - 8087 - ::1 Mozilla/5.0+(Windows+NT+10.0;+Win64;+x64;+rv:71.0)+Gecko/20100101+Firefox/71.0 http://localhost:8087/dbo_Permisos2/list 200 0 0 244
2020-01-06 22:59:16 ::1 GET /styles/pages/APROBAR_PERMISOS_list.css - 8087 - ::1 Mozilla/5.0+(Windows+NT+10.0;+Win64;+x64;+rv:71.0)+Gecko/20100101+Firefox/71.0 http://localhost:8087/APROBAR_PERMISOS/list 200 0 0 84
2020-01-06 22:59:16 ::1 GET /styles/bootstrap/fonts/glyphicons-halflings-regular.woff2 - 8087 - ::1 Mozilla/5.0+(Windows+NT+10.0;+Win64;+x64;+rv:71.0)+Gecko/20100101+Firefox/71.0 http://localhost:8087/styles/bootstrap/default/small/style.css 404 3 50 3
2020-01-06 22:59:34 ::1 GET /VISTOBUENO_JEFEINMEDIATO/list - 8087 - ::1 Mozilla/5.0+(Windows+NT+10.0;+Win64;+x64;+rv:71.0)+Gecko/20100101+Firefox/71.0 http://localhost:8087/APROBAR_PERMISOS/list 200 0 0 1710
2020-01-06 22:59:34 ::1 GET /styles/bootstrap/default/small/style.css - 8087 - ::1 Mozilla/5.0+(Windows+NT+10.0;+Win64;+x64;+rv:71.0)+Gecko/20100101+Firefox/71.0 http://localhost:8087/VISTOBUENO_JEFEINMEDIATO/list 304 0 0 2
2020-01-06 22:59:34 ::1 GET /include/lang/Spanish.js - 8087 - ::1 Mozilla/5.0+(Windows+NT+10.0;+Win64;+x64;+rv:71.0)+Gecko/20100101+Firefox/71.0 http://localhost:8087/VISTOBUENO_JEFEINMEDIATO/list 304 0 0 2
2020-01-06 22:59:34 ::1 GET /include/loadfirst.js - 8087 - ::1 Mozilla/5.0+(Windows+NT+10.0;+Win64;+x64;+rv:71.0)+Gecko/20100101+Firefox/71.0 http://localhost:8087/VISTOBUENO_JEFEINMEDIATO/list 304 0 0 3
2020-01-06 22:59:34 ::1 GET /include/runnerJS/RunnerAll.js - 8087 - ::1 Mozilla/5.0+(Windows+NT+10.0;+Win64;+x64;+rv:71.0)+Gecko/20100101+Firefox/71.0 http://localhost:8087/VISTOBUENO_JEFEINMEDIATO/list 304 0 0 4
2020-01-06 22:59:34 ::1 GET /styles/pages/VISTOBUENO_JEFEINMEDIATO_list.css - 8087 - ::1 Mozilla/5.0+(Windows+NT+10.0;+Win64;+x64;+rv:71.0)+Gecko/20100101+Firefox/71.0 http://localhost:8087/VISTOBUENO_JEFEINMEDIATO/list 200 0 0 11
2020-01-06 22:59:34 ::1 GET /include/ajaxsuggest.js - 8087 - ::1 Mozilla/5.0+(Windows+NT+10.0;+Win64;+x64;+rv:71.0)+Gecko/20100101+Firefox/71.0 http://localhost:8087/VISTOBUENO_JEFEINMEDIATO/list 304 0 0 3
2020-01-06 22:59:34 ::1 GET /styles/bootstrap/fonts/glyphicons-halflings-regular.woff2 - 8087 - ::1 Mozilla/5.0+(Windows+NT+10.0;+Win64;+x64;+rv:71.0)+Gecko/20100101+Firefox/71.0 http://localhost:8087/styles/bootstrap/default/small/style.css 404 3 50 3
2020-01-06 22:59:36 ::1 GET /dbo_Permisos2/list - 8087 - ::1 Mozilla/5.0+(Windows+NT+10.0;+Win64;+x64;+rv:71.0)+Gecko/20100101+Firefox/71.0 http://localhost:8087/VISTOBUENO_JEFEINMEDIATO/list 200 0 0 254
2020-01-06 22:59:36 ::1 GET /styles/pages/dbo_Permisos2_list.css - 8087 - ::1 Mozilla/5.0+(Windows+NT+10.0;+Win64;+x64;+rv:71.0)+Gecko/20100101+Firefox/71.0 http://localhost:8087/dbo_Permisos2/list 304 0 0 1
2020-01-06 22:59:36 ::1 GET /styles/bootstrap/fonts/glyphicons-halflings-regular.woff2 - 8087 - ::1 Mozilla/5.0+(Windows+NT+10.0;+Win64;+x64;+rv:71.0)+Gecko/20100101+Firefox/71.0 http://localhost:8087/styles/bootstrap/default/small/style.css 404 3 50 2
2020-01-06 22:59:47 ::1 GET /dbo_Permisos2/add - 8087 - ::1 Mozilla/5.0+(Windows+NT+10.0;+Win64;+x64;+rv:71.0)+Gecko/20100101+Firefox/71.0 http://localhost:8087/dbo_Permisos2/list 200 0 0 1110
2020-01-06 22:59:47 ::1 GET /styles/pages/dbo_Permisos2_add.css - 8087 - ::1 Mozilla/5.0+(Windows+NT+10.0;+Win64;+x64;+rv:71.0)+Gecko/20100101+Firefox/71.0 http://localhost:8087/dbo_Permisos2/add 200 0 0 2
2020-01-06 22:59:47 ::1 GET /include/zoombox/zoombox.css - 8087 - ::1 Mozilla/5.0+(Windows+NT+10.0;+Win64;+x64;+rv:71.0)+Gecko/20100101+Firefox/71.0 http://localhost:8087/dbo_Permisos2/add 200 0 64 24
2020-01-06 22:59:47 ::1 GET /styles/bootstrap/fonts/glyphicons-halflings-regular.woff2 - 8087 - ::1 Mozilla/5.0+(Windows+NT+10.0;+Win64;+x64;+rv:71.0)+Gecko/20100101+Firefox/71.0 http://localhost:8087/styles/bootstrap/default/small/style.css 404 3 50 3
2020-01-06 22:59:47 ::1 GET /include/button_Guia_de_Permisos.js - 8087 - ::1 Mozilla/5.0+(Windows+NT+10.0;+Win64;+x64;+rv:71.0)+Gecko/20100101+Firefox/71.0 http://localhost:8087/dbo_Permisos2/add 200 0 0 15
2020-01-06 22:59:47 ::1 GET /include/button_Ver_Instrutivo.js - 8087 - ::1 Mozilla/5.0+(Windows+NT+10.0;+Win64;+x64;+rv:71.0)+Gecko/20100101+Firefox/71.0 http://localhost:8087/dbo_Permisos2/add 200 0 0 17
2020-01-06 22:59:47 ::1 GET /include/zoombox/zoombox.js - 8087 - ::1 Mozilla/5.0+(Windows+NT+10.0;+Win64;+x64;+rv:71.0)+Gecko/20100101+Firefox/71.0 http://localhost:8087/dbo_Permisos2/add 200 0 0 21
2020-01-06 22:59:47 ::1 GET /include/mupload.js - 8087 - ::1 Mozilla/5.0+(Windows+NT+10.0;+Win64;+x64;+rv:71.0)+Gecko/20100101+Firefox/71.0 http://localhost:8087/dbo_Permisos2/add 200 0 0 26
2020-01-06 23:00:57 ::1 POST /dbo_Permisos2/add page=add&submit=1& 8087 - ::1 Mozilla/5.0+(Windows+NT+10.0;+Win64;+x64;+rv:71.0)+Gecko/20100101+Firefox/71.0 http://localhost:8087/dbo_Permisos2/add 500 0 0 450
2020-01-06 23:09:49 127.0.0.1 GET / - 8087 - 127.0.0.1 Mozilla/5.0+(Windows+NT+6.1;+WOW64)+AppleWebKit/536.6+(KHTML,+like+Gecko)+Chrome/20.0.1092.0+Safari/536.6 - 200 0 0 10149
2020-01-06 23:09:59 ::1 POST /dbo_Permisos2/add page=add&submit=1& 8087 - ::1 Mozilla/5.0+(Windows+NT+10.0;+Win64;+x64;+rv:71.0)+Gecko/20100101+Firefox/71.0 http://localhost:8087/dbo_Permisos2/add 500 0 0 4053
2020-01-06 23:10:02 ::1 GET /dbo_Permisos2/add - 8087 - ::1 Mozilla/5.0+(Windows+NT+10.0;+Win64;+x64;+rv:71.0)+Gecko/20100101+Firefox/71.0 http://localhost:8087/dbo_Permisos2/list 302 0 0 152
2020-01-06 23:10:02 ::1 GET /login return=true&message=expired 8087 - ::1 Mozilla/5.0+(Windows+NT+10.0;+Win64;+x64;+rv:71.0)+Gecko/20100101+Firefox/71.0 http://localhost:8087/dbo_Permisos2/list 200 0 0 135
2020-01-06 23:10:02 ::1 GET /styles/pages/.global_login.css - 8087 - ::1 Mozilla/5.0+(Windows+NT+10.0;+Win64;+x64;+rv:71.0)+Gecko/20100101+Firefox/71.0 http://localhost:8087/login?return=true&message=expired 200 0 64 6
2020-01-06 23:10:05 ::1 POST /login - 8087 - ::1 Mozilla/5.0+(Windows+NT+10.0;+Win64;+x64;+rv:71.0)+Gecko/20100101+Firefox/71.0 http://localhost:8087/login?return=true&message=expired 302 0 0 442
2020-01-06 23:10:05 ::1 GET /dbo_Permisos2/add - 8087 - ::1 Mozilla/5.0+(Windows+NT+10.0;+Win64;+x64;+rv:71.0)+Gecko/20100101+Firefox/71.0 http://localhost:8087/login?return=true&message=expired 200 0 0 164
2020-01-06 23:10:05 ::1 GET /styles/pages/dbo_Permisos2_add.css - 8087 - ::1 Mozilla/5.0+(Windows+NT+10.0;+Win64;+x64;+rv:71.0)+Gecko/20100101+Firefox/71.0 http://localhost:8087/dbo_Permisos2/add 200 0 0 2
2020-01-06 23:10:05 ::1 GET /include/lang/Spanish.js - 8087 - ::1 Mozilla/5.0+(Windows+NT+10.0;+Win64;+x64;+rv:71.0)+Gecko/20100101+Firefox/71.0 http://localhost:8087/dbo_Permisos2/add 200 0 0 90
2020-01-06 23:10:05 ::1 GET /styles/bootstrap/default/small/style.css - 8087 - ::1 Mozilla/5.0+(Windows+NT+10.0;+Win64;+x64;+rv:71.0)+Gecko/20100101+Firefox/71.0 http://localhost:8087/dbo_Permisos2/add 200 0 0 105
2020-01-06 23:10:05 ::1 GET /include/loadfirst.js - 8087 - ::1 Mozilla/5.0+(Windows+NT+10.0;+Win64;+x64;+rv:71.0)+Gecko/20100101+Firefox/71.0 http://localhost:8087/dbo_Permisos2/add 200 0 0 408
2020-01-06 23:10:05 ::1 GET /include/runnerJS/RunnerAll.js - 8087 - ::1 Mozilla/5.0+(Windows+NT+10.0;+Win64;+x64;+rv:71.0)+Gecko/20100101+Firefox/71.0 http://localhost:8087/dbo_Permisos2/add 200 0 0 464
2020-01-06 23:10:05 ::1 GET /styles/bootstrap/fonts/glyphicons-halflings-regular.woff2 - 8087 - ::1 Mozilla/5.0+(Windows+NT+10.0;+Win64;+x64;+rv:71.0)+Gecko/20100101+Firefox/71.0 http://localhost:8087/styles/bootstrap/default/small/style.css 404 3 50 6
2020-01-06 23:10:05 ::1 GET /include/button_Ver_Instrutivo.js - 8087 - ::1 Mozilla/5.0+(Windows+NT+10.0;+Win64;+x64;+rv:71.0)+Gecko/20100101+Firefox/71.0 http://localhost:8087/dbo_Permisos2/add 200 0 0 38
2020-01-06 23:10:05 ::1 GET /include/button_Guia_de_Permisos.js - 8087 - ::1 Mozilla/5.0+(Windows+NT+10.0;+Win64;+x64;+rv:71.0)+Gecko/20100101+Firefox/71.0 http://localhost:8087/dbo_Permisos2/add 200 0 0 39
2020-01-06 23:10:05 ::1 GET /include/ajaxsuggest.js - 8087 - ::1 Mozilla/5.0+(Windows+NT+10.0;+Win64;+x64;+rv:71.0)+Gecko/20100101+Firefox/71.0 http://localhost:8087/dbo_Permisos2/add 200 0 0 56
2020-01-06 23:10:05 ::1 GET /include/mupload.js - 8087 - ::1 Mozilla/5.0+(Windows+NT+10.0;+Win64;+x64;+rv:71.0)+Gecko/20100101+Firefox/71.0 http://localhost:8087/dbo_Permisos2/add 200 0 0 69
2020-01-06 23:10:05 ::1 GET /include/zoombox/zoombox.js - 8087 - ::1 Mozilla/5.0+(Windows+NT+10.0;+Win64;+x64;+rv:71.0)+Gecko/20100101+Firefox/71.0 http://localhost:8087/dbo_Permisos2/add 304 0 0 80
2020-01-06 23:11:34 ::1 POST /dbo_Permisos2/add page=add&submit=1& 8087 - ::1 Mozilla/5.0+(Windows+NT+10.0;+Win64;+x64;+rv:71.0)+Gecko/20100101+Firefox/71.0 http://localhost:8087/dbo_Permisos2/add 500 0 0 106
2020-01-06 23:13:08 127.0.0.1 GET / - 8087 - 127.0.0.1 Mozilla/5.0+(Windows+NT+6.1;+WOW64)+AppleWebKit/536.6+(KHTML,+like+Gecko)+Chrome/20.0.1092.0+Safari/536.6 - 200 0 0 10418
2020-01-06 23:13:16 ::1 POST /dbo_Permisos2/add page=add&submit=1& 8087 - ::1 Mozilla/5.0+(Windows+NT+10.0;+Win64;+x64;+rv:71.0)+Gecko/20100101+Firefox/71.0 http://localhost:8087/dbo_Permisos2/add 500 0 0 3954
2020-01-06 23:13:18 ::1 GET /dbo_Permisos2/add - 8087 - ::1 Mozilla/5.0+(Windows+NT+10.0;+Win64;+x64;+rv:71.0)+Gecko/20100101+Firefox/71.0 http://localhost:8087/login?return=true&message=expired 302 0 0 110
2020-01-06 23:13:18 ::1 GET /login return=true& 8087 - ::1 Mozilla/5.0+(Windows+NT+10.0;+Win64;+x64;+rv:71.0)+Gecko/20100101+Firefox/71.0 http://localhost:8087/login?return=true&message=expired 200 0 0 187
2020-01-06 23:13:20 ::1 POST /login - 8087 - ::1 Mozilla/5.0+(Windows+NT+10.0;+Win64;+x64;+rv:71.0)+Gecko/20100101+Firefox/71.0 http://localhost:8087/login?return=true& 302 0 0 339
2020-01-06 23:13:20 ::1 GET /dbo_Permisos2/add - 8087 - ::1 Mozilla/5.0+(Windows+NT+10.0;+Win64;+x64;+rv:71.0)+Gecko/20100101+Firefox/71.0 http://localhost:8087/login?return=true& 200 0 0 207
2020-01-06 23:13:20 ::1 GET /styles/pages/dbo_Permisos2_add.css - 8087 - ::1 Mozilla/5.0+(Windows+NT+10.0;+Win64;+x64;+rv:71.0)+Gecko/20100101+Firefox/71.0 http://localhost:8087/dbo_Permisos2/add 200 0 0 6
2020-01-06 23:13:20 ::1 GET /include/lang/Spanish.js - 8087 - ::1 Mozilla/5.0+(Windows+NT+10.0;+Win64;+x64;+rv:71.0)+Gecko/20100101+Firefox/71.0 http://localhost:8087/dbo_Permisos2/add 200 0 0 33
2020-01-06 23:13:20 ::1 GET /styles/bootstrap/default/small/style.css - 8087 - ::1 Mozilla/5.0+(Windows+NT+10.0;+Win64;+x64;+rv:71.0)+Gecko/20100101+Firefox/71.0 http://localhost:8087/dbo_Permisos2/add 200 0 0 214
2020-01-06 23:13:20 ::1 GET /include/loadfirst.js - 8087 - ::1 Mozilla/5.0+(Windows+NT+10.0;+Win64;+x64;+rv:71.0)+Gecko/20100101+Firefox/71.0 http://localhost:8087/dbo_Permisos2/add 200 0 0 483
2020-01-06 23:13:20 ::1 GET /include/runnerJS/RunnerAll.js - 8087 - ::1 Mozilla/5.0+(Windows+NT+10.0;+Win64;+x64;+rv:71.0)+Gecko/20100101+Firefox/71.0 http://localhost:8087/dbo_Permisos2/add 200 0 0 570
2020-01-06 23:13:20 ::1 GET /include/zoombox/zoombox.js - 8087 - ::1 Mozilla/5.0+(Windows+NT+10.0;+Win64;+x64;+rv:71.0)+Gecko/20100101+Firefox/71.0 http://localhost:8087/dbo_Permisos2/add 304 0 0 4
2020-01-06 23:13:21 ::1 GET /include/button_Guia_de_Permisos.js - 8087 - ::1 Mozilla/5.0+(Windows+NT+10.0;+Win64;+x64;+rv:71.0)+Gecko/20100101+Firefox/71.0 http://localhost:8087/dbo_Permisos2/add 200 0 0 30
2020-01-06 23:13:21 ::1 GET /include/button_Ver_Instrutivo.js - 8087 - ::1 Mozilla/5.0+(Windows+NT+10.0;+Win64;+x64;+rv:71.0)+Gecko/20100101+Firefox/71.0 http://localhost:8087/dbo_Permisos2/add 200 0 0 39
2020-01-06 23:13:21 ::1 GET /include/ajaxsuggest.js - 8087 - ::1 Mozilla/5.0+(Windows+NT+10.0;+Win64;+x64;+rv:71.0)+Gecko/20100101+Firefox/71.0 http://localhost:8087/dbo_Permisos2/add 200 0 0 41
2020-01-06 23:13:21 ::1 GET /styles/bootstrap/fonts/glyphicons-halflings-regular.woff2 - 8087 - ::1 Mozilla/5.0+(Windows+NT+10.0;+Win64;+x64;+rv:71.0)+Gecko/20100101+Firefox/71.0 http://localhost:8087/styles/bootstrap/default/small/style.css 404 3 50 48
2020-01-06 23:13:21 ::1 GET /include/mupload.js - 8087 - ::1 Mozilla/5.0+(Windows+NT+10.0;+Win64;+x64;+rv:71.0)+Gecko/20100101+Firefox/71.0 http://localhost:8087/dbo_Permisos2/add 200 0 0 74
2020-01-06 23:14:03 ::1 POST /dbo_Permisos2/add page=add&submit=1& 8087 - ::1 Mozilla/5.0+(Windows+NT+10.0;+Win64;+x64;+rv:71.0)+Gecko/20100101+Firefox/71.0 http://localhost:8087/dbo_Permisos2/add 302 0 0 715
2020-01-06 23:14:03 ::1 GET /dbo_Permisos2/add page=add 8087 - ::1 Mozilla/5.0+(Windows+NT+10.0;+Win64;+x64;+rv:71.0)+Gecko/20100101+Firefox/71.0 http://localhost:8087/dbo_Permisos2/add 200 0 0 236
2020-01-06 23:14:03 ::1 GET /styles/pages/dbo_Permisos2_add.css - 8087 - ::1 Mozilla/5.0+(Windows+NT+10.0;+Win64;+x64;+rv:71.0)+Gecko/20100101+Firefox/71.0 http://localhost:8087/dbo_Permisos2/add?page=add 304 0 0 1
2020-01-06 23:14:03 ::1 GET /styles/bootstrap/default/small/style.css - 8087 - ::1 Mozilla/5.0+(Windows+NT+10.0;+Win64;+x64;+rv:71.0)+Gecko/20100101+Firefox/71.0 http://localhost:8087/dbo_Permisos2/add?page=add 304 0 0 1
2020-01-06 23:14:03 ::1 GET /include/lang/Spanish.js - 8087 - ::1 Mozilla/5.0+(Windows+NT+10.0;+Win64;+x64;+rv:71.0)+Gecko/20100101+Firefox/71.0 http://localhost:8087/dbo_Permisos2/add?page=add 304 0 0 1
2020-01-06 23:14:03 ::1 GET /include/loadfirst.js - 8087 - ::1 Mozilla/5.0+(Windows+NT+10.0;+Win64;+x64;+rv:71.0)+Gecko/20100101+Firefox/71.0 http://localhost:8087/dbo_Permisos2/add?page=add 304 0 0 1
2020-01-06 23:14:03 ::1 GET /include/runnerJS/RunnerAll.js - 8087 - ::1 Mozilla/5.0+(Windows+NT+10.0;+Win64;+x64;+rv:71.0)+Gecko/20100101+Firefox/71.0 http://localhost:8087/dbo_Permisos2/add?page=add 304 0 0 1
2020-01-06 23:14:03 ::1 GET /include/ajaxsuggest.js - 8087 - ::1 Mozilla/5.0+(Windows+NT+10.0;+Win64;+x64;+rv:71.0)+Gecko/20100101+Firefox/71.0 http://localhost:8087/dbo_Permisos2/add?page=add 304 0 0 1
2020-01-06 23:14:03 ::1 GET /include/button_Guia_de_Permisos.js - 8087 - ::1 Mozilla/5.0+(Windows+NT+10.0;+Win64;+x64;+rv:71.0)+Gecko/20100101+Firefox/71.0 http://localhost:8087/dbo_Permisos2/add?page=add 304 0 0 2
2020-01-06 23:14:03 ::1 GET /include/button_Ver_Instrutivo.js - 8087 - ::1 Mozilla/5.0+(Windows+NT+10.0;+Win64;+x64;+rv:71.0)+Gecko/20100101+Firefox/71.0 http://localhost:8087/dbo_Permisos2/add?page=add 304 0 0 2
2020-01-06 23:14:03 ::1 GET /include/mupload.js - 8087 - ::1 Mozilla/5.0+(Windows+NT+10.0;+Win64;+x64;+rv:71.0)+Gecko/20100101+Firefox/71.0 http://localhost:8087/dbo_Permisos2/add?page=add 304 0 0 2
2020-01-06 23:14:03 ::1 GET /styles/bootstrap/fonts/glyphicons-halflings-regular.woff2 - 8087 - ::1 Mozilla/5.0+(Windows+NT+10.0;+Win64;+x64;+rv:71.0)+Gecko/20100101+Firefox/71.0 http://localhost:8087/styles/bootstrap/default/small/style.css 404 3 50 1
2020-01-06 23:14:11 ::1 GET /dbo_Permisos2/list a=return 8087 - ::1 Mozilla/5.0+(Windows+NT+10.0;+Win64;+x64;+rv:71.0)+Gecko/20100101+Firefox/71.0 http://localhost:8087/dbo_Permisos2/add?page=add 200 0 0 5884
2020-01-06 23:14:11 ::1 GET /styles/pages/dbo_Permisos2_list.css - 8087 - ::1 Mozilla/5.0+(Windows+NT+10.0;+Win64;+x64;+rv:71.0)+Gecko/20100101+Firefox/71.0 http://localhost:8087/dbo_Permisos2/list?a=return 200 0 0 17
2020-01-06 23:14:11 ::1 GET /include/lang/Spanish.js - 8087 - ::1 Mozilla/5.0+(Windows+NT+10.0;+Win64;+x64;+rv:71.0)+Gecko/20100101+Firefox/71.0 http://localhost:8087/dbo_Permisos2/list?a=return 200 0 0 62
2020-01-06 23:14:11 ::1 GET /styles/bootstrap/default/small/style.css - 8087 - ::1 Mozilla/5.0+(Windows+NT+10.0;+Win64;+x64;+rv:71.0)+Gecko/20100101+Firefox/71.0 http://localhost:8087/dbo_Permisos2/list?a=return 200 0 0 182
2020-01-06 23:14:11 ::1 GET /include/loadfirst.js - 8087 - ::1 Mozilla/5.0+(Windows+NT+10.0;+Win64;+x64;+rv:71.0)+Gecko/20100101+Firefox/71.0 http://localhost:8087/dbo_Permisos2/list?a=return 200 0 0 373
2020-01-06 23:14:11 ::1 GET /include/runnerJS/RunnerAll.js - 8087 - ::1 Mozilla/5.0+(Windows+NT+10.0;+Win64;+x64;+rv:71.0)+Gecko/20100101+Firefox/71.0 http://localhost:8087/dbo_Permisos2/list?a=return 200 0 0 433
2020-01-06 23:14:11 ::1 GET /styles/bootstrap/fonts/glyphicons-halflings-regular.woff2 - 8087 - ::1 Mozilla/5.0+(Windows+NT+10.0;+Win64;+x64;+rv:71.0)+Gecko/20100101+Firefox/71.0 http://localhost:8087/styles/bootstrap/default/small/style.css 404 3 50 4
2020-01-06 23:14:11 ::1 GET /include/ajaxsuggest.js - 8087 - ::1 Mozilla/5.0+(Windows+NT+10.0;+Win64;+x64;+rv:71.0)+Gecko/20100101+Firefox/71.0 http://localhost:8087/dbo_Permisos2/list?a=return 200 0 0 34
