#Software: Microsoft Internet Information Services 10.0
#Version: 1.0
#Date: 2020-01-29 15:01:55
#Fields: date time s-ip cs-method cs-uri-stem cs-uri-query s-port cs-username c-ip cs(User-Agent) cs(Referer) sc-status sc-substatus sc-win32-status time-taken
2020-01-29 15:01:55 127.0.0.1 GET / - 8087 - 127.0.0.1 Mozilla/5.0+(Windows+NT+6.1;+WOW64)+AppleWebKit/536.6+(KHTML,+like+Gecko)+Chrome/20.0.1092.0+Safari/536.6 - 200 0 0 29552
2020-01-29 15:02:51 ::1 GET / - 8087 - ::1 Mozilla/5.0+(Windows+NT+10.0;+Win64;+x64;+rv:72.0)+Gecko/20100101+Firefox/72.0 - 200 0 0 1146
2020-01-29 15:02:53 ::1 GET /styles/pages/.global_login.css - 8087 - ::1 Mozilla/5.0+(Windows+NT+10.0;+Win64;+x64;+rv:72.0)+Gecko/20100101+Firefox/72.0 http://localhost:8087/ 200 0 0 56
2020-01-29 15:02:53 ::1 GET /styles/font-awesome/css/font-awesome.min.css - 8087 - ::1 Mozilla/5.0+(Windows+NT+10.0;+Win64;+x64;+rv:72.0)+Gecko/20100101+Firefox/72.0 http://localhost:8087/ 200 0 0 236
2020-01-29 15:02:53 ::1 GET /styles/default.css - 8087 - ::1 Mozilla/5.0+(Windows+NT+10.0;+Win64;+x64;+rv:72.0)+Gecko/20100101+Firefox/72.0 http://localhost:8087/ 200 0 0 281
2020-01-29 15:02:53 ::1 GET /include/jquery-ui/smoothness/jquery-ui.min.css - 8087 - ::1 Mozilla/5.0+(Windows+NT+10.0;+Win64;+x64;+rv:72.0)+Gecko/20100101+Firefox/72.0 http://localhost:8087/ 200 0 0 277
2020-01-29 15:02:53 ::1 GET /include/bootstrap/css/jquery.mCustomScrollbar.css - 8087 - ::1 Mozilla/5.0+(Windows+NT+10.0;+Win64;+x64;+rv:72.0)+Gecko/20100101+Firefox/72.0 http://localhost:8087/ 200 0 0 366
2020-01-29 15:02:53 ::1 GET /styles/bootstrap/default/small/style.css - 8087 - ::1 Mozilla/5.0+(Windows+NT+10.0;+Win64;+x64;+rv:72.0)+Gecko/20100101+Firefox/72.0 http://localhost:8087/ 200 0 0 707
2020-01-29 15:02:53 ::1 GET /include/lang/Spanish.js - 8087 - ::1 Mozilla/5.0+(Windows+NT+10.0;+Win64;+x64;+rv:72.0)+Gecko/20100101+Firefox/72.0 http://localhost:8087/ 200 0 0 113
2020-01-29 15:02:54 ::1 GET /include/loadfirst.js - 8087 - ::1 Mozilla/5.0+(Windows+NT+10.0;+Win64;+x64;+rv:72.0)+Gecko/20100101+Firefox/72.0 http://localhost:8087/ 200 0 0 858
2020-01-29 15:02:54 ::1 GET /include/runnerJS/RunnerAll.js - 8087 - ::1 Mozilla/5.0+(Windows+NT+10.0;+Win64;+x64;+rv:72.0)+Gecko/20100101+Firefox/72.0 http://localhost:8087/ 200 0 0 948
2020-01-29 15:02:55 ::1 GET /include/runnerJS/events/globalevents.js - 8087 - ::1 Mozilla/5.0+(Windows+NT+10.0;+Win64;+x64;+rv:72.0)+Gecko/20100101+Firefox/72.0 http://localhost:8087/ 200 0 0 21
2020-01-29 15:02:55 ::1 GET /include/ajaxsuggest.js - 8087 - ::1 Mozilla/5.0+(Windows+NT+10.0;+Win64;+x64;+rv:72.0)+Gecko/20100101+Firefox/72.0 http://localhost:8087/ 200 0 0 36
2020-01-29 15:02:55 ::1 GET /favicon.ico - 8087 - ::1 Mozilla/5.0+(Windows+NT+10.0;+Win64;+x64;+rv:72.0)+Gecko/20100101+Firefox/72.0 - 404 0 64 36
2020-01-29 15:04:47 ::1 POST /login - 8087 - ::1 Mozilla/5.0+(Windows+NT+10.0;+Win64;+x64;+rv:72.0)+Gecko/20100101+Firefox/72.0 http://localhost:8087/ 302 0 0 2430
2020-01-29 15:05:00 ::1 GET /menu - 8087 - ::1 Mozilla/5.0+(Windows+NT+10.0;+Win64;+x64;+rv:72.0)+Gecko/20100101+Firefox/72.0 http://localhost:8087/ 200 0 0 11702
2020-01-29 15:05:02 ::1 GET /styles/bootstrap/default/small/style.css - 8087 - ::1 Mozilla/5.0+(Windows+NT+10.0;+Win64;+x64;+rv:72.0)+Gecko/20100101+Firefox/72.0 http://localhost:8087/menu 304 0 0 9
2020-01-29 15:05:02 ::1 GET /styles/font-awesome/css/font-awesome.min.css - 8087 - ::1 Mozilla/5.0+(Windows+NT+10.0;+Win64;+x64;+rv:72.0)+Gecko/20100101+Firefox/72.0 http://localhost:8087/menu 304 0 0 46
2020-01-29 15:05:02 ::1 GET /include/runnerJS/RunnerAll.js - 8087 - ::1 Mozilla/5.0+(Windows+NT+10.0;+Win64;+x64;+rv:72.0)+Gecko/20100101+Firefox/72.0 http://localhost:8087/menu 304 0 0 46
2020-01-29 15:05:02 ::1 GET /include/jquery-ui/smoothness/jquery-ui.min.css - 8087 - ::1 Mozilla/5.0+(Windows+NT+10.0;+Win64;+x64;+rv:72.0)+Gecko/20100101+Firefox/72.0 http://localhost:8087/menu 304 0 0 96
2020-01-29 15:05:02 ::1 GET /include/bootstrap/css/jquery.mCustomScrollbar.css - 8087 - ::1 Mozilla/5.0+(Windows+NT+10.0;+Win64;+x64;+rv:72.0)+Gecko/20100101+Firefox/72.0 http://localhost:8087/menu 304 0 0 96
2020-01-29 15:05:02 ::1 GET /include/loadfirst.js - 8087 - ::1 Mozilla/5.0+(Windows+NT+10.0;+Win64;+x64;+rv:72.0)+Gecko/20100101+Firefox/72.0 http://localhost:8087/menu 304 0 0 101
2020-01-29 15:05:02 ::1 GET /include/lang/Spanish.js - 8087 - ::1 Mozilla/5.0+(Windows+NT+10.0;+Win64;+x64;+rv:72.0)+Gecko/20100101+Firefox/72.0 http://localhost:8087/menu 304 0 0 113
2020-01-29 15:05:02 ::1 GET /styles/pages/.global_menu.css - 8087 - ::1 Mozilla/5.0+(Windows+NT+10.0;+Win64;+x64;+rv:72.0)+Gecko/20100101+Firefox/72.0 http://localhost:8087/menu 200 0 0 88
2020-01-29 15:05:02 ::1 GET /include/runnerJS/events/globalevents.js - 8087 - ::1 Mozilla/5.0+(Windows+NT+10.0;+Win64;+x64;+rv:72.0)+Gecko/20100101+Firefox/72.0 http://localhost:8087/menu 200 0 0 23
2020-01-29 15:05:02 ::1 GET /styles/bootstrap/fonts/glyphicons-halflings-regular.woff2 - 8087 - ::1 Mozilla/5.0+(Windows+NT+10.0;+Win64;+x64;+rv:72.0)+Gecko/20100101+Firefox/72.0 http://localhost:8087/styles/bootstrap/default/small/style.css 404 3 50 84
2020-01-29 15:05:03 ::1 GET /styles/bootstrap/fonts/glyphicons-halflings-regular.woff - 8087 - ::1 Mozilla/5.0+(Windows+NT+10.0;+Win64;+x64;+rv:72.0)+Gecko/20100101+Firefox/72.0 http://localhost:8087/styles/bootstrap/default/small/style.css 200 0 0 41
2020-01-29 15:10:53 127.0.0.1 GET / - 8087 - 127.0.0.1 Mozilla/5.0+(Windows+NT+6.1;+WOW64)+AppleWebKit/536.6+(KHTML,+like+Gecko)+Chrome/20.0.1092.0+Safari/536.6 - 200 0 0 27838
2020-01-29 15:19:58 ::1 GET / - 8087 - ::1 Mozilla/5.0+(Windows+NT+10.0;+Win64;+x64;+rv:72.0)+Gecko/20100101+Firefox/72.0 - 200 0 0 9774
2020-01-29 15:19:58 ::1 GET /styles/pages/.global_login.css - 8087 - ::1 Mozilla/5.0+(Windows+NT+10.0;+Win64;+x64;+rv:72.0)+Gecko/20100101+Firefox/72.0 http://localhost:8087/ 200 0 0 97
2020-01-29 15:19:58 ::1 GET /styles/default.css - 8087 - ::1 Mozilla/5.0+(Windows+NT+10.0;+Win64;+x64;+rv:72.0)+Gecko/20100101+Firefox/72.0 http://localhost:8087/ 200 0 64 129
2020-01-29 15:19:58 ::1 GET /include/lang/Spanish.js - 8087 - ::1 Mozilla/5.0+(Windows+NT+10.0;+Win64;+x64;+rv:72.0)+Gecko/20100101+Firefox/72.0 http://localhost:8087/ 200 0 0 158
2020-01-29 15:19:58 ::1 GET /styles/bootstrap/default/small/style.css - 8087 - ::1 Mozilla/5.0+(Windows+NT+10.0;+Win64;+x64;+rv:72.0)+Gecko/20100101+Firefox/72.0 http://localhost:8087/ 200 0 0 218
2020-01-29 15:19:58 ::1 GET /include/loadfirst.js - 8087 - ::1 Mozilla/5.0+(Windows+NT+10.0;+Win64;+x64;+rv:72.0)+Gecko/20100101+Firefox/72.0 http://localhost:8087/ 200 0 0 239
2020-01-29 15:19:58 ::1 GET /include/runnerJS/RunnerAll.js - 8087 - ::1 Mozilla/5.0+(Windows+NT+10.0;+Win64;+x64;+rv:72.0)+Gecko/20100101+Firefox/72.0 http://localhost:8087/ 200 0 0 274
2020-01-29 15:19:59 ::1 GET /include/runnerJS/events/globalevents.js - 8087 - ::1 Mozilla/5.0+(Windows+NT+10.0;+Win64;+x64;+rv:72.0)+Gecko/20100101+Firefox/72.0 http://localhost:8087/ 200 0 0 20
2020-01-29 15:19:59 ::1 GET /include/ajaxsuggest.js - 8087 - ::1 Mozilla/5.0+(Windows+NT+10.0;+Win64;+x64;+rv:72.0)+Gecko/20100101+Firefox/72.0 http://localhost:8087/ 200 0 0 46
2020-01-29 15:19:59 ::1 GET /favicon.ico - 8087 - ::1 Mozilla/5.0+(Windows+NT+10.0;+Win64;+x64;+rv:72.0)+Gecko/20100101+Firefox/72.0 - 404 0 64 256
2020-01-29 15:21:36 ::1 POST /login - 8087 - ::1 Mozilla/5.0+(Windows+NT+10.0;+Win64;+x64;+rv:72.0)+Gecko/20100101+Firefox/72.0 http://localhost:8087/ 200 0 0 2075
2020-01-29 15:21:36 ::1 GET /include/loadfirst.js - 8087 - ::1 Mozilla/5.0+(Windows+NT+10.0;+Win64;+x64;+rv:72.0)+Gecko/20100101+Firefox/72.0 http://localhost:8087/login 304 0 0 43
2020-01-29 15:21:36 ::1 GET /include/runnerJS/RunnerAll.js - 8087 - ::1 Mozilla/5.0+(Windows+NT+10.0;+Win64;+x64;+rv:72.0)+Gecko/20100101+Firefox/72.0 http://localhost:8087/login 304 0 0 45
2020-01-29 15:21:36 ::1 GET /include/lang/Spanish.js - 8087 - ::1 Mozilla/5.0+(Windows+NT+10.0;+Win64;+x64;+rv:72.0)+Gecko/20100101+Firefox/72.0 http://localhost:8087/login 304 0 0 60
2020-01-29 15:21:36 ::1 GET /styles/pages/.global_login.css - 8087 - ::1 Mozilla/5.0+(Windows+NT+10.0;+Win64;+x64;+rv:72.0)+Gecko/20100101+Firefox/72.0 http://localhost:8087/login 200 0 0 75
2020-01-29 15:21:36 ::1 GET /styles/bootstrap/default/small/style.css - 8087 - ::1 Mozilla/5.0+(Windows+NT+10.0;+Win64;+x64;+rv:72.0)+Gecko/20100101+Firefox/72.0 http://localhost:8087/login 200 0 0 149
2020-01-29 15:21:36 ::1 GET /include/runnerJS/events/globalevents.js - 8087 - ::1 Mozilla/5.0+(Windows+NT+10.0;+Win64;+x64;+rv:72.0)+Gecko/20100101+Firefox/72.0 http://localhost:8087/login 304 0 0 10
2020-01-29 15:21:36 ::1 GET /include/ajaxsuggest.js - 8087 - ::1 Mozilla/5.0+(Windows+NT+10.0;+Win64;+x64;+rv:72.0)+Gecko/20100101+Firefox/72.0 http://localhost:8087/login 304 0 0 11
2020-01-29 15:23:40 ::1 POST /login - 8087 - ::1 Mozilla/5.0+(Windows+NT+10.0;+Win64;+x64;+rv:72.0)+Gecko/20100101+Firefox/72.0 http://localhost:8087/login 302 0 0 675
2020-01-29 15:23:44 ::1 GET /menu - 8087 - ::1 Mozilla/5.0+(Windows+NT+10.0;+Win64;+x64;+rv:72.0)+Gecko/20100101+Firefox/72.0 http://localhost:8087/login 200 0 0 4741
2020-01-29 15:23:44 ::1 GET /styles/bootstrap/default/small/style.css - 8087 - ::1 Mozilla/5.0+(Windows+NT+10.0;+Win64;+x64;+rv:72.0)+Gecko/20100101+Firefox/72.0 http://localhost:8087/menu 304 0 0 31
2020-01-29 15:23:44 ::1 GET /include/lang/Spanish.js - 8087 - ::1 Mozilla/5.0+(Windows+NT+10.0;+Win64;+x64;+rv:72.0)+Gecko/20100101+Firefox/72.0 http://localhost:8087/menu 304 0 0 30
2020-01-29 15:23:44 ::1 GET /styles/pages/.global_menu.css - 8087 - ::1 Mozilla/5.0+(Windows+NT+10.0;+Win64;+x64;+rv:72.0)+Gecko/20100101+Firefox/72.0 http://localhost:8087/menu 200 0 0 30
2020-01-29 15:23:44 ::1 GET /include/loadfirst.js - 8087 - ::1 Mozilla/5.0+(Windows+NT+10.0;+Win64;+x64;+rv:72.0)+Gecko/20100101+Firefox/72.0 http://localhost:8087/menu 304 0 0 49
2020-01-29 15:23:44 ::1 GET /include/runnerJS/RunnerAll.js - 8087 - ::1 Mozilla/5.0+(Windows+NT+10.0;+Win64;+x64;+rv:72.0)+Gecko/20100101+Firefox/72.0 http://localhost:8087/menu 304 0 0 49
2020-01-29 15:23:44 ::1 GET /include/runnerJS/events/globalevents.js - 8087 - ::1 Mozilla/5.0+(Windows+NT+10.0;+Win64;+x64;+rv:72.0)+Gecko/20100101+Firefox/72.0 http://localhost:8087/menu 304 0 0 9
2020-01-29 15:23:44 ::1 GET /styles/bootstrap/fonts/glyphicons-halflings-regular.woff2 - 8087 - ::1 Mozilla/5.0+(Windows+NT+10.0;+Win64;+x64;+rv:72.0)+Gecko/20100101+Firefox/72.0 http://localhost:8087/styles/bootstrap/default/small/style.css 404 3 50 12
2020-01-29 15:23:44 ::1 GET /styles/bootstrap/fonts/glyphicons-halflings-regular.woff - 8087 - ::1 Mozilla/5.0+(Windows+NT+10.0;+Win64;+x64;+rv:72.0)+Gecko/20100101+Firefox/72.0 http://localhost:8087/styles/bootstrap/default/small/style.css 200 0 64 29
2020-01-29 15:36:13 127.0.0.1 GET / - 8087 - 127.0.0.1 Mozilla/5.0+(Windows+NT+6.1;+WOW64)+AppleWebKit/536.6+(KHTML,+like+Gecko)+Chrome/20.0.1092.0+Safari/536.6 - 200 0 0 28526
2020-01-29 15:40:23 ::1 GET / - 8087 - ::1 Mozilla/5.0+(Windows+NT+10.0;+Win64;+x64;+rv:72.0)+Gecko/20100101+Firefox/72.0 - 200 0 0 850
2020-01-29 15:40:23 ::1 GET /styles/pages/.global_login.css - 8087 - ::1 Mozilla/5.0+(Windows+NT+10.0;+Win64;+x64;+rv:72.0)+Gecko/20100101+Firefox/72.0 http://localhost:8087/ 200 0 0 112
2020-01-29 15:40:23 ::1 GET /include/lang/Spanish.js - 8087 - ::1 Mozilla/5.0+(Windows+NT+10.0;+Win64;+x64;+rv:72.0)+Gecko/20100101+Firefox/72.0 http://localhost:8087/ 200 0 0 128
2020-01-29 15:40:23 ::1 GET /styles/default.css - 8087 - ::1 Mozilla/5.0+(Windows+NT+10.0;+Win64;+x64;+rv:72.0)+Gecko/20100101+Firefox/72.0 http://localhost:8087/ 200 0 64 180
2020-01-29 15:40:23 ::1 GET /styles/bootstrap/default/small/style.css - 8087 - ::1 Mozilla/5.0+(Windows+NT+10.0;+Win64;+x64;+rv:72.0)+Gecko/20100101+Firefox/72.0 http://localhost:8087/ 200 0 0 226
2020-01-29 15:40:23 ::1 GET /include/loadfirst.js - 8087 - ::1 Mozilla/5.0+(Windows+NT+10.0;+Win64;+x64;+rv:72.0)+Gecko/20100101+Firefox/72.0 http://localhost:8087/ 200 0 0 422
2020-01-29 15:40:23 ::1 GET /include/runnerJS/RunnerAll.js - 8087 - ::1 Mozilla/5.0+(Windows+NT+10.0;+Win64;+x64;+rv:72.0)+Gecko/20100101+Firefox/72.0 http://localhost:8087/ 200 0 0 452
2020-01-29 15:40:24 ::1 GET /include/runnerJS/events/globalevents.js - 8087 - ::1 Mozilla/5.0+(Windows+NT+10.0;+Win64;+x64;+rv:72.0)+Gecko/20100101+Firefox/72.0 http://localhost:8087/ 200 0 0 14
2020-01-29 15:40:24 ::1 GET /include/ajaxsuggest.js - 8087 - ::1 Mozilla/5.0+(Windows+NT+10.0;+Win64;+x64;+rv:72.0)+Gecko/20100101+Firefox/72.0 http://localhost:8087/ 200 0 0 37
2020-01-29 15:40:24 ::1 GET /favicon.ico - 8087 - ::1 Mozilla/5.0+(Windows+NT+10.0;+Win64;+x64;+rv:72.0)+Gecko/20100101+Firefox/72.0 - 404 0 64 8
2020-01-29 15:40:56 ::1 POST /login - 8087 - ::1 Mozilla/5.0+(Windows+NT+10.0;+Win64;+x64;+rv:72.0)+Gecko/20100101+Firefox/72.0 http://localhost:8087/ 302 0 0 2211
2020-01-29 15:41:01 ::1 GET /menu - 8087 - ::1 Mozilla/5.0+(Windows+NT+10.0;+Win64;+x64;+rv:72.0)+Gecko/20100101+Firefox/72.0 http://localhost:8087/ 200 0 0 5508
2020-01-29 15:41:01 ::1 GET /include/loadfirst.js - 8087 - ::1 Mozilla/5.0+(Windows+NT+10.0;+Win64;+x64;+rv:72.0)+Gecko/20100101+Firefox/72.0 http://localhost:8087/menu 304 0 0 28
2020-01-29 15:41:01 ::1 GET /include/lang/Spanish.js - 8087 - ::1 Mozilla/5.0+(Windows+NT+10.0;+Win64;+x64;+rv:72.0)+Gecko/20100101+Firefox/72.0 http://localhost:8087/menu 304 0 0 34
2020-01-29 15:41:01 ::1 GET /styles/pages/.global_menu.css - 8087 - ::1 Mozilla/5.0+(Windows+NT+10.0;+Win64;+x64;+rv:72.0)+Gecko/20100101+Firefox/72.0 http://localhost:8087/menu 200 0 0 34
2020-01-29 15:41:01 ::1 GET /include/runnerJS/RunnerAll.js - 8087 - ::1 Mozilla/5.0+(Windows+NT+10.0;+Win64;+x64;+rv:72.0)+Gecko/20100101+Firefox/72.0 http://localhost:8087/menu 304 0 0 34
2020-01-29 15:41:01 ::1 GET /styles/bootstrap/default/small/style.css - 8087 - ::1 Mozilla/5.0+(Windows+NT+10.0;+Win64;+x64;+rv:72.0)+Gecko/20100101+Firefox/72.0 http://localhost:8087/menu 200 0 0 86
2020-01-29 15:41:01 ::1 GET /include/runnerJS/events/globalevents.js - 8087 - ::1 Mozilla/5.0+(Windows+NT+10.0;+Win64;+x64;+rv:72.0)+Gecko/20100101+Firefox/72.0 http://localhost:8087/menu 200 0 0 9
2020-01-29 15:41:01 ::1 GET /styles/bootstrap/fonts/glyphicons-halflings-regular.woff2 - 8087 - ::1 Mozilla/5.0+(Windows+NT+10.0;+Win64;+x64;+rv:72.0)+Gecko/20100101+Firefox/72.0 http://localhost:8087/styles/bootstrap/default/small/style.css 404 3 50 15
2020-01-29 15:41:01 ::1 GET /styles/bootstrap/fonts/glyphicons-halflings-regular.woff - 8087 - ::1 Mozilla/5.0+(Windows+NT+10.0;+Win64;+x64;+rv:72.0)+Gecko/20100101+Firefox/72.0 http://localhost:8087/styles/bootstrap/default/small/style.css 200 0 64 33
2020-01-29 15:41:59 ::1 GET /menu/ a=logout 8087 - ::1 Mozilla/5.0+(Windows+NT+10.0;+Win64;+x64;+rv:72.0)+Gecko/20100101+Firefox/72.0 http://localhost:8087/menu 302 0 0 329
2020-01-29 15:41:59 ::1 GET /login - 8087 - ::1 Mozilla/5.0+(Windows+NT+10.0;+Win64;+x64;+rv:72.0)+Gecko/20100101+Firefox/72.0 http://localhost:8087/menu 200 0 0 650
2020-01-29 15:41:59 ::1 GET /include/loadfirst.js - 8087 - ::1 Mozilla/5.0+(Windows+NT+10.0;+Win64;+x64;+rv:72.0)+Gecko/20100101+Firefox/72.0 http://localhost:8087/login 304 0 0 51
2020-01-29 15:41:59 ::1 GET /styles/pages/.global_login.css - 8087 - ::1 Mozilla/5.0+(Windows+NT+10.0;+Win64;+x64;+rv:72.0)+Gecko/20100101+Firefox/72.0 http://localhost:8087/login 200 0 0 51
2020-01-29 15:41:59 ::1 GET /include/lang/Spanish.js - 8087 - ::1 Mozilla/5.0+(Windows+NT+10.0;+Win64;+x64;+rv:72.0)+Gecko/20100101+Firefox/72.0 http://localhost:8087/login 304 0 0 96
2020-01-29 15:41:59 ::1 GET /include/runnerJS/RunnerAll.js - 8087 - ::1 Mozilla/5.0+(Windows+NT+10.0;+Win64;+x64;+rv:72.0)+Gecko/20100101+Firefox/72.0 http://localhost:8087/login 304 0 0 99
2020-01-29 15:41:59 ::1 GET /styles/bootstrap/default/small/style.css - 8087 - ::1 Mozilla/5.0+(Windows+NT+10.0;+Win64;+x64;+rv:72.0)+Gecko/20100101+Firefox/72.0 http://localhost:8087/login 200 0 0 134
2020-01-29 15:42:01 ::1 GET /include/runnerJS/events/globalevents.js - 8087 - ::1 Mozilla/5.0+(Windows+NT+10.0;+Win64;+x64;+rv:72.0)+Gecko/20100101+Firefox/72.0 http://localhost:8087/login 304 0 0 10
2020-01-29 15:42:01 ::1 GET /include/ajaxsuggest.js - 8087 - ::1 Mozilla/5.0+(Windows+NT+10.0;+Win64;+x64;+rv:72.0)+Gecko/20100101+Firefox/72.0 http://localhost:8087/login 200 0 0 40
2020-01-29 15:42:04 ::1 POST /login - 8087 - ::1 Mozilla/5.0+(Windows+NT+10.0;+Win64;+x64;+rv:72.0)+Gecko/20100101+Firefox/72.0 http://localhost:8087/login 302 0 0 516
2020-01-29 15:42:07 ::1 GET /menu - 8087 - ::1 Mozilla/5.0+(Windows+NT+10.0;+Win64;+x64;+rv:72.0)+Gecko/20100101+Firefox/72.0 http://localhost:8087/login 200 0 0 2943
2020-01-29 15:42:07 ::1 GET /styles/bootstrap/default/small/style.css - 8087 - ::1 Mozilla/5.0+(Windows+NT+10.0;+Win64;+x64;+rv:72.0)+Gecko/20100101+Firefox/72.0 http://localhost:8087/menu 304 0 0 30
2020-01-29 15:42:07 ::1 GET /styles/pages/.global_menu.css - 8087 - ::1 Mozilla/5.0+(Windows+NT+10.0;+Win64;+x64;+rv:72.0)+Gecko/20100101+Firefox/72.0 http://localhost:8087/menu 200 0 0 5
2020-01-29 15:42:07 ::1 GET /styles/bootstrap/fonts/glyphicons-halflings-regular.woff2 - 8087 - ::1 Mozilla/5.0+(Windows+NT+10.0;+Win64;+x64;+rv:72.0)+Gecko/20100101+Firefox/72.0 http://localhost:8087/styles/bootstrap/default/small/style.css 404 3 50 10
2020-01-29 15:42:26 ::1 GET /admin_rights/list - 8087 - ::1 Mozilla/5.0+(Windows+NT+10.0;+Win64;+x64;+rv:72.0)+Gecko/20100101+Firefox/72.0 http://localhost:8087/menu 200 0 0 7918
2020-01-29 15:42:26 ::1 GET /styles/bootstrap/default/css/tweaks.css - 8087 - ::1 Mozilla/5.0+(Windows+NT+10.0;+Win64;+x64;+rv:72.0)+Gecko/20100101+Firefox/72.0 http://localhost:8087/admin_rights/list 200 0 0 22
2020-01-29 15:42:26 ::1 GET /styles/bootstrap/default/css/bootstrap-theme.min.css - 8087 - ::1 Mozilla/5.0+(Windows+NT+10.0;+Win64;+x64;+rv:72.0)+Gecko/20100101+Firefox/72.0 http://localhost:8087/admin_rights/list 200 0 0 79
2020-01-29 15:42:26 ::1 GET /styles/bs.css - 8087 - ::1 Mozilla/5.0+(Windows+NT+10.0;+Win64;+x64;+rv:72.0)+Gecko/20100101+Firefox/72.0 http://localhost:8087/admin_rights/list 200 0 0 92
2020-01-29 15:42:26 ::1 GET /include/bootstrap/css/bootstrap.min.css - 8087 - ::1 Mozilla/5.0+(Windows+NT+10.0;+Win64;+x64;+rv:72.0)+Gecko/20100101+Firefox/72.0 http://localhost:8087/admin_rights/list 200 0 0 142
2020-01-29 15:42:26 ::1 GET /styles/bootstrap/fonts/glyphicons-halflings-regular.woff2 - 8087 - ::1 Mozilla/5.0+(Windows+NT+10.0;+Win64;+x64;+rv:72.0)+Gecko/20100101+Firefox/72.0 http://localhost:8087/include/bootstrap/css/bootstrap.min.css 404 3 50 3
2020-01-29 15:43:04 ::1 GET /admin_members/list - 8087 - ::1 Mozilla/5.0+(Windows+NT+10.0;+Win64;+x64;+rv:72.0)+Gecko/20100101+Firefox/72.0 http://localhost:8087/admin_rights/list 200 0 0 7108
2020-01-29 15:43:04 ::1 GET /include/lang/Spanish.js - 8087 - ::1 Mozilla/5.0+(Windows+NT+10.0;+Win64;+x64;+rv:72.0)+Gecko/20100101+Firefox/72.0 http://localhost:8087/admin_members/list 304 0 0 18
2020-01-29 15:43:04 ::1 GET /include/loadfirst.js - 8087 - ::1 Mozilla/5.0+(Windows+NT+10.0;+Win64;+x64;+rv:72.0)+Gecko/20100101+Firefox/72.0 http://localhost:8087/admin_members/list 304 0 0 18
2020-01-29 15:43:04 ::1 GET /include/runnerJS/RunnerAll.js - 8087 - ::1 Mozilla/5.0+(Windows+NT+10.0;+Win64;+x64;+rv:72.0)+Gecko/20100101+Firefox/72.0 http://localhost:8087/admin_members/list 304 0 0 42
2020-01-29 15:43:04 ::1 GET /include/ajaxsuggest.js - 8087 - ::1 Mozilla/5.0+(Windows+NT+10.0;+Win64;+x64;+rv:72.0)+Gecko/20100101+Firefox/72.0 http://localhost:8087/admin_members/list 304 0 0 24
2020-01-29 15:43:04 ::1 GET /styles/bootstrap/fonts/glyphicons-halflings-regular.woff2 - 8087 - ::1 Mozilla/5.0+(Windows+NT+10.0;+Win64;+x64;+rv:72.0)+Gecko/20100101+Firefox/72.0 http://localhost:8087/include/bootstrap/css/bootstrap.min.css 404 3 50 4
2020-01-29 15:43:23 ::1 POST /admin_members/list - 8087 - ::1 Mozilla/5.0+(Windows+NT+10.0;+Win64;+x64;+rv:72.0)+Gecko/20100101+Firefox/72.0 http://localhost:8087/admin_members/list 200 0 0 288
2020-01-29 15:43:39 ::1 GET /admin_members/list a=logout 8087 - ::1 Mozilla/5.0+(Windows+NT+10.0;+Win64;+x64;+rv:72.0)+Gecko/20100101+Firefox/72.0 http://localhost:8087/admin_members/list 302 0 0 415
2020-01-29 15:43:39 ::1 GET /login - 8087 - ::1 Mozilla/5.0+(Windows+NT+10.0;+Win64;+x64;+rv:72.0)+Gecko/20100101+Firefox/72.0 http://localhost:8087/admin_members/list 200 0 0 633
2020-01-29 15:43:39 ::1 GET /styles/pages/.global_login.css - 8087 - ::1 Mozilla/5.0+(Windows+NT+10.0;+Win64;+x64;+rv:72.0)+Gecko/20100101+Firefox/72.0 http://localhost:8087/login 304 0 0 34
2020-01-29 15:43:39 ::1 GET /styles/bootstrap/default/small/style.css - 8087 - ::1 Mozilla/5.0+(Windows+NT+10.0;+Win64;+x64;+rv:72.0)+Gecko/20100101+Firefox/72.0 http://localhost:8087/login 200 0 0 129
2020-01-29 15:43:40 ::1 GET /include/runnerJS/events/globalevents.js - 8087 - ::1 Mozilla/5.0+(Windows+NT+10.0;+Win64;+x64;+rv:72.0)+Gecko/20100101+Firefox/72.0 http://localhost:8087/login 304 0 0 10
2020-01-29 15:43:52 ::1 POST /login - 8087 - ::1 Mozilla/5.0+(Windows+NT+10.0;+Win64;+x64;+rv:72.0)+Gecko/20100101+Firefox/72.0 http://localhost:8087/login 302 0 0 472
2020-01-29 15:43:52 ::1 GET /menu - 8087 - ::1 Mozilla/5.0+(Windows+NT+10.0;+Win64;+x64;+rv:72.0)+Gecko/20100101+Firefox/72.0 http://localhost:8087/login 200 0 0 657
2020-01-29 15:43:52 ::1 GET /styles/pages/.global_menu.css - 8087 - ::1 Mozilla/5.0+(Windows+NT+10.0;+Win64;+x64;+rv:72.0)+Gecko/20100101+Firefox/72.0 http://localhost:8087/menu 304 0 0 47
2020-01-29 15:43:52 ::1 GET /include/runnerJS/RunnerAll.js - 8087 - ::1 Mozilla/5.0+(Windows+NT+10.0;+Win64;+x64;+rv:72.0)+Gecko/20100101+Firefox/72.0 http://localhost:8087/menu 304 0 0 47
2020-01-29 15:43:52 ::1 GET /include/loadfirst.js - 8087 - ::1 Mozilla/5.0+(Windows+NT+10.0;+Win64;+x64;+rv:72.0)+Gecko/20100101+Firefox/72.0 http://localhost:8087/menu 304 0 0 47
2020-01-29 15:43:52 ::1 GET /styles/bootstrap/default/small/style.css - 8087 - ::1 Mozilla/5.0+(Windows+NT+10.0;+Win64;+x64;+rv:72.0)+Gecko/20100101+Firefox/72.0 http://localhost:8087/menu 304 0 0 66
2020-01-29 15:43:52 ::1 GET /include/lang/Spanish.js - 8087 - ::1 Mozilla/5.0+(Windows+NT+10.0;+Win64;+x64;+rv:72.0)+Gecko/20100101+Firefox/72.0 http://localhost:8087/menu 304 0 0 65
2020-01-29 15:43:53 ::1 GET /styles/bootstrap/fonts/glyphicons-halflings-regular.woff2 - 8087 - ::1 Mozilla/5.0+(Windows+NT+10.0;+Win64;+x64;+rv:72.0)+Gecko/20100101+Firefox/72.0 http://localhost:8087/styles/bootstrap/default/small/style.css 404 3 50 11
2020-01-29 15:44:36 ::1 GET /VISTOBUENO_JEFEDEPARTAMENTO/list - 8087 - ::1 Mozilla/5.0+(Windows+NT+10.0;+Win64;+x64;+rv:72.0)+Gecko/20100101+Firefox/72.0 http://localhost:8087/menu 200 0 0 8915
2020-01-29 15:44:36 ::1 GET /styles/pages/VISTOBUENO_JEFEDEPARTAMENTO_list.css - 8087 - ::1 Mozilla/5.0+(Windows+NT+10.0;+Win64;+x64;+rv:72.0)+Gecko/20100101+Firefox/72.0 http://localhost:8087/VISTOBUENO_JEFEDEPARTAMENTO/list 200 0 0 36
2020-01-29 15:44:36 ::1 GET /include/jquery-ui/smoothness/jquery-ui.theme.min.css - 8087 - ::1 Mozilla/5.0+(Windows+NT+10.0;+Win64;+x64;+rv:72.0)+Gecko/20100101+Firefox/72.0 http://localhost:8087/VISTOBUENO_JEFEDEPARTAMENTO/list 200 0 0 148
2020-01-29 15:44:36 ::1 GET /include/bootstrap/css/bootstrap-datetimepicker.min.css - 8087 - ::1 Mozilla/5.0+(Windows+NT+10.0;+Win64;+x64;+rv:72.0)+Gecko/20100101+Firefox/72.0 http://localhost:8087/VISTOBUENO_JEFEDEPARTAMENTO/list 304 0 0 71
2020-01-29 15:44:36 ::1 GET /include/ajaxsuggest.js - 8087 - ::1 Mozilla/5.0+(Windows+NT+10.0;+Win64;+x64;+rv:72.0)+Gecko/20100101+Firefox/72.0 http://localhost:8087/VISTOBUENO_JEFEDEPARTAMENTO/list 304 0 0 6
2020-01-29 15:44:36 ::1 GET /styles/bootstrap/fonts/glyphicons-halflings-regular.woff2 - 8087 - ::1 Mozilla/5.0+(Windows+NT+10.0;+Win64;+x64;+rv:72.0)+Gecko/20100101+Firefox/72.0 http://localhost:8087/styles/bootstrap/default/small/style.css 404 3 50 4
2020-01-29 15:45:05 ::1 GET /VISTOBUENO_JEFEDEPARTAMENTO/list a=logout 8087 - ::1 Mozilla/5.0+(Windows+NT+10.0;+Win64;+x64;+rv:72.0)+Gecko/20100101+Firefox/72.0 http://localhost:8087/VISTOBUENO_JEFEDEPARTAMENTO/list 302 0 0 294
2020-01-29 15:45:05 ::1 GET /login - 8087 - ::1 Mozilla/5.0+(Windows+NT+10.0;+Win64;+x64;+rv:72.0)+Gecko/20100101+Firefox/72.0 http://localhost:8087/VISTOBUENO_JEFEDEPARTAMENTO/list 200 0 0 564
2020-01-29 15:45:05 ::1 GET /styles/bootstrap/default/small/style.css - 8087 - ::1 Mozilla/5.0+(Windows+NT+10.0;+Win64;+x64;+rv:72.0)+Gecko/20100101+Firefox/72.0 http://localhost:8087/login 304 0 0 53
2020-01-29 15:45:05 ::1 GET /include/loadfirst.js - 8087 - ::1 Mozilla/5.0+(Windows+NT+10.0;+Win64;+x64;+rv:72.0)+Gecko/20100101+Firefox/72.0 http://localhost:8087/login 304 0 0 52
2020-01-29 15:45:05 ::1 GET /include/runnerJS/RunnerAll.js - 8087 - ::1 Mozilla/5.0+(Windows+NT+10.0;+Win64;+x64;+rv:72.0)+Gecko/20100101+Firefox/72.0 http://localhost:8087/login 304 0 0 36
2020-01-29 15:45:05 ::1 GET /include/lang/Spanish.js - 8087 - ::1 Mozilla/5.0+(Windows+NT+10.0;+Win64;+x64;+rv:72.0)+Gecko/20100101+Firefox/72.0 http://localhost:8087/login 304 0 0 37
2020-01-29 15:45:05 ::1 GET /styles/pages/.global_login.css - 8087 - ::1 Mozilla/5.0+(Windows+NT+10.0;+Win64;+x64;+rv:72.0)+Gecko/20100101+Firefox/72.0 http://localhost:8087/login 200 0 0 37
2020-01-29 15:45:06 ::1 GET /include/runnerJS/events/globalevents.js - 8087 - ::1 Mozilla/5.0+(Windows+NT+10.0;+Win64;+x64;+rv:72.0)+Gecko/20100101+Firefox/72.0 http://localhost:8087/login 304 0 0 10
2020-01-29 15:45:08 ::1 POST /login - 8087 - ::1 Mozilla/5.0+(Windows+NT+10.0;+Win64;+x64;+rv:72.0)+Gecko/20100101+Firefox/72.0 http://localhost:8087/login 302 0 0 587
2020-01-29 15:45:09 ::1 GET /menu - 8087 - ::1 Mozilla/5.0+(Windows+NT+10.0;+Win64;+x64;+rv:72.0)+Gecko/20100101+Firefox/72.0 http://localhost:8087/login 200 0 0 996
2020-01-29 15:45:09 ::1 GET /styles/pages/.global_menu.css - 8087 - ::1 Mozilla/5.0+(Windows+NT+10.0;+Win64;+x64;+rv:72.0)+Gecko/20100101+Firefox/72.0 http://localhost:8087/menu 304 0 0 46
2020-01-29 15:45:09 ::1 GET /styles/bootstrap/fonts/glyphicons-halflings-regular.woff2 - 8087 - ::1 Mozilla/5.0+(Windows+NT+10.0;+Win64;+x64;+rv:72.0)+Gecko/20100101+Firefox/72.0 http://localhost:8087/styles/bootstrap/default/small/style.css 404 3 50 8
2020-01-29 15:45:21 ::1 GET /dbo_EMPLEADO/list - 8087 - ::1 Mozilla/5.0+(Windows+NT+10.0;+Win64;+x64;+rv:72.0)+Gecko/20100101+Firefox/72.0 http://localhost:8087/menu 200 0 0 8342
2020-01-29 15:45:21 ::1 GET /styles/pages/dbo_EMPLEADO_list.css - 8087 - ::1 Mozilla/5.0+(Windows+NT+10.0;+Win64;+x64;+rv:72.0)+Gecko/20100101+Firefox/72.0 http://localhost:8087/dbo_EMPLEADO/list 200 0 0 22
2020-01-29 15:45:21 ::1 GET /include/sudo/style.css - 8087 - ::1 Mozilla/5.0+(Windows+NT+10.0;+Win64;+x64;+rv:72.0)+Gecko/20100101+Firefox/72.0 http://localhost:8087/dbo_EMPLEADO/list 200 0 0 53
2020-01-29 15:45:21 ::1 GET /include/zoombox/zoombox.css - 8087 - ::1 Mozilla/5.0+(Windows+NT+10.0;+Win64;+x64;+rv:72.0)+Gecko/20100101+Firefox/72.0 http://localhost:8087/dbo_EMPLEADO/list 200 0 0 154
2020-01-29 15:45:21 ::1 GET /images/no_image.gif - 8087 - ::1 Mozilla/5.0+(Windows+NT+10.0;+Win64;+x64;+rv:72.0)+Gecko/20100101+Firefox/72.0 http://localhost:8087/dbo_EMPLEADO/list 200 0 0 24
2020-01-29 15:45:21 ::1 GET /styles/bootstrap/fonts/glyphicons-halflings-regular.woff2 - 8087 - ::1 Mozilla/5.0+(Windows+NT+10.0;+Win64;+x64;+rv:72.0)+Gecko/20100101+Firefox/72.0 http://localhost:8087/styles/bootstrap/default/small/style.css 404 3 50 4
2020-01-29 15:45:21 ::1 GET /include/sudo/jquery.sudoSlider.js - 8087 - ::1 Mozilla/5.0+(Windows+NT+10.0;+Win64;+x64;+rv:72.0)+Gecko/20100101+Firefox/72.0 http://localhost:8087/dbo_EMPLEADO/list 200 0 0 198
2020-01-29 15:45:21 ::1 GET /include/zoombox/zoombox.js - 8087 - ::1 Mozilla/5.0+(Windows+NT+10.0;+Win64;+x64;+rv:72.0)+Gecko/20100101+Firefox/72.0 http://localhost:8087/dbo_EMPLEADO/list 200 0 0 51
2020-01-29 15:45:41 ::1 GET /dbo_EMPLEADO/search - 8087 - ::1 Mozilla/5.0+(Windows+NT+10.0;+Win64;+x64;+rv:72.0)+Gecko/20100101+Firefox/72.0 http://localhost:8087/dbo_EMPLEADO/list 200 0 0 5262
2020-01-29 15:45:41 ::1 GET /styles/pages/dbo_EMPLEADO_search.css - 8087 - ::1 Mozilla/5.0+(Windows+NT+10.0;+Win64;+x64;+rv:72.0)+Gecko/20100101+Firefox/72.0 http://localhost:8087/dbo_EMPLEADO/search 200 0 0 89
2020-01-29 15:45:41 ::1 GET /include/sudo/style.css - 8087 - ::1 Mozilla/5.0+(Windows+NT+10.0;+Win64;+x64;+rv:72.0)+Gecko/20100101+Firefox/72.0 http://localhost:8087/dbo_EMPLEADO/search 200 0 0 117
2020-01-29 15:45:41 ::1 GET /include/zoombox/zoombox.css - 8087 - ::1 Mozilla/5.0+(Windows+NT+10.0;+Win64;+x64;+rv:72.0)+Gecko/20100101+Firefox/72.0 http://localhost:8087/dbo_EMPLEADO/search 200 0 64 151
2020-01-29 15:45:41 ::1 GET /include/ajaxsuggest.js - 8087 - ::1 Mozilla/5.0+(Windows+NT+10.0;+Win64;+x64;+rv:72.0)+Gecko/20100101+Firefox/72.0 http://localhost:8087/dbo_EMPLEADO/search 304 0 0 8
2020-01-29 15:45:52 ::1 GET /dbo_EMPLEADO/list a=return 8087 - ::1 Mozilla/5.0+(Windows+NT+10.0;+Win64;+x64;+rv:72.0)+Gecko/20100101+Firefox/72.0 http://localhost:8087/dbo_EMPLEADO/search 200 0 0 1473
2020-01-29 15:45:52 ::1 GET /include/sudo/style.css - 8087 - ::1 Mozilla/5.0+(Windows+NT+10.0;+Win64;+x64;+rv:72.0)+Gecko/20100101+Firefox/72.0 http://localhost:8087/dbo_EMPLEADO/list?a=return 304 0 0 59
2020-01-29 15:45:52 ::1 GET /styles/pages/dbo_EMPLEADO_list.css - 8087 - ::1 Mozilla/5.0+(Windows+NT+10.0;+Win64;+x64;+rv:72.0)+Gecko/20100101+Firefox/72.0 http://localhost:8087/dbo_EMPLEADO/list?a=return 200 0 0 48
2020-01-29 15:45:52 ::1 GET /styles/bootstrap/fonts/glyphicons-halflings-regular.woff2 - 8087 - ::1 Mozilla/5.0+(Windows+NT+10.0;+Win64;+x64;+rv:72.0)+Gecko/20100101+Firefox/72.0 http://localhost:8087/styles/bootstrap/default/small/style.css 404 3 50 6
2020-01-29 15:45:59 ::1 POST /searchsuggest/ table=dbo_EMPLEADO 8087 - ::1 Mozilla/5.0+(Windows+NT+10.0;+Win64;+x64;+rv:72.0)+Gecko/20100101+Firefox/72.0 http://localhost:8087/dbo_EMPLEADO/list?a=return 200 0 64 1941
2020-01-29 15:45:59 ::1 POST /searchsuggest/ table=dbo_EMPLEADO 8087 - ::1 Mozilla/5.0+(Windows+NT+10.0;+Win64;+x64;+rv:72.0)+Gecko/20100101+Firefox/72.0 http://localhost:8087/dbo_EMPLEADO/list?a=return 200 0 64 986
2020-01-29 15:46:02 ::1 GET /dbo_EMPLEADO/list qs=Veronica 8087 - ::1 Mozilla/5.0+(Windows+NT+10.0;+Win64;+x64;+rv:72.0)+Gecko/20100101+Firefox/72.0 http://localhost:8087/dbo_EMPLEADO/list?a=return 200 0 0 3135
2020-01-29 15:46:02 ::1 GET /styles/pages/dbo_EMPLEADO_list.css - 8087 - ::1 Mozilla/5.0+(Windows+NT+10.0;+Win64;+x64;+rv:72.0)+Gecko/20100101+Firefox/72.0 http://localhost:8087/dbo_EMPLEADO/list?qs=Veronica 200 0 0 67
2020-01-29 15:46:02 ::1 GET /styles/bootstrap/fonts/glyphicons-halflings-regular.woff2 - 8087 - ::1 Mozilla/5.0+(Windows+NT+10.0;+Win64;+x64;+rv:72.0)+Gecko/20100101+Firefox/72.0 http://localhost:8087/styles/bootstrap/default/small/style.css 404 3 50 3
2020-01-29 15:46:14 ::1 POST /searchsuggest/ table=dbo_EMPLEADO 8087 - ::1 Mozilla/5.0+(Windows+NT+10.0;+Win64;+x64;+rv:72.0)+Gecko/20100101+Firefox/72.0 http://localhost:8087/dbo_EMPLEADO/list?qs=Veronica 200 0 0 99
2020-01-29 15:46:19 ::1 POST /searchsuggest/ table=dbo_EMPLEADO 8087 - ::1 Mozilla/5.0+(Windows+NT+10.0;+Win64;+x64;+rv:72.0)+Gecko/20100101+Firefox/72.0 http://localhost:8087/dbo_EMPLEADO/list?qs=Veronica 200 0 0 1760
2020-01-29 15:46:19 ::1 POST /searchsuggest/ table=dbo_EMPLEADO 8087 - ::1 Mozilla/5.0+(Windows+NT+10.0;+Win64;+x64;+rv:72.0)+Gecko/20100101+Firefox/72.0 http://localhost:8087/dbo_EMPLEADO/list?qs=Veronica 200 0 0 1638
2020-01-29 15:46:20 ::1 POST /searchsuggest/ table=dbo_EMPLEADO 8087 - ::1 Mozilla/5.0+(Windows+NT+10.0;+Win64;+x64;+rv:72.0)+Gecko/20100101+Firefox/72.0 http://localhost:8087/dbo_EMPLEADO/list?qs=Veronica 200 0 0 365
2020-01-29 15:46:22 ::1 POST /searchsuggest/ table=dbo_EMPLEADO 8087 - ::1 Mozilla/5.0+(Windows+NT+10.0;+Win64;+x64;+rv:72.0)+Gecko/20100101+Firefox/72.0 http://localhost:8087/dbo_EMPLEADO/list?qs=Veronica 200 0 0 387
2020-01-29 15:46:33 ::1 POST /searchsuggest/ table=dbo_EMPLEADO 8087 - ::1 Mozilla/5.0+(Windows+NT+10.0;+Win64;+x64;+rv:72.0)+Gecko/20100101+Firefox/72.0 http://localhost:8087/dbo_EMPLEADO/list?qs=Veronica 200 0 0 78
2020-01-29 15:46:41 ::1 POST /searchsuggest/ table=dbo_EMPLEADO 8087 - ::1 Mozilla/5.0+(Windows+NT+10.0;+Win64;+x64;+rv:72.0)+Gecko/20100101+Firefox/72.0 http://localhost:8087/dbo_EMPLEADO/list?qs=Veronica 200 0 0 476
2020-01-29 15:46:42 ::1 POST /searchsuggest/ table=dbo_EMPLEADO 8087 - ::1 Mozilla/5.0+(Windows+NT+10.0;+Win64;+x64;+rv:72.0)+Gecko/20100101+Firefox/72.0 http://localhost:8087/dbo_EMPLEADO/list?qs=Veronica 200 0 0 563
2020-01-29 15:46:45 ::1 POST /searchsuggest/ table=dbo_EMPLEADO 8087 - ::1 Mozilla/5.0+(Windows+NT+10.0;+Win64;+x64;+rv:72.0)+Gecko/20100101+Firefox/72.0 http://localhost:8087/dbo_EMPLEADO/list?qs=Veronica 200 0 0 437
2020-01-29 15:46:47 ::1 GET /dbo_EMPLEADO/list qs=araujo&criteria=or 8087 - ::1 Mozilla/5.0+(Windows+NT+10.0;+Win64;+x64;+rv:72.0)+Gecko/20100101+Firefox/72.0 http://localhost:8087/dbo_EMPLEADO/list?qs=Veronica 200 0 0 1336
2020-01-29 15:46:47 ::1 GET /styles/bootstrap/default/small/style.css - 8087 - ::1 Mozilla/5.0+(Windows+NT+10.0;+Win64;+x64;+rv:72.0)+Gecko/20100101+Firefox/72.0 http://localhost:8087/dbo_EMPLEADO/list?qs=araujo&criteria=or 304 0 0 25
2020-01-29 15:46:47 ::1 GET /include/loadfirst.js - 8087 - ::1 Mozilla/5.0+(Windows+NT+10.0;+Win64;+x64;+rv:72.0)+Gecko/20100101+Firefox/72.0 http://localhost:8087/dbo_EMPLEADO/list?qs=araujo&criteria=or 304 0 0 27
2020-01-29 15:46:47 ::1 GET /include/runnerJS/RunnerAll.js - 8087 - ::1 Mozilla/5.0+(Windows+NT+10.0;+Win64;+x64;+rv:72.0)+Gecko/20100101+Firefox/72.0 http://localhost:8087/dbo_EMPLEADO/list?qs=araujo&criteria=or 304 0 0 79
2020-01-29 15:46:47 ::1 GET /include/lang/Spanish.js - 8087 - ::1 Mozilla/5.0+(Windows+NT+10.0;+Win64;+x64;+rv:72.0)+Gecko/20100101+Firefox/72.0 http://localhost:8087/dbo_EMPLEADO/list?qs=araujo&criteria=or 304 0 0 80
2020-01-29 15:46:47 ::1 GET /include/ajaxsuggest.js - 8087 - ::1 Mozilla/5.0+(Windows+NT+10.0;+Win64;+x64;+rv:72.0)+Gecko/20100101+Firefox/72.0 http://localhost:8087/dbo_EMPLEADO/list?qs=araujo&criteria=or 304 0 0 11
2020-01-29 15:46:47 ::1 GET /styles/bootstrap/fonts/glyphicons-halflings-regular.woff2 - 8087 - ::1 Mozilla/5.0+(Windows+NT+10.0;+Win64;+x64;+rv:72.0)+Gecko/20100101+Firefox/72.0 http://localhost:8087/styles/bootstrap/default/small/style.css 404 3 50 3
2020-01-29 15:48:18 ::1 GET /dbo_REGISTRO_HORAS_COMPESADAS/list - 8087 - ::1 Mozilla/5.0+(Windows+NT+10.0;+Win64;+x64;+rv:72.0)+Gecko/20100101+Firefox/72.0 http://localhost:8087/dbo_EMPLEADO/list?qs=araujo&criteria=or 200 0 0 4297
2020-01-29 15:48:18 ::1 GET /styles/bootstrap/default/small/style.css - 8087 - ::1 Mozilla/5.0+(Windows+NT+10.0;+Win64;+x64;+rv:72.0)+Gecko/20100101+Firefox/72.0 http://localhost:8087/dbo_REGISTRO_HORAS_COMPESADAS/list 304 0 0 42
2020-01-29 15:48:18 ::1 GET /include/lang/Spanish.js - 8087 - ::1 Mozilla/5.0+(Windows+NT+10.0;+Win64;+x64;+rv:72.0)+Gecko/20100101+Firefox/72.0 http://localhost:8087/dbo_REGISTRO_HORAS_COMPESADAS/list 304 0 0 47
2020-01-29 15:48:18 ::1 GET /include/bootstrap/css/bootstrap-datetimepicker.min.css - 8087 - ::1 Mozilla/5.0+(Windows+NT+10.0;+Win64;+x64;+rv:72.0)+Gecko/20100101+Firefox/72.0 http://localhost:8087/dbo_REGISTRO_HORAS_COMPESADAS/list 200 0 64 44
2020-01-29 15:48:18 ::1 GET /include/loadfirst.js - 8087 - ::1 Mozilla/5.0+(Windows+NT+10.0;+Win64;+x64;+rv:72.0)+Gecko/20100101+Firefox/72.0 http://localhost:8087/dbo_REGISTRO_HORAS_COMPESADAS/list 304 0 0 71
2020-01-29 15:48:18 ::1 GET /include/runnerJS/RunnerAll.js - 8087 - ::1 Mozilla/5.0+(Windows+NT+10.0;+Win64;+x64;+rv:72.0)+Gecko/20100101+Firefox/72.0 http://localhost:8087/dbo_REGISTRO_HORAS_COMPESADAS/list 304 0 0 46
2020-01-29 15:48:18 ::1 GET /styles/pages/dbo_REGISTRO_HORAS_COMPESADAS_list.css - 8087 - ::1 Mozilla/5.0+(Windows+NT+10.0;+Win64;+x64;+rv:72.0)+Gecko/20100101+Firefox/72.0 http://localhost:8087/dbo_REGISTRO_HORAS_COMPESADAS/list 200 0 0 65
2020-01-29 15:48:18 ::1 GET /include/ajaxsuggest.js - 8087 - ::1 Mozilla/5.0+(Windows+NT+10.0;+Win64;+x64;+rv:72.0)+Gecko/20100101+Firefox/72.0 http://localhost:8087/dbo_REGISTRO_HORAS_COMPESADAS/list 304 0 0 5
2020-01-29 15:48:18 ::1 GET /styles/bootstrap/fonts/glyphicons-halflings-regular.woff2 - 8087 - ::1 Mozilla/5.0+(Windows+NT+10.0;+Win64;+x64;+rv:72.0)+Gecko/20100101+Firefox/72.0 http://localhost:8087/styles/bootstrap/default/small/style.css 404 3 50 7
2020-01-29 15:50:33 ::1 GET /dbo_EMPLEADO/list - 8087 - ::1 Mozilla/5.0+(Windows+NT+10.0;+Win64;+x64;+rv:72.0)+Gecko/20100101+Firefox/72.0 http://localhost:8087/dbo_REGISTRO_HORAS_COMPESADAS/list 200 0 0 1482
2020-01-29 15:50:33 ::1 GET /include/loadfirst.js - 8087 - ::1 Mozilla/5.0+(Windows+NT+10.0;+Win64;+x64;+rv:72.0)+Gecko/20100101+Firefox/72.0 http://localhost:8087/dbo_EMPLEADO/list 304 0 0 32
2020-01-29 15:50:33 ::1 GET /include/lang/Spanish.js - 8087 - ::1 Mozilla/5.0+(Windows+NT+10.0;+Win64;+x64;+rv:72.0)+Gecko/20100101+Firefox/72.0 http://localhost:8087/dbo_EMPLEADO/list 304 0 0 32
2020-01-29 15:50:33 ::1 GET /styles/pages/dbo_EMPLEADO_list.css - 8087 - ::1 Mozilla/5.0+(Windows+NT+10.0;+Win64;+x64;+rv:72.0)+Gecko/20100101+Firefox/72.0 http://localhost:8087/dbo_EMPLEADO/list 304 0 0 44
2020-01-29 15:50:33 ::1 GET /styles/bootstrap/default/small/style.css - 8087 - ::1 Mozilla/5.0+(Windows+NT+10.0;+Win64;+x64;+rv:72.0)+Gecko/20100101+Firefox/72.0 http://localhost:8087/dbo_EMPLEADO/list 200 0 0 102
2020-01-29 15:50:33 ::1 GET /include/runnerJS/RunnerAll.js - 8087 - ::1 Mozilla/5.0+(Windows+NT+10.0;+Win64;+x64;+rv:72.0)+Gecko/20100101+Firefox/72.0 http://localhost:8087/dbo_EMPLEADO/list 304 0 0 26
2020-01-29 15:50:33 ::1 GET /include/ajaxsuggest.js - 8087 - ::1 Mozilla/5.0+(Windows+NT+10.0;+Win64;+x64;+rv:72.0)+Gecko/20100101+Firefox/72.0 http://localhost:8087/dbo_EMPLEADO/list 304 0 0 39
2020-01-29 15:50:33 ::1 GET /styles/bootstrap/fonts/glyphicons-halflings-regular.woff2 - 8087 - ::1 Mozilla/5.0+(Windows+NT+10.0;+Win64;+x64;+rv:72.0)+Gecko/20100101+Firefox/72.0 http://localhost:8087/styles/bootstrap/default/small/style.css 404 3 50 12
2020-01-29 15:50:50 ::1 GET /dbo_EMPLEADO/edit editid1=10301 8087 - ::1 Mozilla/5.0+(Windows+NT+10.0;+Win64;+x64;+rv:72.0)+Gecko/20100101+Firefox/72.0 http://localhost:8087/dbo_EMPLEADO/list 200 0 0 6775
2020-01-29 15:50:50 ::1 GET /styles/bootstrap/default/small/style.css - 8087 - ::1 Mozilla/5.0+(Windows+NT+10.0;+Win64;+x64;+rv:72.0)+Gecko/20100101+Firefox/72.0 http://localhost:8087/dbo_EMPLEADO/edit?editid1=10301 304 0 0 48
2020-01-29 15:50:50 ::1 GET /styles/pages/dbo_EMPLEADO_edit.css - 8087 - ::1 Mozilla/5.0+(Windows+NT+10.0;+Win64;+x64;+rv:72.0)+Gecko/20100101+Firefox/72.0 http://localhost:8087/dbo_EMPLEADO/edit?editid1=10301 200 0 0 56
2020-01-29 15:50:50 ::1 GET /styles/bootstrap/fonts/glyphicons-halflings-regular.woff2 - 8087 - ::1 Mozilla/5.0+(Windows+NT+10.0;+Win64;+x64;+rv:72.0)+Gecko/20100101+Firefox/72.0 http://localhost:8087/styles/bootstrap/default/small/style.css 404 3 50 6
2020-01-29 15:50:50 ::1 GET /include/mupload.js - 8087 - ::1 Mozilla/5.0+(Windows+NT+10.0;+Win64;+x64;+rv:72.0)+Gecko/20100101+Firefox/72.0 http://localhost:8087/dbo_EMPLEADO/edit?editid1=10301 200 0 0 89
2020-01-29 15:59:50 ::1 GET /dbo_EMPLEADO/list a=return 8087 - ::1 Mozilla/5.0+(Windows+NT+10.0;+Win64;+x64;+rv:72.0)+Gecko/20100101+Firefox/72.0 http://localhost:8087/dbo_EMPLEADO/edit?editid1=10301 200 0 0 4660
2020-01-29 15:59:50 ::1 GET /include/loadfirst.js - 8087 - ::1 Mozilla/5.0+(Windows+NT+10.0;+Win64;+x64;+rv:72.0)+Gecko/20100101+Firefox/72.0 http://localhost:8087/dbo_EMPLEADO/list?a=return 304 0 0 37
2020-01-29 15:59:50 ::1 GET /include/lang/Spanish.js - 8087 - ::1 Mozilla/5.0+(Windows+NT+10.0;+Win64;+x64;+rv:72.0)+Gecko/20100101+Firefox/72.0 http://localhost:8087/dbo_EMPLEADO/list?a=return 304 0 0 43
2020-01-29 15:59:50 ::1 GET /include/runnerJS/RunnerAll.js - 8087 - ::1 Mozilla/5.0+(Windows+NT+10.0;+Win64;+x64;+rv:72.0)+Gecko/20100101+Firefox/72.0 http://localhost:8087/dbo_EMPLEADO/list?a=return 304 0 0 41
2020-01-29 15:59:50 ::1 GET /styles/pages/dbo_EMPLEADO_list.css - 8087 - ::1 Mozilla/5.0+(Windows+NT+10.0;+Win64;+x64;+rv:72.0)+Gecko/20100101+Firefox/72.0 http://localhost:8087/dbo_EMPLEADO/list?a=return 200 0 0 70
2020-01-29 15:59:50 ::1 GET /styles/bootstrap/default/small/style.css - 8087 - ::1 Mozilla/5.0+(Windows+NT+10.0;+Win64;+x64;+rv:72.0)+Gecko/20100101+Firefox/72.0 http://localhost:8087/dbo_EMPLEADO/list?a=return 200 0 0 138
2020-01-29 15:59:50 ::1 GET /include/ajaxsuggest.js - 8087 - ::1 Mozilla/5.0+(Windows+NT+10.0;+Win64;+x64;+rv:72.0)+Gecko/20100101+Firefox/72.0 http://localhost:8087/dbo_EMPLEADO/list?a=return 304 0 0 27
2020-01-29 15:59:50 ::1 GET /include/sudo/jquery.sudoSlider.js - 8087 - ::1 Mozilla/5.0+(Windows+NT+10.0;+Win64;+x64;+rv:72.0)+Gecko/20100101+Firefox/72.0 http://localhost:8087/dbo_EMPLEADO/list?a=return 304 0 0 17
2020-01-29 15:59:50 ::1 GET /include/zoombox/zoombox.js - 8087 - ::1 Mozilla/5.0+(Windows+NT+10.0;+Win64;+x64;+rv:72.0)+Gecko/20100101+Firefox/72.0 http://localhost:8087/dbo_EMPLEADO/list?a=return 304 0 0 16
2020-01-29 15:59:50 ::1 GET /styles/bootstrap/fonts/glyphicons-halflings-regular.woff2 - 8087 - ::1 Mozilla/5.0+(Windows+NT+10.0;+Win64;+x64;+rv:72.0)+Gecko/20100101+Firefox/72.0 http://localhost:8087/styles/bootstrap/default/small/style.css 404 3 50 4
2020-01-29 16:11:14 127.0.0.1 GET / - 8087 - 127.0.0.1 Mozilla/5.0+(Windows+NT+6.1;+WOW64)+AppleWebKit/536.6+(KHTML,+like+Gecko)+Chrome/20.0.1092.0+Safari/536.6 - 200 0 0 30997
2020-01-29 16:11:14 ::1 GET / - 8087 - ::1 Mozilla/5.0+(Windows+NT+10.0;+Win64;+x64;+rv:72.0)+Gecko/20100101+Firefox/72.0 - 200 0 0 6133
2020-01-29 16:11:14 ::1 GET /styles/pages/.global_login.css - 8087 - ::1 Mozilla/5.0+(Windows+NT+10.0;+Win64;+x64;+rv:72.0)+Gecko/20100101+Firefox/72.0 http://localhost:8087/ 200 0 0 80
2020-01-29 16:11:14 ::1 GET /include/lang/Spanish.js - 8087 - ::1 Mozilla/5.0+(Windows+NT+10.0;+Win64;+x64;+rv:72.0)+Gecko/20100101+Firefox/72.0 http://localhost:8087/ 200 0 0 172
2020-01-29 16:11:14 ::1 GET /styles/bootstrap/default/small/style.css - 8087 - ::1 Mozilla/5.0+(Windows+NT+10.0;+Win64;+x64;+rv:72.0)+Gecko/20100101+Firefox/72.0 http://localhost:8087/ 200 0 0 265
2020-01-29 16:11:14 ::1 GET /include/loadfirst.js - 8087 - ::1 Mozilla/5.0+(Windows+NT+10.0;+Win64;+x64;+rv:72.0)+Gecko/20100101+Firefox/72.0 http://localhost:8087/ 200 0 0 318
2020-01-29 16:11:14 ::1 GET /include/runnerJS/RunnerAll.js - 8087 - ::1 Mozilla/5.0+(Windows+NT+10.0;+Win64;+x64;+rv:72.0)+Gecko/20100101+Firefox/72.0 http://localhost:8087/ 200 0 0 354
2020-01-29 16:11:14 ::1 GET /include/runnerJS/events/globalevents.js - 8087 - ::1 Mozilla/5.0+(Windows+NT+10.0;+Win64;+x64;+rv:72.0)+Gecko/20100101+Firefox/72.0 http://localhost:8087/ 200 0 0 11
2020-01-29 16:11:15 ::1 GET /include/ajaxsuggest.js - 8087 - ::1 Mozilla/5.0+(Windows+NT+10.0;+Win64;+x64;+rv:72.0)+Gecko/20100101+Firefox/72.0 http://localhost:8087/ 200 0 0 25
2020-01-29 16:11:15 ::1 GET /favicon.ico - 8087 - ::1 Mozilla/5.0+(Windows+NT+10.0;+Win64;+x64;+rv:72.0)+Gecko/20100101+Firefox/72.0 - 404 0 64 11
2020-01-29 16:11:37 ::1 POST /login - 8087 - ::1 Mozilla/5.0+(Windows+NT+10.0;+Win64;+x64;+rv:72.0)+Gecko/20100101+Firefox/72.0 http://localhost:8087/ 200 0 0 2330
2020-01-29 16:11:37 ::1 GET /styles/bootstrap/default/small/style.css - 8087 - ::1 Mozilla/5.0+(Windows+NT+10.0;+Win64;+x64;+rv:72.0)+Gecko/20100101+Firefox/72.0 http://localhost:8087/login 304 0 0 23
2020-01-29 16:11:37 ::1 GET /styles/pages/.global_login.css - 8087 - ::1 Mozilla/5.0+(Windows+NT+10.0;+Win64;+x64;+rv:72.0)+Gecko/20100101+Firefox/72.0 http://localhost:8087/login 304 0 0 25
2020-01-29 16:11:37 ::1 GET /include/runnerJS/RunnerAll.js - 8087 - ::1 Mozilla/5.0+(Windows+NT+10.0;+Win64;+x64;+rv:72.0)+Gecko/20100101+Firefox/72.0 http://localhost:8087/login 304 0 0 27
2020-01-29 16:11:37 ::1 GET /include/lang/Spanish.js - 8087 - ::1 Mozilla/5.0+(Windows+NT+10.0;+Win64;+x64;+rv:72.0)+Gecko/20100101+Firefox/72.0 http://localhost:8087/login 304 0 0 27
2020-01-29 16:11:37 ::1 GET /include/loadfirst.js - 8087 - ::1 Mozilla/5.0+(Windows+NT+10.0;+Win64;+x64;+rv:72.0)+Gecko/20100101+Firefox/72.0 http://localhost:8087/login 304 0 0 27
2020-01-29 16:11:37 ::1 GET /include/runnerJS/events/globalevents.js - 8087 - ::1 Mozilla/5.0+(Windows+NT+10.0;+Win64;+x64;+rv:72.0)+Gecko/20100101+Firefox/72.0 http://localhost:8087/login 304 0 0 13
2020-01-29 16:11:37 ::1 GET /include/ajaxsuggest.js - 8087 - ::1 Mozilla/5.0+(Windows+NT+10.0;+Win64;+x64;+rv:72.0)+Gecko/20100101+Firefox/72.0 http://localhost:8087/login 304 0 0 14
2020-01-29 16:12:10 ::1 POST /login - 8087 - ::1 Mozilla/5.0+(Windows+NT+10.0;+Win64;+x64;+rv:72.0)+Gecko/20100101+Firefox/72.0 http://localhost:8087/login 302 0 0 875
2020-01-29 16:12:15 ::1 GET /menu - 8087 - ::1 Mozilla/5.0+(Windows+NT+10.0;+Win64;+x64;+rv:72.0)+Gecko/20100101+Firefox/72.0 http://localhost:8087/login 200 0 0 5480
2020-01-29 16:12:15 ::1 GET /styles/bootstrap/default/small/style.css - 8087 - ::1 Mozilla/5.0+(Windows+NT+10.0;+Win64;+x64;+rv:72.0)+Gecko/20100101+Firefox/72.0 http://localhost:8087/menu 304 0 0 19
2020-01-29 16:12:15 ::1 GET /include/loadfirst.js - 8087 - ::1 Mozilla/5.0+(Windows+NT+10.0;+Win64;+x64;+rv:72.0)+Gecko/20100101+Firefox/72.0 http://localhost:8087/menu 304 0 0 19
2020-01-29 16:12:15 ::1 GET /include/lang/Spanish.js - 8087 - ::1 Mozilla/5.0+(Windows+NT+10.0;+Win64;+x64;+rv:72.0)+Gecko/20100101+Firefox/72.0 http://localhost:8087/menu 304 0 0 22
2020-01-29 16:12:15 ::1 GET /include/runnerJS/RunnerAll.js - 8087 - ::1 Mozilla/5.0+(Windows+NT+10.0;+Win64;+x64;+rv:72.0)+Gecko/20100101+Firefox/72.0 http://localhost:8087/menu 304 0 0 38
2020-01-29 16:12:15 ::1 GET /styles/pages/.global_menu.css - 8087 - ::1 Mozilla/5.0+(Windows+NT+10.0;+Win64;+x64;+rv:72.0)+Gecko/20100101+Firefox/72.0 http://localhost:8087/menu 200 0 0 40
2020-01-29 16:12:15 ::1 GET /styles/bootstrap/fonts/glyphicons-halflings-regular.woff2 - 8087 - ::1 Mozilla/5.0+(Windows+NT+10.0;+Win64;+x64;+rv:72.0)+Gecko/20100101+Firefox/72.0 http://localhost:8087/styles/bootstrap/default/small/style.css 404 3 50 16
2020-01-29 16:12:15 ::1 GET /include/runnerJS/events/globalevents.js - 8087 - ::1 Mozilla/5.0+(Windows+NT+10.0;+Win64;+x64;+rv:72.0)+Gecko/20100101+Firefox/72.0 http://localhost:8087/menu 304 0 0 8
#Software: Microsoft Internet Information Services 10.0
#Version: 1.0
#Date: 2020-01-29 16:45:33
#Fields: date time s-ip cs-method cs-uri-stem cs-uri-query s-port cs-username c-ip cs(User-Agent) cs(Referer) sc-status sc-substatus sc-win32-status time-taken
2020-01-29 16:45:33 ::1 GET /menu/ a=logout 8087 - ::1 Mozilla/5.0+(Windows+NT+10.0;+Win64;+x64;+rv:72.0)+Gecko/20100101+Firefox/72.0 http://localhost:8087/menu 302 0 0 3026
2020-01-29 16:45:33 ::1 GET /login - 8087 - ::1 Mozilla/5.0+(Windows+NT+10.0;+Win64;+x64;+rv:72.0)+Gecko/20100101+Firefox/72.0 http://localhost:8087/menu 200 0 0 643
2020-01-29 16:45:33 ::1 GET /styles/pages/.global_login.css - 8087 - ::1 Mozilla/5.0+(Windows+NT+10.0;+Win64;+x64;+rv:72.0)+Gecko/20100101+Firefox/72.0 http://localhost:8087/login 304 0 0 32
2020-01-29 16:45:33 ::1 GET /include/loadfirst.js - 8087 - ::1 Mozilla/5.0+(Windows+NT+10.0;+Win64;+x64;+rv:72.0)+Gecko/20100101+Firefox/72.0 http://localhost:8087/login 304 0 0 26
2020-01-29 16:45:33 ::1 GET /include/lang/Spanish.js - 8087 - ::1 Mozilla/5.0+(Windows+NT+10.0;+Win64;+x64;+rv:72.0)+Gecko/20100101+Firefox/72.0 http://localhost:8087/login 304 0 0 42
2020-01-29 16:45:33 ::1 GET /include/runnerJS/RunnerAll.js - 8087 - ::1 Mozilla/5.0+(Windows+NT+10.0;+Win64;+x64;+rv:72.0)+Gecko/20100101+Firefox/72.0 http://localhost:8087/login 304 0 0 43
2020-01-29 16:45:33 ::1 GET /styles/default.css - 8087 - ::1 Mozilla/5.0+(Windows+NT+10.0;+Win64;+x64;+rv:72.0)+Gecko/20100101+Firefox/72.0 http://localhost:8087/login 200 0 64 82
2020-01-29 16:45:34 ::1 GET /styles/bootstrap/default/small/style.css - 8087 - ::1 Mozilla/5.0+(Windows+NT+10.0;+Win64;+x64;+rv:72.0)+Gecko/20100101+Firefox/72.0 http://localhost:8087/login 200 0 0 116
2020-01-29 16:45:34 ::1 GET /include/runnerJS/events/globalevents.js - 8087 - ::1 Mozilla/5.0+(Windows+NT+10.0;+Win64;+x64;+rv:72.0)+Gecko/20100101+Firefox/72.0 http://localhost:8087/login 200 0 0 7
2020-01-29 16:45:34 ::1 GET /include/ajaxsuggest.js - 8087 - ::1 Mozilla/5.0+(Windows+NT+10.0;+Win64;+x64;+rv:72.0)+Gecko/20100101+Firefox/72.0 http://localhost:8087/login 304 0 0 6
2020-01-29 16:45:34 ::1 GET /favicon.ico - 8087 - ::1 Mozilla/5.0+(Windows+NT+10.0;+Win64;+x64;+rv:72.0)+Gecko/20100101+Firefox/72.0 - 404 0 64 17
2020-01-29 16:45:41 ::1 POST /login - 8087 - ::1 Mozilla/5.0+(Windows+NT+10.0;+Win64;+x64;+rv:72.0)+Gecko/20100101+Firefox/72.0 http://localhost:8087/login 302 0 0 690
2020-01-29 16:45:45 ::1 GET /menu - 8087 - ::1 Mozilla/5.0+(Windows+NT+10.0;+Win64;+x64;+rv:72.0)+Gecko/20100101+Firefox/72.0 http://localhost:8087/login 200 0 0 3351
2020-01-29 16:45:45 ::1 GET /styles/bootstrap/default/small/style.css - 8087 - ::1 Mozilla/5.0+(Windows+NT+10.0;+Win64;+x64;+rv:72.0)+Gecko/20100101+Firefox/72.0 http://localhost:8087/menu 304 0 0 34
2020-01-29 16:45:45 ::1 GET /styles/pages/.global_menu.css - 8087 - ::1 Mozilla/5.0+(Windows+NT+10.0;+Win64;+x64;+rv:72.0)+Gecko/20100101+Firefox/72.0 http://localhost:8087/menu 304 0 0 22
2020-01-29 16:45:45 ::1 GET /styles/bootstrap/fonts/glyphicons-halflings-regular.woff2 - 8087 - ::1 Mozilla/5.0+(Windows+NT+10.0;+Win64;+x64;+rv:72.0)+Gecko/20100101+Firefox/72.0 http://localhost:8087/styles/bootstrap/default/small/style.css 404 3 50 6
2020-01-29 16:46:06 ::1 GET /admin_rights/list - 8087 - ::1 Mozilla/5.0+(Windows+NT+10.0;+Win64;+x64;+rv:72.0)+Gecko/20100101+Firefox/72.0 http://localhost:8087/menu 200 0 0 8159
2020-01-29 16:46:06 ::1 GET /styles/bootstrap/default/css/tweaks.css - 8087 - ::1 Mozilla/5.0+(Windows+NT+10.0;+Win64;+x64;+rv:72.0)+Gecko/20100101+Firefox/72.0 http://localhost:8087/admin_rights/list 200 0 0 58
2020-01-29 16:46:06 ::1 GET /styles/bootstrap/default/css/bootstrap-theme.min.css - 8087 - ::1 Mozilla/5.0+(Windows+NT+10.0;+Win64;+x64;+rv:72.0)+Gecko/20100101+Firefox/72.0 http://localhost:8087/admin_rights/list 200 0 0 121
2020-01-29 16:46:06 ::1 GET /styles/bs.css - 8087 - ::1 Mozilla/5.0+(Windows+NT+10.0;+Win64;+x64;+rv:72.0)+Gecko/20100101+Firefox/72.0 http://localhost:8087/admin_rights/list 200 0 0 123
2020-01-29 16:46:06 ::1 GET /include/bootstrap/css/bootstrap.min.css - 8087 - ::1 Mozilla/5.0+(Windows+NT+10.0;+Win64;+x64;+rv:72.0)+Gecko/20100101+Firefox/72.0 http://localhost:8087/admin_rights/list 200 0 64 152
2020-01-29 16:46:06 ::1 GET /styles/bootstrap/fonts/glyphicons-halflings-regular.woff2 - 8087 - ::1 Mozilla/5.0+(Windows+NT+10.0;+Win64;+x64;+rv:72.0)+Gecko/20100101+Firefox/72.0 http://localhost:8087/include/bootstrap/css/bootstrap.min.css 404 3 50 4
2020-01-29 16:46:19 ::1 GET /admin_members/list - 8087 - ::1 Mozilla/5.0+(Windows+NT+10.0;+Win64;+x64;+rv:72.0)+Gecko/20100101+Firefox/72.0 http://localhost:8087/admin_rights/list 200 0 0 7278
2020-01-29 16:46:19 ::1 GET /styles/bs.css - 8087 - ::1 Mozilla/5.0+(Windows+NT+10.0;+Win64;+x64;+rv:72.0)+Gecko/20100101+Firefox/72.0 http://localhost:8087/admin_members/list 304 0 0 32
2020-01-29 16:46:19 ::1 GET /styles/bootstrap/default/css/bootstrap-theme.min.css - 8087 - ::1 Mozilla/5.0+(Windows+NT+10.0;+Win64;+x64;+rv:72.0)+Gecko/20100101+Firefox/72.0 http://localhost:8087/admin_members/list 304 0 0 38
2020-01-29 16:46:19 ::1 GET /styles/bootstrap/default/css/tweaks.css - 8087 - ::1 Mozilla/5.0+(Windows+NT+10.0;+Win64;+x64;+rv:72.0)+Gecko/20100101+Firefox/72.0 http://localhost:8087/admin_members/list 304 0 0 31
2020-01-29 16:46:19 ::1 GET /styles/bootstrap/fonts/glyphicons-halflings-regular.woff2 - 8087 - ::1 Mozilla/5.0+(Windows+NT+10.0;+Win64;+x64;+rv:72.0)+Gecko/20100101+Firefox/72.0 http://localhost:8087/include/bootstrap/css/bootstrap.min.css 404 3 50 4
2020-01-29 16:48:19 ::1 POST /admin_members/list - 8087 - ::1 Mozilla/5.0+(Windows+NT+10.0;+Win64;+x64;+rv:72.0)+Gecko/20100101+Firefox/72.0 http://localhost:8087/admin_members/list 200 0 0 789
2020-01-29 16:48:28 ::1 GET /admin_members/list a=logout 8087 - ::1 Mozilla/5.0+(Windows+NT+10.0;+Win64;+x64;+rv:72.0)+Gecko/20100101+Firefox/72.0 http://localhost:8087/admin_members/list 302 0 0 832
2020-01-29 16:48:28 ::1 GET /login - 8087 - ::1 Mozilla/5.0+(Windows+NT+10.0;+Win64;+x64;+rv:72.0)+Gecko/20100101+Firefox/72.0 http://localhost:8087/admin_members/list 200 0 0 614
2020-01-29 16:49:27 ::1 POST /login - 8087 - ::1 Mozilla/5.0+(Windows+NT+10.0;+Win64;+x64;+rv:72.0)+Gecko/20100101+Firefox/72.0 http://localhost:8087/login 302 0 0 541
2020-01-29 16:49:28 ::1 GET /menu - 8087 - ::1 Mozilla/5.0+(Windows+NT+10.0;+Win64;+x64;+rv:72.0)+Gecko/20100101+Firefox/72.0 http://localhost:8087/login 200 0 0 1023
2020-01-29 16:49:28 ::1 GET /styles/bootstrap/default/small/style.css - 8087 - ::1 Mozilla/5.0+(Windows+NT+10.0;+Win64;+x64;+rv:72.0)+Gecko/20100101+Firefox/72.0 http://localhost:8087/menu 304 0 0 57
2020-01-29 16:49:28 ::1 GET /styles/pages/.global_menu.css - 8087 - ::1 Mozilla/5.0+(Windows+NT+10.0;+Win64;+x64;+rv:72.0)+Gecko/20100101+Firefox/72.0 http://localhost:8087/menu 304 0 0 38
2020-01-29 16:49:28 ::1 GET /include/loadfirst.js - 8087 - ::1 Mozilla/5.0+(Windows+NT+10.0;+Win64;+x64;+rv:72.0)+Gecko/20100101+Firefox/72.0 http://localhost:8087/menu 304 0 0 58
2020-01-29 16:49:28 ::1 GET /include/lang/Spanish.js - 8087 - ::1 Mozilla/5.0+(Windows+NT+10.0;+Win64;+x64;+rv:72.0)+Gecko/20100101+Firefox/72.0 http://localhost:8087/menu 304 0 0 58
2020-01-29 16:49:28 ::1 GET /include/runnerJS/RunnerAll.js - 8087 - ::1 Mozilla/5.0+(Windows+NT+10.0;+Win64;+x64;+rv:72.0)+Gecko/20100101+Firefox/72.0 http://localhost:8087/menu 304 0 0 74
2020-01-29 16:49:28 ::1 GET /include/runnerJS/events/globalevents.js - 8087 - ::1 Mozilla/5.0+(Windows+NT+10.0;+Win64;+x64;+rv:72.0)+Gecko/20100101+Firefox/72.0 http://localhost:8087/menu 304 0 0 7
2020-01-29 16:49:28 ::1 GET /styles/bootstrap/fonts/glyphicons-halflings-regular.woff2 - 8087 - ::1 Mozilla/5.0+(Windows+NT+10.0;+Win64;+x64;+rv:72.0)+Gecko/20100101+Firefox/72.0 http://localhost:8087/styles/bootstrap/default/small/style.css 404 3 50 8
2020-01-29 16:49:33 ::1 GET /admin_rights/list - 8087 - ::1 Mozilla/5.0+(Windows+NT+10.0;+Win64;+x64;+rv:72.0)+Gecko/20100101+Firefox/72.0 http://localhost:8087/menu 200 0 0 374
2020-01-29 16:49:33 ::1 GET /include/ajaxsuggest.js - 8087 - ::1 Mozilla/5.0+(Windows+NT+10.0;+Win64;+x64;+rv:72.0)+Gecko/20100101+Firefox/72.0 http://localhost:8087/admin_rights/list 304 0 0 7
2020-01-29 16:49:33 ::1 GET /styles/bootstrap/fonts/glyphicons-halflings-regular.woff2 - 8087 - ::1 Mozilla/5.0+(Windows+NT+10.0;+Win64;+x64;+rv:72.0)+Gecko/20100101+Firefox/72.0 http://localhost:8087/include/bootstrap/css/bootstrap.min.css 404 3 50 6
2020-01-29 16:49:44 ::1 GET /admin_members/list - 8087 - ::1 Mozilla/5.0+(Windows+NT+10.0;+Win64;+x64;+rv:72.0)+Gecko/20100101+Firefox/72.0 http://localhost:8087/admin_rights/list 200 0 0 1793
2020-01-29 16:49:44 ::1 GET /styles/bootstrap/fonts/glyphicons-halflings-regular.woff2 - 8087 - ::1 Mozilla/5.0+(Windows+NT+10.0;+Win64;+x64;+rv:72.0)+Gecko/20100101+Firefox/72.0 http://localhost:8087/include/bootstrap/css/bootstrap.min.css 404 3 50 3
2020-01-29 16:50:05 ::1 POST /admin_members/list - 8087 - ::1 Mozilla/5.0+(Windows+NT+10.0;+Win64;+x64;+rv:72.0)+Gecko/20100101+Firefox/72.0 http://localhost:8087/admin_members/list 200 0 0 725
2020-01-29 16:50:42 ::1 POST /admin_members/list - 8087 - ::1 Mozilla/5.0+(Windows+NT+10.0;+Win64;+x64;+rv:72.0)+Gecko/20100101+Firefox/72.0 http://localhost:8087/admin_members/list 200 0 0 470
2020-01-29 16:56:05 ::1 POST /searchsuggest/ table=admin_members 8087 - ::1 Mozilla/5.0+(Windows+NT+10.0;+Win64;+x64;+rv:72.0)+Gecko/20100101+Firefox/72.0 http://localhost:8087/admin_members/list 200 0 0 3719
2020-01-29 16:56:07 ::1 POST /searchsuggest/ table=admin_members 8087 - ::1 Mozilla/5.0+(Windows+NT+10.0;+Win64;+x64;+rv:72.0)+Gecko/20100101+Firefox/72.0 http://localhost:8087/admin_members/list 200 0 0 2335
2020-01-29 16:56:09 ::1 POST /searchsuggest/ table=admin_members 8087 - ::1 Mozilla/5.0+(Windows+NT+10.0;+Win64;+x64;+rv:72.0)+Gecko/20100101+Firefox/72.0 http://localhost:8087/admin_members/list 200 0 64 2621
2020-01-29 16:56:11 ::1 POST /searchsuggest/ table=admin_members 8087 - ::1 Mozilla/5.0+(Windows+NT+10.0;+Win64;+x64;+rv:72.0)+Gecko/20100101+Firefox/72.0 http://localhost:8087/admin_members/list 200 0 64 7789
2020-01-29 16:56:14 ::1 GET /admin_members/list qs=fernando&page=list 8087 - ::1 Mozilla/5.0+(Windows+NT+10.0;+Win64;+x64;+rv:72.0)+Gecko/20100101+Firefox/72.0 http://localhost:8087/admin_members/list 200 0 0 4563
2020-01-29 16:56:14 ::1 GET /include/loadfirst.js - 8087 - ::1 Mozilla/5.0+(Windows+NT+10.0;+Win64;+x64;+rv:72.0)+Gecko/20100101+Firefox/72.0 http://localhost:8087/admin_members/list?qs=fernando&page=list 304 0 0 45
2020-01-29 16:56:14 ::1 GET /include/lang/Spanish.js - 8087 - ::1 Mozilla/5.0+(Windows+NT+10.0;+Win64;+x64;+rv:72.0)+Gecko/20100101+Firefox/72.0 http://localhost:8087/admin_members/list?qs=fernando&page=list 304 0 0 33
2020-01-29 16:56:14 ::1 GET /include/runnerJS/RunnerAll.js - 8087 - ::1 Mozilla/5.0+(Windows+NT+10.0;+Win64;+x64;+rv:72.0)+Gecko/20100101+Firefox/72.0 http://localhost:8087/admin_members/list?qs=fernando&page=list 304 0 0 33
2020-01-29 16:56:14 ::1 GET /include/ajaxsuggest.js - 8087 - ::1 Mozilla/5.0+(Windows+NT+10.0;+Win64;+x64;+rv:72.0)+Gecko/20100101+Firefox/72.0 http://localhost:8087/admin_members/list?qs=fernando&page=list 304 0 0 5
2020-01-29 16:56:14 ::1 GET /styles/bootstrap/fonts/glyphicons-halflings-regular.woff2 - 8087 - ::1 Mozilla/5.0+(Windows+NT+10.0;+Win64;+x64;+rv:72.0)+Gecko/20100101+Firefox/72.0 http://localhost:8087/include/bootstrap/css/bootstrap.min.css 404 3 50 6
2020-01-29 16:57:05 ::1 POST /admin_members/list qs=fernando&page=list 8087 - ::1 Mozilla/5.0+(Windows+NT+10.0;+Win64;+x64;+rv:72.0)+Gecko/20100101+Firefox/72.0 http://localhost:8087/admin_members/list?qs=fernando&page=list 200 0 0 759
2020-01-29 16:57:26 ::1 GET /menu/ - 8087 - ::1 Mozilla/5.0+(Windows+NT+10.0;+Win64;+x64;+rv:72.0)+Gecko/20100101+Firefox/72.0 http://localhost:8087/admin_members/list?qs=fernando&page=list 200 0 0 1196
2020-01-29 16:57:26 ::1 GET /styles/pages/.global_menu.css - 8087 - ::1 Mozilla/5.0+(Windows+NT+10.0;+Win64;+x64;+rv:72.0)+Gecko/20100101+Firefox/72.0 http://localhost:8087/menu/ 304 0 0 56
2020-01-29 16:57:26 ::1 GET /styles/bootstrap/default/small/style.css - 8087 - ::1 Mozilla/5.0+(Windows+NT+10.0;+Win64;+x64;+rv:72.0)+Gecko/20100101+Firefox/72.0 http://localhost:8087/menu/ 200 0 0 101
2020-01-29 16:57:26 ::1 GET /include/runnerJS/events/globalevents.js - 8087 - ::1 Mozilla/5.0+(Windows+NT+10.0;+Win64;+x64;+rv:72.0)+Gecko/20100101+Firefox/72.0 http://localhost:8087/menu/ 304 0 0 8
2020-01-29 16:57:26 ::1 GET /styles/bootstrap/fonts/glyphicons-halflings-regular.woff2 - 8087 - ::1 Mozilla/5.0+(Windows+NT+10.0;+Win64;+x64;+rv:72.0)+Gecko/20100101+Firefox/72.0 http://localhost:8087/styles/bootstrap/default/small/style.css 404 3 50 6
2020-01-29 16:57:44 ::1 GET /admin_rights/list - 8087 - ::1 Mozilla/5.0+(Windows+NT+10.0;+Win64;+x64;+rv:72.0)+Gecko/20100101+Firefox/72.0 http://localhost:8087/menu/ 200 0 0 932
2020-01-29 16:57:44 ::1 GET /styles/bootstrap/fonts/glyphicons-halflings-regular.woff2 - 8087 - ::1 Mozilla/5.0+(Windows+NT+10.0;+Win64;+x64;+rv:72.0)+Gecko/20100101+Firefox/72.0 http://localhost:8087/include/bootstrap/css/bootstrap.min.css 404 3 50 4
2020-01-29 16:57:59 ::1 GET /admin_members/list - 8087 - ::1 Mozilla/5.0+(Windows+NT+10.0;+Win64;+x64;+rv:72.0)+Gecko/20100101+Firefox/72.0 http://localhost:8087/admin_rights/list 200 0 0 2014
2020-01-29 16:57:59 ::1 GET /styles/bootstrap/fonts/glyphicons-halflings-regular.woff2 - 8087 - ::1 Mozilla/5.0+(Windows+NT+10.0;+Win64;+x64;+rv:72.0)+Gecko/20100101+Firefox/72.0 http://localhost:8087/include/bootstrap/css/bootstrap.min.css 404 3 50 3
#Software: Microsoft Internet Information Services 10.0
#Version: 1.0
#Date: 2020-01-29 20:30:55
#Fields: date time s-ip cs-method cs-uri-stem cs-uri-query s-port cs-username c-ip cs(User-Agent) cs(Referer) sc-status sc-substatus sc-win32-status time-taken
2020-01-29 20:30:55 ::1 GET / - 8087 - ::1 Mozilla/5.0+(Windows+NT+10.0;+Win64;+x64;+rv:72.0)+Gecko/20100101+Firefox/72.0 - 500 0 0 16582
2020-01-29 20:32:15 ::1 GET / - 8087 - ::1 Mozilla/5.0+(Windows+NT+10.0;+Win64;+x64;+rv:72.0)+Gecko/20100101+Firefox/72.0 - 500 0 0 25872
