#Software: Microsoft Internet Information Services 10.0
#Version: 1.0
#Date: 2020-02-05 04:22:02
#Fields: date time s-ip cs-method cs-uri-stem cs-uri-query s-port cs-username c-ip cs(User-Agent) cs(Referer) sc-status sc-substatus sc-win32-status time-taken
2020-02-05 04:22:02 127.0.0.1 GET / - 8086 - 127.0.0.1 Mozilla/5.0+(Windows+NT+6.1;+WOW64)+AppleWebKit/536.6+(KHTML,+like+Gecko)+Chrome/20.0.1092.0+Safari/536.6 - 200 0 0 38223
2020-02-05 04:22:02 ::1 GET / - 8086 - ::1 Mozilla/5.0+(Windows+NT+10.0;+Win64;+x64;+rv:72.0)+Gecko/20100101+Firefox/72.0 - 200 0 0 22333
2020-02-05 04:22:02 ::1 GET /styles/pages/.global_login.css - 8086 - ::1 Mozilla/5.0+(Windows+NT+10.0;+Win64;+x64;+rv:72.0)+Gecko/20100101+Firefox/72.0 http://localhost:8086/ 200 0 0 84
2020-02-05 04:22:02 ::1 GET /styles/default.css - 8086 - ::1 Mozilla/5.0+(Windows+NT+10.0;+Win64;+x64;+rv:72.0)+Gecko/20100101+Firefox/72.0 http://localhost:8086/ 200 0 64 148
2020-02-05 04:22:02 ::1 GET /include/jquery-ui/smoothness/jquery-ui.min.css - 8086 - ::1 Mozilla/5.0+(Windows+NT+10.0;+Win64;+x64;+rv:72.0)+Gecko/20100101+Firefox/72.0 http://localhost:8086/ 200 0 64 150
2020-02-05 04:22:02 ::1 GET /styles/font-awesome/css/font-awesome.min.css - 8086 - ::1 Mozilla/5.0+(Windows+NT+10.0;+Win64;+x64;+rv:72.0)+Gecko/20100101+Firefox/72.0 http://localhost:8086/ 200 0 64 150
2020-02-05 04:22:02 ::1 GET /include/bootstrap/css/jquery.mCustomScrollbar.css - 8086 - ::1 Mozilla/5.0+(Windows+NT+10.0;+Win64;+x64;+rv:72.0)+Gecko/20100101+Firefox/72.0 http://localhost:8086/ 200 0 64 264
2020-02-05 04:22:02 ::1 GET /include/lang/Spanish.js - 8086 - ::1 Mozilla/5.0+(Windows+NT+10.0;+Win64;+x64;+rv:72.0)+Gecko/20100101+Firefox/72.0 http://localhost:8086/ 200 0 0 49
2020-02-05 04:22:02 ::1 GET /styles/bootstrap/default/small/style.css - 8086 - ::1 Mozilla/5.0+(Windows+NT+10.0;+Win64;+x64;+rv:72.0)+Gecko/20100101+Firefox/72.0 http://localhost:8086/ 200 0 0 401
2020-02-05 04:22:02 ::1 GET /include/loadfirst.js - 8086 - ::1 Mozilla/5.0+(Windows+NT+10.0;+Win64;+x64;+rv:72.0)+Gecko/20100101+Firefox/72.0 http://localhost:8086/ 200 0 0 378
2020-02-05 04:22:02 ::1 GET /include/runnerJS/RunnerAll.js - 8086 - ::1 Mozilla/5.0+(Windows+NT+10.0;+Win64;+x64;+rv:72.0)+Gecko/20100101+Firefox/72.0 http://localhost:8086/ 200 0 0 355
2020-02-05 04:22:04 ::1 GET /include/runnerJS/events/globalevents.js - 8086 - ::1 Mozilla/5.0+(Windows+NT+10.0;+Win64;+x64;+rv:72.0)+Gecko/20100101+Firefox/72.0 http://localhost:8086/ 200 0 0 8
2020-02-05 04:22:04 ::1 GET /include/ajaxsuggest.js - 8086 - ::1 Mozilla/5.0+(Windows+NT+10.0;+Win64;+x64;+rv:72.0)+Gecko/20100101+Firefox/72.0 http://localhost:8086/ 200 0 0 61
2020-02-05 04:22:04 ::1 GET /favicon.ico - 8086 - ::1 Mozilla/5.0+(Windows+NT+10.0;+Win64;+x64;+rv:72.0)+Gecko/20100101+Firefox/72.0 - 404 0 64 39
2020-02-05 04:22:26 ::1 POST /login - 8086 - ::1 Mozilla/5.0+(Windows+NT+10.0;+Win64;+x64;+rv:72.0)+Gecko/20100101+Firefox/72.0 http://localhost:8086/ 302 0 0 2496
2020-02-05 04:22:36 ::1 GET /menu - 8086 - ::1 Mozilla/5.0+(Windows+NT+10.0;+Win64;+x64;+rv:72.0)+Gecko/20100101+Firefox/72.0 http://localhost:8086/ 200 0 0 9879
2020-02-05 04:22:36 ::1 GET /include/loadfirst.js - 8086 - ::1 Mozilla/5.0+(Windows+NT+10.0;+Win64;+x64;+rv:72.0)+Gecko/20100101+Firefox/72.0 http://localhost:8086/menu 304 0 0 22
2020-02-05 04:22:36 ::1 GET /styles/bootstrap/default/small/style.css - 8086 - ::1 Mozilla/5.0+(Windows+NT+10.0;+Win64;+x64;+rv:72.0)+Gecko/20100101+Firefox/72.0 http://localhost:8086/menu 304 0 0 36
2020-02-05 04:22:36 ::1 GET /include/lang/Spanish.js - 8086 - ::1 Mozilla/5.0+(Windows+NT+10.0;+Win64;+x64;+rv:72.0)+Gecko/20100101+Firefox/72.0 http://localhost:8086/menu 304 0 0 49
2020-02-05 04:22:36 ::1 GET /include/runnerJS/RunnerAll.js - 8086 - ::1 Mozilla/5.0+(Windows+NT+10.0;+Win64;+x64;+rv:72.0)+Gecko/20100101+Firefox/72.0 http://localhost:8086/menu 304 0 0 49
2020-02-05 04:22:36 ::1 GET /styles/pages/.global_menu.css - 8086 - ::1 Mozilla/5.0+(Windows+NT+10.0;+Win64;+x64;+rv:72.0)+Gecko/20100101+Firefox/72.0 http://localhost:8086/menu 200 0 0 50
2020-02-05 04:22:36 ::1 GET /include/runnerJS/events/globalevents.js - 8086 - ::1 Mozilla/5.0+(Windows+NT+10.0;+Win64;+x64;+rv:72.0)+Gecko/20100101+Firefox/72.0 http://localhost:8086/menu 200 0 0 4
2020-02-05 04:22:36 ::1 GET /styles/bootstrap/fonts/glyphicons-halflings-regular.woff2 - 8086 - ::1 Mozilla/5.0+(Windows+NT+10.0;+Win64;+x64;+rv:72.0)+Gecko/20100101+Firefox/72.0 http://localhost:8086/styles/bootstrap/default/small/style.css 404 3 50 131
2020-02-05 04:22:36 ::1 GET /styles/bootstrap/fonts/glyphicons-halflings-regular.woff - 8086 - ::1 Mozilla/5.0+(Windows+NT+10.0;+Win64;+x64;+rv:72.0)+Gecko/20100101+Firefox/72.0 http://localhost:8086/styles/bootstrap/default/small/style.css 200 0 64 48
2020-02-05 04:23:17 ::1 GET /dbo_Permisos2/list - 8086 - ::1 Mozilla/5.0+(Windows+NT+10.0;+Win64;+x64;+rv:72.0)+Gecko/20100101+Firefox/72.0 http://localhost:8086/menu 200 0 0 15175
2020-02-05 04:23:17 ::1 GET /styles/bootstrap/default/small/style.css - 8086 - ::1 Mozilla/5.0+(Windows+NT+10.0;+Win64;+x64;+rv:72.0)+Gecko/20100101+Firefox/72.0 http://localhost:8086/dbo_Permisos2/list 304 0 0 5
2020-02-05 04:23:17 ::1 GET /include/loadfirst.js - 8086 - ::1 Mozilla/5.0+(Windows+NT+10.0;+Win64;+x64;+rv:72.0)+Gecko/20100101+Firefox/72.0 http://localhost:8086/dbo_Permisos2/list 304 0 0 7
2020-02-05 04:23:17 ::1 GET /include/lang/Spanish.js - 8086 - ::1 Mozilla/5.0+(Windows+NT+10.0;+Win64;+x64;+rv:72.0)+Gecko/20100101+Firefox/72.0 http://localhost:8086/dbo_Permisos2/list 304 0 0 7
2020-02-05 04:23:17 ::1 GET /include/runnerJS/RunnerAll.js - 8086 - ::1 Mozilla/5.0+(Windows+NT+10.0;+Win64;+x64;+rv:72.0)+Gecko/20100101+Firefox/72.0 http://localhost:8086/dbo_Permisos2/list 304 0 0 11
2020-02-05 04:23:17 ::1 GET /styles/pages/dbo_Permisos2_list.css - 8086 - ::1 Mozilla/5.0+(Windows+NT+10.0;+Win64;+x64;+rv:72.0)+Gecko/20100101+Firefox/72.0 http://localhost:8086/dbo_Permisos2/list 200 0 0 206
2020-02-05 04:23:17 ::1 GET /include/bootstrap/css/bootstrap-datetimepicker.min.css - 8086 - ::1 Mozilla/5.0+(Windows+NT+10.0;+Win64;+x64;+rv:72.0)+Gecko/20100101+Firefox/72.0 http://localhost:8086/dbo_Permisos2/list 200 0 0 222
2020-02-05 04:23:17 ::1 GET /include/jquery-ui/smoothness/jquery-ui.theme.min.css - 8086 - ::1 Mozilla/5.0+(Windows+NT+10.0;+Win64;+x64;+rv:72.0)+Gecko/20100101+Firefox/72.0 http://localhost:8086/dbo_Permisos2/list 200 0 0 232
2020-02-05 04:23:17 ::1 GET /include/ajaxsuggest.js - 8086 - ::1 Mozilla/5.0+(Windows+NT+10.0;+Win64;+x64;+rv:72.0)+Gecko/20100101+Firefox/72.0 http://localhost:8086/dbo_Permisos2/list 304 0 0 15
2020-02-05 04:23:17 ::1 GET /styles/bootstrap/fonts/glyphicons-halflings-regular.woff2 - 8086 - ::1 Mozilla/5.0+(Windows+NT+10.0;+Win64;+x64;+rv:72.0)+Gecko/20100101+Firefox/72.0 http://localhost:8086/styles/bootstrap/default/small/style.css 404 3 50 15
2020-02-05 04:23:32 ::1 GET /APROBAR_COMPESADOS/list - 8086 - ::1 Mozilla/5.0+(Windows+NT+10.0;+Win64;+x64;+rv:72.0)+Gecko/20100101+Firefox/72.0 http://localhost:8086/dbo_Permisos2/list 200 0 0 6954
2020-02-05 04:23:32 ::1 GET /styles/pages/APROBAR_COMPESADOS_list.css - 8086 - ::1 Mozilla/5.0+(Windows+NT+10.0;+Win64;+x64;+rv:72.0)+Gecko/20100101+Firefox/72.0 http://localhost:8086/APROBAR_COMPESADOS/list 200 0 0 53
2020-02-05 04:23:32 ::1 GET /styles/bootstrap/fonts/glyphicons-halflings-regular.woff2 - 8086 - ::1 Mozilla/5.0+(Windows+NT+10.0;+Win64;+x64;+rv:72.0)+Gecko/20100101+Firefox/72.0 http://localhost:8086/styles/bootstrap/default/small/style.css 404 3 50 3
2020-02-05 04:26:17 ::1 GET /dbo_Permisos2/list - 8086 - ::1 Mozilla/5.0+(Windows+NT+10.0;+Win64;+x64;+rv:72.0)+Gecko/20100101+Firefox/72.0 http://localhost:8086/APROBAR_COMPESADOS/list 200 0 0 1365
2020-02-05 04:26:17 ::1 GET /styles/bootstrap/default/small/style.css - 8086 - ::1 Mozilla/5.0+(Windows+NT+10.0;+Win64;+x64;+rv:72.0)+Gecko/20100101+Firefox/72.0 http://localhost:8086/dbo_Permisos2/list 304 0 0 45
2020-02-05 04:26:17 ::1 GET /include/runnerJS/RunnerAll.js - 8086 - ::1 Mozilla/5.0+(Windows+NT+10.0;+Win64;+x64;+rv:72.0)+Gecko/20100101+Firefox/72.0 http://localhost:8086/dbo_Permisos2/list 304 0 0 44
2020-02-05 04:26:17 ::1 GET /include/loadfirst.js - 8086 - ::1 Mozilla/5.0+(Windows+NT+10.0;+Win64;+x64;+rv:72.0)+Gecko/20100101+Firefox/72.0 http://localhost:8086/dbo_Permisos2/list 304 0 0 48
2020-02-05 04:26:17 ::1 GET /include/lang/Spanish.js - 8086 - ::1 Mozilla/5.0+(Windows+NT+10.0;+Win64;+x64;+rv:72.0)+Gecko/20100101+Firefox/72.0 http://localhost:8086/dbo_Permisos2/list 304 0 0 48
2020-02-05 04:26:17 ::1 GET /styles/pages/dbo_Permisos2_list.css - 8086 - ::1 Mozilla/5.0+(Windows+NT+10.0;+Win64;+x64;+rv:72.0)+Gecko/20100101+Firefox/72.0 http://localhost:8086/dbo_Permisos2/list 200 0 0 77
2020-02-05 04:26:17 ::1 GET /include/ajaxsuggest.js - 8086 - ::1 Mozilla/5.0+(Windows+NT+10.0;+Win64;+x64;+rv:72.0)+Gecko/20100101+Firefox/72.0 http://localhost:8086/dbo_Permisos2/list 304 0 0 14
2020-02-05 04:26:17 ::1 GET /styles/bootstrap/fonts/glyphicons-halflings-regular.woff2 - 8086 - ::1 Mozilla/5.0+(Windows+NT+10.0;+Win64;+x64;+rv:72.0)+Gecko/20100101+Firefox/72.0 http://localhost:8086/styles/bootstrap/default/small/style.css 404 3 50 14
2020-02-05 04:26:29 ::1 GET /dbo_Permisos2/add - 8086 - ::1 Mozilla/5.0+(Windows+NT+10.0;+Win64;+x64;+rv:72.0)+Gecko/20100101+Firefox/72.0 http://localhost:8086/dbo_Permisos2/list 200 0 0 3726
2020-02-05 04:26:29 ::1 GET /styles/pages/dbo_Permisos2_add.css - 8086 - ::1 Mozilla/5.0+(Windows+NT+10.0;+Win64;+x64;+rv:72.0)+Gecko/20100101+Firefox/72.0 http://localhost:8086/dbo_Permisos2/add 200 0 0 78
2020-02-05 04:26:29 ::1 GET /include/zoombox/zoombox.css - 8086 - ::1 Mozilla/5.0+(Windows+NT+10.0;+Win64;+x64;+rv:72.0)+Gecko/20100101+Firefox/72.0 http://localhost:8086/dbo_Permisos2/add 200 0 0 87
2020-02-05 04:26:29 ::1 GET /styles/bootstrap/fonts/glyphicons-halflings-regular.woff2 - 8086 - ::1 Mozilla/5.0+(Windows+NT+10.0;+Win64;+x64;+rv:72.0)+Gecko/20100101+Firefox/72.0 http://localhost:8086/styles/bootstrap/default/small/style.css 404 3 50 3
2020-02-05 04:26:29 ::1 GET /include/button_Guia_de_Permisos.js - 8086 - ::1 Mozilla/5.0+(Windows+NT+10.0;+Win64;+x64;+rv:72.0)+Gecko/20100101+Firefox/72.0 http://localhost:8086/dbo_Permisos2/add 200 0 0 57
2020-02-05 04:26:29 ::1 GET /include/button_Ver_Instrutivo.js - 8086 - ::1 Mozilla/5.0+(Windows+NT+10.0;+Win64;+x64;+rv:72.0)+Gecko/20100101+Firefox/72.0 http://localhost:8086/dbo_Permisos2/add 200 0 0 53
2020-02-05 04:26:29 ::1 GET /include/mupload.js - 8086 - ::1 Mozilla/5.0+(Windows+NT+10.0;+Win64;+x64;+rv:72.0)+Gecko/20100101+Firefox/72.0 http://localhost:8086/dbo_Permisos2/add 200 0 0 98
2020-02-05 04:26:29 ::1 GET /include/zoombox/zoombox.js - 8086 - ::1 Mozilla/5.0+(Windows+NT+10.0;+Win64;+x64;+rv:72.0)+Gecko/20100101+Firefox/72.0 http://localhost:8086/dbo_Permisos2/add 200 0 0 139
2020-02-05 04:27:54 ::1 POST /dbo_Permisos2/add page=add&submit=1& 8086 - ::1 Mozilla/5.0+(Windows+NT+10.0;+Win64;+x64;+rv:72.0)+Gecko/20100101+Firefox/72.0 http://localhost:8086/dbo_Permisos2/add 200 0 0 1792
2020-02-05 04:27:54 ::1 GET /styles/pages/dbo_Permisos2_add.css - 8086 - ::1 Mozilla/5.0+(Windows+NT+10.0;+Win64;+x64;+rv:72.0)+Gecko/20100101+Firefox/72.0 http://localhost:8086/dbo_Permisos2/add?page=add&submit=1& 304 0 0 31
2020-02-05 04:27:54 ::1 GET /styles/bootstrap/default/small/style.css - 8086 - ::1 Mozilla/5.0+(Windows+NT+10.0;+Win64;+x64;+rv:72.0)+Gecko/20100101+Firefox/72.0 http://localhost:8086/dbo_Permisos2/add?page=add&submit=1& 304 0 0 39
2020-02-05 04:27:54 ::1 GET /include/loadfirst.js - 8086 - ::1 Mozilla/5.0+(Windows+NT+10.0;+Win64;+x64;+rv:72.0)+Gecko/20100101+Firefox/72.0 http://localhost:8086/dbo_Permisos2/add?page=add&submit=1& 304 0 0 53
2020-02-05 04:27:54 ::1 GET /include/lang/Spanish.js - 8086 - ::1 Mozilla/5.0+(Windows+NT+10.0;+Win64;+x64;+rv:72.0)+Gecko/20100101+Firefox/72.0 http://localhost:8086/dbo_Permisos2/add?page=add&submit=1& 304 0 0 53
2020-02-05 04:27:54 ::1 GET /include/runnerJS/RunnerAll.js - 8086 - ::1 Mozilla/5.0+(Windows+NT+10.0;+Win64;+x64;+rv:72.0)+Gecko/20100101+Firefox/72.0 http://localhost:8086/dbo_Permisos2/add?page=add&submit=1& 304 0 0 60
2020-02-05 04:27:54 ::1 GET /include/button_Guia_de_Permisos.js - 8086 - ::1 Mozilla/5.0+(Windows+NT+10.0;+Win64;+x64;+rv:72.0)+Gecko/20100101+Firefox/72.0 http://localhost:8086/dbo_Permisos2/add?page=add&submit=1& 304 0 0 24
2020-02-05 04:27:54 ::1 GET /include/mupload.js - 8086 - ::1 Mozilla/5.0+(Windows+NT+10.0;+Win64;+x64;+rv:72.0)+Gecko/20100101+Firefox/72.0 http://localhost:8086/dbo_Permisos2/add?page=add&submit=1& 304 0 0 18
2020-02-05 04:27:54 ::1 GET /include/ajaxsuggest.js - 8086 - ::1 Mozilla/5.0+(Windows+NT+10.0;+Win64;+x64;+rv:72.0)+Gecko/20100101+Firefox/72.0 http://localhost:8086/dbo_Permisos2/add?page=add&submit=1& 304 0 0 18
2020-02-05 04:27:54 ::1 GET /include/button_Ver_Instrutivo.js - 8086 - ::1 Mozilla/5.0+(Windows+NT+10.0;+Win64;+x64;+rv:72.0)+Gecko/20100101+Firefox/72.0 http://localhost:8086/dbo_Permisos2/add?page=add&submit=1& 304 0 0 18
2020-02-05 04:27:54 ::1 GET /styles/bootstrap/fonts/glyphicons-halflings-regular.woff2 - 8086 - ::1 Mozilla/5.0+(Windows+NT+10.0;+Win64;+x64;+rv:72.0)+Gecko/20100101+Firefox/72.0 http://localhost:8086/styles/bootstrap/default/small/style.css 404 3 50 6
2020-02-05 04:37:37 127.0.0.1 GET / - 8086 - 127.0.0.1 Mozilla/5.0+(Windows+NT+6.1;+WOW64)+AppleWebKit/536.6+(KHTML,+like+Gecko)+Chrome/20.0.1092.0+Safari/536.6 - 200 0 0 29585
2020-02-05 04:38:22 ::1 GET / - 8086 - ::1 Mozilla/5.0+(Windows+NT+10.0;+Win64;+x64;+rv:72.0)+Gecko/20100101+Firefox/72.0 - 200 0 0 1195
2020-02-05 04:38:22 ::1 GET /styles/pages/.global_login.css - 8086 - ::1 Mozilla/5.0+(Windows+NT+10.0;+Win64;+x64;+rv:72.0)+Gecko/20100101+Firefox/72.0 http://localhost:8086/ 200 0 0 96
2020-02-05 04:38:22 ::1 GET /include/lang/Spanish.js - 8086 - ::1 Mozilla/5.0+(Windows+NT+10.0;+Win64;+x64;+rv:72.0)+Gecko/20100101+Firefox/72.0 http://localhost:8086/ 200 0 0 103
2020-02-05 04:38:22 ::1 GET /styles/bootstrap/default/small/style.css - 8086 - ::1 Mozilla/5.0+(Windows+NT+10.0;+Win64;+x64;+rv:72.0)+Gecko/20100101+Firefox/72.0 http://localhost:8086/ 200 0 0 214
2020-02-05 04:38:22 ::1 GET /include/loadfirst.js - 8086 - ::1 Mozilla/5.0+(Windows+NT+10.0;+Win64;+x64;+rv:72.0)+Gecko/20100101+Firefox/72.0 http://localhost:8086/ 200 0 0 281
2020-02-05 04:38:22 ::1 GET /include/runnerJS/RunnerAll.js - 8086 - ::1 Mozilla/5.0+(Windows+NT+10.0;+Win64;+x64;+rv:72.0)+Gecko/20100101+Firefox/72.0 http://localhost:8086/ 200 0 0 312
2020-02-05 04:38:22 ::1 GET /include/runnerJS/events/globalevents.js - 8086 - ::1 Mozilla/5.0+(Windows+NT+10.0;+Win64;+x64;+rv:72.0)+Gecko/20100101+Firefox/72.0 http://localhost:8086/ 200 0 0 9
2020-02-05 04:38:22 ::1 GET /include/ajaxsuggest.js - 8086 - ::1 Mozilla/5.0+(Windows+NT+10.0;+Win64;+x64;+rv:72.0)+Gecko/20100101+Firefox/72.0 http://localhost:8086/ 200 0 0 12
2020-02-05 04:38:29 ::1 POST /login - 8086 - ::1 Mozilla/5.0+(Windows+NT+10.0;+Win64;+x64;+rv:72.0)+Gecko/20100101+Firefox/72.0 http://localhost:8086/ 302 0 0 2582
2020-02-05 04:38:37 ::1 GET /menu - 8086 - ::1 Mozilla/5.0+(Windows+NT+10.0;+Win64;+x64;+rv:72.0)+Gecko/20100101+Firefox/72.0 http://localhost:8086/ 200 0 0 7484
2020-02-05 04:38:37 ::1 GET /styles/bootstrap/default/small/style.css - 8086 - ::1 Mozilla/5.0+(Windows+NT+10.0;+Win64;+x64;+rv:72.0)+Gecko/20100101+Firefox/72.0 http://localhost:8086/menu 304 0 0 28
2020-02-05 04:38:37 ::1 GET /include/loadfirst.js - 8086 - ::1 Mozilla/5.0+(Windows+NT+10.0;+Win64;+x64;+rv:72.0)+Gecko/20100101+Firefox/72.0 http://localhost:8086/menu 304 0 0 15
2020-02-05 04:38:37 ::1 GET /include/lang/Spanish.js - 8086 - ::1 Mozilla/5.0+(Windows+NT+10.0;+Win64;+x64;+rv:72.0)+Gecko/20100101+Firefox/72.0 http://localhost:8086/menu 304 0 0 22
2020-02-05 04:38:37 ::1 GET /include/runnerJS/RunnerAll.js - 8086 - ::1 Mozilla/5.0+(Windows+NT+10.0;+Win64;+x64;+rv:72.0)+Gecko/20100101+Firefox/72.0 http://localhost:8086/menu 304 0 0 23
2020-02-05 04:38:37 ::1 GET /styles/pages/.global_menu.css - 8086 - ::1 Mozilla/5.0+(Windows+NT+10.0;+Win64;+x64;+rv:72.0)+Gecko/20100101+Firefox/72.0 http://localhost:8086/menu 200 0 0 58
2020-02-05 04:38:37 ::1 GET /include/runnerJS/events/globalevents.js - 8086 - ::1 Mozilla/5.0+(Windows+NT+10.0;+Win64;+x64;+rv:72.0)+Gecko/20100101+Firefox/72.0 http://localhost:8086/menu 304 0 0 18
2020-02-05 04:38:37 ::1 GET /styles/bootstrap/fonts/glyphicons-halflings-regular.woff2 - 8086 - ::1 Mozilla/5.0+(Windows+NT+10.0;+Win64;+x64;+rv:72.0)+Gecko/20100101+Firefox/72.0 http://localhost:8086/styles/bootstrap/default/small/style.css 404 3 50 7
2020-02-05 04:38:57 ::1 GET /dbo_Permisos2/list - 8086 - ::1 Mozilla/5.0+(Windows+NT+10.0;+Win64;+x64;+rv:72.0)+Gecko/20100101+Firefox/72.0 http://localhost:8086/menu 200 0 0 13320
2020-02-05 04:38:57 ::1 GET /styles/bootstrap/default/small/style.css - 8086 - ::1 Mozilla/5.0+(Windows+NT+10.0;+Win64;+x64;+rv:72.0)+Gecko/20100101+Firefox/72.0 http://localhost:8086/dbo_Permisos2/list 304 0 0 27
2020-02-05 04:38:57 ::1 GET /include/runnerJS/RunnerAll.js - 8086 - ::1 Mozilla/5.0+(Windows+NT+10.0;+Win64;+x64;+rv:72.0)+Gecko/20100101+Firefox/72.0 http://localhost:8086/dbo_Permisos2/list 304 0 0 15
2020-02-05 04:38:57 ::1 GET /include/loadfirst.js - 8086 - ::1 Mozilla/5.0+(Windows+NT+10.0;+Win64;+x64;+rv:72.0)+Gecko/20100101+Firefox/72.0 http://localhost:8086/dbo_Permisos2/list 304 0 0 34
2020-02-05 04:38:57 ::1 GET /include/lang/Spanish.js - 8086 - ::1 Mozilla/5.0+(Windows+NT+10.0;+Win64;+x64;+rv:72.0)+Gecko/20100101+Firefox/72.0 http://localhost:8086/dbo_Permisos2/list 304 0 0 34
2020-02-05 04:38:57 ::1 GET /styles/pages/dbo_Permisos2_list.css - 8086 - ::1 Mozilla/5.0+(Windows+NT+10.0;+Win64;+x64;+rv:72.0)+Gecko/20100101+Firefox/72.0 http://localhost:8086/dbo_Permisos2/list 200 0 0 58
2020-02-05 04:38:57 ::1 GET /include/ajaxsuggest.js - 8086 - ::1 Mozilla/5.0+(Windows+NT+10.0;+Win64;+x64;+rv:72.0)+Gecko/20100101+Firefox/72.0 http://localhost:8086/dbo_Permisos2/list 304 0 0 11
2020-02-05 04:38:57 ::1 GET /styles/bootstrap/fonts/glyphicons-halflings-regular.woff2 - 8086 - ::1 Mozilla/5.0+(Windows+NT+10.0;+Win64;+x64;+rv:72.0)+Gecko/20100101+Firefox/72.0 http://localhost:8086/styles/bootstrap/default/small/style.css 404 3 50 5
2020-02-05 04:39:40 ::1 GET /dbo_Permisos2/add - 8086 - ::1 Mozilla/5.0+(Windows+NT+10.0;+Win64;+x64;+rv:72.0)+Gecko/20100101+Firefox/72.0 http://localhost:8086/dbo_Permisos2/list 200 0 0 4775
2020-02-05 04:39:40 ::1 GET /styles/bootstrap/default/small/style.css - 8086 - ::1 Mozilla/5.0+(Windows+NT+10.0;+Win64;+x64;+rv:72.0)+Gecko/20100101+Firefox/72.0 http://localhost:8086/dbo_Permisos2/add 304 0 0 25
2020-02-05 04:39:40 ::1 GET /include/runnerJS/RunnerAll.js - 8086 - ::1 Mozilla/5.0+(Windows+NT+10.0;+Win64;+x64;+rv:72.0)+Gecko/20100101+Firefox/72.0 http://localhost:8086/dbo_Permisos2/add 304 0 0 24
2020-02-05 04:39:40 ::1 GET /include/lang/Spanish.js - 8086 - ::1 Mozilla/5.0+(Windows+NT+10.0;+Win64;+x64;+rv:72.0)+Gecko/20100101+Firefox/72.0 http://localhost:8086/dbo_Permisos2/add 304 0 0 44
2020-02-05 04:39:40 ::1 GET /include/loadfirst.js - 8086 - ::1 Mozilla/5.0+(Windows+NT+10.0;+Win64;+x64;+rv:72.0)+Gecko/20100101+Firefox/72.0 http://localhost:8086/dbo_Permisos2/add 304 0 0 44
2020-02-05 04:39:40 ::1 GET /styles/pages/dbo_Permisos2_add.css - 8086 - ::1 Mozilla/5.0+(Windows+NT+10.0;+Win64;+x64;+rv:72.0)+Gecko/20100101+Firefox/72.0 http://localhost:8086/dbo_Permisos2/add 200 0 0 112
2020-02-05 04:39:40 ::1 GET /include/ajaxsuggest.js - 8086 - ::1 Mozilla/5.0+(Windows+NT+10.0;+Win64;+x64;+rv:72.0)+Gecko/20100101+Firefox/72.0 http://localhost:8086/dbo_Permisos2/add 304 0 0 7
2020-02-05 04:39:40 ::1 GET /include/button_Ver_Instrutivo.js - 8086 - ::1 Mozilla/5.0+(Windows+NT+10.0;+Win64;+x64;+rv:72.0)+Gecko/20100101+Firefox/72.0 http://localhost:8086/dbo_Permisos2/add 200 0 0 36
2020-02-05 04:39:40 ::1 GET /include/button_Guia_de_Permisos.js - 8086 - ::1 Mozilla/5.0+(Windows+NT+10.0;+Win64;+x64;+rv:72.0)+Gecko/20100101+Firefox/72.0 http://localhost:8086/dbo_Permisos2/add 200 0 0 36
2020-02-05 04:39:40 ::1 GET /styles/bootstrap/fonts/glyphicons-halflings-regular.woff2 - 8086 - ::1 Mozilla/5.0+(Windows+NT+10.0;+Win64;+x64;+rv:72.0)+Gecko/20100101+Firefox/72.0 http://localhost:8086/styles/bootstrap/default/small/style.css 404 3 50 26
2020-02-05 04:39:40 ::1 GET /include/mupload.js - 8086 - ::1 Mozilla/5.0+(Windows+NT+10.0;+Win64;+x64;+rv:72.0)+Gecko/20100101+Firefox/72.0 http://localhost:8086/dbo_Permisos2/add 200 0 0 63
2020-02-05 04:40:53 ::1 POST /dbo_Permisos2/add page=add&submit=1& 8086 - ::1 Mozilla/5.0+(Windows+NT+10.0;+Win64;+x64;+rv:72.0)+Gecko/20100101+Firefox/72.0 http://localhost:8086/dbo_Permisos2/add 200 0 0 1843
2020-02-05 04:40:53 ::1 GET /styles/bootstrap/default/small/style.css - 8086 - ::1 Mozilla/5.0+(Windows+NT+10.0;+Win64;+x64;+rv:72.0)+Gecko/20100101+Firefox/72.0 http://localhost:8086/dbo_Permisos2/add?page=add&submit=1& 304 0 0 37
2020-02-05 04:40:53 ::1 GET /include/runnerJS/RunnerAll.js - 8086 - ::1 Mozilla/5.0+(Windows+NT+10.0;+Win64;+x64;+rv:72.0)+Gecko/20100101+Firefox/72.0 http://localhost:8086/dbo_Permisos2/add?page=add&submit=1& 304 0 0 92
2020-02-05 04:40:53 ::1 GET /include/loadfirst.js - 8086 - ::1 Mozilla/5.0+(Windows+NT+10.0;+Win64;+x64;+rv:72.0)+Gecko/20100101+Firefox/72.0 http://localhost:8086/dbo_Permisos2/add?page=add&submit=1& 304 0 0 92
2020-02-05 04:40:53 ::1 GET /styles/pages/dbo_Permisos2_add.css - 8086 - ::1 Mozilla/5.0+(Windows+NT+10.0;+Win64;+x64;+rv:72.0)+Gecko/20100101+Firefox/72.0 http://localhost:8086/dbo_Permisos2/add?page=add&submit=1& 304 0 0 92
2020-02-05 04:40:53 ::1 GET /include/lang/Spanish.js - 8086 - ::1 Mozilla/5.0+(Windows+NT+10.0;+Win64;+x64;+rv:72.0)+Gecko/20100101+Firefox/72.0 http://localhost:8086/dbo_Permisos2/add?page=add&submit=1& 304 0 0 96
2020-02-05 04:40:53 ::1 GET /styles/bootstrap/fonts/glyphicons-halflings-regular.woff2 - 8086 - ::1 Mozilla/5.0+(Windows+NT+10.0;+Win64;+x64;+rv:72.0)+Gecko/20100101+Firefox/72.0 http://localhost:8086/styles/bootstrap/default/small/style.css 404 3 50 9
2020-02-05 04:40:53 ::1 GET /include/button_Guia_de_Permisos.js - 8086 - ::1 Mozilla/5.0+(Windows+NT+10.0;+Win64;+x64;+rv:72.0)+Gecko/20100101+Firefox/72.0 http://localhost:8086/dbo_Permisos2/add?page=add&submit=1& 304 0 0 35
2020-02-05 04:40:53 ::1 GET /include/button_Ver_Instrutivo.js - 8086 - ::1 Mozilla/5.0+(Windows+NT+10.0;+Win64;+x64;+rv:72.0)+Gecko/20100101+Firefox/72.0 http://localhost:8086/dbo_Permisos2/add?page=add&submit=1& 304 0 0 28
2020-02-05 04:40:53 ::1 GET /include/mupload.js - 8086 - ::1 Mozilla/5.0+(Windows+NT+10.0;+Win64;+x64;+rv:72.0)+Gecko/20100101+Firefox/72.0 http://localhost:8086/dbo_Permisos2/add?page=add&submit=1& 304 0 0 30
2020-02-05 04:40:53 ::1 GET /include/ajaxsuggest.js - 8086 - ::1 Mozilla/5.0+(Windows+NT+10.0;+Win64;+x64;+rv:72.0)+Gecko/20100101+Firefox/72.0 http://localhost:8086/dbo_Permisos2/add?page=add&submit=1& 304 0 0 30
2020-02-05 04:52:38 127.0.0.1 GET / - 8086 - 127.0.0.1 Mozilla/5.0+(Windows+NT+6.1;+WOW64)+AppleWebKit/536.6+(KHTML,+like+Gecko)+Chrome/20.0.1092.0+Safari/536.6 - 200 0 0 32928
2020-02-05 04:52:38 ::1 GET / - 8086 - ::1 Mozilla/5.0+(Windows+NT+10.0;+Win64;+x64;+rv:72.0)+Gecko/20100101+Firefox/72.0 - 200 0 0 20879
2020-02-05 04:52:38 ::1 GET /styles/pages/.global_login.css - 8086 - ::1 Mozilla/5.0+(Windows+NT+10.0;+Win64;+x64;+rv:72.0)+Gecko/20100101+Firefox/72.0 http://localhost:8086/ 200 0 0 45
2020-02-05 04:52:38 ::1 GET /include/lang/Spanish.js - 8086 - ::1 Mozilla/5.0+(Windows+NT+10.0;+Win64;+x64;+rv:72.0)+Gecko/20100101+Firefox/72.0 http://localhost:8086/ 200 0 0 49
2020-02-05 04:52:38 ::1 GET /styles/bootstrap/default/small/style.css - 8086 - ::1 Mozilla/5.0+(Windows+NT+10.0;+Win64;+x64;+rv:72.0)+Gecko/20100101+Firefox/72.0 http://localhost:8086/ 200 0 0 193
2020-02-05 04:52:38 ::1 GET /include/loadfirst.js - 8086 - ::1 Mozilla/5.0+(Windows+NT+10.0;+Win64;+x64;+rv:72.0)+Gecko/20100101+Firefox/72.0 http://localhost:8086/ 200 0 0 234
2020-02-05 04:52:38 ::1 GET /include/runnerJS/RunnerAll.js - 8086 - ::1 Mozilla/5.0+(Windows+NT+10.0;+Win64;+x64;+rv:72.0)+Gecko/20100101+Firefox/72.0 http://localhost:8086/ 200 0 0 277
2020-02-05 04:52:38 ::1 GET /include/runnerJS/events/globalevents.js - 8086 - ::1 Mozilla/5.0+(Windows+NT+10.0;+Win64;+x64;+rv:72.0)+Gecko/20100101+Firefox/72.0 http://localhost:8086/ 200 0 0 9
2020-02-05 04:52:38 ::1 GET /include/ajaxsuggest.js - 8086 - ::1 Mozilla/5.0+(Windows+NT+10.0;+Win64;+x64;+rv:72.0)+Gecko/20100101+Firefox/72.0 http://localhost:8086/ 200 0 0 27
2020-02-05 04:53:01 ::1 POST /login - 8086 - ::1 Mozilla/5.0+(Windows+NT+10.0;+Win64;+x64;+rv:72.0)+Gecko/20100101+Firefox/72.0 http://localhost:8086/ 302 0 0 2678
2020-02-05 04:53:09 ::1 GET /menu - 8086 - ::1 Mozilla/5.0+(Windows+NT+10.0;+Win64;+x64;+rv:72.0)+Gecko/20100101+Firefox/72.0 http://localhost:8086/ 200 0 0 8129
2020-02-05 04:53:09 ::1 GET /styles/bootstrap/default/small/style.css - 8086 - ::1 Mozilla/5.0+(Windows+NT+10.0;+Win64;+x64;+rv:72.0)+Gecko/20100101+Firefox/72.0 http://localhost:8086/menu 304 0 0 29
2020-02-05 04:53:09 ::1 GET /include/runnerJS/RunnerAll.js - 8086 - ::1 Mozilla/5.0+(Windows+NT+10.0;+Win64;+x64;+rv:72.0)+Gecko/20100101+Firefox/72.0 http://localhost:8086/menu 304 0 0 28
2020-02-05 04:53:09 ::1 GET /include/loadfirst.js - 8086 - ::1 Mozilla/5.0+(Windows+NT+10.0;+Win64;+x64;+rv:72.0)+Gecko/20100101+Firefox/72.0 http://localhost:8086/menu 304 0 0 43
2020-02-05 04:53:09 ::1 GET /styles/pages/.global_menu.css - 8086 - ::1 Mozilla/5.0+(Windows+NT+10.0;+Win64;+x64;+rv:72.0)+Gecko/20100101+Firefox/72.0 http://localhost:8086/menu 200 0 0 44
2020-02-05 04:53:09 ::1 GET /include/lang/Spanish.js - 8086 - ::1 Mozilla/5.0+(Windows+NT+10.0;+Win64;+x64;+rv:72.0)+Gecko/20100101+Firefox/72.0 http://localhost:8086/menu 304 0 0 44
2020-02-05 04:53:09 ::1 GET /include/runnerJS/events/globalevents.js - 8086 - ::1 Mozilla/5.0+(Windows+NT+10.0;+Win64;+x64;+rv:72.0)+Gecko/20100101+Firefox/72.0 http://localhost:8086/menu 304 0 0 4
2020-02-05 04:53:09 ::1 GET /styles/bootstrap/fonts/glyphicons-halflings-regular.woff2 - 8086 - ::1 Mozilla/5.0+(Windows+NT+10.0;+Win64;+x64;+rv:72.0)+Gecko/20100101+Firefox/72.0 http://localhost:8086/styles/bootstrap/default/small/style.css 404 3 50 10
2020-02-05 04:53:31 ::1 GET /dbo_Permisos2/list - 8086 - ::1 Mozilla/5.0+(Windows+NT+10.0;+Win64;+x64;+rv:72.0)+Gecko/20100101+Firefox/72.0 http://localhost:8086/menu 200 0 0 12344
2020-02-05 04:53:31 ::1 GET /styles/bootstrap/default/small/style.css - 8086 - ::1 Mozilla/5.0+(Windows+NT+10.0;+Win64;+x64;+rv:72.0)+Gecko/20100101+Firefox/72.0 http://localhost:8086/dbo_Permisos2/list 304 0 0 19
2020-02-05 04:53:31 ::1 GET /include/runnerJS/RunnerAll.js - 8086 - ::1 Mozilla/5.0+(Windows+NT+10.0;+Win64;+x64;+rv:72.0)+Gecko/20100101+Firefox/72.0 http://localhost:8086/dbo_Permisos2/list 304 0 0 19
2020-02-05 04:53:31 ::1 GET /include/loadfirst.js - 8086 - ::1 Mozilla/5.0+(Windows+NT+10.0;+Win64;+x64;+rv:72.0)+Gecko/20100101+Firefox/72.0 http://localhost:8086/dbo_Permisos2/list 304 0 0 32
2020-02-05 04:53:31 ::1 GET /include/lang/Spanish.js - 8086 - ::1 Mozilla/5.0+(Windows+NT+10.0;+Win64;+x64;+rv:72.0)+Gecko/20100101+Firefox/72.0 http://localhost:8086/dbo_Permisos2/list 304 0 0 32
2020-02-05 04:53:31 ::1 GET /styles/pages/dbo_Permisos2_list.css - 8086 - ::1 Mozilla/5.0+(Windows+NT+10.0;+Win64;+x64;+rv:72.0)+Gecko/20100101+Firefox/72.0 http://localhost:8086/dbo_Permisos2/list 200 0 0 64
2020-02-05 04:53:31 ::1 GET /include/ajaxsuggest.js - 8086 - ::1 Mozilla/5.0+(Windows+NT+10.0;+Win64;+x64;+rv:72.0)+Gecko/20100101+Firefox/72.0 http://localhost:8086/dbo_Permisos2/list 304 0 0 12
2020-02-05 04:53:31 ::1 GET /styles/bootstrap/fonts/glyphicons-halflings-regular.woff2 - 8086 - ::1 Mozilla/5.0+(Windows+NT+10.0;+Win64;+x64;+rv:72.0)+Gecko/20100101+Firefox/72.0 http://localhost:8086/styles/bootstrap/default/small/style.css 404 3 50 3
2020-02-05 04:53:44 ::1 GET /dbo_Permisos2/add - 8086 - ::1 Mozilla/5.0+(Windows+NT+10.0;+Win64;+x64;+rv:72.0)+Gecko/20100101+Firefox/72.0 http://localhost:8086/dbo_Permisos2/list 200 0 0 3541
2020-02-05 04:53:44 ::1 GET /include/runnerJS/RunnerAll.js - 8086 - ::1 Mozilla/5.0+(Windows+NT+10.0;+Win64;+x64;+rv:72.0)+Gecko/20100101+Firefox/72.0 http://localhost:8086/dbo_Permisos2/add 304 0 0 25
2020-02-05 04:53:44 ::1 GET /styles/bootstrap/default/small/style.css - 8086 - ::1 Mozilla/5.0+(Windows+NT+10.0;+Win64;+x64;+rv:72.0)+Gecko/20100101+Firefox/72.0 http://localhost:8086/dbo_Permisos2/add 304 0 0 26
2020-02-05 04:53:44 ::1 GET /include/lang/Spanish.js - 8086 - ::1 Mozilla/5.0+(Windows+NT+10.0;+Win64;+x64;+rv:72.0)+Gecko/20100101+Firefox/72.0 http://localhost:8086/dbo_Permisos2/add 304 0 0 25
2020-02-05 04:53:44 ::1 GET /include/loadfirst.js - 8086 - ::1 Mozilla/5.0+(Windows+NT+10.0;+Win64;+x64;+rv:72.0)+Gecko/20100101+Firefox/72.0 http://localhost:8086/dbo_Permisos2/add 304 0 0 41
2020-02-05 04:53:44 ::1 GET /styles/pages/dbo_Permisos2_add.css - 8086 - ::1 Mozilla/5.0+(Windows+NT+10.0;+Win64;+x64;+rv:72.0)+Gecko/20100101+Firefox/72.0 http://localhost:8086/dbo_Permisos2/add 200 0 0 44
2020-02-05 04:53:44 ::1 GET /include/ajaxsuggest.js - 8086 - ::1 Mozilla/5.0+(Windows+NT+10.0;+Win64;+x64;+rv:72.0)+Gecko/20100101+Firefox/72.0 http://localhost:8086/dbo_Permisos2/add 304 0 0 15
2020-02-05 04:53:44 ::1 GET /styles/bootstrap/fonts/glyphicons-halflings-regular.woff2 - 8086 - ::1 Mozilla/5.0+(Windows+NT+10.0;+Win64;+x64;+rv:72.0)+Gecko/20100101+Firefox/72.0 http://localhost:8086/styles/bootstrap/default/small/style.css 404 3 50 6
2020-02-05 04:53:44 ::1 GET /include/button_Guia_de_Permisos.js - 8086 - ::1 Mozilla/5.0+(Windows+NT+10.0;+Win64;+x64;+rv:72.0)+Gecko/20100101+Firefox/72.0 http://localhost:8086/dbo_Permisos2/add 200 0 0 71
2020-02-05 04:53:44 ::1 GET /include/button_Ver_Instrutivo.js - 8086 - ::1 Mozilla/5.0+(Windows+NT+10.0;+Win64;+x64;+rv:72.0)+Gecko/20100101+Firefox/72.0 http://localhost:8086/dbo_Permisos2/add 200 0 0 72
2020-02-05 04:53:44 ::1 GET /include/mupload.js - 8086 - ::1 Mozilla/5.0+(Windows+NT+10.0;+Win64;+x64;+rv:72.0)+Gecko/20100101+Firefox/72.0 http://localhost:8086/dbo_Permisos2/add 200 0 0 76
2020-02-05 04:55:13 ::1 POST /dbo_Permisos2/add page=add&submit=1& 8086 - ::1 Mozilla/5.0+(Windows+NT+10.0;+Win64;+x64;+rv:72.0)+Gecko/20100101+Firefox/72.0 http://localhost:8086/dbo_Permisos2/add 200 0 0 3292
2020-02-05 04:55:13 ::1 GET /styles/bootstrap/default/small/style.css - 8086 - ::1 Mozilla/5.0+(Windows+NT+10.0;+Win64;+x64;+rv:72.0)+Gecko/20100101+Firefox/72.0 http://localhost:8086/dbo_Permisos2/add?page=add&submit=1& 304 0 0 49
2020-02-05 04:55:13 ::1 GET /styles/pages/dbo_Permisos2_add.css - 8086 - ::1 Mozilla/5.0+(Windows+NT+10.0;+Win64;+x64;+rv:72.0)+Gecko/20100101+Firefox/72.0 http://localhost:8086/dbo_Permisos2/add?page=add&submit=1& 304 0 0 49
2020-02-05 04:55:13 ::1 GET /include/runnerJS/RunnerAll.js - 8086 - ::1 Mozilla/5.0+(Windows+NT+10.0;+Win64;+x64;+rv:72.0)+Gecko/20100101+Firefox/72.0 http://localhost:8086/dbo_Permisos2/add?page=add&submit=1& 304 0 0 51
2020-02-05 04:55:13 ::1 GET /include/loadfirst.js - 8086 - ::1 Mozilla/5.0+(Windows+NT+10.0;+Win64;+x64;+rv:72.0)+Gecko/20100101+Firefox/72.0 http://localhost:8086/dbo_Permisos2/add?page=add&submit=1& 304 0 0 62
2020-02-05 04:55:13 ::1 GET /include/lang/Spanish.js - 8086 - ::1 Mozilla/5.0+(Windows+NT+10.0;+Win64;+x64;+rv:72.0)+Gecko/20100101+Firefox/72.0 http://localhost:8086/dbo_Permisos2/add?page=add&submit=1& 304 0 0 62
2020-02-05 04:55:15 ::1 GET /include/button_Guia_de_Permisos.js - 8086 - ::1 Mozilla/5.0+(Windows+NT+10.0;+Win64;+x64;+rv:72.0)+Gecko/20100101+Firefox/72.0 http://localhost:8086/dbo_Permisos2/add?page=add&submit=1& 304 0 0 26
2020-02-05 04:55:15 ::1 GET /include/button_Ver_Instrutivo.js - 8086 - ::1 Mozilla/5.0+(Windows+NT+10.0;+Win64;+x64;+rv:72.0)+Gecko/20100101+Firefox/72.0 http://localhost:8086/dbo_Permisos2/add?page=add&submit=1& 304 0 0 26
2020-02-05 04:55:15 ::1 GET /include/ajaxsuggest.js - 8086 - ::1 Mozilla/5.0+(Windows+NT+10.0;+Win64;+x64;+rv:72.0)+Gecko/20100101+Firefox/72.0 http://localhost:8086/dbo_Permisos2/add?page=add&submit=1& 304 0 0 26
2020-02-05 04:55:15 ::1 GET /include/mupload.js - 8086 - ::1 Mozilla/5.0+(Windows+NT+10.0;+Win64;+x64;+rv:72.0)+Gecko/20100101+Firefox/72.0 http://localhost:8086/dbo_Permisos2/add?page=add&submit=1& 304 0 0 26
2020-02-05 04:55:15 ::1 GET /styles/bootstrap/fonts/glyphicons-halflings-regular.woff2 - 8086 - ::1 Mozilla/5.0+(Windows+NT+10.0;+Win64;+x64;+rv:72.0)+Gecko/20100101+Firefox/72.0 http://localhost:8086/styles/bootstrap/default/small/style.css 404 3 50 14
2020-02-05 04:55:24 ::1 GET /dbo_Permisos2/list a=return 8086 - ::1 Mozilla/5.0+(Windows+NT+10.0;+Win64;+x64;+rv:72.0)+Gecko/20100101+Firefox/72.0 http://localhost:8086/dbo_Permisos2/add?page=add&submit=1& 200 0 0 2475
2020-02-05 04:55:24 ::1 GET /styles/pages/dbo_Permisos2_list.css - 8086 - ::1 Mozilla/5.0+(Windows+NT+10.0;+Win64;+x64;+rv:72.0)+Gecko/20100101+Firefox/72.0 http://localhost:8086/dbo_Permisos2/list?a=return 304 0 0 32
2020-02-05 04:55:24 ::1 GET /styles/bootstrap/fonts/glyphicons-halflings-regular.woff2 - 8086 - ::1 Mozilla/5.0+(Windows+NT+10.0;+Win64;+x64;+rv:72.0)+Gecko/20100101+Firefox/72.0 http://localhost:8086/styles/bootstrap/default/small/style.css 404 3 50 12
2020-02-05 05:00:27 ::1 GET /dbo_Permisos2/edit editid1=407 8086 - ::1 Mozilla/5.0+(Windows+NT+10.0;+Win64;+x64;+rv:72.0)+Gecko/20100101+Firefox/72.0 http://localhost:8086/dbo_Permisos2/list?a=return 200 0 0 3229
2020-02-05 05:00:27 ::1 GET /styles/bootstrap/default/small/style.css - 8086 - ::1 Mozilla/5.0+(Windows+NT+10.0;+Win64;+x64;+rv:72.0)+Gecko/20100101+Firefox/72.0 http://localhost:8086/dbo_Permisos2/edit?editid1=407 304 0 0 37
2020-02-05 05:00:27 ::1 GET /include/loadfirst.js - 8086 - ::1 Mozilla/5.0+(Windows+NT+10.0;+Win64;+x64;+rv:72.0)+Gecko/20100101+Firefox/72.0 http://localhost:8086/dbo_Permisos2/edit?editid1=407 304 0 0 41
2020-02-05 05:00:27 ::1 GET /styles/pages/dbo_Permisos2_edit.css - 8086 - ::1 Mozilla/5.0+(Windows+NT+10.0;+Win64;+x64;+rv:72.0)+Gecko/20100101+Firefox/72.0 http://localhost:8086/dbo_Permisos2/edit?editid1=407 200 0 0 89
2020-02-05 05:00:27 ::1 GET /include/lang/Spanish.js - 8086 - ::1 Mozilla/5.0+(Windows+NT+10.0;+Win64;+x64;+rv:72.0)+Gecko/20100101+Firefox/72.0 http://localhost:8086/dbo_Permisos2/edit?editid1=407 304 0 0 105
2020-02-05 05:00:27 ::1 GET /include/runnerJS/RunnerAll.js - 8086 - ::1 Mozilla/5.0+(Windows+NT+10.0;+Win64;+x64;+rv:72.0)+Gecko/20100101+Firefox/72.0 http://localhost:8086/dbo_Permisos2/edit?editid1=407 304 0 0 123
2020-02-05 05:00:27 ::1 GET /include/button_Ver_Instrutivo.js - 8086 - ::1 Mozilla/5.0+(Windows+NT+10.0;+Win64;+x64;+rv:72.0)+Gecko/20100101+Firefox/72.0 http://localhost:8086/dbo_Permisos2/edit?editid1=407 304 0 0 27
2020-02-05 05:00:27 ::1 GET /include/ajaxsuggest.js - 8086 - ::1 Mozilla/5.0+(Windows+NT+10.0;+Win64;+x64;+rv:72.0)+Gecko/20100101+Firefox/72.0 http://localhost:8086/dbo_Permisos2/edit?editid1=407 304 0 0 27
2020-02-05 05:00:27 ::1 GET /include/button_Guia_de_Permisos.js - 8086 - ::1 Mozilla/5.0+(Windows+NT+10.0;+Win64;+x64;+rv:72.0)+Gecko/20100101+Firefox/72.0 http://localhost:8086/dbo_Permisos2/edit?editid1=407 304 0 0 28
2020-02-05 05:00:27 ::1 GET /include/mupload.js - 8086 - ::1 Mozilla/5.0+(Windows+NT+10.0;+Win64;+x64;+rv:72.0)+Gecko/20100101+Firefox/72.0 http://localhost:8086/dbo_Permisos2/edit?editid1=407 304 0 0 42
2020-02-05 05:00:27 ::1 GET /styles/bootstrap/fonts/glyphicons-halflings-regular.woff2 - 8086 - ::1 Mozilla/5.0+(Windows+NT+10.0;+Win64;+x64;+rv:72.0)+Gecko/20100101+Firefox/72.0 http://localhost:8086/styles/bootstrap/default/small/style.css 404 3 50 23
2020-02-05 05:00:54 ::1 POST /dbo_Permisos2/edit page=edit&submit=1&editid1=407& 8086 - ::1 Mozilla/5.0+(Windows+NT+10.0;+Win64;+x64;+rv:72.0)+Gecko/20100101+Firefox/72.0 http://localhost:8086/dbo_Permisos2/edit?editid1=407 200 0 0 2839
2020-02-05 05:00:54 ::1 GET /styles/bootstrap/fonts/glyphicons-halflings-regular.woff2 - 8086 - ::1 Mozilla/5.0+(Windows+NT+10.0;+Win64;+x64;+rv:72.0)+Gecko/20100101+Firefox/72.0 http://localhost:8086/styles/bootstrap/default/small/style.css 404 3 50 12
2020-02-05 05:01:01 ::1 GET /dbo_Permisos2/list a=return 8086 - ::1 Mozilla/5.0+(Windows+NT+10.0;+Win64;+x64;+rv:72.0)+Gecko/20100101+Firefox/72.0 http://localhost:8086/dbo_Permisos2/edit?page=edit&submit=1&editid1=407& 200 0 0 3242
2020-02-05 05:01:01 ::1 GET /styles/pages/dbo_Permisos2_list.css - 8086 - ::1 Mozilla/5.0+(Windows+NT+10.0;+Win64;+x64;+rv:72.0)+Gecko/20100101+Firefox/72.0 http://localhost:8086/dbo_Permisos2/list?a=return 304 0 0 30
2020-02-05 05:01:01 ::1 GET /styles/bootstrap/fonts/glyphicons-halflings-regular.woff2 - 8086 - ::1 Mozilla/5.0+(Windows+NT+10.0;+Win64;+x64;+rv:72.0)+Gecko/20100101+Firefox/72.0 http://localhost:8086/styles/bootstrap/default/small/style.css 404 3 50 3
2020-02-05 05:07:10 127.0.0.1 GET / - 8086 - 127.0.0.1 Mozilla/5.0+(Windows+NT+6.1;+WOW64)+AppleWebKit/536.6+(KHTML,+like+Gecko)+Chrome/20.0.1092.0+Safari/536.6 - 200 0 0 28971
2020-02-05 05:07:10 ::1 GET / - 8086 - ::1 Mozilla/5.0+(Windows+NT+10.0;+Win64;+x64;+rv:72.0)+Gecko/20100101+Firefox/72.0 - 200 0 0 9639
2020-02-05 05:07:10 ::1 GET /styles/pages/.global_login.css - 8086 - ::1 Mozilla/5.0+(Windows+NT+10.0;+Win64;+x64;+rv:72.0)+Gecko/20100101+Firefox/72.0 http://localhost:8086/ 200 0 0 143
2020-02-05 05:07:10 ::1 GET /include/lang/Spanish.js - 8086 - ::1 Mozilla/5.0+(Windows+NT+10.0;+Win64;+x64;+rv:72.0)+Gecko/20100101+Firefox/72.0 http://localhost:8086/ 200 0 0 143
2020-02-05 05:07:10 ::1 GET /styles/bootstrap/default/small/style.css - 8086 - ::1 Mozilla/5.0+(Windows+NT+10.0;+Win64;+x64;+rv:72.0)+Gecko/20100101+Firefox/72.0 http://localhost:8086/ 200 0 0 202
2020-02-05 05:07:10 ::1 GET /include/loadfirst.js - 8086 - ::1 Mozilla/5.0+(Windows+NT+10.0;+Win64;+x64;+rv:72.0)+Gecko/20100101+Firefox/72.0 http://localhost:8086/ 200 0 0 294
2020-02-05 05:07:10 ::1 GET /include/runnerJS/RunnerAll.js - 8086 - ::1 Mozilla/5.0+(Windows+NT+10.0;+Win64;+x64;+rv:72.0)+Gecko/20100101+Firefox/72.0 http://localhost:8086/ 200 0 0 351
2020-02-05 05:07:10 ::1 GET /include/runnerJS/events/globalevents.js - 8086 - ::1 Mozilla/5.0+(Windows+NT+10.0;+Win64;+x64;+rv:72.0)+Gecko/20100101+Firefox/72.0 http://localhost:8086/ 200 0 0 9
2020-02-05 05:07:10 ::1 GET /include/ajaxsuggest.js - 8086 - ::1 Mozilla/5.0+(Windows+NT+10.0;+Win64;+x64;+rv:72.0)+Gecko/20100101+Firefox/72.0 http://localhost:8086/ 200 0 0 22
2020-02-05 05:07:52 ::1 POST /login - 8086 - ::1 Mozilla/5.0+(Windows+NT+10.0;+Win64;+x64;+rv:72.0)+Gecko/20100101+Firefox/72.0 http://localhost:8086/ 302 0 0 2461
2020-02-05 05:08:00 ::1 GET /menu - 8086 - ::1 Mozilla/5.0+(Windows+NT+10.0;+Win64;+x64;+rv:72.0)+Gecko/20100101+Firefox/72.0 http://localhost:8086/ 200 0 0 8277
2020-02-05 05:08:00 ::1 GET /styles/bootstrap/default/small/style.css - 8086 - ::1 Mozilla/5.0+(Windows+NT+10.0;+Win64;+x64;+rv:72.0)+Gecko/20100101+Firefox/72.0 http://localhost:8086/menu 304 0 0 41
2020-02-05 05:08:00 ::1 GET /include/runnerJS/RunnerAll.js - 8086 - ::1 Mozilla/5.0+(Windows+NT+10.0;+Win64;+x64;+rv:72.0)+Gecko/20100101+Firefox/72.0 http://localhost:8086/menu 304 0 0 42
2020-02-05 05:08:00 ::1 GET /styles/pages/.global_menu.css - 8086 - ::1 Mozilla/5.0+(Windows+NT+10.0;+Win64;+x64;+rv:72.0)+Gecko/20100101+Firefox/72.0 http://localhost:8086/menu 200 0 0 42
2020-02-05 05:08:00 ::1 GET /include/loadfirst.js - 8086 - ::1 Mozilla/5.0+(Windows+NT+10.0;+Win64;+x64;+rv:72.0)+Gecko/20100101+Firefox/72.0 http://localhost:8086/menu 304 0 0 61
2020-02-05 05:08:00 ::1 GET /include/lang/Spanish.js - 8086 - ::1 Mozilla/5.0+(Windows+NT+10.0;+Win64;+x64;+rv:72.0)+Gecko/20100101+Firefox/72.0 http://localhost:8086/menu 304 0 0 61
2020-02-05 05:08:00 ::1 GET /include/runnerJS/events/globalevents.js - 8086 - ::1 Mozilla/5.0+(Windows+NT+10.0;+Win64;+x64;+rv:72.0)+Gecko/20100101+Firefox/72.0 http://localhost:8086/menu 304 0 0 3
2020-02-05 05:08:00 ::1 GET /styles/bootstrap/fonts/glyphicons-halflings-regular.woff2 - 8086 - ::1 Mozilla/5.0+(Windows+NT+10.0;+Win64;+x64;+rv:72.0)+Gecko/20100101+Firefox/72.0 http://localhost:8086/styles/bootstrap/default/small/style.css 404 3 50 9
#Software: Microsoft Internet Information Services 10.0
#Version: 1.0
#Date: 2020-02-05 05:32:46
#Fields: date time s-ip cs-method cs-uri-stem cs-uri-query s-port cs-username c-ip cs(User-Agent) cs(Referer) sc-status sc-substatus sc-win32-status time-taken
2020-02-05 05:32:46 127.0.0.1 GET / - 8086 - 127.0.0.1 Mozilla/5.0+(Windows+NT+6.1;+WOW64)+AppleWebKit/536.6+(KHTML,+like+Gecko)+Chrome/20.0.1092.0+Safari/536.6 - 200 0 0 29847
2020-02-05 05:32:59 ::1 GET / - 8086 - ::1 Mozilla/5.0+(Windows+NT+10.0;+Win64;+x64;+rv:72.0)+Gecko/20100101+Firefox/72.0 - 200 0 0 1290
2020-02-05 05:32:59 ::1 GET /styles/pages/.global_login.css - 8086 - ::1 Mozilla/5.0+(Windows+NT+10.0;+Win64;+x64;+rv:72.0)+Gecko/20100101+Firefox/72.0 http://localhost:8086/ 200 0 0 114
2020-02-05 05:32:59 ::1 GET /include/lang/Spanish.js - 8086 - ::1 Mozilla/5.0+(Windows+NT+10.0;+Win64;+x64;+rv:72.0)+Gecko/20100101+Firefox/72.0 http://localhost:8086/ 200 0 0 129
2020-02-05 05:32:59 ::1 GET /styles/bootstrap/default/small/style.css - 8086 - ::1 Mozilla/5.0+(Windows+NT+10.0;+Win64;+x64;+rv:72.0)+Gecko/20100101+Firefox/72.0 http://localhost:8086/ 200 0 0 187
2020-02-05 05:32:59 ::1 GET /include/loadfirst.js - 8086 - ::1 Mozilla/5.0+(Windows+NT+10.0;+Win64;+x64;+rv:72.0)+Gecko/20100101+Firefox/72.0 http://localhost:8086/ 200 0 0 276
2020-02-05 05:32:59 ::1 GET /include/runnerJS/RunnerAll.js - 8086 - ::1 Mozilla/5.0+(Windows+NT+10.0;+Win64;+x64;+rv:72.0)+Gecko/20100101+Firefox/72.0 http://localhost:8086/ 200 0 0 372
2020-02-05 05:33:01 ::1 GET /include/runnerJS/events/globalevents.js - 8086 - ::1 Mozilla/5.0+(Windows+NT+10.0;+Win64;+x64;+rv:72.0)+Gecko/20100101+Firefox/72.0 http://localhost:8086/ 200 0 0 13
2020-02-05 05:33:01 ::1 GET /include/ajaxsuggest.js - 8086 - ::1 Mozilla/5.0+(Windows+NT+10.0;+Win64;+x64;+rv:72.0)+Gecko/20100101+Firefox/72.0 http://localhost:8086/ 200 0 0 53
2020-02-05 05:33:34 ::1 POST /login - 8086 - ::1 Mozilla/5.0+(Windows+NT+10.0;+Win64;+x64;+rv:72.0)+Gecko/20100101+Firefox/72.0 http://localhost:8086/ 302 0 0 2908
2020-02-05 05:33:39 ::1 GET /menu - 8086 - ::1 Mozilla/5.0+(Windows+NT+10.0;+Win64;+x64;+rv:72.0)+Gecko/20100101+Firefox/72.0 http://localhost:8086/ 200 0 0 5006
2020-02-05 05:33:39 ::1 GET /styles/bootstrap/default/small/style.css - 8086 - ::1 Mozilla/5.0+(Windows+NT+10.0;+Win64;+x64;+rv:72.0)+Gecko/20100101+Firefox/72.0 http://localhost:8086/menu 304 0 0 34
2020-02-05 05:33:39 ::1 GET /styles/pages/.global_menu.css - 8086 - ::1 Mozilla/5.0+(Windows+NT+10.0;+Win64;+x64;+rv:72.0)+Gecko/20100101+Firefox/72.0 http://localhost:8086/menu 200 0 0 35
2020-02-05 05:33:39 ::1 GET /include/loadfirst.js - 8086 - ::1 Mozilla/5.0+(Windows+NT+10.0;+Win64;+x64;+rv:72.0)+Gecko/20100101+Firefox/72.0 http://localhost:8086/menu 304 0 0 33
2020-02-05 05:33:39 ::1 GET /include/runnerJS/RunnerAll.js - 8086 - ::1 Mozilla/5.0+(Windows+NT+10.0;+Win64;+x64;+rv:72.0)+Gecko/20100101+Firefox/72.0 http://localhost:8086/menu 304 0 0 33
2020-02-05 05:33:39 ::1 GET /include/lang/Spanish.js - 8086 - ::1 Mozilla/5.0+(Windows+NT+10.0;+Win64;+x64;+rv:72.0)+Gecko/20100101+Firefox/72.0 http://localhost:8086/menu 304 0 0 33
2020-02-05 05:33:39 ::1 GET /include/runnerJS/events/globalevents.js - 8086 - ::1 Mozilla/5.0+(Windows+NT+10.0;+Win64;+x64;+rv:72.0)+Gecko/20100101+Firefox/72.0 http://localhost:8086/menu 304 0 0 7
2020-02-05 05:33:39 ::1 GET /styles/bootstrap/fonts/glyphicons-halflings-regular.woff2 - 8086 - ::1 Mozilla/5.0+(Windows+NT+10.0;+Win64;+x64;+rv:72.0)+Gecko/20100101+Firefox/72.0 http://localhost:8086/styles/bootstrap/default/small/style.css 404 3 50 13
2020-02-05 05:33:55 ::1 GET /dbo_Permisos2/list - 8086 - ::1 Mozilla/5.0+(Windows+NT+10.0;+Win64;+x64;+rv:72.0)+Gecko/20100101+Firefox/72.0 http://localhost:8086/menu 200 0 0 12921
2020-02-05 05:33:55 ::1 GET /styles/bootstrap/default/small/style.css - 8086 - ::1 Mozilla/5.0+(Windows+NT+10.0;+Win64;+x64;+rv:72.0)+Gecko/20100101+Firefox/72.0 http://localhost:8086/dbo_Permisos2/list 304 0 0 12
2020-02-05 05:33:55 ::1 GET /include/loadfirst.js - 8086 - ::1 Mozilla/5.0+(Windows+NT+10.0;+Win64;+x64;+rv:72.0)+Gecko/20100101+Firefox/72.0 http://localhost:8086/dbo_Permisos2/list 304 0 0 10
2020-02-05 05:33:55 ::1 GET /include/lang/Spanish.js - 8086 - ::1 Mozilla/5.0+(Windows+NT+10.0;+Win64;+x64;+rv:72.0)+Gecko/20100101+Firefox/72.0 http://localhost:8086/dbo_Permisos2/list 304 0 0 8
2020-02-05 05:33:55 ::1 GET /include/runnerJS/RunnerAll.js - 8086 - ::1 Mozilla/5.0+(Windows+NT+10.0;+Win64;+x64;+rv:72.0)+Gecko/20100101+Firefox/72.0 http://localhost:8086/dbo_Permisos2/list 304 0 0 9
2020-02-05 05:33:55 ::1 GET /styles/pages/dbo_Permisos2_list.css - 8086 - ::1 Mozilla/5.0+(Windows+NT+10.0;+Win64;+x64;+rv:72.0)+Gecko/20100101+Firefox/72.0 http://localhost:8086/dbo_Permisos2/list 200 0 0 48
2020-02-05 05:33:55 ::1 GET /include/ajaxsuggest.js - 8086 - ::1 Mozilla/5.0+(Windows+NT+10.0;+Win64;+x64;+rv:72.0)+Gecko/20100101+Firefox/72.0 http://localhost:8086/dbo_Permisos2/list 304 0 0 4
2020-02-05 05:33:56 ::1 GET /styles/bootstrap/fonts/glyphicons-halflings-regular.woff2 - 8086 - ::1 Mozilla/5.0+(Windows+NT+10.0;+Win64;+x64;+rv:72.0)+Gecko/20100101+Firefox/72.0 http://localhost:8086/styles/bootstrap/default/small/style.css 404 3 50 3
2020-02-05 05:34:12 ::1 GET /dbo_Permisos2/edit editid1=347 8086 - ::1 Mozilla/5.0+(Windows+NT+10.0;+Win64;+x64;+rv:72.0)+Gecko/20100101+Firefox/72.0 http://localhost:8086/dbo_Permisos2/list 200 0 0 4201
2020-02-05 05:34:12 ::1 GET /styles/bootstrap/default/small/style.css - 8086 - ::1 Mozilla/5.0+(Windows+NT+10.0;+Win64;+x64;+rv:72.0)+Gecko/20100101+Firefox/72.0 http://localhost:8086/dbo_Permisos2/edit?editid1=347 304 0 0 31
2020-02-05 05:34:12 ::1 GET /include/runnerJS/RunnerAll.js - 8086 - ::1 Mozilla/5.0+(Windows+NT+10.0;+Win64;+x64;+rv:72.0)+Gecko/20100101+Firefox/72.0 http://localhost:8086/dbo_Permisos2/edit?editid1=347 304 0 0 15
2020-02-05 05:34:12 ::1 GET /include/loadfirst.js - 8086 - ::1 Mozilla/5.0+(Windows+NT+10.0;+Win64;+x64;+rv:72.0)+Gecko/20100101+Firefox/72.0 http://localhost:8086/dbo_Permisos2/edit?editid1=347 304 0 0 44
2020-02-05 05:34:12 ::1 GET /include/lang/Spanish.js - 8086 - ::1 Mozilla/5.0+(Windows+NT+10.0;+Win64;+x64;+rv:72.0)+Gecko/20100101+Firefox/72.0 http://localhost:8086/dbo_Permisos2/edit?editid1=347 304 0 0 55
2020-02-05 05:34:12 ::1 GET /styles/pages/dbo_Permisos2_edit.css - 8086 - ::1 Mozilla/5.0+(Windows+NT+10.0;+Win64;+x64;+rv:72.0)+Gecko/20100101+Firefox/72.0 http://localhost:8086/dbo_Permisos2/edit?editid1=347 200 0 0 64
2020-02-05 05:34:12 ::1 GET /include/ajaxsuggest.js - 8086 - ::1 Mozilla/5.0+(Windows+NT+10.0;+Win64;+x64;+rv:72.0)+Gecko/20100101+Firefox/72.0 http://localhost:8086/dbo_Permisos2/edit?editid1=347 304 0 0 15
2020-02-05 05:34:12 ::1 GET /styles/bootstrap/fonts/glyphicons-halflings-regular.woff2 - 8086 - ::1 Mozilla/5.0+(Windows+NT+10.0;+Win64;+x64;+rv:72.0)+Gecko/20100101+Firefox/72.0 http://localhost:8086/styles/bootstrap/default/small/style.css 404 3 50 24
2020-02-05 05:34:12 ::1 GET /include/button_Guia_de_Permisos.js - 8086 - ::1 Mozilla/5.0+(Windows+NT+10.0;+Win64;+x64;+rv:72.0)+Gecko/20100101+Firefox/72.0 http://localhost:8086/dbo_Permisos2/edit?editid1=347 200 0 0 51
2020-02-05 05:34:12 ::1 GET /include/button_Ver_Instrutivo.js - 8086 - ::1 Mozilla/5.0+(Windows+NT+10.0;+Win64;+x64;+rv:72.0)+Gecko/20100101+Firefox/72.0 http://localhost:8086/dbo_Permisos2/edit?editid1=347 200 0 0 52
2020-02-05 05:34:12 ::1 GET /include/mupload.js - 8086 - ::1 Mozilla/5.0+(Windows+NT+10.0;+Win64;+x64;+rv:72.0)+Gecko/20100101+Firefox/72.0 http://localhost:8086/dbo_Permisos2/edit?editid1=347 200 0 0 60
2020-02-05 05:34:14 ::1 GET /mfhandler file=permiso%2004022020.jpeg&table=dbo.Permisos2&field=adjunto&pageType=edit&key1=347&src=1 8086 - ::1 Mozilla/5.0+(Windows+NT+10.0;+Win64;+x64;+rv:72.0)+Gecko/20100101+Firefox/72.0 http://localhost:8086/dbo_Permisos2/edit?editid1=347 200 0 0 914
2020-02-05 05:34:30 ::1 POST /dbo_Permisos2/edit page=edit&submit=1&editid1=347& 8086 - ::1 Mozilla/5.0+(Windows+NT+10.0;+Win64;+x64;+rv:72.0)+Gecko/20100101+Firefox/72.0 http://localhost:8086/dbo_Permisos2/edit?editid1=347 200 0 0 3251
2020-02-05 05:34:30 ::1 GET /styles/bootstrap/default/small/style.css - 8086 - ::1 Mozilla/5.0+(Windows+NT+10.0;+Win64;+x64;+rv:72.0)+Gecko/20100101+Firefox/72.0 http://localhost:8086/dbo_Permisos2/edit?page=edit&submit=1&editid1=347& 304 0 0 25
2020-02-05 05:34:30 ::1 GET /styles/pages/dbo_Permisos2_edit.css - 8086 - ::1 Mozilla/5.0+(Windows+NT+10.0;+Win64;+x64;+rv:72.0)+Gecko/20100101+Firefox/72.0 http://localhost:8086/dbo_Permisos2/edit?page=edit&submit=1&editid1=347& 304 0 0 30
2020-02-05 05:34:30 ::1 GET /include/loadfirst.js - 8086 - ::1 Mozilla/5.0+(Windows+NT+10.0;+Win64;+x64;+rv:72.0)+Gecko/20100101+Firefox/72.0 http://localhost:8086/dbo_Permisos2/edit?page=edit&submit=1&editid1=347& 304 0 0 52
2020-02-05 05:34:30 ::1 GET /include/runnerJS/RunnerAll.js - 8086 - ::1 Mozilla/5.0+(Windows+NT+10.0;+Win64;+x64;+rv:72.0)+Gecko/20100101+Firefox/72.0 http://localhost:8086/dbo_Permisos2/edit?page=edit&submit=1&editid1=347& 304 0 0 52
2020-02-05 05:34:30 ::1 GET /include/lang/Spanish.js - 8086 - ::1 Mozilla/5.0+(Windows+NT+10.0;+Win64;+x64;+rv:72.0)+Gecko/20100101+Firefox/72.0 http://localhost:8086/dbo_Permisos2/edit?page=edit&submit=1&editid1=347& 304 0 0 55
2020-02-05 05:34:30 ::1 GET /include/button_Guia_de_Permisos.js - 8086 - ::1 Mozilla/5.0+(Windows+NT+10.0;+Win64;+x64;+rv:72.0)+Gecko/20100101+Firefox/72.0 http://localhost:8086/dbo_Permisos2/edit?page=edit&submit=1&editid1=347& 304 0 0 13
2020-02-05 05:34:30 ::1 GET /include/button_Ver_Instrutivo.js - 8086 - ::1 Mozilla/5.0+(Windows+NT+10.0;+Win64;+x64;+rv:72.0)+Gecko/20100101+Firefox/72.0 http://localhost:8086/dbo_Permisos2/edit?page=edit&submit=1&editid1=347& 304 0 0 16
2020-02-05 05:34:30 ::1 GET /include/ajaxsuggest.js - 8086 - ::1 Mozilla/5.0+(Windows+NT+10.0;+Win64;+x64;+rv:72.0)+Gecko/20100101+Firefox/72.0 http://localhost:8086/dbo_Permisos2/edit?page=edit&submit=1&editid1=347& 304 0 0 16
2020-02-05 05:34:30 ::1 GET /include/mupload.js - 8086 - ::1 Mozilla/5.0+(Windows+NT+10.0;+Win64;+x64;+rv:72.0)+Gecko/20100101+Firefox/72.0 http://localhost:8086/dbo_Permisos2/edit?page=edit&submit=1&editid1=347& 304 0 0 17
2020-02-05 05:34:30 ::1 GET /styles/bootstrap/fonts/glyphicons-halflings-regular.woff2 - 8086 - ::1 Mozilla/5.0+(Windows+NT+10.0;+Win64;+x64;+rv:72.0)+Gecko/20100101+Firefox/72.0 http://localhost:8086/styles/bootstrap/default/small/style.css 404 3 50 6
2020-02-05 05:34:32 ::1 GET /mfhandler file=permiso%2004022020.jpeg&table=dbo.Permisos2&field=adjunto&pageType=edit&key1=347&src=1 8086 - ::1 Mozilla/5.0+(Windows+NT+10.0;+Win64;+x64;+rv:72.0)+Gecko/20100101+Firefox/72.0 http://localhost:8086/dbo_Permisos2/edit?page=edit&submit=1&editid1=347& 200 0 0 493
2020-02-05 05:35:25 ::1 GET /dbo_Permisos2/list a=return 8086 - ::1 Mozilla/5.0+(Windows+NT+10.0;+Win64;+x64;+rv:72.0)+Gecko/20100101+Firefox/72.0 http://localhost:8086/dbo_Permisos2/edit?page=edit&submit=1&editid1=347& 200 0 0 1287
2020-02-05 05:35:25 ::1 GET /styles/bootstrap/default/small/style.css - 8086 - ::1 Mozilla/5.0+(Windows+NT+10.0;+Win64;+x64;+rv:72.0)+Gecko/20100101+Firefox/72.0 http://localhost:8086/dbo_Permisos2/list?a=return 304 0 0 56
2020-02-05 05:35:25 ::1 GET /include/runnerJS/RunnerAll.js - 8086 - ::1 Mozilla/5.0+(Windows+NT+10.0;+Win64;+x64;+rv:72.0)+Gecko/20100101+Firefox/72.0 http://localhost:8086/dbo_Permisos2/list?a=return 304 0 0 56
2020-02-05 05:35:25 ::1 GET /include/loadfirst.js - 8086 - ::1 Mozilla/5.0+(Windows+NT+10.0;+Win64;+x64;+rv:72.0)+Gecko/20100101+Firefox/72.0 http://localhost:8086/dbo_Permisos2/list?a=return 304 0 0 56
2020-02-05 05:35:25 ::1 GET /styles/pages/dbo_Permisos2_list.css - 8086 - ::1 Mozilla/5.0+(Windows+NT+10.0;+Win64;+x64;+rv:72.0)+Gecko/20100101+Firefox/72.0 http://localhost:8086/dbo_Permisos2/list?a=return 304 0 0 59
2020-02-05 05:35:25 ::1 GET /include/lang/Spanish.js - 8086 - ::1 Mozilla/5.0+(Windows+NT+10.0;+Win64;+x64;+rv:72.0)+Gecko/20100101+Firefox/72.0 http://localhost:8086/dbo_Permisos2/list?a=return 304 0 0 81
2020-02-05 05:35:25 ::1 GET /include/ajaxsuggest.js - 8086 - ::1 Mozilla/5.0+(Windows+NT+10.0;+Win64;+x64;+rv:72.0)+Gecko/20100101+Firefox/72.0 http://localhost:8086/dbo_Permisos2/list?a=return 304 0 0 6
2020-02-05 05:35:25 ::1 GET /styles/bootstrap/fonts/glyphicons-halflings-regular.woff2 - 8086 - ::1 Mozilla/5.0+(Windows+NT+10.0;+Win64;+x64;+rv:72.0)+Gecko/20100101+Firefox/72.0 http://localhost:8086/styles/bootstrap/default/small/style.css 404 3 50 6
2020-02-05 05:37:35 127.0.0.1 GET / - 8086 - 127.0.0.1 Mozilla/5.0+(Windows+NT+6.1;+WOW64)+AppleWebKit/536.6+(KHTML,+like+Gecko)+Chrome/20.0.1092.0+Safari/536.6 - 200 0 0 32216
2020-02-05 05:37:35 ::1 GET / - 8086 - ::1 Mozilla/5.0+(Windows+NT+10.0;+Win64;+x64;+rv:72.0)+Gecko/20100101+Firefox/72.0 - 200 0 0 22572
2020-02-05 05:37:35 ::1 GET /styles/pages/.global_login.css - 8086 - ::1 Mozilla/5.0+(Windows+NT+10.0;+Win64;+x64;+rv:72.0)+Gecko/20100101+Firefox/72.0 http://localhost:8086/ 200 0 0 27
2020-02-05 05:37:35 ::1 GET /include/lang/Spanish.js - 8086 - ::1 Mozilla/5.0+(Windows+NT+10.0;+Win64;+x64;+rv:72.0)+Gecko/20100101+Firefox/72.0 http://localhost:8086/ 200 0 0 37
2020-02-05 05:37:35 ::1 GET /styles/bootstrap/default/small/style.css - 8086 - ::1 Mozilla/5.0+(Windows+NT+10.0;+Win64;+x64;+rv:72.0)+Gecko/20100101+Firefox/72.0 http://localhost:8086/ 200 0 0 170
2020-02-05 05:37:35 ::1 GET /include/loadfirst.js - 8086 - ::1 Mozilla/5.0+(Windows+NT+10.0;+Win64;+x64;+rv:72.0)+Gecko/20100101+Firefox/72.0 http://localhost:8086/ 200 0 0 215
2020-02-05 05:37:35 ::1 GET /include/runnerJS/RunnerAll.js - 8086 - ::1 Mozilla/5.0+(Windows+NT+10.0;+Win64;+x64;+rv:72.0)+Gecko/20100101+Firefox/72.0 http://localhost:8086/ 200 0 0 261
2020-02-05 05:37:35 ::1 GET /include/runnerJS/events/globalevents.js - 8086 - ::1 Mozilla/5.0+(Windows+NT+10.0;+Win64;+x64;+rv:72.0)+Gecko/20100101+Firefox/72.0 http://localhost:8086/ 200 0 0 7
2020-02-05 05:37:35 ::1 GET /include/ajaxsuggest.js - 8086 - ::1 Mozilla/5.0+(Windows+NT+10.0;+Win64;+x64;+rv:72.0)+Gecko/20100101+Firefox/72.0 http://localhost:8086/ 200 0 0 101
2020-02-05 05:38:05 ::1 POST /login - 8086 - ::1 Mozilla/5.0+(Windows+NT+10.0;+Win64;+x64;+rv:72.0)+Gecko/20100101+Firefox/72.0 http://localhost:8086/ 302 0 0 2260
2020-02-05 05:38:10 ::1 GET /menu - 8086 - ::1 Mozilla/5.0+(Windows+NT+10.0;+Win64;+x64;+rv:72.0)+Gecko/20100101+Firefox/72.0 http://localhost:8086/ 200 0 0 4790
2020-02-05 05:38:10 ::1 GET /styles/bootstrap/default/small/style.css - 8086 - ::1 Mozilla/5.0+(Windows+NT+10.0;+Win64;+x64;+rv:72.0)+Gecko/20100101+Firefox/72.0 http://localhost:8086/menu 304 0 0 37
2020-02-05 05:38:10 ::1 GET /include/loadfirst.js - 8086 - ::1 Mozilla/5.0+(Windows+NT+10.0;+Win64;+x64;+rv:72.0)+Gecko/20100101+Firefox/72.0 http://localhost:8086/menu 304 0 0 26
2020-02-05 05:38:10 ::1 GET /include/runnerJS/RunnerAll.js - 8086 - ::1 Mozilla/5.0+(Windows+NT+10.0;+Win64;+x64;+rv:72.0)+Gecko/20100101+Firefox/72.0 http://localhost:8086/menu 304 0 0 27
2020-02-05 05:38:10 ::1 GET /include/lang/Spanish.js - 8086 - ::1 Mozilla/5.0+(Windows+NT+10.0;+Win64;+x64;+rv:72.0)+Gecko/20100101+Firefox/72.0 http://localhost:8086/menu 304 0 0 30
2020-02-05 05:38:10 ::1 GET /styles/pages/.global_menu.css - 8086 - ::1 Mozilla/5.0+(Windows+NT+10.0;+Win64;+x64;+rv:72.0)+Gecko/20100101+Firefox/72.0 http://localhost:8086/menu 200 0 0 39
2020-02-05 05:38:10 ::1 GET /include/runnerJS/events/globalevents.js - 8086 - ::1 Mozilla/5.0+(Windows+NT+10.0;+Win64;+x64;+rv:72.0)+Gecko/20100101+Firefox/72.0 http://localhost:8086/menu 304 0 0 4
2020-02-05 05:38:10 ::1 GET /styles/bootstrap/fonts/glyphicons-halflings-regular.woff2 - 8086 - ::1 Mozilla/5.0+(Windows+NT+10.0;+Win64;+x64;+rv:72.0)+Gecko/20100101+Firefox/72.0 http://localhost:8086/styles/bootstrap/default/small/style.css 404 3 50 9
2020-02-05 05:38:29 ::1 GET /dbo_Permisos2/list - 8086 - ::1 Mozilla/5.0+(Windows+NT+10.0;+Win64;+x64;+rv:72.0)+Gecko/20100101+Firefox/72.0 http://localhost:8086/menu 200 0 0 15107
2020-02-05 05:38:29 ::1 GET /styles/bootstrap/default/small/style.css - 8086 - ::1 Mozilla/5.0+(Windows+NT+10.0;+Win64;+x64;+rv:72.0)+Gecko/20100101+Firefox/72.0 http://localhost:8086/dbo_Permisos2/list 304 0 0 29
2020-02-05 05:38:29 ::1 GET /include/lang/Spanish.js - 8086 - ::1 Mozilla/5.0+(Windows+NT+10.0;+Win64;+x64;+rv:72.0)+Gecko/20100101+Firefox/72.0 http://localhost:8086/dbo_Permisos2/list 304 0 0 17
2020-02-05 05:38:29 ::1 GET /include/runnerJS/RunnerAll.js - 8086 - ::1 Mozilla/5.0+(Windows+NT+10.0;+Win64;+x64;+rv:72.0)+Gecko/20100101+Firefox/72.0 http://localhost:8086/dbo_Permisos2/list 304 0 0 25
2020-02-05 05:38:29 ::1 GET /include/loadfirst.js - 8086 - ::1 Mozilla/5.0+(Windows+NT+10.0;+Win64;+x64;+rv:72.0)+Gecko/20100101+Firefox/72.0 http://localhost:8086/dbo_Permisos2/list 304 0 0 30
2020-02-05 05:38:29 ::1 GET /styles/pages/dbo_Permisos2_list.css - 8086 - ::1 Mozilla/5.0+(Windows+NT+10.0;+Win64;+x64;+rv:72.0)+Gecko/20100101+Firefox/72.0 http://localhost:8086/dbo_Permisos2/list 200 0 0 59
2020-02-05 05:38:29 ::1 GET /include/ajaxsuggest.js - 8086 - ::1 Mozilla/5.0+(Windows+NT+10.0;+Win64;+x64;+rv:72.0)+Gecko/20100101+Firefox/72.0 http://localhost:8086/dbo_Permisos2/list 304 0 0 8
2020-02-05 05:38:29 ::1 GET /styles/bootstrap/fonts/glyphicons-halflings-regular.woff2 - 8086 - ::1 Mozilla/5.0+(Windows+NT+10.0;+Win64;+x64;+rv:72.0)+Gecko/20100101+Firefox/72.0 http://localhost:8086/styles/bootstrap/default/small/style.css 404 3 50 3
2020-02-05 05:38:44 ::1 GET /dbo_Permisos2/edit editid1=347 8086 - ::1 Mozilla/5.0+(Windows+NT+10.0;+Win64;+x64;+rv:72.0)+Gecko/20100101+Firefox/72.0 http://localhost:8086/dbo_Permisos2/list 200 0 0 9019
2020-02-05 05:38:44 ::1 GET /styles/bootstrap/default/small/style.css - 8086 - ::1 Mozilla/5.0+(Windows+NT+10.0;+Win64;+x64;+rv:72.0)+Gecko/20100101+Firefox/72.0 http://localhost:8086/dbo_Permisos2/edit?editid1=347 304 0 0 68
2020-02-05 05:38:44 ::1 GET /include/loadfirst.js - 8086 - ::1 Mozilla/5.0+(Windows+NT+10.0;+Win64;+x64;+rv:72.0)+Gecko/20100101+Firefox/72.0 http://localhost:8086/dbo_Permisos2/edit?editid1=347 304 0 0 49
2020-02-05 05:38:44 ::1 GET /include/lang/Spanish.js - 8086 - ::1 Mozilla/5.0+(Windows+NT+10.0;+Win64;+x64;+rv:72.0)+Gecko/20100101+Firefox/72.0 http://localhost:8086/dbo_Permisos2/edit?editid1=347 304 0 0 53
2020-02-05 05:38:44 ::1 GET /include/runnerJS/RunnerAll.js - 8086 - ::1 Mozilla/5.0+(Windows+NT+10.0;+Win64;+x64;+rv:72.0)+Gecko/20100101+Firefox/72.0 http://localhost:8086/dbo_Permisos2/edit?editid1=347 304 0 0 55
2020-02-05 05:38:44 ::1 GET /styles/pages/dbo_Permisos2_edit.css - 8086 - ::1 Mozilla/5.0+(Windows+NT+10.0;+Win64;+x64;+rv:72.0)+Gecko/20100101+Firefox/72.0 http://localhost:8086/dbo_Permisos2/edit?editid1=347 200 0 0 127
2020-02-05 05:38:44 ::1 GET /styles/bootstrap/fonts/glyphicons-halflings-regular.woff2 - 8086 - ::1 Mozilla/5.0+(Windows+NT+10.0;+Win64;+x64;+rv:72.0)+Gecko/20100101+Firefox/72.0 http://localhost:8086/styles/bootstrap/default/small/style.css 404 3 50 5
2020-02-05 05:38:44 ::1 GET /include/button_Ver_Instrutivo.js - 8086 - ::1 Mozilla/5.0+(Windows+NT+10.0;+Win64;+x64;+rv:72.0)+Gecko/20100101+Firefox/72.0 http://localhost:8086/dbo_Permisos2/edit?editid1=347 200 0 0 24
2020-02-05 05:38:44 ::1 GET /include/button_Guia_de_Permisos.js - 8086 - ::1 Mozilla/5.0+(Windows+NT+10.0;+Win64;+x64;+rv:72.0)+Gecko/20100101+Firefox/72.0 http://localhost:8086/dbo_Permisos2/edit?editid1=347 200 0 0 47
2020-02-05 05:38:44 ::1 GET /include/ajaxsuggest.js - 8086 - ::1 Mozilla/5.0+(Windows+NT+10.0;+Win64;+x64;+rv:72.0)+Gecko/20100101+Firefox/72.0 http://localhost:8086/dbo_Permisos2/edit?editid1=347 304 0 0 19
2020-02-05 05:38:45 ::1 GET /include/mupload.js - 8086 - ::1 Mozilla/5.0+(Windows+NT+10.0;+Win64;+x64;+rv:72.0)+Gecko/20100101+Firefox/72.0 http://localhost:8086/dbo_Permisos2/edit?editid1=347 200 0 0 63
2020-02-05 05:38:47 ::1 GET /mfhandler file=permiso%2004022020.jpeg&table=dbo.Permisos2&field=adjunto&pageType=edit&key1=347&src=1 8086 - ::1 Mozilla/5.0+(Windows+NT+10.0;+Win64;+x64;+rv:72.0)+Gecko/20100101+Firefox/72.0 http://localhost:8086/dbo_Permisos2/edit?editid1=347 200 0 0 1587
2020-02-05 05:39:19 ::1 POST /dbo_Permisos2/edit page=edit&submit=1&editid1=347& 8086 - ::1 Mozilla/5.0+(Windows+NT+10.0;+Win64;+x64;+rv:72.0)+Gecko/20100101+Firefox/72.0 http://localhost:8086/dbo_Permisos2/edit?editid1=347 302 0 0 11537
2020-02-05 05:39:19 ::1 GET /dbo_Permisos2/edit editid1=347&page=edit 8086 - ::1 Mozilla/5.0+(Windows+NT+10.0;+Win64;+x64;+rv:72.0)+Gecko/20100101+Firefox/72.0 http://localhost:8086/dbo_Permisos2/edit?editid1=347 200 0 0 945
2020-02-05 05:39:20 ::1 GET /styles/bootstrap/default/small/style.css - 8086 - ::1 Mozilla/5.0+(Windows+NT+10.0;+Win64;+x64;+rv:72.0)+Gecko/20100101+Firefox/72.0 http://localhost:8086/dbo_Permisos2/edit?editid1=347&page=edit 304 0 0 54
2020-02-05 05:39:20 ::1 GET /include/loadfirst.js - 8086 - ::1 Mozilla/5.0+(Windows+NT+10.0;+Win64;+x64;+rv:72.0)+Gecko/20100101+Firefox/72.0 http://localhost:8086/dbo_Permisos2/edit?editid1=347&page=edit 304 0 0 54
2020-02-05 05:39:20 ::1 GET /include/runnerJS/RunnerAll.js - 8086 - ::1 Mozilla/5.0+(Windows+NT+10.0;+Win64;+x64;+rv:72.0)+Gecko/20100101+Firefox/72.0 http://localhost:8086/dbo_Permisos2/edit?editid1=347&page=edit 304 0 0 46
2020-02-05 05:39:20 ::1 GET /styles/pages/dbo_Permisos2_edit.css - 8086 - ::1 Mozilla/5.0+(Windows+NT+10.0;+Win64;+x64;+rv:72.0)+Gecko/20100101+Firefox/72.0 http://localhost:8086/dbo_Permisos2/edit?editid1=347&page=edit 304 0 0 56
2020-02-05 05:39:20 ::1 GET /include/lang/Spanish.js - 8086 - ::1 Mozilla/5.0+(Windows+NT+10.0;+Win64;+x64;+rv:72.0)+Gecko/20100101+Firefox/72.0 http://localhost:8086/dbo_Permisos2/edit?editid1=347&page=edit 304 0 0 56
2020-02-05 05:39:20 ::1 GET /include/button_Ver_Instrutivo.js - 8086 - ::1 Mozilla/5.0+(Windows+NT+10.0;+Win64;+x64;+rv:72.0)+Gecko/20100101+Firefox/72.0 http://localhost:8086/dbo_Permisos2/edit?editid1=347&page=edit 304 0 0 28
2020-02-05 05:39:20 ::1 GET /include/button_Guia_de_Permisos.js - 8086 - ::1 Mozilla/5.0+(Windows+NT+10.0;+Win64;+x64;+rv:72.0)+Gecko/20100101+Firefox/72.0 http://localhost:8086/dbo_Permisos2/edit?editid1=347&page=edit 304 0 0 29
2020-02-05 05:39:20 ::1 GET /include/ajaxsuggest.js - 8086 - ::1 Mozilla/5.0+(Windows+NT+10.0;+Win64;+x64;+rv:72.0)+Gecko/20100101+Firefox/72.0 http://localhost:8086/dbo_Permisos2/edit?editid1=347&page=edit 304 0 0 21
2020-02-05 05:39:20 ::1 GET /include/mupload.js - 8086 - ::1 Mozilla/5.0+(Windows+NT+10.0;+Win64;+x64;+rv:72.0)+Gecko/20100101+Firefox/72.0 http://localhost:8086/dbo_Permisos2/edit?editid1=347&page=edit 304 0 0 36
2020-02-05 05:39:20 ::1 GET /styles/bootstrap/fonts/glyphicons-halflings-regular.woff2 - 8086 - ::1 Mozilla/5.0+(Windows+NT+10.0;+Win64;+x64;+rv:72.0)+Gecko/20100101+Firefox/72.0 http://localhost:8086/styles/bootstrap/default/small/style.css 404 3 50 15
2020-02-05 05:39:21 ::1 GET /mfhandler file=permiso%2004022020.jpeg&table=dbo.Permisos2&field=adjunto&pageType=edit&key1=347&src=1 8086 - ::1 Mozilla/5.0+(Windows+NT+10.0;+Win64;+x64;+rv:72.0)+Gecko/20100101+Firefox/72.0 http://localhost:8086/dbo_Permisos2/edit?editid1=347&page=edit 200 0 0 397
2020-02-05 05:39:25 ::1 GET /dbo_Permisos2/list a=return 8086 - ::1 Mozilla/5.0+(Windows+NT+10.0;+Win64;+x64;+rv:72.0)+Gecko/20100101+Firefox/72.0 http://localhost:8086/dbo_Permisos2/edit?editid1=347&page=edit 200 0 0 917
2020-02-05 05:39:25 ::1 GET /styles/pages/dbo_Permisos2_list.css - 8086 - ::1 Mozilla/5.0+(Windows+NT+10.0;+Win64;+x64;+rv:72.0)+Gecko/20100101+Firefox/72.0 http://localhost:8086/dbo_Permisos2/list?a=return 304 0 0 39
2020-02-05 05:39:25 ::1 GET /styles/bootstrap/fonts/glyphicons-halflings-regular.woff2 - 8086 - ::1 Mozilla/5.0+(Windows+NT+10.0;+Win64;+x64;+rv:72.0)+Gecko/20100101+Firefox/72.0 http://localhost:8086/styles/bootstrap/default/small/style.css 404 3 50 3
#Software: Microsoft Internet Information Services 10.0
#Version: 1.0
#Date: 2020-02-05 05:57:52
#Fields: date time s-ip cs-method cs-uri-stem cs-uri-query s-port cs-username c-ip cs(User-Agent) cs(Referer) sc-status sc-substatus sc-win32-status time-taken
2020-02-05 05:57:52 ::1 GET /dbo_Permisos2/edit editid1=347 8086 - ::1 Mozilla/5.0+(Windows+NT+10.0;+Win64;+x64;+rv:72.0)+Gecko/20100101+Firefox/72.0 http://localhost:8086/dbo_Permisos2/list?a=return 200 0 0 1020
2020-02-05 05:57:52 ::1 GET /styles/bootstrap/default/small/style.css - 8086 - ::1 Mozilla/5.0+(Windows+NT+10.0;+Win64;+x64;+rv:72.0)+Gecko/20100101+Firefox/72.0 http://localhost:8086/dbo_Permisos2/edit?editid1=347 304 0 0 54
2020-02-05 05:57:52 ::1 GET /styles/pages/dbo_Permisos2_edit.css - 8086 - ::1 Mozilla/5.0+(Windows+NT+10.0;+Win64;+x64;+rv:72.0)+Gecko/20100101+Firefox/72.0 http://localhost:8086/dbo_Permisos2/edit?editid1=347 304 0 0 55
2020-02-05 05:57:52 ::1 GET /include/loadfirst.js - 8086 - ::1 Mozilla/5.0+(Windows+NT+10.0;+Win64;+x64;+rv:72.0)+Gecko/20100101+Firefox/72.0 http://localhost:8086/dbo_Permisos2/edit?editid1=347 304 0 0 34
2020-02-05 05:57:52 ::1 GET /include/lang/Spanish.js - 8086 - ::1 Mozilla/5.0+(Windows+NT+10.0;+Win64;+x64;+rv:72.0)+Gecko/20100101+Firefox/72.0 http://localhost:8086/dbo_Permisos2/edit?editid1=347 304 0 0 34
2020-02-05 05:57:52 ::1 GET /include/runnerJS/RunnerAll.js - 8086 - ::1 Mozilla/5.0+(Windows+NT+10.0;+Win64;+x64;+rv:72.0)+Gecko/20100101+Firefox/72.0 http://localhost:8086/dbo_Permisos2/edit?editid1=347 304 0 0 54
2020-02-05 05:57:52 ::1 GET /include/button_Ver_Instrutivo.js - 8086 - ::1 Mozilla/5.0+(Windows+NT+10.0;+Win64;+x64;+rv:72.0)+Gecko/20100101+Firefox/72.0 http://localhost:8086/dbo_Permisos2/edit?editid1=347 304 0 0 15
2020-02-05 05:57:52 ::1 GET /include/button_Guia_de_Permisos.js - 8086 - ::1 Mozilla/5.0+(Windows+NT+10.0;+Win64;+x64;+rv:72.0)+Gecko/20100101+Firefox/72.0 http://localhost:8086/dbo_Permisos2/edit?editid1=347 304 0 0 15
2020-02-05 05:57:52 ::1 GET /include/ajaxsuggest.js - 8086 - ::1 Mozilla/5.0+(Windows+NT+10.0;+Win64;+x64;+rv:72.0)+Gecko/20100101+Firefox/72.0 http://localhost:8086/dbo_Permisos2/edit?editid1=347 304 0 0 10
2020-02-05 05:57:52 ::1 GET /include/mupload.js - 8086 - ::1 Mozilla/5.0+(Windows+NT+10.0;+Win64;+x64;+rv:72.0)+Gecko/20100101+Firefox/72.0 http://localhost:8086/dbo_Permisos2/edit?editid1=347 304 0 0 20
2020-02-05 05:57:52 ::1 GET /styles/bootstrap/fonts/glyphicons-halflings-regular.woff2 - 8086 - ::1 Mozilla/5.0+(Windows+NT+10.0;+Win64;+x64;+rv:72.0)+Gecko/20100101+Firefox/72.0 http://localhost:8086/styles/bootstrap/default/small/style.css 404 3 50 7
2020-02-05 05:57:53 ::1 GET /mfhandler file=permiso%2004022020.jpeg&table=dbo.Permisos2&field=adjunto&pageType=edit&key1=347&src=1 8086 - ::1 Mozilla/5.0+(Windows+NT+10.0;+Win64;+x64;+rv:72.0)+Gecko/20100101+Firefox/72.0 http://localhost:8086/dbo_Permisos2/edit?editid1=347 200 0 0 279
2020-02-05 05:58:16 ::1 POST /dbo_Permisos2/edit page=edit&submit=1&editid1=347& 8086 - ::1 Mozilla/5.0+(Windows+NT+10.0;+Win64;+x64;+rv:72.0)+Gecko/20100101+Firefox/72.0 http://localhost:8086/dbo_Permisos2/edit?editid1=347 302 0 0 891
2020-02-05 05:58:16 ::1 GET /dbo_Permisos2/edit editid1=347&page=edit 8086 - ::1 Mozilla/5.0+(Windows+NT+10.0;+Win64;+x64;+rv:72.0)+Gecko/20100101+Firefox/72.0 http://localhost:8086/dbo_Permisos2/edit?editid1=347 200 0 0 689
2020-02-05 05:58:17 ::1 GET /styles/bootstrap/fonts/glyphicons-halflings-regular.woff2 - 8086 - ::1 Mozilla/5.0+(Windows+NT+10.0;+Win64;+x64;+rv:72.0)+Gecko/20100101+Firefox/72.0 http://localhost:8086/styles/bootstrap/default/small/style.css 404 3 50 36
2020-02-05 05:58:17 ::1 GET /mfhandler file=permiso%2004022020.jpeg&table=dbo.Permisos2&field=adjunto&pageType=edit&key1=347&src=1 8086 - ::1 Mozilla/5.0+(Windows+NT+10.0;+Win64;+x64;+rv:72.0)+Gecko/20100101+Firefox/72.0 http://localhost:8086/dbo_Permisos2/edit?editid1=347&page=edit 200 0 0 276
#Software: Microsoft Internet Information Services 10.0
#Version: 1.0
#Date: 2020-02-05 14:02:14
#Fields: date time s-ip cs-method cs-uri-stem cs-uri-query s-port cs-username c-ip cs(User-Agent) cs(Referer) sc-status sc-substatus sc-win32-status time-taken
2020-02-05 14:02:14 127.0.0.1 GET / - 8087 - 127.0.0.1 Mozilla/5.0+(Windows+NT+6.1;+WOW64)+AppleWebKit/536.6+(KHTML,+like+Gecko)+Chrome/20.0.1092.0+Safari/536.6 - 200 0 0 38210
#Software: Microsoft Internet Information Services 10.0
#Version: 1.0
#Date: 2020-02-05 16:46:30
#Fields: date time s-ip cs-method cs-uri-stem cs-uri-query s-port cs-username c-ip cs(User-Agent) cs(Referer) sc-status sc-substatus sc-win32-status time-taken
2020-02-05 16:46:30 127.0.0.1 GET / - 8086 - 127.0.0.1 Mozilla/5.0+(Windows+NT+6.1;+WOW64)+AppleWebKit/536.6+(KHTML,+like+Gecko)+Chrome/20.0.1092.0+Safari/536.6 - 200 0 0 22982
2020-02-05 16:46:36 ::1 GET / - 8086 - ::1 Mozilla/5.0+(Windows+NT+10.0;+Win64;+x64;+rv:72.0)+Gecko/20100101+Firefox/72.0 - 200 0 0 261
2020-02-05 16:46:36 ::1 GET /styles/pages/.global_login.css - 8086 - ::1 Mozilla/5.0+(Windows+NT+10.0;+Win64;+x64;+rv:72.0)+Gecko/20100101+Firefox/72.0 http://localhost:8086/ 200 0 0 92
2020-02-05 16:46:36 ::1 GET /styles/default.css - 8086 - ::1 Mozilla/5.0+(Windows+NT+10.0;+Win64;+x64;+rv:72.0)+Gecko/20100101+Firefox/72.0 http://localhost:8086/ 200 0 0 104
2020-02-05 16:46:36 ::1 GET /styles/font-awesome/css/font-awesome.min.css - 8086 - ::1 Mozilla/5.0+(Windows+NT+10.0;+Win64;+x64;+rv:72.0)+Gecko/20100101+Firefox/72.0 http://localhost:8086/ 200 0 0 141
2020-02-05 16:46:36 ::1 GET /include/jquery-ui/smoothness/jquery-ui.min.css - 8086 - ::1 Mozilla/5.0+(Windows+NT+10.0;+Win64;+x64;+rv:72.0)+Gecko/20100101+Firefox/72.0 http://localhost:8086/ 200 0 0 287
2020-02-05 16:46:36 ::1 GET /include/bootstrap/css/jquery.mCustomScrollbar.css - 8086 - ::1 Mozilla/5.0+(Windows+NT+10.0;+Win64;+x64;+rv:72.0)+Gecko/20100101+Firefox/72.0 http://localhost:8086/ 200 0 0 289
2020-02-05 16:46:37 ::1 GET /include/loadfirst.js - 8086 - ::1 Mozilla/5.0+(Windows+NT+10.0;+Win64;+x64;+rv:72.0)+Gecko/20100101+Firefox/72.0 http://localhost:8086/ 200 0 0 532
2020-02-05 16:46:37 ::1 GET /styles/bootstrap/default/small/style.css - 8086 - ::1 Mozilla/5.0+(Windows+NT+10.0;+Win64;+x64;+rv:72.0)+Gecko/20100101+Firefox/72.0 http://localhost:8086/ 200 0 0 947
2020-02-05 16:46:37 ::1 GET /include/lang/Spanish.js - 8086 - ::1 Mozilla/5.0+(Windows+NT+10.0;+Win64;+x64;+rv:72.0)+Gecko/20100101+Firefox/72.0 http://localhost:8086/ 200 0 0 551
2020-02-05 16:46:37 ::1 GET /include/runnerJS/RunnerAll.js - 8086 - ::1 Mozilla/5.0+(Windows+NT+10.0;+Win64;+x64;+rv:72.0)+Gecko/20100101+Firefox/72.0 http://localhost:8086/ 200 0 0 572
2020-02-05 16:46:37 ::1 GET /include/runnerJS/events/globalevents.js - 8086 - ::1 Mozilla/5.0+(Windows+NT+10.0;+Win64;+x64;+rv:72.0)+Gecko/20100101+Firefox/72.0 http://localhost:8086/ 200 0 0 5
2020-02-05 16:46:37 ::1 GET /favicon.ico - 8086 - ::1 Mozilla/5.0+(Windows+NT+10.0;+Win64;+x64;+rv:72.0)+Gecko/20100101+Firefox/72.0 - 404 0 2 80
2020-02-05 16:46:37 ::1 GET /include/ajaxsuggest.js - 8086 - ::1 Mozilla/5.0+(Windows+NT+10.0;+Win64;+x64;+rv:72.0)+Gecko/20100101+Firefox/72.0 http://localhost:8086/ 200 0 0 67
2020-02-05 16:46:54 ::1 POST /login - 8086 - ::1 Mozilla/5.0+(Windows+NT+10.0;+Win64;+x64;+rv:72.0)+Gecko/20100101+Firefox/72.0 http://localhost:8086/ 302 0 0 1019
2020-02-05 16:46:58 ::1 GET /menu - 8086 - ::1 Mozilla/5.0+(Windows+NT+10.0;+Win64;+x64;+rv:72.0)+Gecko/20100101+Firefox/72.0 http://localhost:8086/ 200 0 0 3439
2020-02-05 16:46:58 ::1 GET /styles/default.css - 8086 - ::1 Mozilla/5.0+(Windows+NT+10.0;+Win64;+x64;+rv:72.0)+Gecko/20100101+Firefox/72.0 http://localhost:8086/menu 304 0 0 1
2020-02-05 16:46:58 ::1 GET /styles/font-awesome/css/font-awesome.min.css - 8086 - ::1 Mozilla/5.0+(Windows+NT+10.0;+Win64;+x64;+rv:72.0)+Gecko/20100101+Firefox/72.0 http://localhost:8086/menu 304 0 0 1
2020-02-05 16:46:58 ::1 GET /include/jquery-ui/smoothness/jquery-ui.min.css - 8086 - ::1 Mozilla/5.0+(Windows+NT+10.0;+Win64;+x64;+rv:72.0)+Gecko/20100101+Firefox/72.0 http://localhost:8086/menu 304 0 0 1
2020-02-05 16:46:58 ::1 GET /include/bootstrap/css/jquery.mCustomScrollbar.css - 8086 - ::1 Mozilla/5.0+(Windows+NT+10.0;+Win64;+x64;+rv:72.0)+Gecko/20100101+Firefox/72.0 http://localhost:8086/menu 304 0 0 1
2020-02-05 16:46:58 ::1 GET /include/loadfirst.js - 8086 - ::1 Mozilla/5.0+(Windows+NT+10.0;+Win64;+x64;+rv:72.0)+Gecko/20100101+Firefox/72.0 http://localhost:8086/menu 304 0 0 1
2020-02-05 16:46:58 ::1 GET /styles/bootstrap/default/small/style.css - 8086 - ::1 Mozilla/5.0+(Windows+NT+10.0;+Win64;+x64;+rv:72.0)+Gecko/20100101+Firefox/72.0 http://localhost:8086/menu 304 0 0 2
2020-02-05 16:46:58 ::1 GET /include/runnerJS/RunnerAll.js - 8086 - ::1 Mozilla/5.0+(Windows+NT+10.0;+Win64;+x64;+rv:72.0)+Gecko/20100101+Firefox/72.0 http://localhost:8086/menu 304 0 0 1
2020-02-05 16:46:58 ::1 GET /include/lang/Spanish.js - 8086 - ::1 Mozilla/5.0+(Windows+NT+10.0;+Win64;+x64;+rv:72.0)+Gecko/20100101+Firefox/72.0 http://localhost:8086/menu 304 0 0 1
2020-02-05 16:46:58 ::1 GET /styles/pages/.global_menu.css - 8086 - ::1 Mozilla/5.0+(Windows+NT+10.0;+Win64;+x64;+rv:72.0)+Gecko/20100101+Firefox/72.0 http://localhost:8086/menu 200 0 0 1
2020-02-05 16:46:58 ::1 GET /include/runnerJS/events/globalevents.js - 8086 - ::1 Mozilla/5.0+(Windows+NT+10.0;+Win64;+x64;+rv:72.0)+Gecko/20100101+Firefox/72.0 http://localhost:8086/menu 200 0 0 3
2020-02-05 16:46:58 ::1 GET /styles/bootstrap/fonts/glyphicons-halflings-regular.woff2 - 8086 - ::1 Mozilla/5.0+(Windows+NT+10.0;+Win64;+x64;+rv:72.0)+Gecko/20100101+Firefox/72.0 http://localhost:8086/styles/bootstrap/default/small/style.css 404 3 50 51
2020-02-05 16:46:58 ::1 GET /styles/bootstrap/fonts/glyphicons-halflings-regular.woff - 8086 - ::1 Mozilla/5.0+(Windows+NT+10.0;+Win64;+x64;+rv:72.0)+Gecko/20100101+Firefox/72.0 http://localhost:8086/styles/bootstrap/default/small/style.css 200 0 0 28
2020-02-05 16:47:05 ::1 GET /dbo_Permisos2/list - 8086 - ::1 Mozilla/5.0+(Windows+NT+10.0;+Win64;+x64;+rv:72.0)+Gecko/20100101+Firefox/72.0 http://localhost:8086/menu 200 0 0 4925
2020-02-05 16:47:05 ::1 GET /images/icons/jpg.png - 8086 - ::1 Mozilla/5.0+(Windows+NT+10.0;+Win64;+x64;+rv:72.0)+Gecko/20100101+Firefox/72.0 http://localhost:8086/dbo_Permisos2/list 200 0 0 58
2020-02-05 16:47:05 ::1 GET /include/jquery-ui/smoothness/jquery-ui.theme.min.css - 8086 - ::1 Mozilla/5.0+(Windows+NT+10.0;+Win64;+x64;+rv:72.0)+Gecko/20100101+Firefox/72.0 http://localhost:8086/dbo_Permisos2/list 200 0 0 58
2020-02-05 16:47:05 ::1 GET /include/bootstrap/css/bootstrap-datetimepicker.min.css - 8086 - ::1 Mozilla/5.0+(Windows+NT+10.0;+Win64;+x64;+rv:72.0)+Gecko/20100101+Firefox/72.0 http://localhost:8086/dbo_Permisos2/list 200 0 0 62
2020-02-05 16:47:05 ::1 GET /styles/pages/dbo_Permisos2_list.css - 8086 - ::1 Mozilla/5.0+(Windows+NT+10.0;+Win64;+x64;+rv:72.0)+Gecko/20100101+Firefox/72.0 http://localhost:8086/dbo_Permisos2/list 200 0 0 70
2020-02-05 16:47:05 ::1 GET /styles/bootstrap/fonts/glyphicons-halflings-regular.woff2 - 8086 - ::1 Mozilla/5.0+(Windows+NT+10.0;+Win64;+x64;+rv:72.0)+Gecko/20100101+Firefox/72.0 http://localhost:8086/styles/bootstrap/default/small/style.css 404 3 50 3
2020-02-05 16:47:05 ::1 GET /include/ajaxsuggest.js - 8086 - ::1 Mozilla/5.0+(Windows+NT+10.0;+Win64;+x64;+rv:72.0)+Gecko/20100101+Firefox/72.0 http://localhost:8086/dbo_Permisos2/list 304 0 0 62
2020-02-05 16:47:13 ::1 GET /dbo_Permisos2/edit editid1=347 8086 - ::1 Mozilla/5.0+(Windows+NT+10.0;+Win64;+x64;+rv:72.0)+Gecko/20100101+Firefox/72.0 http://localhost:8086/dbo_Permisos2/list 200 0 0 1495
2020-02-05 16:47:13 ::1 GET /styles/pages/dbo_Permisos2_edit.css - 8086 - ::1 Mozilla/5.0+(Windows+NT+10.0;+Win64;+x64;+rv:72.0)+Gecko/20100101+Firefox/72.0 http://localhost:8086/dbo_Permisos2/edit?editid1=347 200 0 0 3
2020-02-05 16:47:13 ::1 GET /include/bootstrap/css/bootstrap-datetimepicker.min.css - 8086 - ::1 Mozilla/5.0+(Windows+NT+10.0;+Win64;+x64;+rv:72.0)+Gecko/20100101+Firefox/72.0 http://localhost:8086/dbo_Permisos2/edit?editid1=347 304 0 0 12
2020-02-05 16:47:13 ::1 GET /include/jquery-ui/smoothness/jquery-ui.theme.min.css - 8086 - ::1 Mozilla/5.0+(Windows+NT+10.0;+Win64;+x64;+rv:72.0)+Gecko/20100101+Firefox/72.0 http://localhost:8086/dbo_Permisos2/edit?editid1=347 304 0 0 44
2020-02-05 16:47:13 ::1 GET /include/lang/Spanish.js - 8086 - ::1 Mozilla/5.0+(Windows+NT+10.0;+Win64;+x64;+rv:72.0)+Gecko/20100101+Firefox/72.0 http://localhost:8086/dbo_Permisos2/edit?editid1=347 304 0 0 55
2020-02-05 16:47:13 ::1 GET /include/zoombox/zoombox.css - 8086 - ::1 Mozilla/5.0+(Windows+NT+10.0;+Win64;+x64;+rv:72.0)+Gecko/20100101+Firefox/72.0 http://localhost:8086/dbo_Permisos2/edit?editid1=347 200 0 0 58
2020-02-05 16:47:13 ::1 GET /styles/bootstrap/default/small/style.css - 8086 - ::1 Mozilla/5.0+(Windows+NT+10.0;+Win64;+x64;+rv:72.0)+Gecko/20100101+Firefox/72.0 http://localhost:8086/dbo_Permisos2/edit?editid1=347 200 0 0 109
2020-02-05 16:47:13 ::1 GET /include/loadfirst.js - 8086 - ::1 Mozilla/5.0+(Windows+NT+10.0;+Win64;+x64;+rv:72.0)+Gecko/20100101+Firefox/72.0 http://localhost:8086/dbo_Permisos2/edit?editid1=347 304 0 0 401
2020-02-05 16:47:13 ::1 GET /include/runnerJS/RunnerAll.js - 8086 - ::1 Mozilla/5.0+(Windows+NT+10.0;+Win64;+x64;+rv:72.0)+Gecko/20100101+Firefox/72.0 http://localhost:8086/dbo_Permisos2/edit?editid1=347 304 0 0 451
2020-02-05 16:47:13 ::1 GET /styles/bootstrap/fonts/glyphicons-halflings-regular.woff2 - 8086 - ::1 Mozilla/5.0+(Windows+NT+10.0;+Win64;+x64;+rv:72.0)+Gecko/20100101+Firefox/72.0 http://localhost:8086/styles/bootstrap/default/small/style.css 404 3 50 3
2020-02-05 16:47:13 ::1 GET /include/button_Ver_Instrutivo.js - 8086 - ::1 Mozilla/5.0+(Windows+NT+10.0;+Win64;+x64;+rv:72.0)+Gecko/20100101+Firefox/72.0 http://localhost:8086/dbo_Permisos2/edit?editid1=347 200 0 0 65
2020-02-05 16:47:13 ::1 GET /include/button_Guia_de_Permisos.js - 8086 - ::1 Mozilla/5.0+(Windows+NT+10.0;+Win64;+x64;+rv:72.0)+Gecko/20100101+Firefox/72.0 http://localhost:8086/dbo_Permisos2/edit?editid1=347 200 0 0 81
2020-02-05 16:47:13 ::1 GET /include/ajaxsuggest.js - 8086 - ::1 Mozilla/5.0+(Windows+NT+10.0;+Win64;+x64;+rv:72.0)+Gecko/20100101+Firefox/72.0 http://localhost:8086/dbo_Permisos2/edit?editid1=347 200 0 0 116
2020-02-05 16:47:13 ::1 GET /include/mupload.js - 8086 - ::1 Mozilla/5.0+(Windows+NT+10.0;+Win64;+x64;+rv:72.0)+Gecko/20100101+Firefox/72.0 http://localhost:8086/dbo_Permisos2/edit?editid1=347 200 0 0 119
2020-02-05 16:47:13 ::1 GET /include/zoombox/zoombox.js - 8086 - ::1 Mozilla/5.0+(Windows+NT+10.0;+Win64;+x64;+rv:72.0)+Gecko/20100101+Firefox/72.0 http://localhost:8086/dbo_Permisos2/edit?editid1=347 304 0 0 32
2020-02-05 16:47:14 ::1 GET /mfhandler file=permiso%2004022020.jpeg&table=dbo.Permisos2&field=adjunto&pageType=edit&key1=347&src=1 8086 - ::1 Mozilla/5.0+(Windows+NT+10.0;+Win64;+x64;+rv:72.0)+Gecko/20100101+Firefox/72.0 http://localhost:8086/dbo_Permisos2/edit?editid1=347 200 0 0 319
2020-02-05 16:47:18 ::1 POST /dbo_Permisos2/edit page=edit&submit=1&editid1=347& 8086 - ::1 Mozilla/5.0+(Windows+NT+10.0;+Win64;+x64;+rv:72.0)+Gecko/20100101+Firefox/72.0 http://localhost:8086/dbo_Permisos2/edit?editid1=347 200 0 0 766
2020-02-05 16:47:18 ::1 GET /styles/bootstrap/default/small/style.css - 8086 - ::1 Mozilla/5.0+(Windows+NT+10.0;+Win64;+x64;+rv:72.0)+Gecko/20100101+Firefox/72.0 http://localhost:8086/dbo_Permisos2/edit?page=edit&submit=1&editid1=347& 200 0 0 149
2020-02-05 16:47:18 ::1 GET /include/button_Ver_Instrutivo.js - 8086 - ::1 Mozilla/5.0+(Windows+NT+10.0;+Win64;+x64;+rv:72.0)+Gecko/20100101+Firefox/72.0 http://localhost:8086/dbo_Permisos2/edit?page=edit&submit=1&editid1=347& 200 0 0 3
2020-02-05 16:47:18 ::1 GET /styles/bootstrap/fonts/glyphicons-halflings-regular.woff2 - 8086 - ::1 Mozilla/5.0+(Windows+NT+10.0;+Win64;+x64;+rv:72.0)+Gecko/20100101+Firefox/72.0 http://localhost:8086/styles/bootstrap/default/small/style.css 404 3 50 2
2020-02-05 16:47:18 ::1 GET /include/mupload.js - 8086 - ::1 Mozilla/5.0+(Windows+NT+10.0;+Win64;+x64;+rv:72.0)+Gecko/20100101+Firefox/72.0 http://localhost:8086/dbo_Permisos2/edit?page=edit&submit=1&editid1=347& 200 0 0 107
2020-02-05 16:47:18 ::1 GET /mfhandler file=permiso%2004022020.jpeg&table=dbo.Permisos2&field=adjunto&pageType=edit&key1=347&src=1 8086 - ::1 Mozilla/5.0+(Windows+NT+10.0;+Win64;+x64;+rv:72.0)+Gecko/20100101+Firefox/72.0 http://localhost:8086/dbo_Permisos2/edit?page=edit&submit=1&editid1=347& 200 0 0 50
2020-02-05 16:49:34 127.0.0.1 GET / - 8086 - 127.0.0.1 Mozilla/5.0+(Windows+NT+6.1;+WOW64)+AppleWebKit/536.6+(KHTML,+like+Gecko)+Chrome/20.0.1092.0+Safari/536.6 - 200 0 0 12233
